╔══════════════════════════════════════════════════════════════╗
║    HMM GPU PROFILING                                         ║
║    Job ID: 36933
║    Node: turing-2
║    Mode: full
║    Tests: all
╚══════════════════════════════════════════════════════════════╝

Date: Wed Jan  7 16:55:08 CET 2026

═══ GPU Information ═══
name, memory.total [MiB], driver_version, compute_cap
Quadro RTX 6000, 23040 MiB, 580.65.06, 7.5
Quadro RTX 6000, 23040 MiB, 580.65.06, 7.5
Quadro RTX 6000, 23040 MiB, 580.65.06, 7.5

═══ Building Project ═══
-- CPU tests enabled
-- CUDA tests enabled
--   - test_forward_backward_gpu
--   - test_viterbi_gpu
-- Profiling enabled - perf/gprof compatible build
-- 
-- ========================================
-- GPU HMM Regime Detection - Configuration
-- ========================================
-- Build type      : Release
-- C++ compiler    : /usr/bin/c++
-- CUDA support    : ON
-- Tests           : ON
-- Benchmarks      : OFF
-- Profiling       : ON
-- ========================================
-- 
-- Configuring done (3.5s)
-- Generating done (0.4s)
-- Build files have been written to: /user/7/dialloh/gpu_comp_hmm_regime/build
[ 57%] Linking CUDA device code CMakeFiles/hmm_kernels.dir/cmake_device_link.o
[ 64%] Linking CUDA static library libhmm_kernels.a
[ 64%] Built target hmm_kernels
[ 71%] Building CUDA object src/cuda/CMakeFiles/hmm_cuda.dir/algo_hmm_gpu.cu.o
[ 78%] Linking CUDA device code CMakeFiles/hmm_cuda.dir/cmake_device_link.o
[ 85%] Linking CXX static library libhmm_cuda.a
[ 85%] Built target hmm_cuda
[ 92%] Building CUDA object test/CMakeFiles/test_profile_gpu_robust.dir/cuda/test_profile_gpu_robust.cu.o
[100%] Linking CXX executable test_profile_gpu_robust
[100%] Built target test_profile_gpu_robust
✓ Build complete

═══ Phase 1: Timing Benchmark ═══

═══ Phase 1 Results ═══

═══ Phase 2: Nsight Compute (quick mode) ═══
==PROF== Connected to process 67163 (/user/7/.base/dialloh/home/gpu_comp_hmm_regime/build/test/test_profile_gpu_robust)

╔══════════════════════════════════════════════════════════╗
║ GPU: Quadro RTX 6000                                     ║
╠══════════════════════════════════════════════════════════╣
║ Compute Capability: 7.5                                     ║
║ Total Memory: 22501  MB                                   ║
║ SM Count: 72                                              ║
║ Max Threads/Block: 1024                                   ║
║ Warp Size: 32                                              ║
╚══════════════════════════════════════════════════════════╝

╔══════════════════════════════════════════════════════════════╗
║         GPU PROFILING - HMM ALGORITHMS (Hassan et al.)       ║
╠══════════════════════════════════════════════════════════════╣
║  Data dir: data/bench                                     ║
║  Output:   results/benchmarks/gpu_nsight                  ║
║  Mode:     quick                                          ║
╚══════════════════════════════════════════════════════════════╝

Found 7 datasets:
  - scaling_N_10
  - scaling_N_3
  - scaling_N_5
  - scaling_T_1000
  - scaling_T_10000
  - scaling_T_5000
  - validation_convergence

━━━━━━━━━━━━━━━━━━━━━━━━━━━━━━━━━━━━━━━━━━━━━━━━━━━━━━━━━━━━━━━━
Profiling: scaling_N_10 (T=5000, N=10, K=4)
━━━━━━━━━━━━━━━━━━━━━━━━━━━━━━━━━━━━━━━━━━━━━━━━━━━━━━━━━━━━━━━━
  [Forward] ==ERROR== ERR_NVGPUCTRPERM - The user does not have permission to access NVIDIA GPU Performance Counters on the target device 0. For instructions on enabling permissions and to get more information see https://developer.nvidia.com/ERR_NVGPUCTRPERM
4.97404 ms (±0.627926) | 12.1192 GB/s
  [Backward] 4.37467 ms (±0.235795) | 13.7796 GB/s
  [Viterbi] 7.41253 ms (±0.588371) | 8.13505 GB/s
  [Baum-Welch 10 iter] 98.7222 ms (±8.06861) | LL=-9.99904e+08

━━━━━━━━━━━━━━━━━━━━━━━━━━━━━━━━━━━━━━━━━━━━━━━━━━━━━━━━━━━━━━━━
Profiling: scaling_N_3 (T=5000, N=3, K=4)
━━━━━━━━━━━━━━━━━━━━━━━━━━━━━━━━━━━━━━━━━━━━━━━━━━━━━━━━━━━━━━━━
  [Forward] 3.68325 ms (±0.378691) | 1.50419 GB/s
  [Backward] 3.07883 ms (±0.106996) | 1.79948 GB/s
  [Viterbi] 4.86834 ms (±0.586173) | 1.14213 GB/s
  [Baum-Welch 10 iter] 79.3391 ms (±1.77732) | LL=-24450.2

━━━━━━━━━━━━━━━━━━━━━━━━━━━━━━━━━━━━━━━━━━━━━━━━━━━━━━━━━━━━━━━━
Profiling: scaling_N_5 (T=5000, N=5, K=4)
━━━━━━━━━━━━━━━━━━━━━━━━━━━━━━━━━━━━━━━━━━━━━━━━━━━━━━━━━━━━━━━━
  [Forward] 3.45904 ms (±0.648817) | 4.38865 GB/s
  [Backward] 3.05621 ms (±0.117167) | 4.96711 GB/s
  [Viterbi] 5.26585 ms (±0.342299) | 2.88663 GB/s
  [Baum-Welch 10 iter] 80.9427 ms (±2.31057) | LL=-21770.8

━━━━━━━━━━━━━━━━━━━━━━━━━━━━━━━━━━━━━━━━━━━━━━━━━━━━━━━━━━━━━━━━
Profiling: scaling_T_1000 (T=1000, N=3, K=4)
━━━━━━━━━━━━━━━━━━━━━━━━━━━━━━━━━━━━━━━━━━━━━━━━━━━━━━━━━━━━━━━━
  [Forward] 2.62298 ms (±0.210275) | 0.422535 GB/s
  [Backward] 2.47562 ms (±0.118312) | 0.447685 GB/s
  [Viterbi] 2.99186 ms (±0.162102) | 0.371776 GB/s
  [Baum-Welch 10 iter] 67.9385 ms (±3.49709) | LL=-5277.97

━━━━━━━━━━━━━━━━━━━━━━━━━━━━━━━━━━━━━━━━━━━━━━━━━━━━━━━━━━━━━━━━
Profiling: scaling_T_10000 (T=10000, N=3, K=4)
━━━━━━━━━━━━━━━━━━━━━━━━━━━━━━━━━━━━━━━━━━━━━━━━━━━━━━━━━━━━━━━━
  [Forward] 4.02844 ms (±0.182946) | 2.75052 GB/s
  [Backward] 3.13995 ms (±0.164997) | 3.52881 GB/s
  [Viterbi] 6.06816 ms (±0.386066) | 1.83257 GB/s
  [Baum-Welch 10 iter] 84.2089 ms (±4.09719) | LL=-56422.6

━━━━━━━━━━━━━━━━━━━━━━━━━━━━━━━━━━━━━━━━━━━━━━━━━━━━━━━━━━━━━━━━
Profiling: scaling_T_5000 (T=5000, N=3, K=4)
━━━━━━━━━━━━━━━━━━━━━━━━━━━━━━━━━━━━━━━━━━━━━━━━━━━━━━━━━━━━━━━━
  [Forward] 3.11361 ms (±0.129244) | 1.77938 GB/s
  [Backward] 3.18856 ms (±0.136639) | 1.73756 GB/s
  [Viterbi] 4.44236 ms (±0.149993) | 1.25165 GB/s
  [Baum-Welch 10 iter] 79.2568 ms (±1.40843) | LL=-20220.5

━━━━━━━━━━━━━━━━━━━━━━━━━━━━━━━━━━━━━━━━━━━━━━━━━━━━━━━━━━━━━━━━
Profiling: validation_convergence (T=2000, N=3, K=4)
━━━━━━━━━━━━━━━━━━━━━━━━━━━━━━━━━━━━━━━━━━━━━━━━━━━━━━━━━━━━━━━━
  [Forward] 2.88655 ms (±0.133688) | 0.767803 GB/s
  [Backward] 2.57482 ms (±0.0811182) | 0.860759 GB/s
  [Viterbi] 3.51899 ms (±0.571151) | 0.632085 GB/s
  [Baum-Welch 10 iter] 71.9549 ms (±2.67957) | LL=-10600.6

═══════════════════════════════════════════════════════════════
                       EXPORT RESULTS                          
═══════════════════════════════════════════════════════════════
✓ GPU results saved to results/benchmarks/gpu_nsight_results.csv
✓ GPU results saved to results/benchmarks/gpu_nsight_results.json

╔══════════════════════════════════════════════════════════════╗
║                    PROFILING COMPLETE                        ║
╠══════════════════════════════════════════════════════════════╣
║  Total tests: 28                                           ║
║  CSV output:  results/benchmarks/gpu_nsight_results.csv    ║
║  JSON output: results/benchmarks/gpu_nsight_results.json   ║
╚══════════════════════════════════════════════════════════════╝

Next steps:
  Analyze with Python:
    python analyze_benchmark_results.py --gpu-csv results/benchmarks/gpu_nsight_results.csv

==PROF== Disconnected from process 67163

═══ FULL PROFILING COMPLETE ═══
Timing results: results/benchmarks/gpu_benchmark_results.csv
Nsight reports: results/nsight/

═══ JOB FINISHED ═══
End time: Wed Jan  7 16:55:34 CET 2026
Duration: 26 seconds
