╔══════════════════════════════════════════════════════════════╗
║    HMM GPU PROFILING                                         ║
║    Job ID: 36938
║    Node: turing-2
║    Mode: full
║    Tests: all
╚══════════════════════════════════════════════════════════════╝

Date: Wed Jan  7 20:59:27 CET 2026

═══ GPU Information ═══
name, memory.total [MiB], driver_version, compute_cap
Quadro RTX 6000, 23040 MiB, 580.65.06, 7.5
Quadro RTX 6000, 23040 MiB, 580.65.06, 7.5
Quadro RTX 6000, 23040 MiB, 580.65.06, 7.5

═══ Building Project ═══
-- CPU tests enabled
-- CUDA tests enabled
--   - test_forward_backward_gpu
--   - test_viterbi_gpu
-- Profiling enabled - perf/gprof compatible build
-- 
-- ========================================
-- GPU HMM Regime Detection - Configuration
-- ========================================
-- Build type      : Release
-- C++ compiler    : /usr/bin/c++
-- CUDA support    : ON
-- Tests           : ON
-- Benchmarks      : OFF
-- Profiling       : ON
-- ========================================
-- 
-- Configuring done (3.5s)
-- Generating done (0.3s)
-- Build files have been written to: /user/7/dialloh/gpu_comp_hmm_regime/build
[ 85%] Built target hmm_cuda
[ 92%] Building CUDA object test/CMakeFiles/test_profile_gpu_robust.dir/cuda/test_profile_gpu_robust.cu.o
/user/7/dialloh/gpu_comp_hmm_regime/test/cuda/test_profile_gpu_robust.cu(486): warning #177-D: variable "bw_runs" was declared but never referenced
          int bw_runs = (data.T > 20000) ? 100 : 120;
              ^

Remark: The warnings can be suppressed with "-diag-suppress <warning-number>"

[100%] Linking CXX executable test_profile_gpu_robust
[100%] Built target test_profile_gpu_robust
✓ Build complete

═══ Phase 1: Timing Benchmark ═══

╔══════════════════════════════════════════════════════════╗
║ GPU: Quadro RTX 6000                                     ║
╠══════════════════════════════════════════════════════════╣
║ Compute Capability: 7.5                                     ║
║ Total Memory: 22501  MB                                   ║
║ SM Count: 72                                              ║
║ Max Threads/Block: 1024                                   ║
║ Warp Size: 32                                              ║
╚══════════════════════════════════════════════════════════╝

╔══════════════════════════════════════════════════════════════╗
║         GPU PROFILING - HMM ALGORITHMS (Hassan et al.)       ║
╠══════════════════════════════════════════════════════════════╣
║  Data dir: data/bench                                     ║
║  Output:   results/benchmarks/gpu_benchmark               ║
║  Mode:     all                                            ║
╚══════════════════════════════════════════════════════════════╝

Found 22 datasets:
  - scaling_N_10
  - scaling_N_3
  - scaling_N_5
  - scaling_T_100
  - scaling_T_1000
  - scaling_T_10000
  - scaling_T_100000
  - scaling_T_1000000
  - scaling_T_102400
  - scaling_T_12800
  - scaling_T_1600
  - scaling_T_200
  - scaling_T_204800
  - scaling_T_25600
  - scaling_T_3200
  - scaling_T_400
  - scaling_T_5000
  - scaling_T_50000
  - scaling_T_51200
  - scaling_T_6400
  - scaling_T_800
  - validation_convergence

━━━━━━━━━━━━━━━━━━━━━━━━━━━━━━━━━━━━━━━━━━━━━━━━━━━━━━━━━━━━━━━━
Profiling: scaling_N_10 (T=5000, N=10, K=4)
━━━━━━━━━━━━━━━━━━━━━━━━━━━━━━━━━━━━━━━━━━━━━━━━━━━━━━━━━━━━━━━━
  [Forward] 1.09931 ms (±0.0905395) | 54.8356 GB/s
  [Backward] 0.954661 ms (±0.0615094) | 63.1442 GB/s
  [Viterbi] 0.616943 ms (±0.00379645) | 97.7421 GB/s
  [Baum-Welch 10 iter] 201.739 ms (±0.347201) | LL=-9.99904e+08

━━━━━━━━━━━━━━━━━━━━━━━━━━━━━━━━━━━━━━━━━━━━━━━━━━━━━━━━━━━━━━━━
Profiling: scaling_N_3 (T=5000, N=3, K=4)
━━━━━━━━━━━━━━━━━━━━━━━━━━━━━━━━━━━━━━━━━━━━━━━━━━━━━━━━━━━━━━━━
  [Forward] 0.238126 ms (±0.00284279) | 23.2662 GB/s
  [Backward] 0.23793 ms (±0.00283187) | 23.2854 GB/s
  [Viterbi] 0.208842 ms (±0.00224959) | 26.6245 GB/s
  [Baum-Welch 10 iter] 61.2716 ms (±0.0647945) | LL=-24318.8

━━━━━━━━━━━━━━━━━━━━━━━━━━━━━━━━━━━━━━━━━━━━━━━━━━━━━━━━━━━━━━━━
Profiling: scaling_N_5 (T=5000, N=5, K=4)
━━━━━━━━━━━━━━━━━━━━━━━━━━━━━━━━━━━━━━━━━━━━━━━━━━━━━━━━━━━━━━━━
  [Forward] 0.267667 ms (±0.00249484) | 56.7142 GB/s
  [Backward] 0.267402 ms (±0.00375717) | 56.7704 GB/s
  [Viterbi] 0.216006 ms (±0.00238367) | 70.3709 GB/s
  [Baum-Welch 10 iter] 67.5309 ms (±0.0353333) | LL=-9.99903e+08

━━━━━━━━━━━━━━━━━━━━━━━━━━━━━━━━━━━━━━━━━━━━━━━━━━━━━━━━━━━━━━━━
Profiling: scaling_T_100 (T=100, N=3, K=4)
━━━━━━━━━━━━━━━━━━━━━━━━━━━━━━━━━━━━━━━━━━━━━━━━━━━━━━━━━━━━━━━━
  [Forward] 0.0671369 ms (±0.00175601) | 1.65483 GB/s
  [Backward] 0.0674359 ms (±0.00281951) | 1.64749 GB/s
  [Viterbi] 0.0647753 ms (±0.00278519) | 1.72133 GB/s
  [Baum-Welch 10 iter] 22.4104 ms (±0.0938236) | LL=-510.657

━━━━━━━━━━━━━━━━━━━━━━━━━━━━━━━━━━━━━━━━━━━━━━━━━━━━━━━━━━━━━━━━
Profiling: scaling_T_1000 (T=1000, N=3, K=4)
━━━━━━━━━━━━━━━━━━━━━━━━━━━━━━━━━━━━━━━━━━━━━━━━━━━━━━━━━━━━━━━━
  [Forward] 0.108343 ms (±0.00310407) | 10.2295 GB/s
  [Backward] 0.106017 ms (±0.00226217) | 10.4539 GB/s
  [Viterbi] 0.0996193 ms (±0.00299831) | 11.1655 GB/s
  [Baum-Welch 10 iter] 31.8543 ms (±0.0665368) | LL=-5007.3
  [Baum-Welch Convergence] 3.18198 ms (11 iters, LL=-5277.97)

━━━━━━━━━━━━━━━━━━━━━━━━━━━━━━━━━━━━━━━━━━━━━━━━━━━━━━━━━━━━━━━━
Profiling: scaling_T_10000 (T=10000, N=3, K=4)
━━━━━━━━━━━━━━━━━━━━━━━━━━━━━━━━━━━━━━━━━━━━━━━━━━━━━━━━━━━━━━━━
  [Forward] 0.367916 ms (±0.00412697) | 30.1164 GB/s
  [Backward] 0.365385 ms (±0.00252974) | 30.325 GB/s
  [Viterbi] 0.320734 ms (±0.00275253) | 34.6714 GB/s
  [Baum-Welch 10 iter] 91.3761 ms (±0.039012) | LL=-53160.1
  [Baum-Welch Convergence] 9.19139 ms (11 iters, LL=-56422.6)

━━━━━━━━━━━━━━━━━━━━━━━━━━━━━━━━━━━━━━━━━━━━━━━━━━━━━━━━━━━━━━━━
Profiling: scaling_T_100000 (T=100000, N=3, K=4)
━━━━━━━━━━━━━━━━━━━━━━━━━━━━━━━━━━━━━━━━━━━━━━━━━━━━━━━━━━━━━━━━
  [Forward] 0.406285 ms (±0.00746055) | 272.716 GB/s
  [Backward] 0.398998 ms (±0.00365032) | 277.697 GB/s
  [Viterbi] 0.39723 ms (±0.00292674) | 279.939 GB/s
  [Baum-Welch 10 iter] 216.558 ms (±0.152513) | LL=1.09861
  [Baum-Welch Convergence] 4.36624 ms (2 iters, LL=1.09861)

━━━━━━━━━━━━━━━━━━━━━━━━━━━━━━━━━━━━━━━━━━━━━━━━━━━━━━━━━━━━━━━━
Profiling: scaling_T_1000000 (T=1000000, N=3, K=4)
━━━━━━━━━━━━━━━━━━━━━━━━━━━━━━━━━━━━━━━━━━━━━━━━━━━━━━━━━━━━━━━━
  [Forward] 1.77198 ms (±0.00257509) | 625.29 GB/s
  [Backward] 1.77456 ms (±0.0238442) | 624.382 GB/s
  [Viterbi] 1.77238 ms (±0.00286674) | 627.404 GB/s
  [Baum-Welch 10 iter] 1149.83 ms (±0.166932) | LL=1.09861
  [Baum-Welch Convergence] 23.0626 ms (2 iters, LL=1.09861)

━━━━━━━━━━━━━━━━━━━━━━━━━━━━━━━━━━━━━━━━━━━━━━━━━━━━━━━━━━━━━━━━
Profiling: scaling_T_102400 (T=102400, N=3, K=4)
━━━━━━━━━━━━━━━━━━━━━━━━━━━━━━━━━━━━━━━━━━━━━━━━━━━━━━━━━━━━━━━━
  [Forward] 0.39762 ms (±0.00498345) | 285.346 GB/s
  [Backward] 0.396423 ms (±0.00291602) | 286.208 GB/s
  [Viterbi] 0.395931 ms (±0.00273277) | 287.599 GB/s
  [Baum-Welch 10 iter] 216.992 ms (±0.0688831) | LL=1.09861

━━━━━━━━━━━━━━━━━━━━━━━━━━━━━━━━━━━━━━━━━━━━━━━━━━━━━━━━━━━━━━━━
Profiling: scaling_T_12800 (T=12800, N=3, K=4)
━━━━━━━━━━━━━━━━━━━━━━━━━━━━━━━━━━━━━━━━━━━━━━━━━━━━━━━━━━━━━━━━
  [Forward] 0.429946 ms (±0.00296465) | 32.9872 GB/s
  [Backward] 0.428578 ms (±0.0045846) | 33.0925 GB/s
  [Viterbi] 0.377742 ms (±0.00287002) | 37.6815 GB/s
  [Baum-Welch 10 iter] 137.525 ms (±0.0997852) | LL=-61243.6

━━━━━━━━━━━━━━━━━━━━━━━━━━━━━━━━━━━━━━━━━━━━━━━━━━━━━━━━━━━━━━━━
Profiling: scaling_T_1600 (T=1600, N=3, K=4)
━━━━━━━━━━━━━━━━━━━━━━━━━━━━━━━━━━━━━━━━━━━━━━━━━━━━━━━━━━━━━━━━
  [Forward] 0.133731 ms (±0.00195685) | 13.2587 GB/s
  [Backward] 0.13396 ms (±0.0018197) | 13.236 GB/s
  [Viterbi] 0.124017 ms (±0.00264933) | 14.3489 GB/s
  [Baum-Welch 10 iter] 37.4281 ms (±0.081898) | LL=-7768.19

━━━━━━━━━━━━━━━━━━━━━━━━━━━━━━━━━━━━━━━━━━━━━━━━━━━━━━━━━━━━━━━━
Profiling: scaling_T_200 (T=200, N=3, K=4)
━━━━━━━━━━━━━━━━━━━━━━━━━━━━━━━━━━━━━━━━━━━━━━━━━━━━━━━━━━━━━━━━
  [Forward] 0.0685201 ms (±0.0021507) | 3.23847 GB/s
  [Backward] 0.068746 ms (±0.00183235) | 3.22783 GB/s
  [Viterbi] 0.0665892 ms (±0.000706702) | 3.34439 GB/s
  [Baum-Welch 10 iter] 22.9782 ms (±0.0511591) | LL=-811.796

━━━━━━━━━━━━━━━━━━━━━━━━━━━━━━━━━━━━━━━━━━━━━━━━━━━━━━━━━━━━━━━━
Profiling: scaling_T_204800 (T=204800, N=3, K=4)
━━━━━━━━━━━━━━━━━━━━━━━━━━━━━━━━━━━━━━━━━━━━━━━━━━━━━━━━━━━━━━━━
  [Forward] 0.491017 ms (±0.00609527) | 462.141 GB/s
  [Backward] 0.491103 ms (±0.00568349) | 462.06 GB/s
  [Viterbi] 0.490643 ms (±0.00502676) | 464.162 GB/s
  [Baum-Welch 10 iter] 311.787 ms (±0.335211) | LL=1.09861

━━━━━━━━━━━━━━━━━━━━━━━━━━━━━━━━━━━━━━━━━━━━━━━━━━━━━━━━━━━━━━━━
Profiling: scaling_T_25600 (T=25600, N=3, K=4)
━━━━━━━━━━━━━━━━━━━━━━━━━━━━━━━━━━━━━━━━━━━━━━━━━━━━━━━━━━━━━━━━
  [Forward] 0.908725 ms (±0.00461969) | 31.2142 GB/s
  [Backward] 0.904518 ms (±0.00348667) | 31.3593 GB/s
  [Viterbi] 0.826362 ms (±0.00346165) | 34.4492 GB/s
  [Baum-Welch 10 iter] 228.258 ms (±0.652769) | LL=-131035

━━━━━━━━━━━━━━━━━━━━━━━━━━━━━━━━━━━━━━━━━━━━━━━━━━━━━━━━━━━━━━━━
Profiling: scaling_T_3200 (T=3200, N=3, K=4)
━━━━━━━━━━━━━━━━━━━━━━━━━━━━━━━━━━━━━━━━━━━━━━━━━━━━━━━━━━━━━━━━
  [Forward] 0.177606 ms (±0.00322155) | 19.965 GB/s
  [Backward] 0.176563 ms (±0.00243387) | 20.0829 GB/s
  [Viterbi] 0.156775 ms (±0.00210433) | 22.6995 GB/s
  [Baum-Welch 10 iter] 47.33 ms (±0.117342) | LL=-16015.8

━━━━━━━━━━━━━━━━━━━━━━━━━━━━━━━━━━━━━━━━━━━━━━━━━━━━━━━━━━━━━━━━
Profiling: scaling_T_400 (T=400, N=3, K=4)
━━━━━━━━━━━━━━━━━━━━━━━━━━━━━━━━━━━━━━━━━━━━━━━━━━━━━━━━━━━━━━━━
  [Forward] 0.0886519 ms (±0.00297263) | 5.00272 GB/s
  [Backward] 0.0870694 ms (±0.00280698) | 5.09364 GB/s
  [Viterbi] 0.0833197 ms (±0.000796006) | 5.34207 GB/s
  [Baum-Welch 10 iter] 26.8339 ms (±0.069091) | LL=-1663.22

━━━━━━━━━━━━━━━━━━━━━━━━━━━━━━━━━━━━━━━━━━━━━━━━━━━━━━━━━━━━━━━━
Profiling: scaling_T_5000 (T=5000, N=3, K=4)
━━━━━━━━━━━━━━━━━━━━━━━━━━━━━━━━━━━━━━━━━━━━━━━━━━━━━━━━━━━━━━━━
  [Forward] 0.238969 ms (±0.00299385) | 23.1842 GB/s
  [Backward] 0.238619 ms (±0.00395949) | 23.2181 GB/s
  [Viterbi] 0.209169 ms (±0.00200097) | 26.5828 GB/s
  [Baum-Welch 10 iter] 60.5364 ms (±0.0619962) | LL=-9.99904e+08

━━━━━━━━━━━━━━━━━━━━━━━━━━━━━━━━━━━━━━━━━━━━━━━━━━━━━━━━━━━━━━━━
Profiling: scaling_T_50000 (T=50000, N=3, K=4)
━━━━━━━━━━━━━━━━━━━━━━━━━━━━━━━━━━━━━━━━━━━━━━━━━━━━━━━━━━━━━━━━
  [Forward] 1.68297 ms (±0.0194197) | 32.9181 GB/s
  [Backward] 1.67722 ms (±0.00364703) | 33.031 GB/s
  [Viterbi] 1.55033 ms (±0.00519872) | 35.8636 GB/s
  [Baum-Welch 10 iter] 400.371 ms (±0.251449) | LL=-216287

━━━━━━━━━━━━━━━━━━━━━━━━━━━━━━━━━━━━━━━━━━━━━━━━━━━━━━━━━━━━━━━━
Profiling: scaling_T_51200 (T=51200, N=3, K=4)
━━━━━━━━━━━━━━━━━━━━━━━━━━━━━━━━━━━━━━━━━━━━━━━━━━━━━━━━━━━━━━━━
  [Forward] 1.71646 ms (±0.0327782) | 33.0505 GB/s
  [Backward] 1.70808 ms (±0.00522692) | 33.2127 GB/s
  [Viterbi] 1.57634 ms (±0.00339019) | 36.1182 GB/s
  [Baum-Welch 10 iter] 406.327 ms (±0.286527) | LL=-247857

━━━━━━━━━━━━━━━━━━━━━━━━━━━━━━━━━━━━━━━━━━━━━━━━━━━━━━━━━━━━━━━━
Profiling: scaling_T_6400 (T=6400, N=3, K=4)
━━━━━━━━━━━━━━━━━━━━━━━━━━━━━━━━━━━━━━━━━━━━━━━━━━━━━━━━━━━━━━━━
  [Forward] 0.269259 ms (±0.00259834) | 26.3371 GB/s
  [Backward] 0.268305 ms (±0.00276434) | 26.4307 GB/s
  [Viterbi] 0.235301 ms (±0.00268134) | 30.2467 GB/s
  [Baum-Welch 10 iter] 66.8758 ms (±0.0261499) | LL=-1.27988e+09

━━━━━━━━━━━━━━━━━━━━━━━━━━━━━━━━━━━━━━━━━━━━━━━━━━━━━━━━━━━━━━━━
Profiling: scaling_T_800 (T=800, N=3, K=4)
━━━━━━━━━━━━━━━━━━━━━━━━━━━━━━━━━━━━━━━━━━━━━━━━━━━━━━━━━━━━━━━━
  [Forward] 0.101463 ms (±0.00227235) | 8.73911 GB/s
  [Backward] 0.100257 ms (±0.0023925) | 8.8443 GB/s
  [Viterbi] 0.0946629 ms (±0.00202986) | 9.40073 GB/s
  [Baum-Welch 10 iter] 29.9214 ms (±0.0887741) | LL=-4112.86

━━━━━━━━━━━━━━━━━━━━━━━━━━━━━━━━━━━━━━━━━━━━━━━━━━━━━━━━━━━━━━━━
Profiling: validation_convergence (T=2000, N=3, K=4)
━━━━━━━━━━━━━━━━━━━━━━━━━━━━━━━━━━━━━━━━━━━━━━━━━━━━━━━━━━━━━━━━
  [Forward] 0.145252 ms (±0.00298275) | 15.2584 GB/s
  [Backward] 0.143983 ms (±0.00225763) | 15.3927 GB/s
  [Viterbi] 0.131333 ms (±0.00356079) | 16.9364 GB/s
  [Baum-Welch 10 iter] 39.3115 ms (±0.0349563) | LL=-3.99961e+08
  [Baum-Welch Convergence] 3.95558 ms (11 iters, LL=-3.99961e+08)

═══════════════════════════════════════════════════════════════
                       EXPORT RESULTS                          
═══════════════════════════════════════════════════════════════
✓ GPU results saved to results/benchmarks/gpu_benchmark_results.csv
✓ GPU results saved to results/benchmarks/gpu_benchmark_results.json

╔══════════════════════════════════════════════════════════════╗
║                    PROFILING COMPLETE                        ║
╠══════════════════════════════════════════════════════════════╣
║  Total tests: 93                                           ║
║  CSV output:  results/benchmarks/gpu_benchmark_results.csv ║
║  JSON output: results/benchmarks/gpu_benchmark_results.json║
╚══════════════════════════════════════════════════════════════╝

Next steps:
  Analyze with Python:
    python analyze_benchmark_results.py --gpu-csv results/benchmarks/gpu_benchmark_results.csv


═══ Phase 1 Results ═══
dataset,algo,T,N,K,time_ms,time_std_ms,time_min_ms,time_max_ms,log_likelihood,iterations,bandwidth_GBs,occupancy_pct,gpu_mem_MB,device
scaling_N_10,forward,5000,10,4,1.0993,0.0905,1.0562,1.5051,-28942.443359,1,54.84,0.0,168.88,"Quadro RTX 6000"
scaling_N_10,backward,5000,10,4,0.9547,0.0615,0.9175,1.0832,0.000000,1,63.14,0.0,168.88,"Quadro RTX 6000"
scaling_N_10,viterbi,5000,10,4,0.6169,0.0038,0.6117,0.6328,0.000000,1,97.74,0.0,168.88,"Quadro RTX 6000"
scaling_N_10,baum_welch_100,5000,10,4,201.7391,0.3472,201.3348,202.2093,-999903744.000000,100,60.95,0.0,168.88,"Quadro RTX 6000"
scaling_N_3,forward,5000,3,4,0.2381,0.0028,0.2331,0.2555,-30628.759766,1,23.27,0.0,168.88,"Quadro RTX 6000"
scaling_N_3,backward,5000,3,4,0.2379,0.0028,0.2340,0.2502,0.000000,1,23.29,0.0,168.88,"Quadro RTX 6000"
scaling_N_3,viterbi,5000,3,4,0.2088,0.0022,0.2064,0.2171,0.000000,1,26.62,0.0,168.88,"Quadro RTX 6000"
scaling_N_3,baum_welch_100,5000,3,4,61.2716,0.0648,61.1819,61.3190,-24318.835938,100,19.26,0.0,168.88,"Quadro RTX 6000"
scaling_N_5,forward,5000,5,4,0.2677,0.0025,0.2642,0.2788,-28821.593750,1,56.71,0.0,168.88,"Quadro RTX 6000"
scaling_N_5,backward,5000,5,4,0.2674,0.0038,0.2637,0.2916,0.000000,1,56.77,0.0,168.88,"Quadro RTX 6000"
scaling_N_5,viterbi,5000,5,4,0.2160,0.0024,0.2130,0.2244,0.000000,1,70.37,0.0,168.88,"Quadro RTX 6000"
scaling_N_5,baum_welch_100,5000,5,4,67.5309,0.0353,67.4902,67.5733,-999902912.000000,100,46.74,0.0,168.88,"Quadro RTX 6000"
scaling_T_100,forward,100,3,4,0.0671,0.0018,0.0655,0.0828,-589.553650,1,1.65,0.0,168.88,"Quadro RTX 6000"
scaling_T_100,backward,100,3,4,0.0674,0.0028,0.0638,0.0826,0.000000,1,1.65,0.0,168.88,"Quadro RTX 6000"
scaling_T_100,viterbi,100,3,4,0.0648,0.0028,0.0627,0.0841,0.000000,1,1.72,0.0,168.88,"Quadro RTX 6000"
scaling_T_100,baum_welch_100,100,3,4,22.4104,0.0938,22.3002,22.5202,-510.657379,100,1.06,0.0,168.88,"Quadro RTX 6000"
scaling_T_1000,forward,1000,3,4,0.1083,0.0031,0.1046,0.1216,-5826.281250,1,10.23,0.0,168.88,"Quadro RTX 6000"
scaling_T_1000,backward,1000,3,4,0.1060,0.0023,0.1044,0.1164,0.000000,1,10.45,0.0,168.88,"Quadro RTX 6000"
scaling_T_1000,viterbi,1000,3,4,0.0996,0.0030,0.0968,0.1202,0.000000,1,11.17,0.0,168.88,"Quadro RTX 6000"

═══ Phase 2: Nsight Compute (quick mode) ═══
==PROF== Connected to process 72020 (/user/7/.base/dialloh/home/gpu_comp_hmm_regime/build/test/test_profile_gpu_robust)

╔══════════════════════════════════════════════════════════╗
║ GPU: Quadro RTX 6000                                     ║
╠══════════════════════════════════════════════════════════╣
║ Compute Capability: 7.5                                     ║
║ Total Memory: 22501  MB                                   ║
║ SM Count: 72                                              ║
║ Max Threads/Block: 1024                                   ║
║ Warp Size: 32                                              ║
╚══════════════════════════════════════════════════════════╝

╔══════════════════════════════════════════════════════════════╗
║         GPU PROFILING - HMM ALGORITHMS (Hassan et al.)       ║
╠══════════════════════════════════════════════════════════════╣
║  Data dir: data/bench                                     ║
║  Output:   results/benchmarks/gpu_nsight                  ║
║  Mode:     quick                                          ║
╚══════════════════════════════════════════════════════════════╝

Found 22 datasets:
  - scaling_N_10
  - scaling_N_3
  - scaling_N_5
  - scaling_T_100
  - scaling_T_1000
  - scaling_T_10000
  - scaling_T_100000
  - scaling_T_1000000
  - scaling_T_102400
  - scaling_T_12800
  - scaling_T_1600
  - scaling_T_200
  - scaling_T_204800
  - scaling_T_25600
  - scaling_T_3200
  - scaling_T_400
  - scaling_T_5000
  - scaling_T_50000
  - scaling_T_51200
  - scaling_T_6400
  - scaling_T_800
  - validation_convergence

━━━━━━━━━━━━━━━━━━━━━━━━━━━━━━━━━━━━━━━━━━━━━━━━━━━━━━━━━━━━━━━━
Profiling: scaling_N_10 (T=5000, N=10, K=4)
━━━━━━━━━━━━━━━━━━━━━━━━━━━━━━━━━━━━━━━━━━━━━━━━━━━━━━━━━━━━━━━━
  [Forward] ==ERROR== ERR_NVGPUCTRPERM - The user does not have permission to access NVIDIA GPU Performance Counters on the target device 0. For instructions on enabling permissions and to get more information see https://developer.nvidia.com/ERR_NVGPUCTRPERM
3.808 ms (±0.474451) | 15.8302 GB/s
  [Backward] 4.34251 ms (±0.645978) | 13.8817 GB/s
  [Viterbi] 3.39162 ms (±0.37068) | 17.7795 GB/s
  [Baum-Welch 10 iter] 1037.19 ms (±26.876) | LL=-9.99904e+08

━━━━━━━━━━━━━━━━━━━━━━━━━━━━━━━━━━━━━━━━━━━━━━━━━━━━━━━━━━━━━━━━
Profiling: scaling_N_3 (T=5000, N=3, K=4)
━━━━━━━━━━━━━━━━━━━━━━━━━━━━━━━━━━━━━━━━━━━━━━━━━━━━━━━━━━━━━━━━
  [Forward] 3.13922 ms (±0.127225) | 1.76487 GB/s
  [Backward] 3.15432 ms (±0.110947) | 1.75641 GB/s
  [Viterbi] 3.13169 ms (±0.115507) | 1.77549 GB/s
  [Baum-Welch 10 iter] 804.614 ms (±6.10995) | LL=-24318.8

━━━━━━━━━━━━━━━━━━━━━━━━━━━━━━━━━━━━━━━━━━━━━━━━━━━━━━━━━━━━━━━━
Profiling: scaling_N_5 (T=5000, N=5, K=4)
━━━━━━━━━━━━━━━━━━━━━━━━━━━━━━━━━━━━━━━━━━━━━━━━━━━━━━━━━━━━━━━━
  [Forward] 3.14667 ms (±0.104208) | 4.82432 GB/s
  [Backward] 3.1517 ms (±0.136979) | 4.81662 GB/s
  [Viterbi] 3.13633 ms (±0.120673) | 4.84661 GB/s
  [Baum-Welch 10 iter] 812.513 ms (±14.2438) | LL=-9.99903e+08

━━━━━━━━━━━━━━━━━━━━━━━━━━━━━━━━━━━━━━━━━━━━━━━━━━━━━━━━━━━━━━━━
Profiling: scaling_T_100 (T=100, N=3, K=4)
━━━━━━━━━━━━━━━━━━━━━━━━━━━━━━━━━━━━━━━━━━━━━━━━━━━━━━━━━━━━━━━━
  [Forward] 1.91036 ms (±0.101444) | 0.0581566 GB/s
  [Backward] 2.02965 ms (±0.274478) | 0.0547385 GB/s
  [Viterbi] 1.91385 ms (±0.0883314) | 0.0582595 GB/s
  [Baum-Welch 10 iter] 565.478 ms (±3.63996) | LL=-510.657

━━━━━━━━━━━━━━━━━━━━━━━━━━━━━━━━━━━━━━━━━━━━━━━━━━━━━━━━━━━━━━━━
Profiling: scaling_T_1000 (T=1000, N=3, K=4)
━━━━━━━━━━━━━━━━━━━━━━━━━━━━━━━━━━━━━━━━━━━━━━━━━━━━━━━━━━━━━━━━
  [Forward] 2.57342 ms (±0.217484) | 0.430672 GB/s
  [Backward] 2.47764 ms (±0.229306) | 0.44732 GB/s
  [Viterbi] 2.53568 ms (±0.192459) | 0.438659 GB/s
  [Baum-Welch 10 iter] 686.735 ms (±26.4464) | LL=-5007.3

━━━━━━━━━━━━━━━━━━━━━━━━━━━━━━━━━━━━━━━━━━━━━━━━━━━━━━━━━━━━━━━━
Profiling: scaling_T_10000 (T=10000, N=3, K=4)
━━━━━━━━━━━━━━━━━━━━━━━━━━━━━━━━━━━━━━━━━━━━━━━━━━━━━━━━━━━━━━━━
  [Forward] 3.22588 ms (±0.289981) | 3.43481 GB/s
  [Backward] 3.10649 ms (±0.145814) | 3.56682 GB/s
  [Viterbi] 3.19623 ms (±0.307025) | 3.47919 GB/s
  [Baum-Welch 10 iter] 829.247 ms (±10.4185) | LL=-53160.1

━━━━━━━━━━━━━━━━━━━━━━━━━━━━━━━━━━━━━━━━━━━━━━━━━━━━━━━━━━━━━━━━
Profiling: scaling_T_100000 (T=100000, N=3, K=4)
━━━━━━━━━━━━━━━━━━━━━━━━━━━━━━━━━━━━━━━━━━━━━━━━━━━━━━━━━━━━━━━━
  [Forward] 0.523319 ms (±0.0633686) | 211.726 GB/s
  [Backward] 0.518616 ms (±0.0114119) | 213.646 GB/s
  [Viterbi] 0.506445 ms (±0.00351078) | 219.57 GB/s
  [Baum-Welch 10 iter] 404.586 ms (±1.88542) | LL=1.09861

━━━━━━━━━━━━━━━━━━━━━━━━━━━━━━━━━━━━━━━━━━━━━━━━━━━━━━━━━━━━━━━━
Profiling: scaling_T_1000000 (T=1000000, N=3, K=4)
━━━━━━━━━━━━━━━━━━━━━━━━━━━━━━━━━━━━━━━━━━━━━━━━━━━━━━━━━━━━━━━━
  [Forward] 2.14789 ms (±0.163085) | 515.854 GB/s
  [Backward] 1.77915 ms (±0.00769665) | 622.77 GB/s
  [Viterbi] 1.77434 ms (±0.00303725) | 626.713 GB/s
  [Baum-Welch 10 iter] 1270.13 ms (±1.08869) | LL=1.09861

━━━━━━━━━━━━━━━━━━━━━━━━━━━━━━━━━━━━━━━━━━━━━━━━━━━━━━━━━━━━━━━━
Profiling: scaling_T_102400 (T=102400, N=3, K=4)
━━━━━━━━━━━━━━━━━━━━━━━━━━━━━━━━━━━━━━━━━━━━━━━━━━━━━━━━━━━━━━━━
  [Forward] 0.477752 ms (±0.00734407) | 237.486 GB/s
  [Backward] 0.475671 ms (±0.00359913) | 238.525 GB/s
  [Viterbi] 0.474264 ms (±0.00314356) | 240.096 GB/s
  [Baum-Welch 10 iter] 388.75 ms (±3.77702) | LL=1.09861

━━━━━━━━━━━━━━━━━━━━━━━━━━━━━━━━━━━━━━━━━━━━━━━━━━━━━━━━━━━━━━━━
Profiling: scaling_T_12800 (T=12800, N=3, K=4)
━━━━━━━━━━━━━━━━━━━━━━━━━━━━━━━━━━━━━━━━━━━━━━━━━━━━━━━━━━━━━━━━
  [Forward] 3.33554 ms (±0.186007) | 4.25199 GB/s
  [Backward] 3.3364 ms (±0.162739) | 4.25089 GB/s
  [Viterbi] 3.25288 ms (±0.20588) | 4.37578 GB/s
  [Baum-Welch 10 iter] 900.247 ms (±18.4142) | LL=-61243.6

━━━━━━━━━━━━━━━━━━━━━━━━━━━━━━━━━━━━━━━━━━━━━━━━━━━━━━━━━━━━━━━━
Profiling: scaling_T_1600 (T=1600, N=3, K=4)
━━━━━━━━━━━━━━━━━━━━━━━━━━━━━━━━━━━━━━━━━━━━━━━━━━━━━━━━━━━━━━━━
  [Forward] 2.68786 ms (±0.105507) | 0.65967 GB/s
  [Backward] 2.68681 ms (±0.0882408) | 0.659928 GB/s
  [Viterbi] 2.70591 ms (±0.110545) | 0.657634 GB/s
  [Baum-Welch 10 iter] 737.203 ms (±5.60096) | LL=-7768.19

━━━━━━━━━━━━━━━━━━━━━━━━━━━━━━━━━━━━━━━━━━━━━━━━━━━━━━━━━━━━━━━━
Profiling: scaling_T_200 (T=200, N=3, K=4)
━━━━━━━━━━━━━━━━━━━━━━━━━━━━━━━━━━━━━━━━━━━━━━━━━━━━━━━━━━━━━━━━
  [Forward] 2.1524 ms (±0.241923) | 0.103094 GB/s
  [Backward] 2.12075 ms (±0.107842) | 0.104633 GB/s
  [Viterbi] 2.13218 ms (±0.14259) | 0.104447 GB/s
  [Baum-Welch 10 iter] 596.847 ms (±26.4656) | LL=-811.796

━━━━━━━━━━━━━━━━━━━━━━━━━━━━━━━━━━━━━━━━━━━━━━━━━━━━━━━━━━━━━━━━
Profiling: scaling_T_204800 (T=204800, N=3, K=4)
━━━━━━━━━━━━━━━━━━━━━━━━━━━━━━━━━━━━━━━━━━━━━━━━━━━━━━━━━━━━━━━━
  [Forward] 0.60857 ms (±0.0328606) | 372.872 GB/s
  [Backward] 0.605457 ms (±0.00363741) | 374.789 GB/s
  [Viterbi] 0.605062 ms (±0.00313465) | 376.387 GB/s
  [Baum-Welch 10 iter] 447.512 ms (±1.04586) | LL=1.09861

━━━━━━━━━━━━━━━━━━━━━━━━━━━━━━━━━━━━━━━━━━━━━━━━━━━━━━━━━━━━━━━━
Profiling: scaling_T_25600 (T=25600, N=3, K=4)
━━━━━━━━━━━━━━━━━━━━━━━━━━━━━━━━━━━━━━━━━━━━━━━━━━━━━━━━━━━━━━━━
  [Forward] 3.87626 ms (±0.33049) | 7.31764 GB/s
  [Backward] 3.97197 ms (±0.531879) | 7.14132 GB/s
  [Viterbi] 3.73811 ms (±0.163602) | 7.61547 GB/s
  [Baum-Welch 10 iter] 1118.71 ms (±76.3297) | LL=-131035

━━━━━━━━━━━━━━━━━━━━━━━━━━━━━━━━━━━━━━━━━━━━━━━━━━━━━━━━━━━━━━━━
Profiling: scaling_T_3200 (T=3200, N=3, K=4)
━━━━━━━━━━━━━━━━━━━━━━━━━━━━━━━━━━━━━━━━━━━━━━━━━━━━━━━━━━━━━━━━
  [Forward] 2.89257 ms (±0.101799) | 1.22586 GB/s
  [Backward] 2.88886 ms (±0.297157) | 1.22744 GB/s
  [Viterbi] 2.94612 ms (±0.358155) | 1.20793 GB/s
  [Baum-Welch 10 iter] 767.827 ms (±6.51114) | LL=-16015.8

━━━━━━━━━━━━━━━━━━━━━━━━━━━━━━━━━━━━━━━━━━━━━━━━━━━━━━━━━━━━━━━━
Profiling: scaling_T_400 (T=400, N=3, K=4)
━━━━━━━━━━━━━━━━━━━━━━━━━━━━━━━━━━━━━━━━━━━━━━━━━━━━━━━━━━━━━━━━
  [Forward] 2.31153 ms (±0.0995049) | 0.191865 GB/s
  [Backward] 2.32634 ms (±0.108333) | 0.190643 GB/s
  [Viterbi] 2.37398 ms (±0.21677) | 0.187491 GB/s
  [Baum-Welch 10 iter] 642.497 ms (±5.47985) | LL=-1663.22

━━━━━━━━━━━━━━━━━━━━━━━━━━━━━━━━━━━━━━━━━━━━━━━━━━━━━━━━━━━━━━━━
Profiling: scaling_T_5000 (T=5000, N=3, K=4)
━━━━━━━━━━━━━━━━━━━━━━━━━━━━━━━━━━━━━━━━━━━━━━━━━━━━━━━━━━━━━━━━
  [Forward] 3.03792 ms (±0.108606) | 1.82372 GB/s
  [Backward] 3.13926 ms (±0.119983) | 1.76484 GB/s
  [Viterbi] 3.17536 ms (±0.256751) | 1.75108 GB/s
  [Baum-Welch 10 iter] 785.68 ms (±30.4391) | LL=-9.99904e+08

━━━━━━━━━━━━━━━━━━━━━━━━━━━━━━━━━━━━━━━━━━━━━━━━━━━━━━━━━━━━━━━━
Profiling: scaling_T_50000 (T=50000, N=3, K=4)
━━━━━━━━━━━━━━━━━━━━━━━━━━━━━━━━━━━━━━━━━━━━━━━━━━━━━━━━━━━━━━━━
  [Forward] 6.22066 ms (±0.597903) | 8.90586 GB/s
  [Backward] 6.08948 ms (±0.686574) | 9.09771 GB/s
  [Viterbi] 5.70289 ms (±0.623559) | 9.7495 GB/s
  [Baum-Welch 10 iter] 1420.79 ms (±101.017) | LL=-216287

━━━━━━━━━━━━━━━━━━━━━━━━━━━━━━━━━━━━━━━━━━━━━━━━━━━━━━━━━━━━━━━━
Profiling: scaling_T_51200 (T=51200, N=3, K=4)
━━━━━━━━━━━━━━━━━━━━━━━━━━━━━━━━━━━━━━━━━━━━━━━━━━━━━━━━━━━━━━━━
  [Forward] 6.75437 ms (±0.630911) | 8.39899 GB/s
  [Backward] 6.83064 ms (±0.698022) | 8.30521 GB/s
  [Viterbi] 6.98183 ms (±0.709159) | 8.15469 GB/s
  [Baum-Welch 10 iter] 1434.49 ms (±85.1793) | LL=-247857

━━━━━━━━━━━━━━━━━━━━━━━━━━━━━━━━━━━━━━━━━━━━━━━━━━━━━━━━━━━━━━━━
Profiling: scaling_T_6400 (T=6400, N=3, K=4)
━━━━━━━━━━━━━━━━━━━━━━━━━━━━━━━━━━━━━━━━━━━━━━━━━━━━━━━━━━━━━━━━
  [Forward] 3.16172 ms (±0.251843) | 2.24293 GB/s
  [Backward] 3.21479 ms (±0.267352) | 2.2059 GB/s
  [Viterbi] 3.06392 ms (±0.122242) | 2.32287 GB/s
  [Baum-Welch 10 iter] 768.439 ms (±13.9967) | LL=-1.27988e+09

━━━━━━━━━━━━━━━━━━━━━━━━━━━━━━━━━━━━━━━━━━━━━━━━━━━━━━━━━━━━━━━━
Profiling: scaling_T_800 (T=800, N=3, K=4)
━━━━━━━━━━━━━━━━━━━━━━━━━━━━━━━━━━━━━━━━━━━━━━━━━━━━━━━━━━━━━━━━
  [Forward] 2.62168 ms (±0.264786) | 0.338218 GB/s
  [Backward] 2.55341 ms (±0.106301) | 0.347262 GB/s
  [Viterbi] 2.55658 ms (±0.12024) | 0.348082 GB/s
  [Baum-Welch 10 iter] 695.968 ms (±2.1403) | LL=-4112.86

━━━━━━━━━━━━━━━━━━━━━━━━━━━━━━━━━━━━━━━━━━━━━━━━━━━━━━━━━━━━━━━━
Profiling: validation_convergence (T=2000, N=3, K=4)
━━━━━━━━━━━━━━━━━━━━━━━━━━━━━━━━━━━━━━━━━━━━━━━━━━━━━━━━━━━━━━━━
  [Forward] 2.73849 ms (±0.115304) | 0.809316 GB/s
  [Backward] 2.7212 ms (±0.115669) | 0.814456 GB/s
  [Viterbi] 2.71783 ms (±0.105942) | 0.818412 GB/s
  [Baum-Welch 10 iter] 730.732 ms (±4.76109) | LL=-3.99961e+08

═══════════════════════════════════════════════════════════════
                       EXPORT RESULTS                          
═══════════════════════════════════════════════════════════════
✓ GPU results saved to results/benchmarks/gpu_nsight_results.csv
✓ GPU results saved to results/benchmarks/gpu_nsight_results.json

╔══════════════════════════════════════════════════════════════╗
║                    PROFILING COMPLETE                        ║
╠══════════════════════════════════════════════════════════════╣
║  Total tests: 88                                           ║
║  CSV output:  results/benchmarks/gpu_nsight_results.csv    ║
║  JSON output: results/benchmarks/gpu_nsight_results.json   ║
╚══════════════════════════════════════════════════════════════╝

Next steps:
  Analyze with Python:
    python analyze_benchmark_results.py --gpu-csv results/benchmarks/gpu_nsight_results.csv

==PROF== Disconnected from process 72020

═══ FULL PROFILING COMPLETE ═══
Timing results: results/benchmarks/gpu_benchmark_results.csv
Nsight reports: results/nsight/

═══ JOB FINISHED ═══
End time: Wed Jan  7 21:02:00 CET 2026
Duration: 153 seconds
