╔══════════════════════════════════════════════════════════════╗
║    HMM GPU PROFILING                                         ║
║    Job ID: 36936
║    Node: turing-2
║    Mode: full
║    Tests: all
╚══════════════════════════════════════════════════════════════╝

Date: Wed Jan  7 20:50:43 CET 2026

═══ GPU Information ═══
name, memory.total [MiB], driver_version, compute_cap
Quadro RTX 6000, 23040 MiB, 580.65.06, 7.5
Quadro RTX 6000, 23040 MiB, 580.65.06, 7.5
Quadro RTX 6000, 23040 MiB, 580.65.06, 7.5

═══ Building Project ═══
-- CPU tests enabled
-- CUDA tests enabled
--   - test_forward_backward_gpu
--   - test_viterbi_gpu
-- Profiling enabled - perf/gprof compatible build
-- 
-- ========================================
-- GPU HMM Regime Detection - Configuration
-- ========================================
-- Build type      : Release
-- C++ compiler    : /usr/bin/c++
-- CUDA support    : ON
-- Tests           : ON
-- Benchmarks      : OFF
-- Profiling       : ON
-- ========================================
-- 
-- Configuring done (0.1s)
-- Generating done (0.4s)
-- Build files have been written to: /user/7/dialloh/gpu_comp_hmm_regime/build
[ 85%] Built target hmm_cuda
[ 92%] Building CUDA object test/CMakeFiles/test_profile_gpu_robust.dir/cuda/test_profile_gpu_robust.cu.o
/user/7/dialloh/gpu_comp_hmm_regime/test/cuda/test_profile_gpu_robust.cu(486): warning #177-D: variable "bw_runs" was declared but never referenced
          int bw_runs = (data.T > 20000) ? 100 : 120;
              ^

Remark: The warnings can be suppressed with "-diag-suppress <warning-number>"

[100%] Linking CXX executable test_profile_gpu_robust
[100%] Built target test_profile_gpu_robust
✓ Build complete

═══ Phase 1: Timing Benchmark ═══

╔══════════════════════════════════════════════════════════╗
║ GPU: Quadro RTX 6000                                     ║
╠══════════════════════════════════════════════════════════╣
║ Compute Capability: 7.5                                     ║
║ Total Memory: 22501  MB                                   ║
║ SM Count: 72                                              ║
║ Max Threads/Block: 1024                                   ║
║ Warp Size: 32                                              ║
╚══════════════════════════════════════════════════════════╝

╔══════════════════════════════════════════════════════════════╗
║         GPU PROFILING - HMM ALGORITHMS (Hassan et al.)       ║
╠══════════════════════════════════════════════════════════════╣
║  Data dir: data/bench                                     ║
║  Output:   results/benchmarks/gpu_benchmark               ║
║  Mode:     all                                            ║
╚══════════════════════════════════════════════════════════════╝

Found 22 datasets:
  - scaling_N_10
  - scaling_N_3
  - scaling_N_5
  - scaling_T_100
  - scaling_T_1000
  - scaling_T_10000
  - scaling_T_100000
  - scaling_T_1000000
  - scaling_T_102400
  - scaling_T_12800
  - scaling_T_1600
  - scaling_T_200
  - scaling_T_204800
  - scaling_T_25600
  - scaling_T_3200
  - scaling_T_400
  - scaling_T_5000
  - scaling_T_50000
  - scaling_T_51200
  - scaling_T_6400
  - scaling_T_800
  - validation_convergence

━━━━━━━━━━━━━━━━━━━━━━━━━━━━━━━━━━━━━━━━━━━━━━━━━━━━━━━━━━━━━━━━
Profiling: scaling_N_10 (T=5000, N=10, K=4)
━━━━━━━━━━━━━━━━━━━━━━━━━━━━━━━━━━━━━━━━━━━━━━━━━━━━━━━━━━━━━━━━
  [Forward] 1.09125 ms (±0.0701977) | 55.2404 GB/s
  [Backward] 0.932754 ms (±0.0387103) | 64.6272 GB/s
  [Viterbi] 0.618655 ms (±0.005329) | 97.4716 GB/s
  [Baum-Welch 10 iter] 403.419 ms (±0.848652) | LL=-9.99904e+08

━━━━━━━━━━━━━━━━━━━━━━━━━━━━━━━━━━━━━━━━━━━━━━━━━━━━━━━━━━━━━━━━
Profiling: scaling_N_3 (T=5000, N=3, K=4)
━━━━━━━━━━━━━━━━━━━━━━━━━━━━━━━━━━━━━━━━━━━━━━━━━━━━━━━━━━━━━━━━
  [Forward] 0.260252 ms (±0.0313456) | 21.2882 GB/s
  [Backward] 0.237577 ms (±0.00221306) | 23.32 GB/s
  [Viterbi] 0.209289 ms (±0.00224186) | 26.5675 GB/s
  [Baum-Welch 10 iter] 122.777 ms (±0.214573) | LL=-24318.8

━━━━━━━━━━━━━━━━━━━━━━━━━━━━━━━━━━━━━━━━━━━━━━━━━━━━━━━━━━━━━━━━
Profiling: scaling_N_5 (T=5000, N=5, K=4)
━━━━━━━━━━━━━━━━━━━━━━━━━━━━━━━━━━━━━━━━━━━━━━━━━━━━━━━━━━━━━━━━
  [Forward] 0.285783 ms (±0.028195) | 53.1191 GB/s
  [Backward] 0.266699 ms (±0.00225677) | 56.92 GB/s
  [Viterbi] 0.216 ms (±0.00218501) | 70.3728 GB/s
  [Baum-Welch 10 iter] 134.89 ms (±0.0719267) | LL=-9.99903e+08

━━━━━━━━━━━━━━━━━━━━━━━━━━━━━━━━━━━━━━━━━━━━━━━━━━━━━━━━━━━━━━━━
Profiling: scaling_T_100 (T=100, N=3, K=4)
━━━━━━━━━━━━━━━━━━━━━━━━━━━━━━━━━━━━━━━━━━━━━━━━━━━━━━━━━━━━━━━━
  [Forward] 0.0765404 ms (±0.00639396) | 1.45152 GB/s
  [Backward] 0.0674069 ms (±0.003408) | 1.6482 GB/s
  [Viterbi] 0.0649678 ms (±0.00134284) | 1.71623 GB/s
  [Baum-Welch 10 iter] 44.2458 ms (±0.188136) | LL=-510.657

━━━━━━━━━━━━━━━━━━━━━━━━━━━━━━━━━━━━━━━━━━━━━━━━━━━━━━━━━━━━━━━━
Profiling: scaling_T_1000 (T=1000, N=3, K=4)
━━━━━━━━━━━━━━━━━━━━━━━━━━━━━━━━━━━━━━━━━━━━━━━━━━━━━━━━━━━━━━━━
  [Forward] 0.108508 ms (±0.00353812) | 10.214 GB/s
  [Backward] 0.106354 ms (±0.00203646) | 10.4209 GB/s
  [Viterbi] 0.0993941 ms (±0.0021899) | 11.1908 GB/s
  [Baum-Welch 10 iter] 63.6103 ms (±0.0545804) | LL=-5007.3
  [Baum-Welch Convergence] 3.18886 ms (11 iters, LL=-5277.97)

━━━━━━━━━━━━━━━━━━━━━━━━━━━━━━━━━━━━━━━━━━━━━━━━━━━━━━━━━━━━━━━━
Profiling: scaling_T_10000 (T=10000, N=3, K=4)
━━━━━━━━━━━━━━━━━━━━━━━━━━━━━━━━━━━━━━━━━━━━━━━━━━━━━━━━━━━━━━━━
  [Forward] 0.368484 ms (±0.00455877) | 30.07 GB/s
  [Backward] 0.365156 ms (±0.00263004) | 30.344 GB/s
  [Viterbi] 0.321513 ms (±0.00263362) | 34.5874 GB/s
  [Baum-Welch 10 iter] 182.794 ms (±0.0769608) | LL=-53160.1
  [Baum-Welch Convergence] 9.14032 ms (11 iters, LL=-56422.6)

━━━━━━━━━━━━━━━━━━━━━━━━━━━━━━━━━━━━━━━━━━━━━━━━━━━━━━━━━━━━━━━━
Profiling: scaling_T_100000 (T=100000, N=3, K=4)
━━━━━━━━━━━━━━━━━━━━━━━━━━━━━━━━━━━━━━━━━━━━━━━━━━━━━━━━━━━━━━━━
  [Forward] 0.454772 ms (±0.105971) | 243.639 GB/s
  [Backward] 0.407103 ms (±0.00764196) | 272.168 GB/s
  [Viterbi] 0.397609 ms (±0.0027627) | 279.672 GB/s
  [Baum-Welch 10 iter] 432.161 ms (±0.469351) | LL=1.09861
  [Baum-Welch Convergence] 4.38326 ms (2 iters, LL=1.09861)

━━━━━━━━━━━━━━━━━━━━━━━━━━━━━━━━━━━━━━━━━━━━━━━━━━━━━━━━━━━━━━━━
Profiling: scaling_T_1000000 (T=1000000, N=3, K=4)
━━━━━━━━━━━━━━━━━━━━━━━━━━━━━━━━━━━━━━━━━━━━━━━━━━━━━━━━━━━━━━━━
  [Forward] 1.77413 ms (±0.00910654) | 624.53 GB/s
  [Backward] 1.77291 ms (±0.00212603) | 624.962 GB/s
  [Viterbi] 1.77254 ms (±0.00222822) | 627.348 GB/s
  [Baum-Welch 10 iter] 2299.89 ms (±0.101481) | LL=1.09861
  [Baum-Welch Convergence] 23.075 ms (2 iters, LL=1.09861)

━━━━━━━━━━━━━━━━━━━━━━━━━━━━━━━━━━━━━━━━━━━━━━━━━━━━━━━━━━━━━━━━
Profiling: scaling_T_102400 (T=102400, N=3, K=4)
━━━━━━━━━━━━━━━━━━━━━━━━━━━━━━━━━━━━━━━━━━━━━━━━━━━━━━━━━━━━━━━━
  [Forward] 0.402658 ms (±0.0106255) | 281.777 GB/s
  [Backward] 0.397146 ms (±0.00418978) | 285.687 GB/s
  [Viterbi] 0.394563 ms (±0.00281296) | 288.596 GB/s
  [Baum-Welch 10 iter] 434.397 ms (±0.32286) | LL=1.09861

━━━━━━━━━━━━━━━━━━━━━━━━━━━━━━━━━━━━━━━━━━━━━━━━━━━━━━━━━━━━━━━━
Profiling: scaling_T_12800 (T=12800, N=3, K=4)
━━━━━━━━━━━━━━━━━━━━━━━━━━━━━━━━━━━━━━━━━━━━━━━━━━━━━━━━━━━━━━━━
  [Forward] 0.430146 ms (±0.00389975) | 32.9718 GB/s
  [Backward] 0.428242 ms (±0.00287173) | 33.1184 GB/s
  [Viterbi] 0.376878 ms (±0.00293174) | 37.7679 GB/s
  [Baum-Welch 10 iter] 274.551 ms (±0.0851526) | LL=-61243.6

━━━━━━━━━━━━━━━━━━━━━━━━━━━━━━━━━━━━━━━━━━━━━━━━━━━━━━━━━━━━━━━━
Profiling: scaling_T_1600 (T=1600, N=3, K=4)
━━━━━━━━━━━━━━━━━━━━━━━━━━━━━━━━━━━━━━━━━━━━━━━━━━━━━━━━━━━━━━━━
  [Forward] 0.139884 ms (±0.00765267) | 12.6755 GB/s
  [Backward] 0.134191 ms (±0.00224974) | 13.2133 GB/s
  [Viterbi] 0.123119 ms (±0.00176995) | 14.4534 GB/s
  [Baum-Welch 10 iter] 74.7052 ms (±0.065182) | LL=-7768.19

━━━━━━━━━━━━━━━━━━━━━━━━━━━━━━━━━━━━━━━━━━━━━━━━━━━━━━━━━━━━━━━━
Profiling: scaling_T_200 (T=200, N=3, K=4)
━━━━━━━━━━━━━━━━━━━━━━━━━━━━━━━━━━━━━━━━━━━━━━━━━━━━━━━━━━━━━━━━
  [Forward] 0.0704088 ms (±0.00346734) | 3.1516 GB/s
  [Backward] 0.0691356 ms (±0.00253793) | 3.20963 GB/s
  [Viterbi] 0.0670063 ms (±0.000691364) | 3.32357 GB/s
  [Baum-Welch 10 iter] 45.5887 ms (±0.0934745) | LL=-811.796

━━━━━━━━━━━━━━━━━━━━━━━━━━━━━━━━━━━━━━━━━━━━━━━━━━━━━━━━━━━━━━━━
Profiling: scaling_T_204800 (T=204800, N=3, K=4)
━━━━━━━━━━━━━━━━━━━━━━━━━━━━━━━━━━━━━━━━━━━━━━━━━━━━━━━━━━━━━━━━
  [Forward] 0.603905 ms (±0.00724487) | 375.752 GB/s
  [Backward] 0.602239 ms (±0.00560822) | 376.792 GB/s
  [Viterbi] 0.601117 ms (±0.00587543) | 378.858 GB/s
  [Baum-Welch 10 iter] 626.519 ms (±0.410676) | LL=1.09861

━━━━━━━━━━━━━━━━━━━━━━━━━━━━━━━━━━━━━━━━━━━━━━━━━━━━━━━━━━━━━━━━
Profiling: scaling_T_25600 (T=25600, N=3, K=4)
━━━━━━━━━━━━━━━━━━━━━━━━━━━━━━━━━━━━━━━━━━━━━━━━━━━━━━━━━━━━━━━━
  [Forward] 0.908777 ms (±0.00576059) | 31.2124 GB/s
  [Backward] 0.905411 ms (±0.00400152) | 31.3284 GB/s
  [Viterbi] 0.827433 ms (±0.0042664) | 34.4046 GB/s
  [Baum-Welch 10 iter] 455.635 ms (±0.789167) | LL=-131035

━━━━━━━━━━━━━━━━━━━━━━━━━━━━━━━━━━━━━━━━━━━━━━━━━━━━━━━━━━━━━━━━
Profiling: scaling_T_3200 (T=3200, N=3, K=4)
━━━━━━━━━━━━━━━━━━━━━━━━━━━━━━━━━━━━━━━━━━━━━━━━━━━━━━━━━━━━━━━━
  [Forward] 0.178538 ms (±0.00311061) | 19.8607 GB/s
  [Backward] 0.17688 ms (±0.00226376) | 20.047 GB/s
  [Viterbi] 0.157077 ms (±0.0017558) | 22.6558 GB/s
  [Baum-Welch 10 iter] 94.916 ms (±0.235912) | LL=-16015.8

━━━━━━━━━━━━━━━━━━━━━━━━━━━━━━━━━━━━━━━━━━━━━━━━━━━━━━━━━━━━━━━━
Profiling: scaling_T_400 (T=400, N=3, K=4)
━━━━━━━━━━━━━━━━━━━━━━━━━━━━━━━━━━━━━━━━━━━━━━━━━━━━━━━━━━━━━━━━
  [Forward] 0.0970295 ms (±0.00805553) | 4.57078 GB/s
  [Backward] 0.0869333 ms (±0.00182876) | 5.10161 GB/s
  [Viterbi] 0.0845672 ms (±0.00238139) | 5.26327 GB/s
  [Baum-Welch 10 iter] 53.7674 ms (±0.0731812) | LL=-1663.22

━━━━━━━━━━━━━━━━━━━━━━━━━━━━━━━━━━━━━━━━━━━━━━━━━━━━━━━━━━━━━━━━
Profiling: scaling_T_5000 (T=5000, N=3, K=4)
━━━━━━━━━━━━━━━━━━━━━━━━━━━━━━━━━━━━━━━━━━━━━━━━━━━━━━━━━━━━━━━━
  [Forward] 0.25718 ms (±0.0270326) | 21.5425 GB/s
  [Backward] 0.238192 ms (±0.00286004) | 23.2598 GB/s
  [Viterbi] 0.2097 ms (±0.00239702) | 26.5155 GB/s
  [Baum-Welch 10 iter] 121.257 ms (±0.130635) | LL=-9.99904e+08

━━━━━━━━━━━━━━━━━━━━━━━━━━━━━━━━━━━━━━━━━━━━━━━━━━━━━━━━━━━━━━━━
Profiling: scaling_T_50000 (T=50000, N=3, K=4)
━━━━━━━━━━━━━━━━━━━━━━━━━━━━━━━━━━━━━━━━━━━━━━━━━━━━━━━━━━━━━━━━
  [Forward] 1.68793 ms (±0.0414982) | 32.8214 GB/s
  [Backward] 1.67671 ms (±0.00384035) | 33.0412 GB/s
  [Viterbi] 1.54871 ms (±0.00398253) | 35.901 GB/s
  [Baum-Welch 10 iter] 800.496 ms (±0.366835) | LL=-216287

━━━━━━━━━━━━━━━━━━━━━━━━━━━━━━━━━━━━━━━━━━━━━━━━━━━━━━━━━━━━━━━━
Profiling: scaling_T_51200 (T=51200, N=3, K=4)
━━━━━━━━━━━━━━━━━━━━━━━━━━━━━━━━━━━━━━━━━━━━━━━━━━━━━━━━━━━━━━━━
  [Forward] 1.70899 ms (±0.00721234) | 33.1949 GB/s
  [Backward] 1.7075 ms (±0.00671665) | 33.224 GB/s
  [Viterbi] 1.57829 ms (±0.0062326) | 36.0738 GB/s
  [Baum-Welch 10 iter] 814.755 ms (±3.53282) | LL=-247857

━━━━━━━━━━━━━━━━━━━━━━━━━━━━━━━━━━━━━━━━━━━━━━━━━━━━━━━━━━━━━━━━
Profiling: scaling_T_6400 (T=6400, N=3, K=4)
━━━━━━━━━━━━━━━━━━━━━━━━━━━━━━━━━━━━━━━━━━━━━━━━━━━━━━━━━━━━━━━━
  [Forward] 0.270017 ms (±0.00340482) | 26.2632 GB/s
  [Backward] 0.268836 ms (±0.00229364) | 26.3785 GB/s
  [Viterbi] 0.23483 ms (±0.00235569) | 30.3075 GB/s
  [Baum-Welch 10 iter] 133.838 ms (±0.0513537) | LL=-1.27988e+09

━━━━━━━━━━━━━━━━━━━━━━━━━━━━━━━━━━━━━━━━━━━━━━━━━━━━━━━━━━━━━━━━
Profiling: scaling_T_800 (T=800, N=3, K=4)
━━━━━━━━━━━━━━━━━━━━━━━━━━━━━━━━━━━━━━━━━━━━━━━━━━━━━━━━━━━━━━━━
  [Forward] 0.102207 ms (±0.00325112) | 8.67553 GB/s
  [Backward] 0.100829 ms (±0.00262706) | 8.79412 GB/s
  [Viterbi] 0.0954169 ms (±0.00234422) | 9.32644 GB/s
  [Baum-Welch 10 iter] 59.9474 ms (±0.137196) | LL=-4112.86

━━━━━━━━━━━━━━━━━━━━━━━━━━━━━━━━━━━━━━━━━━━━━━━━━━━━━━━━━━━━━━━━
Profiling: validation_convergence (T=2000, N=3, K=4)
━━━━━━━━━━━━━━━━━━━━━━━━━━━━━━━━━━━━━━━━━━━━━━━━━━━━━━━━━━━━━━━━
  [Forward] 0.144839 ms (±0.00246039) | 15.3019 GB/s
  [Backward] 0.144345 ms (±0.001773) | 15.3542 GB/s
  [Viterbi] 0.130953 ms (±0.0021038) | 16.9855 GB/s
  [Baum-Welch 10 iter] 78.7396 ms (±0.0549049) | LL=-3.99961e+08
  [Baum-Welch Convergence] 3.95024 ms (11 iters, LL=-3.99961e+08)

═══════════════════════════════════════════════════════════════
                       EXPORT RESULTS                          
═══════════════════════════════════════════════════════════════
✓ GPU results saved to results/benchmarks/gpu_benchmark_results.csv
✓ GPU results saved to results/benchmarks/gpu_benchmark_results.json

╔══════════════════════════════════════════════════════════════╗
║                    PROFILING COMPLETE                        ║
╠══════════════════════════════════════════════════════════════╣
║  Total tests: 93                                           ║
║  CSV output:  results/benchmarks/gpu_benchmark_results.csv ║
║  JSON output: results/benchmarks/gpu_benchmark_results.json║
╚══════════════════════════════════════════════════════════════╝

Next steps:
  Analyze with Python:
    python analyze_benchmark_results.py --gpu-csv results/benchmarks/gpu_benchmark_results.csv


═══ Phase 1 Results ═══
dataset,algo,T,N,K,time_ms,time_std_ms,time_min_ms,time_max_ms,log_likelihood,iterations,bandwidth_GBs,occupancy_pct,gpu_mem_MB,device
scaling_N_10,forward,5000,10,4,1.0913,0.0702,1.0577,1.4893,-28942.443359,1,55.24,0.0,168.88,"Quadro RTX 6000"
scaling_N_10,backward,5000,10,4,0.9328,0.0387,0.9098,1.0867,0.000000,1,64.63,0.0,168.88,"Quadro RTX 6000"
scaling_N_10,viterbi,5000,10,4,0.6187,0.0053,0.6127,0.6594,0.000000,1,97.47,0.0,168.88,"Quadro RTX 6000"
scaling_N_10,baum_welch_200,5000,10,4,403.4190,0.8487,402.5120,405.1292,-999903744.000000,200,60.96,0.0,168.88,"Quadro RTX 6000"
scaling_N_3,forward,5000,3,4,0.2603,0.0313,0.2355,0.3361,-30628.759766,1,21.29,0.0,168.88,"Quadro RTX 6000"
scaling_N_3,backward,5000,3,4,0.2376,0.0022,0.2345,0.2458,0.000000,1,23.32,0.0,168.88,"Quadro RTX 6000"
scaling_N_3,viterbi,5000,3,4,0.2093,0.0022,0.2068,0.2180,0.000000,1,26.57,0.0,168.88,"Quadro RTX 6000"
scaling_N_3,baum_welch_200,5000,3,4,122.7771,0.2146,122.5351,123.2844,-24318.833984,200,19.22,0.0,168.88,"Quadro RTX 6000"
scaling_N_5,forward,5000,5,4,0.2858,0.0282,0.2649,0.3529,-28821.593750,1,53.12,0.0,168.88,"Quadro RTX 6000"
scaling_N_5,backward,5000,5,4,0.2667,0.0023,0.2640,0.2754,0.000000,1,56.92,0.0,168.88,"Quadro RTX 6000"
scaling_N_5,viterbi,5000,5,4,0.2160,0.0022,0.2132,0.2233,0.000000,1,70.37,0.0,168.88,"Quadro RTX 6000"
scaling_N_5,baum_welch_200,5000,5,4,134.8901,0.0719,134.7720,135.0390,-999902912.000000,200,46.80,0.0,168.88,"Quadro RTX 6000"
scaling_T_100,forward,100,3,4,0.0765,0.0064,0.0659,0.0871,-589.553650,1,1.45,0.0,168.88,"Quadro RTX 6000"
scaling_T_100,backward,100,3,4,0.0674,0.0034,0.0641,0.0842,0.000000,1,1.65,0.0,168.88,"Quadro RTX 6000"
scaling_T_100,viterbi,100,3,4,0.0650,0.0013,0.0635,0.0705,0.000000,1,1.72,0.0,168.88,"Quadro RTX 6000"
scaling_T_100,baum_welch_200,100,3,4,44.2458,0.1881,43.9341,44.6216,-510.657318,200,1.07,0.0,168.88,"Quadro RTX 6000"
scaling_T_1000,forward,1000,3,4,0.1085,0.0035,0.1045,0.1259,-5826.281250,1,10.21,0.0,168.88,"Quadro RTX 6000"
scaling_T_1000,backward,1000,3,4,0.1064,0.0020,0.1044,0.1147,0.000000,1,10.42,0.0,168.88,"Quadro RTX 6000"
scaling_T_1000,viterbi,1000,3,4,0.0994,0.0022,0.0970,0.1147,0.000000,1,11.19,0.0,168.88,"Quadro RTX 6000"

═══ Phase 2: Nsight Compute (quick mode) ═══
==PROF== Connected to process 71039 (/user/7/.base/dialloh/home/gpu_comp_hmm_regime/build/test/test_profile_gpu_robust)

╔══════════════════════════════════════════════════════════╗
║ GPU: Quadro RTX 6000                                     ║
╠══════════════════════════════════════════════════════════╣
║ Compute Capability: 7.5                                     ║
║ Total Memory: 22501  MB                                   ║
║ SM Count: 72                                              ║
║ Max Threads/Block: 1024                                   ║
║ Warp Size: 32                                              ║
╚══════════════════════════════════════════════════════════╝

╔══════════════════════════════════════════════════════════════╗
║         GPU PROFILING - HMM ALGORITHMS (Hassan et al.)       ║
╠══════════════════════════════════════════════════════════════╣
║  Data dir: data/bench                                     ║
║  Output:   results/benchmarks/gpu_nsight                  ║
║  Mode:     quick                                          ║
╚══════════════════════════════════════════════════════════════╝

Found 22 datasets:
  - scaling_N_10
  - scaling_N_3
  - scaling_N_5
  - scaling_T_100
  - scaling_T_1000
  - scaling_T_10000
  - scaling_T_100000
  - scaling_T_1000000
  - scaling_T_102400
  - scaling_T_12800
  - scaling_T_1600
  - scaling_T_200
  - scaling_T_204800
  - scaling_T_25600
  - scaling_T_3200
  - scaling_T_400
  - scaling_T_5000
  - scaling_T_50000
  - scaling_T_51200
  - scaling_T_6400
  - scaling_T_800
  - validation_convergence

━━━━━━━━━━━━━━━━━━━━━━━━━━━━━━━━━━━━━━━━━━━━━━━━━━━━━━━━━━━━━━━━
Profiling: scaling_N_10 (T=5000, N=10, K=4)
━━━━━━━━━━━━━━━━━━━━━━━━━━━━━━━━━━━━━━━━━━━━━━━━━━━━━━━━━━━━━━━━
  [Forward] ==ERROR== ERR_NVGPUCTRPERM - The user does not have permission to access NVIDIA GPU Performance Counters on the target device 0. For instructions on enabling permissions and to get more information see https://developer.nvidia.com/ERR_NVGPUCTRPERM
4.10874 ms (±0.721744) | 14.6715 GB/s
  [Backward] 3.99493 ms (±0.439291) | 15.0895 GB/s
  [Viterbi] 3.63847 ms (±0.458815) | 16.5733 GB/s
  [Baum-Welch 10 iter] 2028.14 ms (±102.972) | LL=-9.99904e+08

━━━━━━━━━━━━━━━━━━━━━━━━━━━━━━━━━━━━━━━━━━━━━━━━━━━━━━━━━━━━━━━━
Profiling: scaling_N_3 (T=5000, N=3, K=4)
━━━━━━━━━━━━━━━━━━━━━━━━━━━━━━━━━━━━━━━━━━━━━━━━━━━━━━━━━━━━━━━━
  [Forward] 3.1625 ms (±0.157405) | 1.75188 GB/s
  [Backward] 3.13161 ms (±0.122337) | 1.76916 GB/s
  [Viterbi] 3.13154 ms (±0.142577) | 1.77558 GB/s
  [Baum-Welch 10 iter] 1569.81 ms (±53.507) | LL=-24318.8

━━━━━━━━━━━━━━━━━━━━━━━━━━━━━━━━━━━━━━━━━━━━━━━━━━━━━━━━━━━━━━━━
Profiling: scaling_N_5 (T=5000, N=5, K=4)
━━━━━━━━━━━━━━━━━━━━━━━━━━━━━━━━━━━━━━━━━━━━━━━━━━━━━━━━━━━━━━━━
  [Forward] 3.16767 ms (±0.191642) | 4.79234 GB/s
  [Backward] 3.14076 ms (±0.126052) | 4.8334 GB/s
  [Viterbi] 3.10675 ms (±0.124217) | 4.89274 GB/s
  [Baum-Welch 10 iter] 1609.76 ms (±26.0778) | LL=-9.99903e+08

━━━━━━━━━━━━━━━━━━━━━━━━━━━━━━━━━━━━━━━━━━━━━━━━━━━━━━━━━━━━━━━━
Profiling: scaling_T_100 (T=100, N=3, K=4)
━━━━━━━━━━━━━━━━━━━━━━━━━━━━━━━━━━━━━━━━━━━━━━━━━━━━━━━━━━━━━━━━
  [Forward] 2.03884 ms (±0.300165) | 0.0544917 GB/s
  [Backward] 1.92566 ms (±0.251895) | 0.0576945 GB/s
  [Viterbi] 1.90026 ms (±0.177538) | 0.0586762 GB/s
  [Baum-Welch 10 iter] 1099.17 ms (±13.7906) | LL=-510.657

━━━━━━━━━━━━━━━━━━━━━━━━━━━━━━━━━━━━━━━━━━━━━━━━━━━━━━━━━━━━━━━━
Profiling: scaling_T_1000 (T=1000, N=3, K=4)
━━━━━━━━━━━━━━━━━━━━━━━━━━━━━━━━━━━━━━━━━━━━━━━━━━━━━━━━━━━━━━━━
  [Forward] 2.48783 ms (±0.0988262) | 0.445489 GB/s
  [Backward] 2.50603 ms (±0.10883) | 0.442253 GB/s
  [Viterbi] 2.4881 ms (±0.113274) | 0.447047 GB/s
  [Baum-Welch 10 iter] 1344.51 ms (±28.7735) | LL=-5007.3

━━━━━━━━━━━━━━━━━━━━━━━━━━━━━━━━━━━━━━━━━━━━━━━━━━━━━━━━━━━━━━━━
Profiling: scaling_T_10000 (T=10000, N=3, K=4)
━━━━━━━━━━━━━━━━━━━━━━━━━━━━━━━━━━━━━━━━━━━━━━━━━━━━━━━━━━━━━━━━
  [Forward] 3.34682 ms (±0.248501) | 3.31069 GB/s
  [Backward] 3.37758 ms (±0.264027) | 3.28055 GB/s
  [Viterbi] 3.30735 ms (±0.116236) | 3.3623 GB/s
  [Baum-Welch 10 iter] 1698.52 ms (±14.5008) | LL=-53160.1

━━━━━━━━━━━━━━━━━━━━━━━━━━━━━━━━━━━━━━━━━━━━━━━━━━━━━━━━━━━━━━━━
Profiling: scaling_T_100000 (T=100000, N=3, K=4)
━━━━━━━━━━━━━━━━━━━━━━━━━━━━━━━━━━━━━━━━━━━━━━━━━━━━━━━━━━━━━━━━
  [Forward] 0.544648 ms (±0.101557) | 203.435 GB/s
  [Backward] 0.512142 ms (±0.00875513) | 216.347 GB/s
  [Viterbi] 0.509332 ms (±0.00393059) | 218.326 GB/s
  [Baum-Welch 10 iter] 808.142 ms (±5.10371) | LL=1.09861

━━━━━━━━━━━━━━━━━━━━━━━━━━━━━━━━━━━━━━━━━━━━━━━━━━━━━━━━━━━━━━━━
Profiling: scaling_T_1000000 (T=1000000, N=3, K=4)
━━━━━━━━━━━━━━━━━━━━━━━━━━━━━━━━━━━━━━━━━━━━━━━━━━━━━━━━━━━━━━━━
  [Forward] 1.91831 ms (±0.199261) | 577.591 GB/s
  [Backward] 1.77727 ms (±0.00398493) | 623.427 GB/s
  [Viterbi] 1.77648 ms (±0.00434035) | 625.957 GB/s
  [Baum-Welch 10 iter] 2537.39 ms (±10.6402) | LL=1.09861

━━━━━━━━━━━━━━━━━━━━━━━━━━━━━━━━━━━━━━━━━━━━━━━━━━━━━━━━━━━━━━━━
Profiling: scaling_T_102400 (T=102400, N=3, K=4)
━━━━━━━━━━━━━━━━━━━━━━━━━━━━━━━━━━━━━━━━━━━━━━━━━━━━━━━━━━━━━━━━
  [Forward] 0.481946 ms (±0.008183) | 235.419 GB/s
  [Backward] 0.477962 ms (±0.00402524) | 237.382 GB/s
  [Viterbi] 0.476639 ms (±0.00400291) | 238.9 GB/s
  [Baum-Welch 10 iter] 789.602 ms (±16.0038) | LL=1.09861

━━━━━━━━━━━━━━━━━━━━━━━━━━━━━━━━━━━━━━━━━━━━━━━━━━━━━━━━━━━━━━━━
Profiling: scaling_T_12800 (T=12800, N=3, K=4)
━━━━━━━━━━━━━━━━━━━━━━━━━━━━━━━━━━━━━━━━━━━━━━━━━━━━━━━━━━━━━━━━
  [Forward] 3.3505 ms (±0.296594) | 4.23301 GB/s
  [Backward] 3.2867 ms (±0.118988) | 4.31518 GB/s
  [Viterbi] 3.30185 ms (±0.112693) | 4.31089 GB/s
  [Baum-Welch 10 iter] 1832.06 ms (±54.0908) | LL=-61243.6

━━━━━━━━━━━━━━━━━━━━━━━━━━━━━━━━━━━━━━━━━━━━━━━━━━━━━━━━━━━━━━━━
Profiling: scaling_T_1600 (T=1600, N=3, K=4)
━━━━━━━━━━━━━━━━━━━━━━━━━━━━━━━━━━━━━━━━━━━━━━━━━━━━━━━━━━━━━━━━
  [Forward] 2.73096 ms (±0.131965) | 0.649258 GB/s
  [Backward] 2.77146 ms (±0.125798) | 0.639771 GB/s
  [Viterbi] 2.74789 ms (±0.205005) | 0.647589 GB/s
  [Baum-Welch 10 iter] 1445.01 ms (±49.1458) | LL=-7768.19

━━━━━━━━━━━━━━━━━━━━━━━━━━━━━━━━━━━━━━━━━━━━━━━━━━━━━━━━━━━━━━━━
Profiling: scaling_T_200 (T=200, N=3, K=4)
━━━━━━━━━━━━━━━━━━━━━━━━━━━━━━━━━━━━━━━━━━━━━━━━━━━━━━━━━━━━━━━━
  [Forward] 1.98817 ms (±0.292606) | 0.11161 GB/s
  [Backward] 1.99861 ms (±0.186342) | 0.111027 GB/s
  [Viterbi] 2.05019 ms (±0.0998045) | 0.108624 GB/s
  [Baum-Welch 10 iter] 1177.89 ms (±17.4196) | LL=-811.796

━━━━━━━━━━━━━━━━━━━━━━━━━━━━━━━━━━━━━━━━━━━━━━━━━━━━━━━━━━━━━━━━
Profiling: scaling_T_204800 (T=204800, N=3, K=4)
━━━━━━━━━━━━━━━━━━━━━━━━━━━━━━━━━━━━━━━━━━━━━━━━━━━━━━━━━━━━━━━━
  [Forward] 0.630686 ms (±0.0123267) | 359.797 GB/s
  [Backward] 0.626507 ms (±0.00349781) | 362.196 GB/s
  [Viterbi] 0.626563 ms (±0.0029563) | 363.472 GB/s
  [Baum-Welch 10 iter] 902.843 ms (±4.13722) | LL=1.09861

━━━━━━━━━━━━━━━━━━━━━━━━━━━━━━━━━━━━━━━━━━━━━━━━━━━━━━━━━━━━━━━━
Profiling: scaling_T_25600 (T=25600, N=3, K=4)
━━━━━━━━━━━━━━━━━━━━━━━━━━━━━━━━━━━━━━━━━━━━━━━━━━━━━━━━━━━━━━━━
  [Forward] 3.81581 ms (±0.343651) | 7.43357 GB/s
  [Backward] 3.9856 ms (±0.430991) | 7.11689 GB/s
  [Viterbi] 3.95284 ms (±0.442652) | 7.20179 GB/s
  [Baum-Welch 10 iter] 2096.1 ms (±49.4315) | LL=-131035

━━━━━━━━━━━━━━━━━━━━━━━━━━━━━━━━━━━━━━━━━━━━━━━━━━━━━━━━━━━━━━━━
Profiling: scaling_T_3200 (T=3200, N=3, K=4)
━━━━━━━━━━━━━━━━━━━━━━━━━━━━━━━━━━━━━━━━━━━━━━━━━━━━━━━━━━━━━━━━
  [Forward] 2.923 ms (±0.105754) | 1.2131 GB/s
  [Backward] 2.90754 ms (±0.095906) | 1.21955 GB/s
  [Viterbi] 2.97557 ms (±0.267809) | 1.19597 GB/s
  [Baum-Welch 10 iter] 1508.9 ms (±32.7246) | LL=-16015.8

━━━━━━━━━━━━━━━━━━━━━━━━━━━━━━━━━━━━━━━━━━━━━━━━━━━━━━━━━━━━━━━━
Profiling: scaling_T_400 (T=400, N=3, K=4)
━━━━━━━━━━━━━━━━━━━━━━━━━━━━━━━━━━━━━━━━━━━━━━━━━━━━━━━━━━━━━━━━
  [Forward] 2.28534 ms (±0.103881) | 0.194063 GB/s
  [Backward] 2.41018 ms (±0.307868) | 0.184011 GB/s
  [Viterbi] 2.26661 ms (±0.0948698) | 0.196372 GB/s
  [Baum-Welch 10 iter] 1286.42 ms (±23.1768) | LL=-1663.22

━━━━━━━━━━━━━━━━━━━━━━━━━━━━━━━━━━━━━━━━━━━━━━━━━━━━━━━━━━━━━━━━
Profiling: scaling_T_5000 (T=5000, N=3, K=4)
━━━━━━━━━━━━━━━━━━━━━━━━━━━━━━━━━━━━━━━━━━━━━━━━━━━━━━━━━━━━━━━━
  [Forward] 3.12947 ms (±0.14726) | 1.77036 GB/s
  [Backward] 3.24717 ms (±0.335091) | 1.70619 GB/s
  [Viterbi] 3.17464 ms (±0.263291) | 1.75147 GB/s
  [Baum-Welch 10 iter] 1622.07 ms (±24.8693) | LL=-9.99904e+08

━━━━━━━━━━━━━━━━━━━━━━━━━━━━━━━━━━━━━━━━━━━━━━━━━━━━━━━━━━━━━━━━
Profiling: scaling_T_50000 (T=50000, N=3, K=4)
━━━━━━━━━━━━━━━━━━━━━━━━━━━━━━━━━━━━━━━━━━━━━━━━━━━━━━━━━━━━━━━━
  [Forward] 5.86231 ms (±0.821645) | 9.45026 GB/s
  [Backward] 5.96703 ms (±0.810824) | 9.2844 GB/s
  [Viterbi] 5.84558 ms (±0.86477) | 9.51151 GB/s
  [Baum-Welch 10 iter] ==PROF== Trying to shutdown target application
