╔══════════════════════════════════════════════════════════════╗
║    HMM GPU PROFILING                                         ║
║    Job ID: 37076
║    Node: turing-2
║    Mode: full
║    Tests: all
╚══════════════════════════════════════════════════════════════╝

Date: Fri Jan  9 11:34:46 CET 2026

═══ GPU Information ═══
name, memory.total [MiB], driver_version, compute_cap
Quadro RTX 6000, 23040 MiB, 580.65.06, 7.5
Quadro RTX 6000, 23040 MiB, 580.65.06, 7.5
Quadro RTX 6000, 23040 MiB, 580.65.06, 7.5

═══ Building Project ═══
-- CPU tests enabled
-- CUDA tests enabled
--   - test_forward_backward_gpu
--   - test_viterbi_gpu
-- Profiling enabled - perf/gprof compatible build
-- 
-- ========================================
-- GPU HMM Regime Detection - Configuration
-- ========================================
-- Build type      : Release
-- C++ compiler    : /usr/bin/c++
-- CUDA support    : ON
-- Tests           : ON
-- Benchmarks      : OFF
-- Profiling       : ON
-- ========================================
-- 
-- Configuring done (0.1s)
-- Generating done (0.5s)
-- Build files have been written to: /user/7/dialloh/gpu_comp_hmm_regime/build
[ 50%] Built target hmm_cpu
[ 64%] Built target hmm_kernels
[ 85%] Built target hmm_cuda
[100%] Built target test_profile_gpu_robust
✓ Build complete

═══ Phase 1: Timing Benchmark ═══

╔══════════════════════════════════════════════════════════╗
║ GPU: Quadro RTX 6000                                     ║
╠══════════════════════════════════════════════════════════╣
║ Compute Capability: 7.5                                     ║
║ Total Memory: 22501  MB                                   ║
║ SM Count: 72                                              ║
║ Max Threads/Block: 1024                                   ║
║ Warp Size: 32                                              ║
╚══════════════════════════════════════════════════════════╝

╔══════════════════════════════════════════════════════════════╗
║         GPU PROFILING - HMM ALGORITHMS (Hassan et al.)       ║
╠══════════════════════════════════════════════════════════════╣
║  Data dir: data/bench                                     ║
║  Output:   results/benchmarks/gpu_benchmark               ║
║  Mode:     all                                            ║
╚══════════════════════════════════════════════════════════════╝

Found 101 datasets:
  - scaling_T_100
  - scaling_T_100100
  - scaling_T_10100
  - scaling_T_1100
  - scaling_T_11100
  - scaling_T_12100
  - scaling_T_13100
  - scaling_T_14100
  - scaling_T_15100
  - scaling_T_16100
  - scaling_T_17100
  - scaling_T_18100
  - scaling_T_19100
  - scaling_T_20100
  - scaling_T_2100
  - scaling_T_21100
  - scaling_T_22100
  - scaling_T_23100
  - scaling_T_24100
  - scaling_T_25100
  - scaling_T_26100
  - scaling_T_27100
  - scaling_T_28100
  - scaling_T_29100
  - scaling_T_30100
  - scaling_T_3100
  - scaling_T_31100
  - scaling_T_32100
  - scaling_T_33100
  - scaling_T_34100
  - scaling_T_35100
  - scaling_T_36100
  - scaling_T_37100
  - scaling_T_38100
  - scaling_T_39100
  - scaling_T_40100
  - scaling_T_4100
  - scaling_T_41100
  - scaling_T_42100
  - scaling_T_43100
  - scaling_T_44100
  - scaling_T_45100
  - scaling_T_46100
  - scaling_T_47100
  - scaling_T_48100
  - scaling_T_49100
  - scaling_T_50100
  - scaling_T_5100
  - scaling_T_51100
  - scaling_T_52100
  - scaling_T_53100
  - scaling_T_54100
  - scaling_T_55100
  - scaling_T_56100
  - scaling_T_57100
  - scaling_T_58100
  - scaling_T_59100
  - scaling_T_60100
  - scaling_T_6100
  - scaling_T_61100
  - scaling_T_62100
  - scaling_T_63100
  - scaling_T_64100
  - scaling_T_65100
  - scaling_T_66100
  - scaling_T_67100
  - scaling_T_68100
  - scaling_T_69100
  - scaling_T_70100
  - scaling_T_7100
  - scaling_T_71100
  - scaling_T_72100
  - scaling_T_73100
  - scaling_T_74100
  - scaling_T_75100
  - scaling_T_76100
  - scaling_T_77100
  - scaling_T_78100
  - scaling_T_79100
  - scaling_T_80100
  - scaling_T_8100
  - scaling_T_81100
  - scaling_T_82100
  - scaling_T_83100
  - scaling_T_84100
  - scaling_T_85100
  - scaling_T_86100
  - scaling_T_87100
  - scaling_T_88100
  - scaling_T_89100
  - scaling_T_90100
  - scaling_T_9100
  - scaling_T_91100
  - scaling_T_92100
  - scaling_T_93100
  - scaling_T_94100
  - scaling_T_95100
  - scaling_T_96100
  - scaling_T_97100
  - scaling_T_98100
  - scaling_T_99100

━━━━━━━━━━━━━━━━━━━━━━━━━━━━━━━━━━━━━━━━━━━━━━━━━━━━━━━━━━━━━━━━
Profiling: scaling_T_100 (T=100, N=2, K=2)
━━━━━━━━━━━━━━━━━━━━━━━━━━━━━━━━━━━━━━━━━━━━━━━━━━━━━━━━━━━━━━━━
  [Forward] 0.117136 ms (±0.0257478) | 0.424121 GB/s
  [Backward] 0.075871 ms (±0.00445759) | 0.654795 GB/s
  [Viterbi] 0.0692995 ms (±0.00219222) | 0.72266 GB/s
  [Baum-Welch 10 iter] 2.29318 ms (±0.0226714) | LL=-267.905

━━━━━━━━━━━━━━━━━━━━━━━━━━━━━━━━━━━━━━━━━━━━━━━━━━━━━━━━━━━━━━━━
Profiling: scaling_T_100100 (T=100100, N=2, K=2)
━━━━━━━━━━━━━━━━━━━━━━━━━━━━━━━━━━━━━━━━━━━━━━━━━━━━━━━━━━━━━━━━
  [Forward] 0.421466 ms (±0.118286) | 117.802 GB/s
  [Backward] 0.361037 ms (±0.00419122) | 137.52 GB/s
  [Viterbi] 0.36136 ms (±0.00333906) | 138.505 GB/s
  [Baum-Welch 10 iter] 3.57536 ms (±0.141377) | LL=0.693147

━━━━━━━━━━━━━━━━━━━━━━━━━━━━━━━━━━━━━━━━━━━━━━━━━━━━━━━━━━━━━━━━
Profiling: scaling_T_10100 (T=10100, N=2, K=2)
━━━━━━━━━━━━━━━━━━━━━━━━━━━━━━━━━━━━━━━━━━━━━━━━━━━━━━━━━━━━━━━━
  [Forward] 0.379474 ms (±0.0159412) | 13.2016 GB/s
  [Backward] 0.371336 ms (±0.00245429) | 13.491 GB/s
  [Viterbi] 0.333227 ms (±0.00259607) | 15.1551 GB/s
  [Baum-Welch 10 iter] 8.96214 ms (±0.0194449) | LL=-26207.3

━━━━━━━━━━━━━━━━━━━━━━━━━━━━━━━━━━━━━━━━━━━━━━━━━━━━━━━━━━━━━━━━
Profiling: scaling_T_1100 (T=1100, N=2, K=2)
━━━━━━━━━━━━━━━━━━━━━━━━━━━━━━━━━━━━━━━━━━━━━━━━━━━━━━━━━━━━━━━━
  [Forward] 0.152413 ms (±0.0244725) | 3.58026 GB/s
  [Backward] 0.112481 ms (±0.0019153) | 4.85131 GB/s
  [Viterbi] 0.109398 ms (±0.00276015) | 5.02823 GB/s
  [Baum-Welch 10 iter] 3.19469 ms (±0.0305842) | LL=-2644.81

━━━━━━━━━━━━━━━━━━━━━━━━━━━━━━━━━━━━━━━━━━━━━━━━━━━━━━━━━━━━━━━━
Profiling: scaling_T_11100 (T=11100, N=2, K=2)
━━━━━━━━━━━━━━━━━━━━━━━━━━━━━━━━━━━━━━━━━━━━━━━━━━━━━━━━━━━━━━━━
  [Forward] 0.39998 ms (±0.00484196) | 13.7649 GB/s
  [Backward] 0.39758 ms (±0.00280583) | 13.848 GB/s
  [Viterbi] 0.356019 ms (±0.00260806) | 15.5893 GB/s
  [Baum-Welch 10 iter] 9.52927 ms (±0.0216126) | LL=-28639.5

━━━━━━━━━━━━━━━━━━━━━━━━━━━━━━━━━━━━━━━━━━━━━━━━━━━━━━━━━━━━━━━━
Profiling: scaling_T_12100 (T=12100, N=2, K=2)
━━━━━━━━━━━━━━━━━━━━━━━━━━━━━━━━━━━━━━━━━━━━━━━━━━━━━━━━━━━━━━━━
  [Forward] 0.429478 ms (±0.0102367) | 13.9743 GB/s
  [Backward] 0.423946 ms (±0.00255255) | 14.1567 GB/s
  [Viterbi] 0.378148 ms (±0.0026866) | 15.9992 GB/s
  [Baum-Welch 10 iter] 10.1907 ms (±0.0247539) | LL=-30712.3

━━━━━━━━━━━━━━━━━━━━━━━━━━━━━━━━━━━━━━━━━━━━━━━━━━━━━━━━━━━━━━━━
Profiling: scaling_T_13100 (T=13100, N=2, K=2)
━━━━━━━━━━━━━━━━━━━━━━━━━━━━━━━━━━━━━━━━━━━━━━━━━━━━━━━━━━━━━━━━
  [Forward] 0.466673 ms (±0.0252572) | 13.9234 GB/s
  [Backward] 0.451092 ms (±0.00310722) | 14.4043 GB/s
  [Viterbi] 0.400733 ms (±0.00289264) | 16.3453 GB/s
  [Baum-Welch 10 iter] 10.7727 ms (±0.030087) | LL=-29988.2

━━━━━━━━━━━━━━━━━━━━━━━━━━━━━━━━━━━━━━━━━━━━━━━━━━━━━━━━━━━━━━━━
Profiling: scaling_T_14100 (T=14100, N=2, K=2)
━━━━━━━━━━━━━━━━━━━━━━━━━━━━━━━━━━━━━━━━━━━━━━━━━━━━━━━━━━━━━━━━
  [Forward] 0.490204 ms (±0.0239272) | 14.2669 GB/s
  [Backward] 0.476604 ms (±0.00314611) | 14.674 GB/s
  [Viterbi] 0.421412 ms (±0.00300597) | 16.7297 GB/s
  [Baum-Welch 10 iter] 11.361 ms (±0.0222406) | LL=-39439.5

━━━━━━━━━━━━━━━━━━━━━━━━━━━━━━━━━━━━━━━━━━━━━━━━━━━━━━━━━━━━━━━━
Profiling: scaling_T_15100 (T=15100, N=2, K=2)
━━━━━━━━━━━━━━━━━━━━━━━━━━━━━━━━━━━━━━━━━━━━━━━━━━━━━━━━━━━━━━━━
  [Forward] 0.516727 ms (±0.0255672) | 14.4945 GB/s
  [Backward] 0.503022 ms (±0.00296189) | 14.8894 GB/s
  [Viterbi] 0.445091 ms (±0.00312822) | 16.963 GB/s
  [Baum-Welch 10 iter] 11.8894 ms (±0.0678425) | LL=-41924.4

━━━━━━━━━━━━━━━━━━━━━━━━━━━━━━━━━━━━━━━━━━━━━━━━━━━━━━━━━━━━━━━━
Profiling: scaling_T_16100 (T=16100, N=2, K=2)
━━━━━━━━━━━━━━━━━━━━━━━━━━━━━━━━━━━━━━━━━━━━━━━━━━━━━━━━━━━━━━━━
  [Forward] 0.539802 ms (±0.0234988) | 14.7937 GB/s
  [Backward] 0.528902 ms (±0.00325148) | 15.0986 GB/s
  [Viterbi] 0.465567 ms (±0.00359355) | 17.2909 GB/s
  [Baum-Welch 10 iter] 12.5357 ms (±0.0262636) | LL=-41764.2

━━━━━━━━━━━━━━━━━━━━━━━━━━━━━━━━━━━━━━━━━━━━━━━━━━━━━━━━━━━━━━━━
Profiling: scaling_T_17100 (T=17100, N=2, K=2)
━━━━━━━━━━━━━━━━━━━━━━━━━━━━━━━━━━━━━━━━━━━━━━━━━━━━━━━━━━━━━━━━
  [Forward] 0.598375 ms (±0.0292861) | 14.1745 GB/s
  [Backward] 0.585373 ms (±0.00331919) | 14.4893 GB/s
  [Viterbi] 0.518324 ms (±0.00385421) | 16.4956 GB/s
  [Baum-Welch 10 iter] 13.7167 ms (±0.0260407) | LL=-48524

━━━━━━━━━━━━━━━━━━━━━━━━━━━━━━━━━━━━━━━━━━━━━━━━━━━━━━━━━━━━━━━━
Profiling: scaling_T_18100 (T=18100, N=2, K=2)
━━━━━━━━━━━━━━━━━━━━━━━━━━━━━━━━━━━━━━━━━━━━━━━━━━━━━━━━━━━━━━━━
  [Forward] 0.615566 ms (±0.00682573) | 14.5844 GB/s
  [Backward] 0.615007 ms (±0.00408591) | 14.5977 GB/s
  [Viterbi] 0.54222 ms (±0.00393907) | 16.6908 GB/s
  [Baum-Welch 10 iter] 14.3187 ms (±0.0339707) | LL=-51320.7

━━━━━━━━━━━━━━━━━━━━━━━━━━━━━━━━━━━━━━━━━━━━━━━━━━━━━━━━━━━━━━━━
Profiling: scaling_T_19100 (T=19100, N=2, K=2)
━━━━━━━━━━━━━━━━━━━━━━━━━━━━━━━━━━━━━━━━━━━━━━━━━━━━━━━━━━━━━━━━
  [Forward] 0.652768 ms (±0.0260049) | 14.5131 GB/s
  [Backward] 0.640377 ms (±0.00406045) | 14.7939 GB/s
  [Viterbi] 0.56455 ms (±0.00451642) | 16.9163 GB/s
  [Baum-Welch 10 iter] 14.9734 ms (±0.0315741) | LL=-52746.9

━━━━━━━━━━━━━━━━━━━━━━━━━━━━━━━━━━━━━━━━━━━━━━━━━━━━━━━━━━━━━━━━
Profiling: scaling_T_20100 (T=20100, N=2, K=2)
━━━━━━━━━━━━━━━━━━━━━━━━━━━━━━━━━━━━━━━━━━━━━━━━━━━━━━━━━━━━━━━━
  [Forward] 0.670085 ms (±0.00789318) | 14.8782 GB/s
  [Backward] 0.667628 ms (±0.00386372) | 14.933 GB/s
  [Viterbi] 0.587377 ms (±0.0035239) | 17.1101 GB/s
  [Baum-Welch 10 iter] 18.8241 ms (±0.0678759) | LL=-56889.1

━━━━━━━━━━━━━━━━━━━━━━━━━━━━━━━━━━━━━━━━━━━━━━━━━━━━━━━━━━━━━━━━
Profiling: scaling_T_2100 (T=2100, N=2, K=2)
━━━━━━━━━━━━━━━━━━━━━━━━━━━━━━━━━━━━━━━━━━━━━━━━━━━━━━━━━━━━━━━━
  [Forward] 0.157094 ms (±0.0135723) | 6.63094 GB/s
  [Backward] 0.14082 ms (±0.000927246) | 7.39727 GB/s
  [Viterbi] 0.135538 ms (±0.00267301) | 7.74752 GB/s
  [Baum-Welch 10 iter] 3.80925 ms (±0.0279793) | LL=-5949.95

━━━━━━━━━━━━━━━━━━━━━━━━━━━━━━━━━━━━━━━━━━━━━━━━━━━━━━━━━━━━━━━━
Profiling: scaling_T_21100 (T=21100, N=2, K=2)
━━━━━━━━━━━━━━━━━━━━━━━━━━━━━━━━━━━━━━━━━━━━━━━━━━━━━━━━━━━━━━━━
  [Forward] 0.710277 ms (±0.0308083) | 14.7346 GB/s
  [Backward] 0.697909 ms (±0.00435291) | 14.9958 GB/s
  [Viterbi] 0.612799 ms (±0.00460695) | 17.2162 GB/s
  [Baum-Welch 10 iter] 19.3684 ms (±0.0388243) | LL=-51093.9

━━━━━━━━━━━━━━━━━━━━━━━━━━━━━━━━━━━━━━━━━━━━━━━━━━━━━━━━━━━━━━━━
Profiling: scaling_T_22100 (T=22100, N=2, K=2)
━━━━━━━━━━━━━━━━━━━━━━━━━━━━━━━━━━━━━━━━━━━━━━━━━━━━━━━━━━━━━━━━
  [Forward] 0.736219 ms (±0.0300428) | 14.8892 GB/s
  [Backward] 0.724724 ms (±0.00454743) | 15.1253 GB/s
  [Viterbi] 0.634246 ms (±0.00402091) | 17.4224 GB/s
  [Baum-Welch 10 iter] 20.0237 ms (±0.0343135) | LL=-58421.6

━━━━━━━━━━━━━━━━━━━━━━━━━━━━━━━━━━━━━━━━━━━━━━━━━━━━━━━━━━━━━━━━
Profiling: scaling_T_23100 (T=23100, N=2, K=2)
━━━━━━━━━━━━━━━━━━━━━━━━━━━━━━━━━━━━━━━━━━━━━━━━━━━━━━━━━━━━━━━━
  [Forward] 0.760882 ms (±0.022176) | 15.0584 GB/s
  [Backward] 0.753996 ms (±0.00530045) | 15.1959 GB/s
  [Viterbi] 0.658785 ms (±0.00404813) | 17.5324 GB/s
  [Baum-Welch 10 iter] 18.557 ms (±0.0361766) | LL=-46324.4

━━━━━━━━━━━━━━━━━━━━━━━━━━━━━━━━━━━━━━━━━━━━━━━━━━━━━━━━━━━━━━━━
Profiling: scaling_T_24100 (T=24100, N=2, K=2)
━━━━━━━━━━━━━━━━━━━━━━━━━━━━━━━━━━━━━━━━━━━━━━━━━━━━━━━━━━━━━━━━
  [Forward] 0.79115 ms (±0.0271228) | 15.1092 GB/s
  [Backward] 0.780562 ms (±0.0044573) | 15.3142 GB/s
  [Viterbi] 0.680378 ms (±0.00397824) | 17.7109 GB/s
  [Baum-Welch 10 iter] 21.2462 ms (±0.0612635) | LL=-68370

━━━━━━━━━━━━━━━━━━━━━━━━━━━━━━━━━━━━━━━━━━━━━━━━━━━━━━━━━━━━━━━━
Profiling: scaling_T_25100 (T=25100, N=2, K=2)
━━━━━━━━━━━━━━━━━━━━━━━━━━━━━━━━━━━━━━━━━━━━━━━━━━━━━━━━━━━━━━━━
  [Forward] 0.818904 ms (±0.0277326) | 15.2029 GB/s
  [Backward] 0.809041 ms (±0.0055464) | 15.3882 GB/s
  [Viterbi] 0.704941 ms (±0.004426) | 17.803 GB/s
  [Baum-Welch 10 iter] 21.8689 ms (±0.0628416) | LL=-66650.8

━━━━━━━━━━━━━━━━━━━━━━━━━━━━━━━━━━━━━━━━━━━━━━━━━━━━━━━━━━━━━━━━
Profiling: scaling_T_26100 (T=26100, N=2, K=2)
━━━━━━━━━━━━━━━━━━━━━━━━━━━━━━━━━━━━━━━━━━━━━━━━━━━━━━━━━━━━━━━━
  [Forward] 0.842775 ms (±0.0245526) | 15.3608 GB/s
  [Backward] 0.834918 ms (±0.00600227) | 15.5053 GB/s
  [Viterbi] 0.726652 ms (±0.00445321) | 17.9592 GB/s
  [Baum-Welch 10 iter] 22.4076 ms (±0.043911) | LL=-66299

━━━━━━━━━━━━━━━━━━━━━━━━━━━━━━━━━━━━━━━━━━━━━━━━━━━━━━━━━━━━━━━━
Profiling: scaling_T_27100 (T=27100, N=2, K=2)
━━━━━━━━━━━━━━━━━━━━━━━━━━━━━━━━━━━━━━━━━━━━━━━━━━━━━━━━━━━━━━━━
  [Forward] 0.871721 ms (±0.0293784) | 15.4197 GB/s
  [Backward] 0.86142 ms (±0.00623071) | 15.6041 GB/s
  [Viterbi] 0.748482 ms (±0.00474988) | 18.1034 GB/s
  [Baum-Welch 10 iter] 23.0642 ms (±0.0298806) | LL=-72860.7

━━━━━━━━━━━━━━━━━━━━━━━━━━━━━━━━━━━━━━━━━━━━━━━━━━━━━━━━━━━━━━━━
Profiling: scaling_T_28100 (T=28100, N=2, K=2)
━━━━━━━━━━━━━━━━━━━━━━━━━━━━━━━━━━━━━━━━━━━━━━━━━━━━━━━━━━━━━━━━
  [Forward] 0.898727 ms (±0.0257295) | 15.5082 GB/s
  [Backward] 0.890447 ms (±0.00569799) | 15.6525 GB/s
  [Viterbi] 0.774329 ms (±0.00525281) | 18.1449 GB/s
  [Baum-Welch 10 iter] 23.6963 ms (±0.0805641) | LL=-79644

━━━━━━━━━━━━━━━━━━━━━━━━━━━━━━━━━━━━━━━━━━━━━━━━━━━━━━━━━━━━━━━━
Profiling: scaling_T_29100 (T=29100, N=2, K=2)
━━━━━━━━━━━━━━━━━━━━━━━━━━━━━━━━━━━━━━━━━━━━━━━━━━━━━━━━━━━━━━━━
  [Forward] 1.08181 ms (±0.0377146) | 13.3422 GB/s
  [Backward] 1.06587 ms (±0.00688765) | 13.5417 GB/s
  [Viterbi] 0.943148 ms (±0.00536583) | 15.4271 GB/s
  [Baum-Welch 10 iter] 22.9616 ms (±0.0997464) | LL=-82309.7

━━━━━━━━━━━━━━━━━━━━━━━━━━━━━━━━━━━━━━━━━━━━━━━━━━━━━━━━━━━━━━━━
Profiling: scaling_T_30100 (T=30100, N=2, K=2)
━━━━━━━━━━━━━━━━━━━━━━━━━━━━━━━━━━━━━━━━━━━━━━━━━━━━━━━━━━━━━━━━
  [Forward] 1.1218 ms (±0.0664888) | 13.3087 GB/s
  [Backward] 1.10081 ms (±0.00773805) | 13.5625 GB/s
  [Viterbi] 0.974238 ms (±0.00604372) | 15.448 GB/s
  [Baum-Welch 10 iter] 23.5541 ms (±0.0337465) | LL=-84786

━━━━━━━━━━━━━━━━━━━━━━━━━━━━━━━━━━━━━━━━━━━━━━━━━━━━━━━━━━━━━━━━
Profiling: scaling_T_3100 (T=3100, N=2, K=2)
━━━━━━━━━━━━━━━━━━━━━━━━━━━━━━━━━━━━━━━━━━━━━━━━━━━━━━━━━━━━━━━━
  [Forward] 0.199002 ms (±0.0266673) | 7.72696 GB/s
  [Backward] 0.166391 ms (±0.00261883) | 9.24135 GB/s
  [Viterbi] 0.156385 ms (±0.00229755) | 9.91195 GB/s
  [Baum-Welch 10 iter] 4.38239 ms (±0.0422374) | LL=-6486.8

━━━━━━━━━━━━━━━━━━━━━━━━━━━━━━━━━━━━━━━━━━━━━━━━━━━━━━━━━━━━━━━━
Profiling: scaling_T_31100 (T=31100, N=2, K=2)
━━━━━━━━━━━━━━━━━━━━━━━━━━━━━━━━━━━━━━━━━━━━━━━━━━━━━━━━━━━━━━━━
  [Forward] 1.14922 ms (±0.0690899) | 13.4227 GB/s
  [Backward] 1.12739 ms (±0.00827864) | 13.6827 GB/s
  [Viterbi] 0.992263 ms (±0.00590835) | 15.6713 GB/s
  [Baum-Welch 10 iter] 24.1844 ms (±0.0396615) | LL=-70436.4

━━━━━━━━━━━━━━━━━━━━━━━━━━━━━━━━━━━━━━━━━━━━━━━━━━━━━━━━━━━━━━━━
Profiling: scaling_T_32100 (T=32100, N=2, K=2)
━━━━━━━━━━━━━━━━━━━━━━━━━━━━━━━━━━━━━━━━━━━━━━━━━━━━━━━━━━━━━━━━
  [Forward] 1.17442 ms (±0.0646167) | 13.557 GB/s
  [Backward] 1.15411 ms (±0.00828015) | 13.7956 GB/s
  [Viterbi] 1.01864 ms (±0.00716701) | 15.7564 GB/s
  [Baum-Welch 10 iter] 24.771 ms (±0.0423928) | LL=-76323

━━━━━━━━━━━━━━━━━━━━━━━━━━━━━━━━━━━━━━━━━━━━━━━━━━━━━━━━━━━━━━━━
Profiling: scaling_T_33100 (T=33100, N=2, K=2)
━━━━━━━━━━━━━━━━━━━━━━━━━━━━━━━━━━━━━━━━━━━━━━━━━━━━━━━━━━━━━━━━
  [Forward] 1.24147 ms (±0.0668217) | 13.2244 GB/s
  [Backward] 1.22233 ms (±0.00902336) | 13.4314 GB/s
  [Viterbi] 1.08071 ms (±0.00664205) | 15.3141 GB/s
  [Baum-Welch 10 iter] 26.2535 ms (±0.0444347) | LL=-92406.9

━━━━━━━━━━━━━━━━━━━━━━━━━━━━━━━━━━━━━━━━━━━━━━━━━━━━━━━━━━━━━━━━
Profiling: scaling_T_34100 (T=34100, N=2, K=2)
━━━━━━━━━━━━━━━━━━━━━━━━━━━━━━━━━━━━━━━━━━━━━━━━━━━━━━━━━━━━━━━━
  [Forward] 1.27408 ms (±0.0630657) | 13.2752 GB/s
  [Backward] 1.25454 ms (±0.00760634) | 13.482 GB/s
  [Viterbi] 1.10632 ms (±0.00688094) | 15.4115 GB/s
  [Baum-Welch 10 iter] 8.08233 ms (±0.0246367) | LL=-96274.6

━━━━━━━━━━━━━━━━━━━━━━━━━━━━━━━━━━━━━━━━━━━━━━━━━━━━━━━━━━━━━━━━
Profiling: scaling_T_35100 (T=35100, N=2, K=2)
━━━━━━━━━━━━━━━━━━━━━━━━━━━━━━━━━━━━━━━━━━━━━━━━━━━━━━━━━━━━━━━━
  [Forward] 1.2914 ms (±0.049035) | 13.4813 GB/s
  [Backward] 1.27942 ms (±0.00839615) | 13.6075 GB/s
  [Viterbi] 1.12966 ms (±0.00823372) | 15.5358 GB/s
  [Baum-Welch 10 iter] 27.5492 ms (±0.0393739) | LL=-99377.5

━━━━━━━━━━━━━━━━━━━━━━━━━━━━━━━━━━━━━━━━━━━━━━━━━━━━━━━━━━━━━━━━
Profiling: scaling_T_36100 (T=36100, N=2, K=2)
━━━━━━━━━━━━━━━━━━━━━━━━━━━━━━━━━━━━━━━━━━━━━━━━━━━━━━━━━━━━━━━━
  [Forward] 1.31584 ms (±0.0302052) | 13.6078 GB/s
  [Backward] 1.30828 ms (±0.00969234) | 13.6864 GB/s
  [Viterbi] 1.15291 ms (±0.00711008) | 15.656 GB/s
  [Baum-Welch 10 iter] 28.1706 ms (±0.0512362) | LL=-102445

━━━━━━━━━━━━━━━━━━━━━━━━━━━━━━━━━━━━━━━━━━━━━━━━━━━━━━━━━━━━━━━━
Profiling: scaling_T_37100 (T=37100, N=2, K=2)
━━━━━━━━━━━━━━━━━━━━━━━━━━━━━━━━━━━━━━━━━━━━━━━━━━━━━━━━━━━━━━━━
  [Forward] 1.35909 ms (±0.0752574) | 13.5397 GB/s
  [Backward] 1.33779 ms (±0.00904942) | 13.7553 GB/s
  [Viterbi] 1.17714 ms (±0.00772985) | 15.7586 GB/s
  [Baum-Welch 10 iter] 28.7904 ms (±0.0503808) | LL=-105054

━━━━━━━━━━━━━━━━━━━━━━━━━━━━━━━━━━━━━━━━━━━━━━━━━━━━━━━━━━━━━━━━
Profiling: scaling_T_38100 (T=38100, N=2, K=2)
━━━━━━━━━━━━━━━━━━━━━━━━━━━━━━━━━━━━━━━━━━━━━━━━━━━━━━━━━━━━━━━━
  [Forward] 1.38701 ms (±0.063064) | 13.6247 GB/s
  [Backward] 1.37072 ms (±0.0106529) | 13.7867 GB/s
  [Viterbi] 1.20155 ms (±0.0079656) | 15.8546 GB/s
  [Baum-Welch 10 iter] 32.3107 ms (±0.0900122) | LL=-108117

━━━━━━━━━━━━━━━━━━━━━━━━━━━━━━━━━━━━━━━━━━━━━━━━━━━━━━━━━━━━━━━━
Profiling: scaling_T_39100 (T=39100, N=2, K=2)
━━━━━━━━━━━━━━━━━━━━━━━━━━━━━━━━━━━━━━━━━━━━━━━━━━━━━━━━━━━━━━━━
  [Forward] 1.41876 ms (±0.0713691) | 13.6695 GB/s
  [Backward] 1.39548 ms (±0.0124657) | 13.8975 GB/s
  [Viterbi] 1.22693 ms (±0.00862288) | 15.9341 GB/s
  [Baum-Welch 10 iter] 33.118 ms (±0.0472307) | LL=-110834

━━━━━━━━━━━━━━━━━━━━━━━━━━━━━━━━━━━━━━━━━━━━━━━━━━━━━━━━━━━━━━━━
Profiling: scaling_T_40100 (T=40100, N=2, K=2)
━━━━━━━━━━━━━━━━━━━━━━━━━━━━━━━━━━━━━━━━━━━━━━━━━━━━━━━━━━━━━━━━
  [Forward] 1.44172 ms (±0.070404) | 13.7958 GB/s
  [Backward] 1.41979 ms (±0.0085711) | 14.0088 GB/s
  [Viterbi] 1.24692 ms (±0.00762403) | 16.0797 GB/s
  [Baum-Welch 10 iter] 33.6876 ms (±0.053306) | LL=-88988.1

━━━━━━━━━━━━━━━━━━━━━━━━━━━━━━━━━━━━━━━━━━━━━━━━━━━━━━━━━━━━━━━━
Profiling: scaling_T_4100 (T=4100, N=2, K=2)
━━━━━━━━━━━━━━━━━━━━━━━━━━━━━━━━━━━━━━━━━━━━━━━━━━━━━━━━━━━━━━━━
  [Forward] 0.235835 ms (±0.0341983) | 8.62331 GB/s
  [Backward] 0.207013 ms (±0.00218122) | 9.82393 GB/s
  [Viterbi] 0.192555 ms (±0.00255302) | 10.6467 GB/s
  [Baum-Welch 10 iter] 5.2431 ms (±0.0260513) | LL=-10764.2

━━━━━━━━━━━━━━━━━━━━━━━━━━━━━━━━━━━━━━━━━━━━━━━━━━━━━━━━━━━━━━━━
Profiling: scaling_T_41100 (T=41100, N=2, K=2)
━━━━━━━━━━━━━━━━━━━━━━━━━━━━━━━━━━━━━━━━━━━━━━━━━━━━━━━━━━━━━━━━
  [Forward] 1.47063 ms (±0.0624096) | 13.8618 GB/s
  [Backward] 1.45329 ms (±0.0110194) | 14.0273 GB/s
  [Viterbi] 1.27386 ms (±0.00818462) | 16.1322 GB/s
  [Baum-Welch 10 iter] 34.2874 ms (±0.0494194) | LL=-114469

━━━━━━━━━━━━━━━━━━━━━━━━━━━━━━━━━━━━━━━━━━━━━━━━━━━━━━━━━━━━━━━━
Profiling: scaling_T_42100 (T=42100, N=2, K=2)
━━━━━━━━━━━━━━━━━━━━━━━━━━━━━━━━━━━━━━━━━━━━━━━━━━━━━━━━━━━━━━━━
  [Forward] 1.49695 ms (±0.0570707) | 13.9495 GB/s
  [Backward] 1.48265 ms (±0.011258) | 14.084 GB/s
  [Viterbi] 1.29674 ms (±0.00914826) | 16.233 GB/s
  [Baum-Welch 10 iter] 34.878 ms (±0.0520308) | LL=-116369

━━━━━━━━━━━━━━━━━━━━━━━━━━━━━━━━━━━━━━━━━━━━━━━━━━━━━━━━━━━━━━━━
Profiling: scaling_T_43100 (T=43100, N=2, K=2)
━━━━━━━━━━━━━━━━━━━━━━━━━━━━━━━━━━━━━━━━━━━━━━━━━━━━━━━━━━━━━━━━
  [Forward] 1.51363 ms (±0.0192545) | 14.1235 GB/s
  [Backward] 1.51102 ms (±0.010952) | 14.1478 GB/s
  [Viterbi] 1.32122 ms (±0.00980068) | 16.3107 GB/s
  [Baum-Welch 10 iter] 35.5941 ms (±0.104984) | LL=-122311

━━━━━━━━━━━━━━━━━━━━━━━━━━━━━━━━━━━━━━━━━━━━━━━━━━━━━━━━━━━━━━━━
Profiling: scaling_T_44100 (T=44100, N=2, K=2)
━━━━━━━━━━━━━━━━━━━━━━━━━━━━━━━━━━━━━━━━━━━━━━━━━━━━━━━━━━━━━━━━
  [Forward] 1.55645 ms (±0.0537152) | 14.0536 GB/s
  [Backward] 1.54405 ms (±0.0110095) | 14.1664 GB/s
  [Viterbi] 1.34476 ms (±0.00940995) | 16.397 GB/s
  [Baum-Welch 10 iter] 36.2688 ms (±0.0591425) | LL=-125121

━━━━━━━━━━━━━━━━━━━━━━━━━━━━━━━━━━━━━━━━━━━━━━━━━━━━━━━━━━━━━━━━
Profiling: scaling_T_45100 (T=45100, N=2, K=2)
━━━━━━━━━━━━━━━━━━━━━━━━━━━━━━━━━━━━━━━━━━━━━━━━━━━━━━━━━━━━━━━━
  [Forward] 1.58536 ms (±0.0690842) | 14.1101 GB/s
  [Backward] 1.57596 ms (±0.0146113) | 14.1943 GB/s
  [Viterbi] 1.37594 ms (±0.0121837) | 16.3889 GB/s
  [Baum-Welch 10 iter] 36.7532 ms (±0.0786889) | LL=-127058

━━━━━━━━━━━━━━━━━━━━━━━━━━━━━━━━━━━━━━━━━━━━━━━━━━━━━━━━━━━━━━━━
Profiling: scaling_T_46100 (T=46100, N=2, K=2)
━━━━━━━━━━━━━━━━━━━━━━━━━━━━━━━━━━━━━━━━━━━━━━━━━━━━━━━━━━━━━━━━
  [Forward] 1.60809 ms (±0.0603564) | 14.2192 GB/s
  [Backward] 1.59298 ms (±0.0108644) | 14.3541 GB/s
  [Viterbi] 1.3903 ms (±0.0090376) | 16.5792 GB/s
  [Baum-Welch 10 iter] 37.3981 ms (±0.0482018) | LL=-114803

━━━━━━━━━━━━━━━━━━━━━━━━━━━━━━━━━━━━━━━━━━━━━━━━━━━━━━━━━━━━━━━━
Profiling: scaling_T_47100 (T=47100, N=2, K=2)
━━━━━━━━━━━━━━━━━━━━━━━━━━━━━━━━━━━━━━━━━━━━━━━━━━━━━━━━━━━━━━━━
  [Forward] 1.63038 ms (±0.054743) | 14.329 GB/s
  [Backward] 1.61516 ms (±0.0108567) | 14.464 GB/s
  [Viterbi] 1.4112 ms (±0.00932477) | 16.6879 GB/s
  [Baum-Welch 10 iter] 38.0124 ms (±0.0568151) | LL=-89010.6

━━━━━━━━━━━━━━━━━━━━━━━━━━━━━━━━━━━━━━━━━━━━━━━━━━━━━━━━━━━━━━━━
Profiling: scaling_T_48100 (T=48100, N=2, K=2)
━━━━━━━━━━━━━━━━━━━━━━━━━━━━━━━━━━━━━━━━━━━━━━━━━━━━━━━━━━━━━━━━
  [Forward] 1.6504 ms (±0.0216439) | 14.4557 GB/s
  [Backward] 1.64554 ms (±0.00978974) | 14.4984 GB/s
  [Viterbi] 1.43513 ms (±0.00914637) | 16.7581 GB/s
  [Baum-Welch 10 iter] 38.659 ms (±0.0774266) | LL=-108479

━━━━━━━━━━━━━━━━━━━━━━━━━━━━━━━━━━━━━━━━━━━━━━━━━━━━━━━━━━━━━━━━
Profiling: scaling_T_49100 (T=49100, N=2, K=2)
━━━━━━━━━━━━━━━━━━━━━━━━━━━━━━━━━━━━━━━━━━━━━━━━━━━━━━━━━━━━━━━━
  [Forward] 1.69032 ms (±0.0680112) | 14.4077 GB/s
  [Backward] 1.67389 ms (±0.0105049) | 14.5491 GB/s
  [Viterbi] 1.45779 ms (±0.010372) | 16.8406 GB/s
  [Baum-Welch 10 iter] 39.3531 ms (±0.0502052) | LL=-139232

━━━━━━━━━━━━━━━━━━━━━━━━━━━━━━━━━━━━━━━━━━━━━━━━━━━━━━━━━━━━━━━━
Profiling: scaling_T_50100 (T=50100, N=2, K=2)
━━━━━━━━━━━━━━━━━━━━━━━━━━━━━━━━━━━━━━━━━━━━━━━━━━━━━━━━━━━━━━━━
  [Forward] 1.72536 ms (±0.0597636) | 14.4026 GB/s
  [Backward] 1.70802 ms (±0.0130792) | 14.5488 GB/s
  [Viterbi] 1.48814 ms (±0.0113843) | 16.8332 GB/s
  [Baum-Welch 10 iter] 39.9198 ms (±0.0525754) | LL=-139817

━━━━━━━━━━━━━━━━━━━━━━━━━━━━━━━━━━━━━━━━━━━━━━━━━━━━━━━━━━━━━━━━
Profiling: scaling_T_5100 (T=5100, N=2, K=2)
━━━━━━━━━━━━━━━━━━━━━━━━━━━━━━━━━━━━━━━━━━━━━━━━━━━━━━━━━━━━━━━━
  [Forward] 0.258266 ms (±0.0295797) | 9.79488 GB/s
  [Backward] 0.232097 ms (±0.00287344) | 10.8992 GB/s
  [Viterbi] 0.213747 ms (±0.00200302) | 11.9304 GB/s
  [Baum-Welch 10 iter] 5.83214 ms (±0.0335975) | LL=-14462.5

━━━━━━━━━━━━━━━━━━━━━━━━━━━━━━━━━━━━━━━━━━━━━━━━━━━━━━━━━━━━━━━━
Profiling: scaling_T_51100 (T=51100, N=2, K=2)
━━━━━━━━━━━━━━━━━━━━━━━━━━━━━━━━━━━━━━━━━━━━━━━━━━━━━━━━━━━━━━━━
  [Forward] 1.7533 ms (±0.0715249) | 14.456 GB/s
  [Backward] 1.73465 ms (±0.0117527) | 14.6114 GB/s
  [Viterbi] 1.50801 ms (±0.0103104) | 16.9429 GB/s
  [Baum-Welch 10 iter] 40.7047 ms (±0.0959668) | LL=-144299

━━━━━━━━━━━━━━━━━━━━━━━━━━━━━━━━━━━━━━━━━━━━━━━━━━━━━━━━━━━━━━━━
Profiling: scaling_T_52100 (T=52100, N=2, K=2)
━━━━━━━━━━━━━━━━━━━━━━━━━━━━━━━━━━━━━━━━━━━━━━━━━━━━━━━━━━━━━━━━
  [Forward] 1.77736 ms (±0.0545048) | 14.5394 GB/s
  [Backward] 1.76548 ms (±0.0140257) | 14.6372 GB/s
  [Viterbi] 1.53251 ms (±0.00931062) | 16.9983 GB/s
  [Baum-Welch 10 iter] 41.2542 ms (±0.0931679) | LL=-147276

━━━━━━━━━━━━━━━━━━━━━━━━━━━━━━━━━━━━━━━━━━━━━━━━━━━━━━━━━━━━━━━━
Profiling: scaling_T_53100 (T=53100, N=2, K=2)
━━━━━━━━━━━━━━━━━━━━━━━━━━━━━━━━━━━━━━━━━━━━━━━━━━━━━━━━━━━━━━━━
  [Forward] 1.80517 ms (±0.0563808) | 14.5902 GB/s
  [Backward] 1.79545 ms (±0.0143548) | 14.6691 GB/s
  [Viterbi] 1.55941 ms (±0.0100451) | 17.0258 GB/s
  [Baum-Welch 10 iter] 41.9275 ms (±0.26185) | LL=-129519

━━━━━━━━━━━━━━━━━━━━━━━━━━━━━━━━━━━━━━━━━━━━━━━━━━━━━━━━━━━━━━━━
Profiling: scaling_T_54100 (T=54100, N=2, K=2)
━━━━━━━━━━━━━━━━━━━━━━━━━━━━━━━━━━━━━━━━━━━━━━━━━━━━━━━━━━━━━━━━
  [Forward] 1.84384 ms (±0.0685395) | 14.5532 GB/s
  [Backward] 1.82978 ms (±0.0126369) | 14.665 GB/s
  [Viterbi] 1.58678 ms (±0.0107249) | 17.0472 GB/s
  [Baum-Welch 10 iter] 42.5897 ms (±0.0863309) | LL=-143611

━━━━━━━━━━━━━━━━━━━━━━━━━━━━━━━━━━━━━━━━━━━━━━━━━━━━━━━━━━━━━━━━
Profiling: scaling_T_55100 (T=55100, N=2, K=2)
━━━━━━━━━━━━━━━━━━━━━━━━━━━━━━━━━━━━━━━━━━━━━━━━━━━━━━━━━━━━━━━━
  [Forward] 1.86224 ms (±0.0621197) | 14.6757 GB/s
  [Backward] 1.85173 ms (±0.0111796) | 14.759 GB/s
  [Viterbi] 1.60599 ms (±0.0115373) | 17.1545 GB/s
  [Baum-Welch 10 iter] 43.2175 ms (±0.0647558) | LL=-156357

━━━━━━━━━━━━━━━━━━━━━━━━━━━━━━━━━━━━━━━━━━━━━━━━━━━━━━━━━━━━━━━━
Profiling: scaling_T_56100 (T=56100, N=2, K=2)
━━━━━━━━━━━━━━━━━━━━━━━━━━━━━━━━━━━━━━━━━━━━━━━━━━━━━━━━━━━━━━━━
  [Forward] 1.87911 ms (±0.0221513) | 14.8079 GB/s
  [Backward] 1.88201 ms (±0.0132032) | 14.7851 GB/s
  [Viterbi] 1.62911 ms (±0.0101107) | 17.2181 GB/s
  [Baum-Welch 10 iter] 43.886 ms (±0.0691172) | LL=-158255

━━━━━━━━━━━━━━━━━━━━━━━━━━━━━━━━━━━━━━━━━━━━━━━━━━━━━━━━━━━━━━━━
Profiling: scaling_T_57100 (T=57100, N=2, K=2)
━━━━━━━━━━━━━━━━━━━━━━━━━━━━━━━━━━━━━━━━━━━━━━━━━━━━━━━━━━━━━━━━
  [Forward] 1.91998 ms (±0.0633595) | 14.7511 GB/s
  [Backward] 1.91364 ms (±0.0122451) | 14.7999 GB/s
  [Viterbi] 1.65811 ms (±0.0118122) | 17.2184 GB/s
  [Baum-Welch 10 iter] 44.431 ms (±0.0730435) | LL=-161482

━━━━━━━━━━━━━━━━━━━━━━━━━━━━━━━━━━━━━━━━━━━━━━━━━━━━━━━━━━━━━━━━
Profiling: scaling_T_58100 (T=58100, N=2, K=2)
━━━━━━━━━━━━━━━━━━━━━━━━━━━━━━━━━━━━━━━━━━━━━━━━━━━━━━━━━━━━━━━━
  [Forward] 1.9525 ms (±0.062578) | 14.7593 GB/s
  [Backward] 1.93833 ms (±0.0145714) | 14.8672 GB/s
  [Viterbi] 1.67697 ms (±0.0104256) | 17.323 GB/s
  [Baum-Welch 10 iter] 45.1169 ms (±0.0698871) | LL=-164765

━━━━━━━━━━━━━━━━━━━━━━━━━━━━━━━━━━━━━━━━━━━━━━━━━━━━━━━━━━━━━━━━
Profiling: scaling_T_59100 (T=59100, N=2, K=2)
━━━━━━━━━━━━━━━━━━━━━━━━━━━━━━━━━━━━━━━━━━━━━━━━━━━━━━━━━━━━━━━━
  [Forward] 1.98639 ms (±0.0596518) | 14.7572 GB/s
  [Backward] 1.96734 ms (±0.0134612) | 14.9001 GB/s
  [Viterbi] 1.706 ms (±0.0100743) | 17.3213 GB/s
  [Baum-Welch 10 iter] 45.7908 ms (±0.0688228) | LL=-140668

━━━━━━━━━━━━━━━━━━━━━━━━━━━━━━━━━━━━━━━━━━━━━━━━━━━━━━━━━━━━━━━━
Profiling: scaling_T_60100 (T=60100, N=2, K=2)
━━━━━━━━━━━━━━━━━━━━━━━━━━━━━━━━━━━━━━━━━━━━━━━━━━━━━━━━━━━━━━━━
  [Forward] 2.00947 ms (±0.0549841) | 14.8346 GB/s
  [Backward] 2.00215 ms (±0.01303) | 14.8888 GB/s
  [Viterbi] 1.72944 ms (±0.0111462) | 17.3756 GB/s
  [Baum-Welch 10 iter] 46.5019 ms (±0.0805359) | LL=-148376

━━━━━━━━━━━━━━━━━━━━━━━━━━━━━━━━━━━━━━━━━━━━━━━━━━━━━━━━━━━━━━━━
Profiling: scaling_T_6100 (T=6100, N=2, K=2)
━━━━━━━━━━━━━━━━━━━━━━━━━━━━━━━━━━━━━━━━━━━━━━━━━━━━━━━━━━━━━━━━
  [Forward] 0.277673 ms (±0.022516) | 10.8966 GB/s
  [Backward] 0.258926 ms (±0.00341028) | 11.6855 GB/s
  [Viterbi] 0.236284 ms (±0.00387519) | 12.9085 GB/s
  [Baum-Welch 10 iter] 6.38839 ms (±0.0250304) | LL=-17251.1

━━━━━━━━━━━━━━━━━━━━━━━━━━━━━━━━━━━━━━━━━━━━━━━━━━━━━━━━━━━━━━━━
Profiling: scaling_T_61100 (T=61100, N=2, K=2)
━━━━━━━━━━━━━━━━━━━━━━━━━━━━━━━━━━━━━━━━━━━━━━━━━━━━━━━━━━━━━━━━
  [Forward] 2.03717 ms (±0.0302179) | 14.8764 GB/s
  [Backward] 2.03624 ms (±0.0156674) | 14.8831 GB/s
  [Viterbi] 1.75876 ms (±0.0126345) | 17.3702 GB/s
  [Baum-Welch 10 iter] 47.0613 ms (±0.0650441) | LL=-173274

━━━━━━━━━━━━━━━━━━━━━━━━━━━━━━━━━━━━━━━━━━━━━━━━━━━━━━━━━━━━━━━━
Profiling: scaling_T_62100 (T=62100, N=2, K=2)
━━━━━━━━━━━━━━━━━━━━━━━━━━━━━━━━━━━━━━━━━━━━━━━━━━━━━━━━━━━━━━━━
  [Forward] 2.06502 ms (±0.0486973) | 14.9159 GB/s
  [Backward] 2.0562 ms (±0.0135738) | 14.9799 GB/s
  [Viterbi] 1.77569 ms (±0.0111808) | 17.4862 GB/s
  [Baum-Welch 10 iter] 47.842 ms (±0.0681023) | LL=-160147

━━━━━━━━━━━━━━━━━━━━━━━━━━━━━━━━━━━━━━━━━━━━━━━━━━━━━━━━━━━━━━━━
Profiling: scaling_T_63100 (T=63100, N=2, K=2)
━━━━━━━━━━━━━━━━━━━━━━━━━━━━━━━━━━━━━━━━━━━━━━━━━━━━━━━━━━━━━━━━
  [Forward] 2.09625 ms (±0.0542706) | 14.9303 GB/s
  [Backward] 2.091 ms (±0.014936) | 14.9678 GB/s
  [Viterbi] 1.805 ms (±0.0132932) | 17.4793 GB/s
  [Baum-Welch 10 iter] 48.5184 ms (±0.176612) | LL=-178262

━━━━━━━━━━━━━━━━━━━━━━━━━━━━━━━━━━━━━━━━━━━━━━━━━━━━━━━━━━━━━━━━
Profiling: scaling_T_64100 (T=64100, N=2, K=2)
━━━━━━━━━━━━━━━━━━━━━━━━━━━━━━━━━━━━━━━━━━━━━━━━━━━━━━━━━━━━━━━━
  [Forward] 2.12771 ms (±0.0543163) | 14.9427 GB/s
  [Backward] 2.11434 ms (±0.0160741) | 15.0372 GB/s
  [Viterbi] 1.82784 ms (±0.011144) | 17.5344 GB/s
  [Baum-Welch 10 iter] 44.1636 ms (±0.0777823) | LL=-181853

━━━━━━━━━━━━━━━━━━━━━━━━━━━━━━━━━━━━━━━━━━━━━━━━━━━━━━━━━━━━━━━━
Profiling: scaling_T_65100 (T=65100, N=2, K=2)
━━━━━━━━━━━━━━━━━━━━━━━━━━━━━━━━━━━━━━━━━━━━━━━━━━━━━━━━━━━━━━━━
  [Forward] 2.15489 ms (±0.0548335) | 14.9844 GB/s
  [Backward] 2.13776 ms (±0.0153295) | 15.1044 GB/s
  [Viterbi] 1.85255 ms (±0.0121948) | 17.5704 GB/s
  [Baum-Welch 10 iter] 49.8199 ms (±0.150044) | LL=-177024

━━━━━━━━━━━━━━━━━━━━━━━━━━━━━━━━━━━━━━━━━━━━━━━━━━━━━━━━━━━━━━━━
Profiling: scaling_T_66100 (T=66100, N=2, K=2)
━━━━━━━━━━━━━━━━━━━━━━━━━━━━━━━━━━━━━━━━━━━━━━━━━━━━━━━━━━━━━━━━
  [Forward] 0.399679 ms (±0.125989) | 82.03 GB/s
  [Backward] 0.340125 ms (±0.00300649) | 96.393 GB/s
  [Viterbi] 0.339677 ms (±0.00260576) | 97.2984 GB/s
  [Baum-Welch 10 iter] 2.63086 ms (±0.0297603) | LL=0.693147

━━━━━━━━━━━━━━━━━━━━━━━━━━━━━━━━━━━━━━━━━━━━━━━━━━━━━━━━━━━━━━━━
Profiling: scaling_T_67100 (T=67100, N=2, K=2)
━━━━━━━━━━━━━━━━━━━━━━━━━━━━━━━━━━━━━━━━━━━━━━━━━━━━━━━━━━━━━━━━
  [Forward] 0.401792 ms (±0.118689) | 82.8331 GB/s
  [Backward] 0.339904 ms (±0.00334125) | 97.9148 GB/s
  [Viterbi] 0.344069 ms (±0.00714818) | 97.5096 GB/s
  [Baum-Welch 10 iter] 2.6387 ms (±0.0154388) | LL=0.693147

━━━━━━━━━━━━━━━━━━━━━━━━━━━━━━━━━━━━━━━━━━━━━━━━━━━━━━━━━━━━━━━━
Profiling: scaling_T_68100 (T=68100, N=2, K=2)
━━━━━━━━━━━━━━━━━━━━━━━━━━━━━━━━━━━━━━━━━━━━━━━━━━━━━━━━━━━━━━━━
  [Forward] 0.402916 ms (±0.118813) | 83.833 GB/s
  [Backward] 0.340877 ms (±0.00316748) | 99.0905 GB/s
  [Viterbi] 0.340412 ms (±0.00289735) | 100.026 GB/s
  [Baum-Welch 10 iter] 2.6491 ms (±0.00625566) | LL=0.693147

━━━━━━━━━━━━━━━━━━━━━━━━━━━━━━━━━━━━━━━━━━━━━━━━━━━━━━━━━━━━━━━━
Profiling: scaling_T_69100 (T=69100, N=2, K=2)
━━━━━━━━━━━━━━━━━━━━━━━━━━━━━━━━━━━━━━━━━━━━━━━━━━━━━━━━━━━━━━━━
  [Forward] 0.388954 ms (±0.0989359) | 88.1175 GB/s
  [Backward] 0.341902 ms (±0.00463711) | 100.244 GB/s
  [Viterbi] 0.341948 ms (±0.003248) | 101.039 GB/s
  [Baum-Welch 10 iter] 2.66695 ms (±0.00705771) | LL=0.693147

━━━━━━━━━━━━━━━━━━━━━━━━━━━━━━━━━━━━━━━━━━━━━━━━━━━━━━━━━━━━━━━━
Profiling: scaling_T_70100 (T=70100, N=2, K=2)
━━━━━━━━━━━━━━━━━━━━━━━━━━━━━━━━━━━━━━━━━━━━━━━━━━━━━━━━━━━━━━━━
  [Forward] 0.407054 ms (±0.12449) | 85.4178 GB/s
  [Backward] 0.342035 ms (±0.00422728) | 101.655 GB/s
  [Viterbi] 0.34233 ms (±0.00326461) | 102.387 GB/s
  [Baum-Welch 10 iter] 2.66286 ms (±0.00913227) | LL=0.693147

━━━━━━━━━━━━━━━━━━━━━━━━━━━━━━━━━━━━━━━━━━━━━━━━━━━━━━━━━━━━━━━━
Profiling: scaling_T_7100 (T=7100, N=2, K=2)
━━━━━━━━━━━━━━━━━━━━━━━━━━━━━━━━━━━━━━━━━━━━━━━━━━━━━━━━━━━━━━━━
  [Forward] 0.306673 ms (±0.0286352) | 11.4835 GB/s
  [Backward] 0.2841 ms (±0.00315054) | 12.3959 GB/s
  [Viterbi] 0.257207 ms (±0.00245387) | 13.8024 GB/s
  [Baum-Welch 10 iter] 6.97808 ms (±0.0240554) | LL=-18425.5

━━━━━━━━━━━━━━━━━━━━━━━━━━━━━━━━━━━━━━━━━━━━━━━━━━━━━━━━━━━━━━━━
Profiling: scaling_T_71100 (T=71100, N=2, K=2)
━━━━━━━━━━━━━━━━━━━━━━━━━━━━━━━━━━━━━━━━━━━━━━━━━━━━━━━━━━━━━━━━
  [Forward] 0.405064 ms (±0.118806) | 87.0621 GB/s
  [Backward] 0.340372 ms (±0.00300108) | 103.609 GB/s
  [Viterbi] 0.340094 ms (±0.00261542) | 104.53 GB/s
  [Baum-Welch 10 iter] 2.68316 ms (±0.00765033) | LL=0.693147

━━━━━━━━━━━━━━━━━━━━━━━━━━━━━━━━━━━━━━━━━━━━━━━━━━━━━━━━━━━━━━━━
Profiling: scaling_T_72100 (T=72100, N=2, K=2)
━━━━━━━━━━━━━━━━━━━━━━━━━━━━━━━━━━━━━━━━━━━━━━━━━━━━━━━━━━━━━━━━
  [Forward] 0.403683 ms (±0.128515) | 88.5886 GB/s
  [Backward] 0.340636 ms (±0.00467048) | 104.985 GB/s
  [Viterbi] 0.339033 ms (±0.00314633) | 106.332 GB/s
  [Baum-Welch 10 iter] 2.68931 ms (±0.00721799) | LL=0.693147

━━━━━━━━━━━━━━━━━━━━━━━━━━━━━━━━━━━━━━━━━━━━━━━━━━━━━━━━━━━━━━━━
Profiling: scaling_T_73100 (T=73100, N=2, K=2)
━━━━━━━━━━━━━━━━━━━━━━━━━━━━━━━━━━━━━━━━━━━━━━━━━━━━━━━━━━━━━━━━
  [Forward] 0.418764 ms (±0.160499) | 86.5827 GB/s
  [Backward] 0.340163 ms (±0.00457761) | 106.589 GB/s
  [Viterbi] 0.33927 ms (±0.00278185) | 107.732 GB/s
  [Baum-Welch 10 iter] 2.70999 ms (±0.0076336) | LL=0.693147

━━━━━━━━━━━━━━━━━━━━━━━━━━━━━━━━━━━━━━━━━━━━━━━━━━━━━━━━━━━━━━━━
Profiling: scaling_T_74100 (T=74100, N=2, K=2)
━━━━━━━━━━━━━━━━━━━━━━━━━━━━━━━━━━━━━━━━━━━━━━━━━━━━━━━━━━━━━━━━
  [Forward] 0.41435 ms (±0.140119) | 88.702 GB/s
  [Backward] 0.340959 ms (±0.00395856) | 107.795 GB/s
  [Viterbi] 0.34011 ms (±0.00258464) | 108.935 GB/s
  [Baum-Welch 10 iter] 2.71448 ms (±0.0170688) | LL=0.693147

━━━━━━━━━━━━━━━━━━━━━━━━━━━━━━━━━━━━━━━━━━━━━━━━━━━━━━━━━━━━━━━━
Profiling: scaling_T_75100 (T=75100, N=2, K=2)
━━━━━━━━━━━━━━━━━━━━━━━━━━━━━━━━━━━━━━━━━━━━━━━━━━━━━━━━━━━━━━━━
  [Forward] 0.407648 ms (±0.134934) | 91.377 GB/s
  [Backward] 0.339811 ms (±0.00320226) | 109.619 GB/s
  [Viterbi] 0.339842 ms (±0.00263014) | 110.493 GB/s
  [Baum-Welch 10 iter] 2.72087 ms (±0.00924472) | LL=0.693147

━━━━━━━━━━━━━━━━━━━━━━━━━━━━━━━━━━━━━━━━━━━━━━━━━━━━━━━━━━━━━━━━
Profiling: scaling_T_76100 (T=76100, N=2, K=2)
━━━━━━━━━━━━━━━━━━━━━━━━━━━━━━━━━━━━━━━━━━━━━━━━━━━━━━━━━━━━━━━━
  [Forward] 0.401971 ms (±0.125072) | 93.9015 GB/s
  [Backward] 0.340337 ms (±0.0030199) | 110.907 GB/s
  [Viterbi] 0.339734 ms (±0.00282963) | 112 GB/s
  [Baum-Welch 10 iter] 2.73805 ms (±0.00853014) | LL=0.693147

━━━━━━━━━━━━━━━━━━━━━━━━━━━━━━━━━━━━━━━━━━━━━━━━━━━━━━━━━━━━━━━━
Profiling: scaling_T_77100 (T=77100, N=2, K=2)
━━━━━━━━━━━━━━━━━━━━━━━━━━━━━━━━━━━━━━━━━━━━━━━━━━━━━━━━━━━━━━━━
  [Forward] 0.418359 ms (±0.147839) | 91.4088 GB/s
  [Backward] 0.340458 ms (±0.00276037) | 112.324 GB/s
  [Viterbi] 0.341083 ms (±0.00374009) | 113.023 GB/s
  [Baum-Welch 10 iter] 2.75265 ms (±0.00542797) | LL=0.693147

━━━━━━━━━━━━━━━━━━━━━━━━━━━━━━━━━━━━━━━━━━━━━━━━━━━━━━━━━━━━━━━━
Profiling: scaling_T_78100 (T=78100, N=2, K=2)
━━━━━━━━━━━━━━━━━━━━━━━━━━━━━━━━━━━━━━━━━━━━━━━━━━━━━━━━━━━━━━━━
  [Forward] 0.407173 ms (±0.125108) | 95.138 GB/s
  [Backward] 0.342511 ms (±0.00273629) | 113.099 GB/s
  [Viterbi] 0.342491 ms (±0.00360727) | 114.018 GB/s
  [Baum-Welch 10 iter] 2.7647 ms (±0.0097794) | LL=0.693147

━━━━━━━━━━━━━━━━━━━━━━━━━━━━━━━━━━━━━━━━━━━━━━━━━━━━━━━━━━━━━━━━
Profiling: scaling_T_79100 (T=79100, N=2, K=2)
━━━━━━━━━━━━━━━━━━━━━━━━━━━━━━━━━━━━━━━━━━━━━━━━━━━━━━━━━━━━━━━━
  [Forward] 0.396629 ms (±0.121951) | 98.9177 GB/s
  [Backward] 0.340321 ms (±0.00306702) | 115.284 GB/s
  [Viterbi] 0.342053 ms (±0.00943494) | 115.626 GB/s
  [Baum-Welch 10 iter] 2.78143 ms (±0.0249994) | LL=0.693147

━━━━━━━━━━━━━━━━━━━━━━━━━━━━━━━━━━━━━━━━━━━━━━━━━━━━━━━━━━━━━━━━
Profiling: scaling_T_80100 (T=80100, N=2, K=2)
━━━━━━━━━━━━━━━━━━━━━━━━━━━━━━━━━━━━━━━━━━━━━━━━━━━━━━━━━━━━━━━━
  [Forward] 0.404406 ms (±0.134593) | 98.242 GB/s
  [Backward] 0.339595 ms (±0.0032369) | 116.991 GB/s
  [Viterbi] 0.341576 ms (±0.00478107) | 117.251 GB/s
  [Baum-Welch 10 iter] 2.78714 ms (±0.00787463) | LL=0.693147

━━━━━━━━━━━━━━━━━━━━━━━━━━━━━━━━━━━━━━━━━━━━━━━━━━━━━━━━━━━━━━━━
Profiling: scaling_T_8100 (T=8100, N=2, K=2)
━━━━━━━━━━━━━━━━━━━━━━━━━━━━━━━━━━━━━━━━━━━━━━━━━━━━━━━━━━━━━━━━
  [Forward] 0.331806 ms (±0.0310846) | 12.1085 GB/s
  [Backward] 0.307709 ms (±0.00200509) | 13.0568 GB/s
  [Viterbi] 0.278937 ms (±0.00298299) | 14.5197 GB/s
  [Baum-Welch 10 iter] 7.56467 ms (±0.0225841) | LL=-22970

━━━━━━━━━━━━━━━━━━━━━━━━━━━━━━━━━━━━━━━━━━━━━━━━━━━━━━━━━━━━━━━━
Profiling: scaling_T_81100 (T=81100, N=2, K=2)
━━━━━━━━━━━━━━━━━━━━━━━━━━━━━━━━━━━━━━━━━━━━━━━━━━━━━━━━━━━━━━━━
  [Forward] 0.418258 ms (±0.143151) | 96.1744 GB/s
  [Backward] 0.343887 ms (±0.0100004) | 116.974 GB/s
  [Viterbi] 0.340357 ms (±0.00272026) | 119.14 GB/s
  [Baum-Welch 10 iter] 2.79118 ms (±0.0101663) | LL=0.693147

━━━━━━━━━━━━━━━━━━━━━━━━━━━━━━━━━━━━━━━━━━━━━━━━━━━━━━━━━━━━━━━━
Profiling: scaling_T_82100 (T=82100, N=2, K=2)
━━━━━━━━━━━━━━━━━━━━━━━━━━━━━━━━━━━━━━━━━━━━━━━━━━━━━━━━━━━━━━━━
  [Forward] 0.39945 ms (±0.130433) | 101.944 GB/s
  [Backward] 0.339478 ms (±0.00321895) | 119.954 GB/s
  [Viterbi] 0.338887 ms (±0.002622) | 121.132 GB/s
  [Baum-Welch 10 iter] 2.79935 ms (±0.00897316) | LL=0.693147

━━━━━━━━━━━━━━━━━━━━━━━━━━━━━━━━━━━━━━━━━━━━━━━━━━━━━━━━━━━━━━━━
Profiling: scaling_T_83100 (T=83100, N=2, K=2)
━━━━━━━━━━━━━━━━━━━━━━━━━━━━━━━━━━━━━━━━━━━━━━━━━━━━━━━━━━━━━━━━
  [Forward] 0.403076 ms (±0.114159) | 102.258 GB/s
  [Backward] 0.338979 ms (±0.00315487) | 121.594 GB/s
  [Viterbi] 0.338679 ms (±0.00283339) | 122.683 GB/s
  [Baum-Welch 10 iter] 2.8143 ms (±0.0111735) | LL=0.693147

━━━━━━━━━━━━━━━━━━━━━━━━━━━━━━━━━━━━━━━━━━━━━━━━━━━━━━━━━━━━━━━━
Profiling: scaling_T_84100 (T=84100, N=2, K=2)
━━━━━━━━━━━━━━━━━━━━━━━━━━━━━━━━━━━━━━━━━━━━━━━━━━━━━━━━━━━━━━━━
  [Forward] 0.412628 ms (±0.141376) | 101.093 GB/s
  [Backward] 0.343321 ms (±0.00881455) | 121.501 GB/s
  [Viterbi] 0.341631 ms (±0.00354091) | 123.086 GB/s
  [Baum-Welch 10 iter] 2.82933 ms (±0.0199938) | LL=0.693147

━━━━━━━━━━━━━━━━━━━━━━━━━━━━━━━━━━━━━━━━━━━━━━━━━━━━━━━━━━━━━━━━
Profiling: scaling_T_85100 (T=85100, N=2, K=2)
━━━━━━━━━━━━━━━━━━━━━━━━━━━━━━━━━━━━━━━━━━━━━━━━━━━━━━━━━━━━━━━━
  [Forward] 0.410766 ms (±0.130073) | 102.758 GB/s
  [Backward] 0.340563 ms (±0.00415027) | 123.941 GB/s
  [Viterbi] 0.33959 ms (±0.0041267) | 125.298 GB/s
  [Baum-Welch 10 iter] 2.82916 ms (±0.00676746) | LL=0.693147

━━━━━━━━━━━━━━━━━━━━━━━━━━━━━━━━━━━━━━━━━━━━━━━━━━━━━━━━━━━━━━━━
Profiling: scaling_T_86100 (T=86100, N=2, K=2)
━━━━━━━━━━━━━━━━━━━━━━━━━━━━━━━━━━━━━━━━━━━━━━━━━━━━━━━━━━━━━━━━
  [Forward] 0.403815 ms (±0.120448) | 105.756 GB/s
  [Backward] 0.340794 ms (±0.00311863) | 125.312 GB/s
  [Viterbi] 0.340506 ms (±0.00279197) | 126.43 GB/s
  [Baum-Welch 10 iter] 2.8529 ms (±0.00560571) | LL=0.693147

━━━━━━━━━━━━━━━━━━━━━━━━━━━━━━━━━━━━━━━━━━━━━━━━━━━━━━━━━━━━━━━━
Profiling: scaling_T_87100 (T=87100, N=2, K=2)
━━━━━━━━━━━━━━━━━━━━━━━━━━━━━━━━━━━━━━━━━━━━━━━━━━━━━━━━━━━━━━━━
  [Forward] 0.405995 ms (±0.122118) | 106.409 GB/s
  [Backward] 0.341402 ms (±0.00438008) | 126.542 GB/s
  [Viterbi] 0.340062 ms (±0.00251923) | 128.065 GB/s
  [Baum-Welch 10 iter] 2.85651 ms (±0.0072494) | LL=0.693147

━━━━━━━━━━━━━━━━━━━━━━━━━━━━━━━━━━━━━━━━━━━━━━━━━━━━━━━━━━━━━━━━
Profiling: scaling_T_88100 (T=88100, N=2, K=2)
━━━━━━━━━━━━━━━━━━━━━━━━━━━━━━━━━━━━━━━━━━━━━━━━━━━━━━━━━━━━━━━━
  [Forward] 0.405466 ms (±0.112401) | 107.772 GB/s
  [Backward] 0.34234 ms (±0.004291) | 127.644 GB/s
  [Viterbi] 0.341332 ms (±0.0027334) | 129.054 GB/s
  [Baum-Welch 10 iter] 3.19618 ms (±0.00905857) | LL=0.693147

━━━━━━━━━━━━━━━━━━━━━━━━━━━━━━━━━━━━━━━━━━━━━━━━━━━━━━━━━━━━━━━━
Profiling: scaling_T_89100 (T=89100, N=2, K=2)
━━━━━━━━━━━━━━━━━━━━━━━━━━━━━━━━━━━━━━━━━━━━━━━━━━━━━━━━━━━━━━━━
  [Forward] 0.399257 ms (±0.134217) | 110.69 GB/s
  [Backward] 0.343182 ms (±0.00404714) | 128.776 GB/s
  [Viterbi] 0.341742 ms (±0.00270321) | 130.362 GB/s
  [Baum-Welch 10 iter] 3.21737 ms (±0.0134985) | LL=0.693147

━━━━━━━━━━━━━━━━━━━━━━━━━━━━━━━━━━━━━━━━━━━━━━━━━━━━━━━━━━━━━━━━
Profiling: scaling_T_90100 (T=90100, N=2, K=2)
━━━━━━━━━━━━━━━━━━━━━━━━━━━━━━━━━━━━━━━━━━━━━━━━━━━━━━━━━━━━━━━━
  [Forward] 0.41084 ms (±0.138886) | 108.776 GB/s
  [Backward] 0.341287 ms (±0.00339215) | 130.945 GB/s
  [Viterbi] 0.340448 ms (±0.00305794) | 132.326 GB/s
  [Baum-Welch 10 iter] 3.22124 ms (±0.0118454) | LL=0.693147

━━━━━━━━━━━━━━━━━━━━━━━━━━━━━━━━━━━━━━━━━━━━━━━━━━━━━━━━━━━━━━━━
Profiling: scaling_T_9100 (T=9100, N=2, K=2)
━━━━━━━━━━━━━━━━━━━━━━━━━━━━━━━━━━━━━━━━━━━━━━━━━━━━━━━━━━━━━━━━
  [Forward] 0.363582 ms (±0.026853) | 12.4145 GB/s
  [Backward] 0.346325 ms (±0.00271188) | 13.0331 GB/s
  [Viterbi] 0.312717 ms (±0.00256092) | 14.5501 GB/s
  [Baum-Welch 10 iter] 8.41096 ms (±0.0259337) | LL=-25810.7

━━━━━━━━━━━━━━━━━━━━━━━━━━━━━━━━━━━━━━━━━━━━━━━━━━━━━━━━━━━━━━━━
Profiling: scaling_T_91100 (T=91100, N=2, K=2)
━━━━━━━━━━━━━━━━━━━━━━━━━━━━━━━━━━━━━━━━━━━━━━━━━━━━━━━━━━━━━━━━
  [Forward] 0.389572 ms (±0.108639) | 115.988 GB/s
  [Backward] 0.343473 ms (±0.00433178) | 131.555 GB/s
  [Viterbi] 0.342993 ms (±0.00361268) | 132.802 GB/s
  [Baum-Welch 10 iter] 3.23968 ms (±0.00766149) | LL=0.693147

━━━━━━━━━━━━━━━━━━━━━━━━━━━━━━━━━━━━━━━━━━━━━━━━━━━━━━━━━━━━━━━━
Profiling: scaling_T_92100 (T=92100, N=2, K=2)
━━━━━━━━━━━━━━━━━━━━━━━━━━━━━━━━━━━━━━━━━━━━━━━━━━━━━━━━━━━━━━━━
  [Forward] 0.406018 ms (±0.113498) | 112.511 GB/s
  [Backward] 0.342411 ms (±0.00382569) | 133.412 GB/s
  [Viterbi] 0.34105 ms (±0.00290966) | 135.024 GB/s
  [Baum-Welch 10 iter] 3.25428 ms (±0.0160439) | LL=0.693147

━━━━━━━━━━━━━━━━━━━━━━━━━━━━━━━━━━━━━━━━━━━━━━━━━━━━━━━━━━━━━━━━
Profiling: scaling_T_93100 (T=93100, N=2, K=2)
━━━━━━━━━━━━━━━━━━━━━━━━━━━━━━━━━━━━━━━━━━━━━━━━━━━━━━━━━━━━━━━━
  [Forward] 0.424122 ms (±0.149481) | 108.878 GB/s
  [Backward] 0.342992 ms (±0.00557315) | 134.632 GB/s
  [Viterbi] 0.341942 ms (±0.00486331) | 136.134 GB/s
  [Baum-Welch 10 iter] 3.24797 ms (±0.011989) | LL=0.693147

━━━━━━━━━━━━━━━━━━━━━━━━━━━━━━━━━━━━━━━━━━━━━━━━━━━━━━━━━━━━━━━━
Profiling: scaling_T_94100 (T=94100, N=2, K=2)
━━━━━━━━━━━━━━━━━━━━━━━━━━━━━━━━━━━━━━━━━━━━━━━━━━━━━━━━━━━━━━━━
  [Forward] 0.404743 ms (±0.113869) | 115.317 GB/s
  [Backward] 0.340379 ms (±0.00402275) | 137.123 GB/s
  [Viterbi] 0.338958 ms (±0.00268432) | 138.808 GB/s
  [Baum-Welch 10 iter] 3.26273 ms (±0.0102812) | LL=0.693147

━━━━━━━━━━━━━━━━━━━━━━━━━━━━━━━━━━━━━━━━━━━━━━━━━━━━━━━━━━━━━━━━
Profiling: scaling_T_95100 (T=95100, N=2, K=2)
━━━━━━━━━━━━━━━━━━━━━━━━━━━━━━━━━━━━━━━━━━━━━━━━━━━━━━━━━━━━━━━━
  [Forward] 0.407479 ms (±0.127898) | 115.76 GB/s
  [Backward] 0.339681 ms (±0.00366579) | 138.865 GB/s
  [Viterbi] 0.339193 ms (±0.00243607) | 140.186 GB/s
  [Baum-Welch 10 iter] 3.2763 ms (±0.00671943) | LL=0.693147

━━━━━━━━━━━━━━━━━━━━━━━━━━━━━━━━━━━━━━━━━━━━━━━━━━━━━━━━━━━━━━━━
Profiling: scaling_T_96100 (T=96100, N=2, K=2)
━━━━━━━━━━━━━━━━━━━━━━━━━━━━━━━━━━━━━━━━━━━━━━━━━━━━━━━━━━━━━━━━
  [Forward] 0.414966 ms (±0.144511) | 114.867 GB/s
  [Backward] 0.341448 ms (±0.00302595) | 139.599 GB/s
  [Viterbi] 0.341339 ms (±0.00254833) | 140.769 GB/s
  [Baum-Welch 10 iter] 3.29505 ms (±0.00851096) | LL=0.693147

━━━━━━━━━━━━━━━━━━━━━━━━━━━━━━━━━━━━━━━━━━━━━━━━━━━━━━━━━━━━━━━━
Profiling: scaling_T_97100 (T=97100, N=2, K=2)
━━━━━━━━━━━━━━━━━━━━━━━━━━━━━━━━━━━━━━━━━━━━━━━━━━━━━━━━━━━━━━━━
  [Forward] 0.403419 ms (±0.113494) | 119.384 GB/s
  [Backward] 0.341763 ms (±0.00382166) | 140.921 GB/s
  [Viterbi] 0.341162 ms (±0.00324612) | 142.308 GB/s
  [Baum-Welch 10 iter] 3.29159 ms (±0.0104151) | LL=0.693147

━━━━━━━━━━━━━━━━━━━━━━━━━━━━━━━━━━━━━━━━━━━━━━━━━━━━━━━━━━━━━━━━
Profiling: scaling_T_98100 (T=98100, N=2, K=2)
━━━━━━━━━━━━━━━━━━━━━━━━━━━━━━━━━━━━━━━━━━━━━━━━━━━━━━━━━━━━━━━━
  [Forward] 0.405646 ms (±0.11499) | 119.951 GB/s
  [Backward] 0.342268 ms (±0.00322146) | 142.162 GB/s
  [Viterbi] 0.341564 ms (±0.00268706) | 143.604 GB/s
  [Baum-Welch 10 iter] 3.31019 ms (±0.00816468) | LL=0.693147

━━━━━━━━━━━━━━━━━━━━━━━━━━━━━━━━━━━━━━━━━━━━━━━━━━━━━━━━━━━━━━━━
Profiling: scaling_T_99100 (T=99100, N=2, K=2)
━━━━━━━━━━━━━━━━━━━━━━━━━━━━━━━━━━━━━━━━━━━━━━━━━━━━━━━━━━━━━━━━
  [Forward] 0.423787 ms (±0.152532) | 115.987 GB/s
  [Backward] 0.342995 ms (±0.00303398) | 143.307 GB/s
  [Viterbi] 0.342208 ms (±0.00299492) | 144.795 GB/s
  [Baum-Welch 10 iter] 3.32074 ms (±0.0122301) | LL=0.693147

═══════════════════════════════════════════════════════════════
                       EXPORT RESULTS                          
═══════════════════════════════════════════════════════════════
✓ GPU results saved to results/benchmarks/gpu_benchmark_results.csv
✓ GPU results saved to results/benchmarks/gpu_benchmark_results.json

╔══════════════════════════════════════════════════════════════╗
║                    PROFILING COMPLETE                        ║
╠══════════════════════════════════════════════════════════════╣
║  Total tests: 404                                          ║
║  CSV output:  results/benchmarks/gpu_benchmark_results.csv ║
║  JSON output: results/benchmarks/gpu_benchmark_results.json║
╚══════════════════════════════════════════════════════════════╝

Next steps:
  Analyze with Python:
    python analyze_benchmark_results.py --gpu-csv results/benchmarks/gpu_benchmark_results.csv


═══ Phase 1 Results ═══
dataset,algo,T,N,K,time_ms,time_std_ms,time_min_ms,time_max_ms,log_likelihood,iterations,bandwidth_GBs,occupancy_pct,gpu_mem_MB,device
scaling_T_100,forward,100,2,2,0.1171,0.0257,0.0764,0.1676,-287.069061,1,0.42,0.0,168.88,"Quadro RTX 6000"
scaling_T_100,backward,100,2,2,0.0759,0.0045,0.0685,0.0901,0.000000,1,0.65,0.0,168.88,"Quadro RTX 6000"
scaling_T_100,viterbi,100,2,2,0.0693,0.0022,0.0676,0.0861,-322.170441,1,0.72,0.0,168.88,"Quadro RTX 6000"
scaling_T_100,baum_welch_10,100,2,2,2.2932,0.0227,2.2630,2.3844,-267.905121,10,0.45,0.0,168.88,"Quadro RTX 6000"
scaling_T_100100,forward,100100,2,2,0.4215,0.1183,0.3544,0.8132,0.693147,1,117.80,0.0,172.88,"Quadro RTX 6000"
scaling_T_100100,backward,100100,2,2,0.3610,0.0042,0.3549,0.3848,0.000000,1,137.52,0.0,172.88,"Quadro RTX 6000"
scaling_T_100100,viterbi,100100,2,2,0.3614,0.0033,0.3566,0.3730,0.693147,1,138.50,0.0,172.88,"Quadro RTX 6000"
scaling_T_100100,baum_welch_10,100100,2,2,3.5754,0.1414,3.3567,4.2701,0.693147,10,291.17,0.0,172.88,"Quadro RTX 6000"
scaling_T_10100,forward,10100,2,2,0.3795,0.0159,0.3668,0.4362,-28722.757812,1,13.20,0.0,168.88,"Quadro RTX 6000"
scaling_T_10100,backward,10100,2,2,0.3713,0.0025,0.3669,0.3812,0.000000,1,13.49,0.0,168.88,"Quadro RTX 6000"
scaling_T_10100,viterbi,10100,2,2,0.3332,0.0026,0.3293,0.3419,-34069.039062,1,15.16,0.0,168.88,"Quadro RTX 6000"
scaling_T_10100,baum_welch_10,10100,2,2,8.9621,0.0194,8.9211,9.0232,-26207.285156,10,11.72,0.0,168.88,"Quadro RTX 6000"
scaling_T_1100,forward,1100,2,2,0.1524,0.0245,0.1125,0.1886,-3165.637695,1,3.58,0.0,168.88,"Quadro RTX 6000"
scaling_T_1100,backward,1100,2,2,0.1125,0.0019,0.1094,0.1229,0.000000,1,4.85,0.0,168.88,"Quadro RTX 6000"
scaling_T_1100,viterbi,1100,2,2,0.1094,0.0028,0.1066,0.1266,-3573.506348,1,5.03,0.0,168.88,"Quadro RTX 6000"
scaling_T_1100,baum_welch_10,1100,2,2,3.1947,0.0306,3.1549,3.3116,-2644.808838,10,3.58,0.0,168.88,"Quadro RTX 6000"
scaling_T_11100,forward,11100,2,2,0.4000,0.0048,0.3932,0.4175,-33109.097656,1,13.76,0.0,168.88,"Quadro RTX 6000"
scaling_T_11100,backward,11100,2,2,0.3976,0.0028,0.3924,0.4062,0.000000,1,13.85,0.0,168.88,"Quadro RTX 6000"
scaling_T_11100,viterbi,11100,2,2,0.3560,0.0026,0.3506,0.3632,-35723.386719,1,15.59,0.0,168.88,"Quadro RTX 6000"

═══ Phase 2: Nsight Compute (quick mode) ═══
==PROF== Connected to process 109596 (/user/7/.base/dialloh/home/gpu_comp_hmm_regime/build/test/test_profile_gpu_robust)

╔══════════════════════════════════════════════════════════╗
║ GPU: Quadro RTX 6000                                     ║
╠══════════════════════════════════════════════════════════╣
║ Compute Capability: 7.5                                     ║
║ Total Memory: 22501  MB                                   ║
║ SM Count: 72                                              ║
║ Max Threads/Block: 1024                                   ║
║ Warp Size: 32                                              ║
╚══════════════════════════════════════════════════════════╝

╔══════════════════════════════════════════════════════════════╗
║         GPU PROFILING - HMM ALGORITHMS (Hassan et al.)       ║
╠══════════════════════════════════════════════════════════════╣
║  Data dir: data/bench                                     ║
║  Output:   results/benchmarks/gpu_nsight                  ║
║  Mode:     quick                                          ║
╚══════════════════════════════════════════════════════════════╝

Found 101 datasets:
  - scaling_T_100
  - scaling_T_100100
  - scaling_T_10100
  - scaling_T_1100
  - scaling_T_11100
  - scaling_T_12100
  - scaling_T_13100
  - scaling_T_14100
  - scaling_T_15100
  - scaling_T_16100
  - scaling_T_17100
  - scaling_T_18100
  - scaling_T_19100
  - scaling_T_20100
  - scaling_T_2100
  - scaling_T_21100
  - scaling_T_22100
  - scaling_T_23100
  - scaling_T_24100
  - scaling_T_25100
  - scaling_T_26100
  - scaling_T_27100
  - scaling_T_28100
  - scaling_T_29100
  - scaling_T_30100
  - scaling_T_3100
  - scaling_T_31100
  - scaling_T_32100
  - scaling_T_33100
  - scaling_T_34100
  - scaling_T_35100
  - scaling_T_36100
  - scaling_T_37100
  - scaling_T_38100
  - scaling_T_39100
  - scaling_T_40100
  - scaling_T_4100
  - scaling_T_41100
  - scaling_T_42100
  - scaling_T_43100
  - scaling_T_44100
  - scaling_T_45100
  - scaling_T_46100
  - scaling_T_47100
  - scaling_T_48100
  - scaling_T_49100
  - scaling_T_50100
  - scaling_T_5100
  - scaling_T_51100
  - scaling_T_52100
  - scaling_T_53100
  - scaling_T_54100
  - scaling_T_55100
  - scaling_T_56100
  - scaling_T_57100
  - scaling_T_58100
  - scaling_T_59100
  - scaling_T_60100
  - scaling_T_6100
  - scaling_T_61100
  - scaling_T_62100
  - scaling_T_63100
  - scaling_T_64100
  - scaling_T_65100
  - scaling_T_66100
  - scaling_T_67100
  - scaling_T_68100
  - scaling_T_69100
  - scaling_T_70100
  - scaling_T_7100
  - scaling_T_71100
  - scaling_T_72100
  - scaling_T_73100
  - scaling_T_74100
  - scaling_T_75100
  - scaling_T_76100
  - scaling_T_77100
  - scaling_T_78100
  - scaling_T_79100
  - scaling_T_80100
  - scaling_T_8100
  - scaling_T_81100
  - scaling_T_82100
  - scaling_T_83100
  - scaling_T_84100
  - scaling_T_85100
  - scaling_T_86100
  - scaling_T_87100
  - scaling_T_88100
  - scaling_T_89100
  - scaling_T_90100
  - scaling_T_9100
  - scaling_T_91100
  - scaling_T_92100
  - scaling_T_93100
  - scaling_T_94100
  - scaling_T_95100
  - scaling_T_96100
  - scaling_T_97100
  - scaling_T_98100
  - scaling_T_99100

━━━━━━━━━━━━━━━━━━━━━━━━━━━━━━━━━━━━━━━━━━━━━━━━━━━━━━━━━━━━━━━━
Profiling: scaling_T_100 (T=100, N=2, K=2)
━━━━━━━━━━━━━━━━━━━━━━━━━━━━━━━━━━━━━━━━━━━━━━━━━━━━━━━━━━━━━━━━
  [Forward] ==ERROR== ERR_NVGPUCTRPERM - The user does not have permission to access NVIDIA GPU Performance Counters on the target device 0. For instructions on enabling permissions and to get more information see https://developer.nvidia.com/ERR_NVGPUCTRPERM
2.12552 ms (±0.282645) | 0.0233731 GB/s
  [Backward] 2.06465 ms (±0.293304) | 0.0240622 GB/s
  [Viterbi] 1.95596 ms (±0.142777) | 0.0256038 GB/s
  [Baum-Welch 10 iter] 54.3738 ms (±1.5511) | LL=-267.905

━━━━━━━━━━━━━━━━━━━━━━━━━━━━━━━━━━━━━━━━━━━━━━━━━━━━━━━━━━━━━━━━
Profiling: scaling_T_100100 (T=100100, N=2, K=2)
━━━━━━━━━━━━━━━━━━━━━━━━━━━━━━━━━━━━━━━━━━━━━━━━━━━━━━━━━━━━━━━━
  [Forward] 0.468504 ms (±0.0487403) | 105.975 GB/s
  [Backward] 0.447523 ms (±0.00682913) | 110.943 GB/s
  [Viterbi] 0.446744 ms (±0.00658897) | 112.033 GB/s
  [Baum-Welch 10 iter] 6.46678 ms (±0.530126) | LL=0.693147

━━━━━━━━━━━━━━━━━━━━━━━━━━━━━━━━━━━━━━━━━━━━━━━━━━━━━━━━━━━━━━━━
Profiling: scaling_T_10100 (T=10100, N=2, K=2)
━━━━━━━━━━━━━━━━━━━━━━━━━━━━━━━━━━━━━━━━━━━━━━━━━━━━━━━━━━━━━━━━
  [Forward] 3.32341 ms (±0.242588) | 1.50739 GB/s
  [Backward] 3.31861 ms (±0.126124) | 1.50957 GB/s
  [Viterbi] 3.29323 ms (±0.104563) | 1.53347 GB/s
  [Baum-Welch 10 iter] 81.7216 ms (±3.37767) | LL=-26207.3

━━━━━━━━━━━━━━━━━━━━━━━━━━━━━━━━━━━━━━━━━━━━━━━━━━━━━━━━━━━━━━━━
Profiling: scaling_T_1100 (T=1100, N=2, K=2)
━━━━━━━━━━━━━━━━━━━━━━━━━━━━━━━━━━━━━━━━━━━━━━━━━━━━━━━━━━━━━━━━
  [Forward] 2.66936 ms (±0.294758) | 0.204423 GB/s
  [Backward] 2.63145 ms (±0.132568) | 0.207369 GB/s
  [Viterbi] 2.6302 ms (±0.129852) | 0.20914 GB/s
  [Baum-Welch 10 iter] 69.1762 ms (±2.12635) | LL=-2644.81

━━━━━━━━━━━━━━━━━━━━━━━━━━━━━━━━━━━━━━━━━━━━━━━━━━━━━━━━━━━━━━━━
Profiling: scaling_T_11100 (T=11100, N=2, K=2)
━━━━━━━━━━━━━━━━━━━━━━━━━━━━━━━━━━━━━━━━━━━━━━━━━━━━━━━━━━━━━━━━
  [Forward] 3.25328 ms (±0.112045) | 1.69235 GB/s
  [Backward] 3.24051 ms (±0.100932) | 1.69902 GB/s
  [Viterbi] 3.25453 ms (±0.103365) | 1.70534 GB/s
  [Baum-Welch 10 iter] 82.4951 ms (±1.94575) | LL=-28639.5

━━━━━━━━━━━━━━━━━━━━━━━━━━━━━━━━━━━━━━━━━━━━━━━━━━━━━━━━━━━━━━━━
Profiling: scaling_T_12100 (T=12100, N=2, K=2)
━━━━━━━━━━━━━━━━━━━━━━━━━━━━━━━━━━━━━━━━━━━━━━━━━━━━━━━━━━━━━━━━
  [Forward] 3.32751 ms (±0.151262) | 1.80366 GB/s
  [Backward] 3.35511 ms (±0.146116) | 1.78882 GB/s
  [Viterbi] 3.42595 ms (±0.326069) | 1.76596 GB/s
  [Baum-Welch 10 iter] 82.9037 ms (±1.7629) | LL=-30712.3

━━━━━━━━━━━━━━━━━━━━━━━━━━━━━━━━━━━━━━━━━━━━━━━━━━━━━━━━━━━━━━━━
Profiling: scaling_T_13100 (T=13100, N=2, K=2)
━━━━━━━━━━━━━━━━━━━━━━━━━━━━━━━━━━━━━━━━━━━━━━━━━━━━━━━━━━━━━━━━
  [Forward] 3.35569 ms (±0.120743) | 1.93632 GB/s
  [Backward] 3.45978 ms (±0.279884) | 1.87806 GB/s
  [Viterbi] 3.35242 ms (±0.114416) | 1.95384 GB/s
  [Baum-Welch 10 iter] 83.5949 ms (±2.91195) | LL=-29988.2

━━━━━━━━━━━━━━━━━━━━━━━━━━━━━━━━━━━━━━━━━━━━━━━━━━━━━━━━━━━━━━━━
Profiling: scaling_T_14100 (T=14100, N=2, K=2)
━━━━━━━━━━━━━━━━━━━━━━━━━━━━━━━━━━━━━━━━━━━━━━━━━━━━━━━━━━━━━━━━
  [Forward] 3.33716 ms (±0.202975) | 2.0957 GB/s
  [Backward] 3.59166 ms (±0.501123) | 1.9472 GB/s
  [Viterbi] 3.34182 ms (±0.115614) | 2.10965 GB/s
  [Baum-Welch 10 iter] 83.4885 ms (±1.96201) | LL=-39439.5

━━━━━━━━━━━━━━━━━━━━━━━━━━━━━━━━━━━━━━━━━━━━━━━━━━━━━━━━━━━━━━━━
Profiling: scaling_T_15100 (T=15100, N=2, K=2)
━━━━━━━━━━━━━━━━━━━━━━━━━━━━━━━━━━━━━━━━━━━━━━━━━━━━━━━━━━━━━━━━
  [Forward] 3.68265 ms (±0.604716) | 2.03378 GB/s
  [Backward] 3.21815 ms (±0.139909) | 2.32733 GB/s
  [Viterbi] 3.25942 ms (±0.140265) | 2.31639 GB/s
  [Baum-Welch 10 iter] 81.9817 ms (±2.58956) | LL=-41924.4

━━━━━━━━━━━━━━━━━━━━━━━━━━━━━━━━━━━━━━━━━━━━━━━━━━━━━━━━━━━━━━━━
Profiling: scaling_T_16100 (T=16100, N=2, K=2)
━━━━━━━━━━━━━━━━━━━━━━━━━━━━━━━━━━━━━━━━━━━━━━━━━━━━━━━━━━━━━━━━
  [Forward] 3.33782 ms (±0.156887) | 2.39248 GB/s
  [Backward] 3.36017 ms (±0.146672) | 2.37657 GB/s
  [Viterbi] 3.30406 ms (±0.117511) | 2.43642 GB/s
  [Baum-Welch 10 iter] 83.3069 ms (±4.52014) | LL=-41764.2

━━━━━━━━━━━━━━━━━━━━━━━━━━━━━━━━━━━━━━━━━━━━━━━━━━━━━━━━━━━━━━━━
Profiling: scaling_T_17100 (T=17100, N=2, K=2)
━━━━━━━━━━━━━━━━━━━━━━━━━━━━━━━━━━━━━━━━━━━━━━━━━━━━━━━━━━━━━━━━
  [Forward] 3.6936 ms (±0.432141) | 2.29632 GB/s
  [Backward] 3.72889 ms (±0.53552) | 2.27459 GB/s
  [Viterbi] 3.5052 ms (±0.233606) | 2.43925 GB/s
  [Baum-Welch 10 iter] 86.1033 ms (±5.64042) | LL=-48524

━━━━━━━━━━━━━━━━━━━━━━━━━━━━━━━━━━━━━━━━━━━━━━━━━━━━━━━━━━━━━━━━
Profiling: scaling_T_18100 (T=18100, N=2, K=2)
━━━━━━━━━━━━━━━━━━━━━━━━━━━━━━━━━━━━━━━━━━━━━━━━━━━━━━━━━━━━━━━━
  [Forward] 3.62497 ms (±0.419681) | 2.47662 GB/s
  [Backward] 3.50009 ms (±0.142577) | 2.56499 GB/s
  [Viterbi] 3.4599 ms (±0.110568) | 2.6157 GB/s
  [Baum-Welch 10 iter] 87.7626 ms (±4.00223) | LL=-51320.7

━━━━━━━━━━━━━━━━━━━━━━━━━━━━━━━━━━━━━━━━━━━━━━━━━━━━━━━━━━━━━━━━
Profiling: scaling_T_19100 (T=19100, N=2, K=2)
━━━━━━━━━━━━━━━━━━━━━━━━━━━━━━━━━━━━━━━━━━━━━━━━━━━━━━━━━━━━━━━━
  [Forward] 4.16845 ms (±0.231928) | 2.27271 GB/s
  [Backward] 4.09164 ms (±0.161258) | 2.31537 GB/s
  [Viterbi] 4.10077 ms (±0.348298) | 2.32885 GB/s
  [Baum-Welch 10 iter] 94.1332 ms (±7.42878) | LL=-52746.9

━━━━━━━━━━━━━━━━━━━━━━━━━━━━━━━━━━━━━━━━━━━━━━━━━━━━━━━━━━━━━━━━
Profiling: scaling_T_20100 (T=20100, N=2, K=2)
━━━━━━━━━━━━━━━━━━━━━━━━━━━━━━━━━━━━━━━━━━━━━━━━━━━━━━━━━━━━━━━━
  [Forward] 4.50923 ms (±0.284161) | 2.21095 GB/s
  [Backward] 4.4039 ms (±0.308012) | 2.26383 GB/s
  [Viterbi] 3.80541 ms (±0.444845) | 2.641 GB/s
  [Baum-Welch 10 iter] 98.5618 ms (±6.6925) | LL=-56889.1

━━━━━━━━━━━━━━━━━━━━━━━━━━━━━━━━━━━━━━━━━━━━━━━━━━━━━━━━━━━━━━━━
Profiling: scaling_T_2100 (T=2100, N=2, K=2)
━━━━━━━━━━━━━━━━━━━━━━━━━━━━━━━━━━━━━━━━━━━━━━━━━━━━━━━━━━━━━━━━
  [Forward] 2.86933 ms (±0.345175) | 0.36304 GB/s
  [Backward] 2.90439 ms (±0.297138) | 0.358657 GB/s
  [Viterbi] 2.83859 ms (±0.191762) | 0.36993 GB/s
  [Baum-Welch 10 iter] 74.6496 ms (±2.70947) | LL=-5949.95

━━━━━━━━━━━━━━━━━━━━━━━━━━━━━━━━━━━━━━━━━━━━━━━━━━━━━━━━━━━━━━━━
Profiling: scaling_T_21100 (T=21100, N=2, K=2)
━━━━━━━━━━━━━━━━━━━━━━━━━━━━━━━━━━━━━━━━━━━━━━━━━━━━━━━━━━━━━━━━
  [Forward] 4.37721 ms (±0.330907) | 2.39095 GB/s
  [Backward] 4.20491 ms (±0.520325) | 2.48892 GB/s
  [Viterbi] 3.6267 ms (±0.405058) | 2.909 GB/s
  [Baum-Welch 10 iter] 97.3704 ms (±6.87849) | LL=-51093.9

━━━━━━━━━━━━━━━━━━━━━━━━━━━━━━━━━━━━━━━━━━━━━━━━━━━━━━━━━━━━━━━━
Profiling: scaling_T_22100 (T=22100, N=2, K=2)
━━━━━━━━━━━━━━━━━━━━━━━━━━━━━━━━━━━━━━━━━━━━━━━━━━━━━━━━━━━━━━━━
  [Forward] 4.0553 ms (±0.571292) | 2.70305 GB/s
  [Backward] 4.27804 ms (±0.291677) | 2.56231 GB/s
  [Viterbi] 4.18191 ms (±0.280147) | 2.64235 GB/s
  [Baum-Welch 10 iter] 100.036 ms (±9.8956) | LL=-58421.6

━━━━━━━━━━━━━━━━━━━━━━━━━━━━━━━━━━━━━━━━━━━━━━━━━━━━━━━━━━━━━━━━
Profiling: scaling_T_23100 (T=23100, N=2, K=2)
━━━━━━━━━━━━━━━━━━━━━━━━━━━━━━━━━━━━━━━━━━━━━━━━━━━━━━━━━━━━━━━━
  [Forward] 4.28793 ms (±0.513649) | 2.67207 GB/s
  [Backward] 3.71132 ms (±0.268705) | 3.08723 GB/s
  [Viterbi] 3.84056 ms (±0.504812) | 3.0074 GB/s
  [Baum-Welch 10 iter] 91.3954 ms (±8.73312) | LL=-46324.4

━━━━━━━━━━━━━━━━━━━━━━━━━━━━━━━━━━━━━━━━━━━━━━━━━━━━━━━━━━━━━━━━
Profiling: scaling_T_24100 (T=24100, N=2, K=2)
━━━━━━━━━━━━━━━━━━━━━━━━━━━━━━━━━━━━━━━━━━━━━━━━━━━━━━━━━━━━━━━━
  [Forward] 3.97209 ms (±0.371174) | 3.00942 GB/s
  [Backward] 3.82008 ms (±0.549281) | 3.12917 GB/s
  [Viterbi] 3.31975 ms (±0.13234) | 3.62981 GB/s
  [Baum-Welch 10 iter] 108.176 ms (±7.29538) | LL=-68370

━━━━━━━━━━━━━━━━━━━━━━━━━━━━━━━━━━━━━━━━━━━━━━━━━━━━━━━━━━━━━━━━
Profiling: scaling_T_25100 (T=25100, N=2, K=2)
━━━━━━━━━━━━━━━━━━━━━━━━━━━━━━━━━━━━━━━━━━━━━━━━━━━━━━━━━━━━━━━━
  [Forward] 4.50374 ms (±0.447553) | 2.7643 GB/s
  [Backward] 4.56366 ms (±0.33228) | 2.728 GB/s
  [Viterbi] 3.5637 ms (±0.167396) | 3.52165 GB/s
  [Baum-Welch 10 iter] 111.254 ms (±7.08977) | LL=-66650.8

━━━━━━━━━━━━━━━━━━━━━━━━━━━━━━━━━━━━━━━━━━━━━━━━━━━━━━━━━━━━━━━━
Profiling: scaling_T_26100 (T=26100, N=2, K=2)
━━━━━━━━━━━━━━━━━━━━━━━━━━━━━━━━━━━━━━━━━━━━━━━━━━━━━━━━━━━━━━━━
  [Forward] 4.64358 ms (±0.424465) | 2.78787 GB/s
  [Backward] 4.65166 ms (±0.521986) | 2.78303 GB/s
  [Viterbi] 4.37714 ms (±0.49593) | 2.98142 GB/s
  [Baum-Welch 10 iter] 112.205 ms (±5.6407) | LL=-66299

━━━━━━━━━━━━━━━━━━━━━━━━━━━━━━━━━━━━━━━━━━━━━━━━━━━━━━━━━━━━━━━━
Profiling: scaling_T_27100 (T=27100, N=2, K=2)
━━━━━━━━━━━━━━━━━━━━━━━━━━━━━━━━━━━━━━━━━━━━━━━━━━━━━━━━━━━━━━━━
  [Forward] 4.75936 ms (±0.347526) | 2.82426 GB/s
  [Backward] 4.70961 ms (±0.348784) | 2.85409 GB/s
  [Viterbi] 4.53451 ms (±0.200822) | 2.98821 GB/s
  [Baum-Welch 10 iter] 116.925 ms (±4.61986) | LL=-72860.7

━━━━━━━━━━━━━━━━━━━━━━━━━━━━━━━━━━━━━━━━━━━━━━━━━━━━━━━━━━━━━━━━
Profiling: scaling_T_28100 (T=28100, N=2, K=2)
━━━━━━━━━━━━━━━━━━━━━━━━━━━━━━━━━━━━━━━━━━━━━━━━━━━━━━━━━━━━━━━━
  [Forward] 4.66608 ms (±0.522886) | 2.98702 GB/s
  [Backward] 4.49172 ms (±0.473444) | 3.10297 GB/s
  [Viterbi] 4.40899 ms (±0.381678) | 3.18669 GB/s
  [Baum-Welch 10 iter] 118.544 ms (±4.788) | LL=-79644

━━━━━━━━━━━━━━━━━━━━━━━━━━━━━━━━━━━━━━━━━━━━━━━━━━━━━━━━━━━━━━━━
Profiling: scaling_T_29100 (T=29100, N=2, K=2)
━━━━━━━━━━━━━━━━━━━━━━━━━━━━━━━━━━━━━━━━━━━━━━━━━━━━━━━━━━━━━━━━
  [Forward] 5.05995 ms (±0.759113) | 2.85253 GB/s
  [Backward] 5.04352 ms (±0.657663) | 2.86183 GB/s
  [Viterbi] 4.24055 ms (±0.655513) | 3.43118 GB/s
  [Baum-Welch 10 iter] 113.725 ms (±5.49391) | LL=-82309.7

━━━━━━━━━━━━━━━━━━━━━━━━━━━━━━━━━━━━━━━━━━━━━━━━━━━━━━━━━━━━━━━━
Profiling: scaling_T_30100 (T=30100, N=2, K=2)
━━━━━━━━━━━━━━━━━━━━━━━━━━━━━━━━━━━━━━━━━━━━━━━━━━━━━━━━━━━━━━━━
  [Forward] 4.94528 ms (±0.427777) | 3.01897 GB/s
  [Backward] 5.17649 ms (±0.603475) | 2.88413 GB/s
  [Viterbi] 4.91481 ms (±0.361849) | 3.06219 GB/s
  [Baum-Welch 10 iter] 116.145 ms (±5.82083) | LL=-84786

━━━━━━━━━━━━━━━━━━━━━━━━━━━━━━━━━━━━━━━━━━━━━━━━━━━━━━━━━━━━━━━━
Profiling: scaling_T_3100 (T=3100, N=2, K=2)
━━━━━━━━━━━━━━━━━━━━━━━━━━━━━━━━━━━━━━━━━━━━━━━━━━━━━━━━━━━━━━━━
  [Forward] 2.87132 ms (±0.254082) | 0.53553 GB/s
  [Backward] 2.81841 ms (±0.132054) | 0.545584 GB/s
  [Viterbi] 2.8063 ms (±0.126051) | 0.552357 GB/s
  [Baum-Welch 10 iter] 74.1986 ms (±1.84058) | LL=-6486.8

━━━━━━━━━━━━━━━━━━━━━━━━━━━━━━━━━━━━━━━━━━━━━━━━━━━━━━━━━━━━━━━━
Profiling: scaling_T_31100 (T=31100, N=2, K=2)
━━━━━━━━━━━━━━━━━━━━━━━━━━━━━━━━━━━━━━━━━━━━━━━━━━━━━━━━━━━━━━━━
  [Forward] 5.0053 ms (±0.509527) | 3.08187 GB/s
  [Backward] 5.04244 ms (±0.449138) | 3.05917 GB/s
  [Viterbi] 5.19274 ms (±0.626541) | 2.99458 GB/s
  [Baum-Welch 10 iter] 115.099 ms (±6.05495) | LL=-70436.4

━━━━━━━━━━━━━━━━━━━━━━━━━━━━━━━━━━━━━━━━━━━━━━━━━━━━━━━━━━━━━━━━
Profiling: scaling_T_32100 (T=32100, N=2, K=2)
━━━━━━━━━━━━━━━━━━━━━━━━━━━━━━━━━━━━━━━━━━━━━━━━━━━━━━━━━━━━━━━━
  [Forward] 5.05745 ms (±0.683429) | 3.14817 GB/s
  [Backward] 4.87863 ms (±0.433502) | 3.26356 GB/s
  [Viterbi] 4.89609 ms (±0.379106) | 3.27814 GB/s
  [Baum-Welch 10 iter] 116.265 ms (±5.05377) | LL=-76323

━━━━━━━━━━━━━━━━━━━━━━━━━━━━━━━━━━━━━━━━━━━━━━━━━━━━━━━━━━━━━━━━
Profiling: scaling_T_33100 (T=33100, N=2, K=2)
━━━━━━━━━━━━━━━━━━━━━━━━━━━━━━━━━━━━━━━━━━━━━━━━━━━━━━━━━━━━━━━━
  [Forward] 5.16582 ms (±0.397715) | 3.17814 GB/s
  [Backward] 5.26178 ms (±0.498261) | 3.12018 GB/s
  [Viterbi] 5.17923 ms (±0.358284) | 3.19547 GB/s
  [Baum-Welch 10 iter] 122.173 ms (±5.533) | LL=-92406.9

━━━━━━━━━━━━━━━━━━━━━━━━━━━━━━━━━━━━━━━━━━━━━━━━━━━━━━━━━━━━━━━━
Profiling: scaling_T_34100 (T=34100, N=2, K=2)
━━━━━━━━━━━━━━━━━━━━━━━━━━━━━━━━━━━━━━━━━━━━━━━━━━━━━━━━━━━━━━━━
  [Forward] 5.14195 ms (±0.340257) | 3.28935 GB/s
  [Backward] 5.38953 ms (±0.652335) | 3.13825 GB/s
  [Viterbi] 4.63506 ms (±0.306557) | 3.67851 GB/s
  [Baum-Welch 10 iter] 36.2688 ms (±2.83784) | LL=-96274.6

━━━━━━━━━━━━━━━━━━━━━━━━━━━━━━━━━━━━━━━━━━━━━━━━━━━━━━━━━━━━━━━━
Profiling: scaling_T_35100 (T=35100, N=2, K=2)
━━━━━━━━━━━━━━━━━━━━━━━━━━━━━━━━━━━━━━━━━━━━━━━━━━━━━━━━━━━━━━━━
  [Forward] 5.08151 ms (±0.518949) | 3.42609 GB/s
  [Backward] 5.57165 ms (±0.797363) | 3.12469 GB/s
  [Viterbi] 5.35008 ms (±0.661464) | 3.28034 GB/s
  [Baum-Welch 10 iter] 121.671 ms (±6.10379) | LL=-99377.5

━━━━━━━━━━━━━━━━━━━━━━━━━━━━━━━━━━━━━━━━━━━━━━━━━━━━━━━━━━━━━━━━
Profiling: scaling_T_36100 (T=36100, N=2, K=2)
━━━━━━━━━━━━━━━━━━━━━━━━━━━━━━━━━━━━━━━━━━━━━━━━━━━━━━━━━━━━━━━━
  [Forward] 5.346 ms (±0.518542) | 3.34936 GB/s
  [Backward] 5.1215 ms (±0.490673) | 3.49618 GB/s
  [Viterbi] 5.22458 ms (±0.629607) | 3.45484 GB/s
  [Baum-Welch 10 iter] 123.317 ms (±4.6599) | LL=-102445

━━━━━━━━━━━━━━━━━━━━━━━━━━━━━━━━━━━━━━━━━━━━━━━━━━━━━━━━━━━━━━━━
Profiling: scaling_T_37100 (T=37100, N=2, K=2)
━━━━━━━━━━━━━━━━━━━━━━━━━━━━━━━━━━━━━━━━━━━━━━━━━━━━━━━━━━━━━━━━
  [Forward] 5.74351 ms (±0.683248) | 3.20391 GB/s
  [Backward] 5.56312 ms (±0.665887) | 3.3078 GB/s
  [Viterbi] 5.10486 ms (±0.330497) | 3.63381 GB/s
  [Baum-Welch 10 iter] 123.668 ms (±4.78156) | LL=-105054

━━━━━━━━━━━━━━━━━━━━━━━━━━━━━━━━━━━━━━━━━━━━━━━━━━━━━━━━━━━━━━━━
Profiling: scaling_T_38100 (T=38100, N=2, K=2)
━━━━━━━━━━━━━━━━━━━━━━━━━━━━━━━━━━━━━━━━━━━━━━━━━━━━━━━━━━━━━━━━
  [Forward] 5.19522 ms (±0.359527) | 3.63751 GB/s
  [Backward] 5.50984 ms (±0.642303) | 3.42981 GB/s
  [Viterbi] 5.06197 ms (±0.205012) | 3.76337 GB/s
  [Baum-Welch 10 iter] 128.77 ms (±7.0029) | LL=-108117

━━━━━━━━━━━━━━━━━━━━━━━━━━━━━━━━━━━━━━━━━━━━━━━━━━━━━━━━━━━━━━━━
Profiling: scaling_T_39100 (T=39100, N=2, K=2)
━━━━━━━━━━━━━━━━━━━━━━━━━━━━━━━━━━━━━━━━━━━━━━━━━━━━━━━━━━━━━━━━
  [Forward] 5.40878 ms (±0.526612) | 3.5856 GB/s
  [Backward] 5.99436 ms (±0.692873) | 3.23532 GB/s
  [Viterbi] 5.20138 ms (±0.648975) | 3.75864 GB/s
  [Baum-Welch 10 iter] 131.22 ms (±5.7825) | LL=-110834

━━━━━━━━━━━━━━━━━━━━━━━━━━━━━━━━━━━━━━━━━━━━━━━━━━━━━━━━━━━━━━━━
Profiling: scaling_T_40100 (T=40100, N=2, K=2)
━━━━━━━━━━━━━━━━━━━━━━━━━━━━━━━━━━━━━━━━━━━━━━━━━━━━━━━━━━━━━━━━
  [Forward] 5.36153 ms (±0.525941) | 3.7097 GB/s
  [Backward] 5.82315 ms (±0.767927) | 3.41562 GB/s
  [Viterbi] 5.581 ms (±0.750319) | 3.59256 GB/s
  [Baum-Welch 10 iter] 130.147 ms (±7.93873) | LL=-88988.1

━━━━━━━━━━━━━━━━━━━━━━━━━━━━━━━━━━━━━━━━━━━━━━━━━━━━━━━━━━━━━━━━
Profiling: scaling_T_4100 (T=4100, N=2, K=2)
━━━━━━━━━━━━━━━━━━━━━━━━━━━━━━━━━━━━━━━━━━━━━━━━━━━━━━━━━━━━━━━━
  [Forward] 3.1667 ms (±0.122473) | 0.642208 GB/s
  [Backward] 3.14294 ms (±0.131119) | 0.647064 GB/s
  [Viterbi] 3.59313 ms (±0.360334) | 0.570555 GB/s
  [Baum-Welch 10 iter] 78.2673 ms (±4.57658) | LL=-10764.2

━━━━━━━━━━━━━━━━━━━━━━━━━━━━━━━━━━━━━━━━━━━━━━━━━━━━━━━━━━━━━━━━
Profiling: scaling_T_41100 (T=41100, N=2, K=2)
━━━━━━━━━━━━━━━━━━━━━━━━━━━━━━━━━━━━━━━━━━━━━━━━━━━━━━━━━━━━━━━━
  [Forward] 5.60847 ms (±0.716765) | 3.6348 GB/s
  [Backward] 5.80703 ms (±0.718116) | 3.51052 GB/s
  [Viterbi] 5.24452 ms (±0.425027) | 3.91839 GB/s
  [Baum-Welch 10 iter] 133.35 ms (±8.81779) | LL=-114469

━━━━━━━━━━━━━━━━━━━━━━━━━━━━━━━━━━━━━━━━━━━━━━━━━━━━━━━━━━━━━━━━
Profiling: scaling_T_42100 (T=42100, N=2, K=2)
━━━━━━━━━━━━━━━━━━━━━━━━━━━━━━━━━━━━━━━━━━━━━━━━━━━━━━━━━━━━━━━━
  [Forward] 5.33889 ms (±0.476199) | 3.91124 GB/s
  [Backward] 5.73213 ms (±0.728497) | 3.64292 GB/s
  [Viterbi] 5.46618 ms (±0.603347) | 3.85097 GB/s
  [Baum-Welch 10 iter] 131.818 ms (±7.7022) | LL=-116369

━━━━━━━━━━━━━━━━━━━━━━━━━━━━━━━━━━━━━━━━━━━━━━━━━━━━━━━━━━━━━━━━
Profiling: scaling_T_43100 (T=43100, N=2, K=2)
━━━━━━━━━━━━━━━━━━━━━━━━━━━━━━━━━━━━━━━━━━━━━━━━━━━━━━━━━━━━━━━━
  [Forward] 5.81444 ms (±0.761688) | 3.67665 GB/s
  [Backward] 5.81625 ms (±0.798424) | 3.67551 GB/s
  [Viterbi] 5.50138 ms (±0.656762) | 3.91721 GB/s
  [Baum-Welch 10 iter] 132.44 ms (±9.37362) | LL=-122311

━━━━━━━━━━━━━━━━━━━━━━━━━━━━━━━━━━━━━━━━━━━━━━━━━━━━━━━━━━━━━━━━
Profiling: scaling_T_44100 (T=44100, N=2, K=2)
━━━━━━━━━━━━━━━━━━━━━━━━━━━━━━━━━━━━━━━━━━━━━━━━━━━━━━━━━━━━━━━━
  [Forward] 6.00905 ms (±0.75997) | 3.64012 GB/s
  [Backward] 6.24038 ms (±0.687559) | 3.50518 GB/s
  [Viterbi] 5.45451 ms (±0.60448) | 4.04254 GB/s
  [Baum-Welch 10 iter] 137.044 ms (±10.5377) | LL=-125121

━━━━━━━━━━━━━━━━━━━━━━━━━━━━━━━━━━━━━━━━━━━━━━━━━━━━━━━━━━━━━━━━
Profiling: scaling_T_45100 (T=45100, N=2, K=2)
━━━━━━━━━━━━━━━━━━━━━━━━━━━━━━━━━━━━━━━━━━━━━━━━━━━━━━━━━━━━━━━━
  [Forward] 5.72055 ms (±0.790916) | 3.91041 GB/s
  [Backward] 5.48719 ms (±0.65739) | 4.07671 GB/s
  [Viterbi] 5.68221 ms (±0.717829) | 3.96854 GB/s
  [Baum-Welch 10 iter] 135.855 ms (±8.51567) | LL=-127058

━━━━━━━━━━━━━━━━━━━━━━━━━━━━━━━━━━━━━━━━━━━━━━━━━━━━━━━━━━━━━━━━
Profiling: scaling_T_46100 (T=46100, N=2, K=2)
━━━━━━━━━━━━━━━━━━━━━━━━━━━━━━━━━━━━━━━━━━━━━━━━━━━━━━━━━━━━━━━━
  [Forward] 5.59238 ms (±0.737413) | 4.08872 GB/s
  [Backward] 5.60906 ms (±0.77619) | 4.07656 GB/s
  [Viterbi] 5.55706 ms (±0.738657) | 4.14789 GB/s
  [Baum-Welch 10 iter] 135.878 ms (±8.92449) | LL=-114803

━━━━━━━━━━━━━━━━━━━━━━━━━━━━━━━━━━━━━━━━━━━━━━━━━━━━━━━━━━━━━━━━
Profiling: scaling_T_47100 (T=47100, N=2, K=2)
━━━━━━━━━━━━━━━━━━━━━━━━━━━━━━━━━━━━━━━━━━━━━━━━━━━━━━━━━━━━━━━━
  [Forward] 5.42582 ms (±0.456765) | 4.30565 GB/s
  [Backward] 5.68002 ms (±0.702871) | 4.11296 GB/s
  [Viterbi] 5.6957 ms (±0.739766) | 4.13471 GB/s
  [Baum-Welch 10 iter] 138.34 ms (±8.38768) | LL=-89010.6

━━━━━━━━━━━━━━━━━━━━━━━━━━━━━━━━━━━━━━━━━━━━━━━━━━━━━━━━━━━━━━━━
Profiling: scaling_T_48100 (T=48100, N=2, K=2)
━━━━━━━━━━━━━━━━━━━━━━━━━━━━━━━━━━━━━━━━━━━━━━━━━━━━━━━━━━━━━━━━
  [Forward] 5.76426 ms (±0.706734) | 4.1389 GB/s
  [Backward] 5.68164 ms (±0.647681) | 4.19908 GB/s
  [Viterbi] 5.53926 ms (±0.643413) | 4.34175 GB/s
  [Baum-Welch 10 iter] 142.5 ms (±7.69151) | LL=-108479

━━━━━━━━━━━━━━━━━━━━━━━━━━━━━━━━━━━━━━━━━━━━━━━━━━━━━━━━━━━━━━━━
Profiling: scaling_T_49100 (T=49100, N=2, K=2)
━━━━━━━━━━━━━━━━━━━━━━━━━━━━━━━━━━━━━━━━━━━━━━━━━━━━━━━━━━━━━━━━
  [Forward] 6.43574 ms (±0.417713) | 3.78413 GB/s
  [Backward] 6.0757 ms (±0.478829) | 4.00837 GB/s
  [Viterbi] 5.40603 ms (±0.533676) | 4.54124 GB/s
  [Baum-Welch 10 iter] 144.357 ms (±7.19585) | LL=-139232

━━━━━━━━━━━━━━━━━━━━━━━━━━━━━━━━━━━━━━━━━━━━━━━━━━━━━━━━━━━━━━━━
Profiling: scaling_T_50100 (T=50100, N=2, K=2)
━━━━━━━━━━━━━━━━━━━━━━━━━━━━━━━━━━━━━━━━━━━━━━━━━━━━━━━━━━━━━━━━
  [Forward] 6.23048 ms (±0.584599) | 3.9884 GB/s
  [Backward] 6.11488 ms (±0.514632) | 4.0638 GB/s
  [Viterbi] 5.48126 ms (±0.749209) | 4.57014 GB/s
  [Baum-Welch 10 iter] 144.493 ms (±6.94881) | LL=-139817

━━━━━━━━━━━━━━━━━━━━━━━━━━━━━━━━━━━━━━━━━━━━━━━━━━━━━━━━━━━━━━━━
Profiling: scaling_T_5100 (T=5100, N=2, K=2)
━━━━━━━━━━━━━━━━━━━━━━━━━━━━━━━━━━━━━━━━━━━━━━━━━━━━━━━━━━━━━━━━
  [Forward] 3.1732 ms (±0.109602) | 0.797201 GB/s
  [Backward] 3.16364 ms (±0.12425) | 0.799612 GB/s
  [Viterbi] 3.08896 ms (±0.123789) | 0.825546 GB/s
  [Baum-Welch 10 iter] 78.7298 ms (±3.24618) | LL=-14462.5

━━━━━━━━━━━━━━━━━━━━━━━━━━━━━━━━━━━━━━━━━━━━━━━━━━━━━━━━━━━━━━━━
Profiling: scaling_T_51100 (T=51100, N=2, K=2)
━━━━━━━━━━━━━━━━━━━━━━━━━━━━━━━━━━━━━━━━━━━━━━━━━━━━━━━━━━━━━━━━
  [Forward] 5.99219 ms (±0.711854) | 4.22979 GB/s
  [Backward] 6.4065 ms (±0.496471) | 3.95624 GB/s
  [Viterbi] 5.71321 ms (±0.687215) | 4.4721 GB/s
  [Baum-Welch 10 iter] 145.02 ms (±6.27507) | LL=-144299

━━━━━━━━━━━━━━━━━━━━━━━━━━━━━━━━━━━━━━━━━━━━━━━━━━━━━━━━━━━━━━━━
Profiling: scaling_T_52100 (T=52100, N=2, K=2)
━━━━━━━━━━━━━━━━━━━━━━━━━━━━━━━━━━━━━━━━━━━━━━━━━━━━━━━━━━━━━━━━
  [Forward] 6.14664 ms (±0.549956) | 4.2042 GB/s
  [Backward] 6.29139 ms (±0.611261) | 4.10747 GB/s
  [Viterbi] 5.51626 ms (±0.721412) | 4.72242 GB/s
  [Baum-Welch 10 iter] 146.327 ms (±6.27631) | LL=-147276

━━━━━━━━━━━━━━━━━━━━━━━━━━━━━━━━━━━━━━━━━━━━━━━━━━━━━━━━━━━━━━━━
Profiling: scaling_T_53100 (T=53100, N=2, K=2)
━━━━━━━━━━━━━━━━━━━━━━━━━━━━━━━━━━━━━━━━━━━━━━━━━━━━━━━━━━━━━━━━
  [Forward] 6.45355 ms (±0.393518) | 4.08111 GB/s
  [Backward] 6.41716 ms (±0.385749) | 4.10426 GB/s
  [Viterbi] 5.74968 ms (±0.680831) | 4.61766 GB/s
  [Baum-Welch 10 iter] 150.093 ms (±6.80992) | LL=-129519

━━━━━━━━━━━━━━━━━━━━━━━━━━━━━━━━━━━━━━━━━━━━━━━━━━━━━━━━━━━━━━━━
Profiling: scaling_T_54100 (T=54100, N=2, K=2)
━━━━━━━━━━━━━━━━━━━━━━━━━━━━━━━━━━━━━━━━━━━━━━━━━━━━━━━━━━━━━━━━
  [Forward] 6.38666 ms (±0.413707) | 4.20152 GB/s
  [Backward] 6.57132 ms (±0.459276) | 4.08346 GB/s
  [Viterbi] 5.86941 ms (±0.601441) | 4.60865 GB/s
  [Baum-Welch 10 iter] 148.627 ms (±6.8327) | LL=-143611

━━━━━━━━━━━━━━━━━━━━━━━━━━━━━━━━━━━━━━━━━━━━━━━━━━━━━━━━━━━━━━━━
Profiling: scaling_T_55100 (T=55100, N=2, K=2)
━━━━━━━━━━━━━━━━━━━━━━━━━━━━━━━━━━━━━━━━━━━━━━━━━━━━━━━━━━━━━━━━
  [Forward] 6.491 ms (±0.383485) | 4.2104 GB/s
  [Backward] 6.67384 ms (±0.448372) | 4.09505 GB/s
  [Viterbi] 6.03415 ms (±0.66295) | 4.5657 GB/s
  [Baum-Welch 10 iter] 145.535 ms (±7.36393) | LL=-156357

━━━━━━━━━━━━━━━━━━━━━━━━━━━━━━━━━━━━━━━━━━━━━━━━━━━━━━━━━━━━━━━━
Profiling: scaling_T_56100 (T=56100, N=2, K=2)
━━━━━━━━━━━━━━━━━━━━━━━━━━━━━━━━━━━━━━━━━━━━━━━━━━━━━━━━━━━━━━━━
  [Forward] 5.93868 ms (±0.573701) | 4.6855 GB/s
  [Backward] 6.10615 ms (±0.600951) | 4.55699 GB/s
  [Viterbi] 5.29898 ms (±0.557876) | 5.29349 GB/s
  [Baum-Welch 10 iter] 149.638 ms (±6.62273) | LL=-158255

━━━━━━━━━━━━━━━━━━━━━━━━━━━━━━━━━━━━━━━━━━━━━━━━━━━━━━━━━━━━━━━━
Profiling: scaling_T_57100 (T=57100, N=2, K=2)
━━━━━━━━━━━━━━━━━━━━━━━━━━━━━━━━━━━━━━━━━━━━━━━━━━━━━━━━━━━━━━━━
  [Forward] 6.45111 ms (±0.60717) | 4.3902 GB/s
  [Backward] 6.32752 ms (±0.532552) | 4.47595 GB/s
  [Viterbi] 5.71996 ms (±0.658719) | 4.99131 GB/s
  [Baum-Welch 10 iter] 152.279 ms (±5.6837) | LL=-161482

━━━━━━━━━━━━━━━━━━━━━━━━━━━━━━━━━━━━━━━━━━━━━━━━━━━━━━━━━━━━━━━━
Profiling: scaling_T_58100 (T=58100, N=2, K=2)
━━━━━━━━━━━━━━━━━━━━━━━━━━━━━━━━━━━━━━━━━━━━━━━━━━━━━━━━━━━━━━━━
  [Forward] 6.57819 ms (±0.524744) | 4.38079 GB/s
  [Backward] 6.59074 ms (±0.438389) | 4.37245 GB/s
  [Viterbi] 5.98085 ms (±0.701106) | 4.85718 GB/s
  [Baum-Welch 10 iter] 153.611 ms (±5.27152) | LL=-164765

━━━━━━━━━━━━━━━━━━━━━━━━━━━━━━━━━━━━━━━━━━━━━━━━━━━━━━━━━━━━━━━━
Profiling: scaling_T_59100 (T=59100, N=2, K=2)
━━━━━━━━━━━━━━━━━━━━━━━━━━━━━━━━━━━━━━━━━━━━━━━━━━━━━━━━━━━━━━━━
  [Forward] 6.34644 ms (±0.602828) | 4.61891 GB/s
  [Backward] 6.55518 ms (±0.515008) | 4.47184 GB/s
  [Viterbi] 6.18659 ms (±0.570989) | 4.77647 GB/s
  [Baum-Welch 10 iter] 157.19 ms (±10.217) | LL=-140668

━━━━━━━━━━━━━━━━━━━━━━━━━━━━━━━━━━━━━━━━━━━━━━━━━━━━━━━━━━━━━━━━
Profiling: scaling_T_60100 (T=60100, N=2, K=2)
━━━━━━━━━━━━━━━━━━━━━━━━━━━━━━━━━━━━━━━━━━━━━━━━━━━━━━━━━━━━━━━━
  [Forward] 6.63546 ms (±0.458624) | 4.49248 GB/s
  [Backward] 6.43851 ms (±0.461227) | 4.6299 GB/s
  [Viterbi] 6.33764 ms (±0.431395) | 4.74153 GB/s
  [Baum-Welch 10 iter] 154.104 ms (±5.23175) | LL=-148376

━━━━━━━━━━━━━━━━━━━━━━━━━━━━━━━━━━━━━━━━━━━━━━━━━━━━━━━━━━━━━━━━
Profiling: scaling_T_6100 (T=6100, N=2, K=2)
━━━━━━━━━━━━━━━━━━━━━━━━━━━━━━━━━━━━━━━━━━━━━━━━━━━━━━━━━━━━━━━━
  [Forward] 3.02308 ms (±0.123889) | 1.00086 GB/s
  [Backward] 3.03214 ms (±0.116298) | 0.99787 GB/s
  [Viterbi] 3.02658 ms (±0.115431) | 1.00777 GB/s
  [Baum-Welch 10 iter] 77.4131 ms (±1.99886) | LL=-17251.1

━━━━━━━━━━━━━━━━━━━━━━━━━━━━━━━━━━━━━━━━━━━━━━━━━━━━━━━━━━━━━━━━
Profiling: scaling_T_61100 (T=61100, N=2, K=2)
━━━━━━━━━━━━━━━━━━━━━━━━━━━━━━━━━━━━━━━━━━━━━━━━━━━━━━━━━━━━━━━━
  [Forward] 6.69832 ms (±0.506258) | 4.52437 GB/s
  [Backward] 6.68591 ms (±0.563636) | 4.53277 GB/s
  [Viterbi] 6.2907 ms (±0.480194) | 4.85639 GB/s
  [Baum-Welch 10 iter] 156.453 ms (±8.08314) | LL=-173274

━━━━━━━━━━━━━━━━━━━━━━━━━━━━━━━━━━━━━━━━━━━━━━━━━━━━━━━━━━━━━━━━
Profiling: scaling_T_62100 (T=62100, N=2, K=2)
━━━━━━━━━━━━━━━━━━━━━━━━━━━━━━━━━━━━━━━━━━━━━━━━━━━━━━━━━━━━━━━━
  [Forward] 6.51679 ms (±0.428686) | 4.72651 GB/s
  [Backward] 6.64779 ms (±0.552275) | 4.63337 GB/s
  [Viterbi] 6.34336 ms (±0.463326) | 4.8949 GB/s
  [Baum-Welch 10 iter] 154.451 ms (±5.73066) | LL=-160147

━━━━━━━━━━━━━━━━━━━━━━━━━━━━━━━━━━━━━━━━━━━━━━━━━━━━━━━━━━━━━━━━
Profiling: scaling_T_63100 (T=63100, N=2, K=2)
━━━━━━━━━━━━━━━━━━━━━━━━━━━━━━━━━━━━━━━━━━━━━━━━━━━━━━━━━━━━━━━━
  [Forward] 6.38862 ms (±0.444384) | 4.89898 GB/s
  [Backward] 6.48976 ms (±0.532982) | 4.82263 GB/s
  [Viterbi] 6.07911 ms (±0.577212) | 5.18992 GB/s
  [Baum-Welch 10 iter] 155.835 ms (±6.23363) | LL=-178262

━━━━━━━━━━━━━━━━━━━━━━━━━━━━━━━━━━━━━━━━━━━━━━━━━━━━━━━━━━━━━━━━
Profiling: scaling_T_64100 (T=64100, N=2, K=2)
━━━━━━━━━━━━━━━━━━━━━━━━━━━━━━━━━━━━━━━━━━━━━━━━━━━━━━━━━━━━━━━━
  [Forward] 6.65565 ms (±0.542166) | 4.77694 GB/s
  [Backward] 6.83818 ms (±0.599775) | 4.64944 GB/s
  [Viterbi] 6.52733 ms (±0.396897) | 4.91014 GB/s
  [Baum-Welch 10 iter] 141.109 ms (±6.5967) | LL=-181853

━━━━━━━━━━━━━━━━━━━━━━━━━━━━━━━━━━━━━━━━━━━━━━━━━━━━━━━━━━━━━━━━
Profiling: scaling_T_65100 (T=65100, N=2, K=2)
━━━━━━━━━━━━━━━━━━━━━━━━━━━━━━━━━━━━━━━━━━━━━━━━━━━━━━━━━━━━━━━━
  [Forward] 7.13052 ms (±0.67525) | 4.52838 GB/s
  [Backward] 6.92156 ms (±0.561379) | 4.66509 GB/s
  [Viterbi] 6.63125 ms (±0.550645) | 4.90859 GB/s
  [Baum-Welch 10 iter] 156.936 ms (±7.49834) | LL=-177024

━━━━━━━━━━━━━━━━━━━━━━━━━━━━━━━━━━━━━━━━━━━━━━━━━━━━━━━━━━━━━━━━
Profiling: scaling_T_66100 (T=66100, N=2, K=2)
━━━━━━━━━━━━━━━━━━━━━━━━━━━━━━━━━━━━━━━━━━━━━━━━━━━━━━━━━━━━━━━━
  [Forward] 0.47923 ms (±0.0914927) | 68.4132 GB/s
  [Backward] 0.439963 ms (±0.00409671) | 74.5192 GB/s
  [Viterbi] 0.442211 ms (±0.00479399) | 74.7383 GB/s
  [Baum-Welch 10 iter] 5.80761 ms (±0.59137) | LL=0.693147

━━━━━━━━━━━━━━━━━━━━━━━━━━━━━━━━━━━━━━━━━━━━━━━━━━━━━━━━━━━━━━━━
Profiling: scaling_T_67100 (T=67100, N=2, K=2)
━━━━━━━━━━━━━━━━━━━━━━━━━━━━━━━━━━━━━━━━━━━━━━━━━━━━━━━━━━━━━━━━
  [Forward] 0.44538 ms (±0.00900102) | 74.7265 GB/s
  [Backward] 0.442813 ms (±0.00433512) | 75.1597 GB/s
  [Viterbi] 0.446193 ms (±0.00659792) | 75.1918 GB/s
  [Baum-Welch 10 iter] 5.58392 ms (±0.363114) | LL=0.693147

━━━━━━━━━━━━━━━━━━━━━━━━━━━━━━━━━━━━━━━━━━━━━━━━━━━━━━━━━━━━━━━━
Profiling: scaling_T_68100 (T=68100, N=2, K=2)
━━━━━━━━━━━━━━━━━━━━━━━━━━━━━━━━━━━━━━━━━━━━━━━━━━━━━━━━━━━━━━━━
  [Forward] 0.444315 ms (±0.0075237) | 76.022 GB/s
  [Backward] 0.442768 ms (±0.00514747) | 76.2876 GB/s
  [Viterbi] 0.443437 ms (±0.0037783) | 76.7868 GB/s
  [Baum-Welch 10 iter] 5.73886 ms (±0.474166) | LL=0.693147

━━━━━━━━━━━━━━━━━━━━━━━━━━━━━━━━━━━━━━━━━━━━━━━━━━━━━━━━━━━━━━━━
Profiling: scaling_T_69100 (T=69100, N=2, K=2)
━━━━━━━━━━━━━━━━━━━━━━━━━━━━━━━━━━━━━━━━━━━━━━━━━━━━━━━━━━━━━━━━
  [Forward] 0.444196 ms (±0.007756) | 77.1589 GB/s
  [Backward] 0.441601 ms (±0.00418559) | 77.6123 GB/s
  [Viterbi] 0.442619 ms (±0.00504605) | 78.0582 GB/s
  [Baum-Welch 10 iter] 5.67841 ms (±0.478326) | LL=0.693147

━━━━━━━━━━━━━━━━━━━━━━━━━━━━━━━━━━━━━━━━━━━━━━━━━━━━━━━━━━━━━━━━
Profiling: scaling_T_70100 (T=70100, N=2, K=2)
━━━━━━━━━━━━━━━━━━━━━━━━━━━━━━━━━━━━━━━━━━━━━━━━━━━━━━━━━━━━━━━━
  [Forward] 0.445212 ms (±0.008124) | 78.0969 GB/s
  [Backward] 0.443134 ms (±0.00440562) | 78.4631 GB/s
  [Viterbi] 0.442788 ms (±0.00386024) | 79.1577 GB/s
  [Baum-Welch 10 iter] 5.77893 ms (±0.496935) | LL=0.693147

━━━━━━━━━━━━━━━━━━━━━━━━━━━━━━━━━━━━━━━━━━━━━━━━━━━━━━━━━━━━━━━━
Profiling: scaling_T_7100 (T=7100, N=2, K=2)
━━━━━━━━━━━━━━━━━━━━━━━━━━━━━━━━━━━━━━━━━━━━━━━━━━━━━━━━━━━━━━━━
  [Forward] 3.2276 ms (±0.282613) | 1.09112 GB/s
  [Backward] 3.1486 ms (±0.100235) | 1.11849 GB/s
  [Viterbi] 3.19855 ms (±0.303997) | 1.1099 GB/s
  [Baum-Welch 10 iter] 78.8984 ms (±1.95995) | LL=-18425.5

━━━━━━━━━━━━━━━━━━━━━━━━━━━━━━━━━━━━━━━━━━━━━━━━━━━━━━━━━━━━━━━━
Profiling: scaling_T_71100 (T=71100, N=2, K=2)
━━━━━━━━━━━━━━━━━━━━━━━━━━━━━━━━━━━━━━━━━━━━━━━━━━━━━━━━━━━━━━━━
  [Forward] 0.486946 ms (±0.127282) | 72.4222 GB/s
  [Backward] 0.445246 ms (±0.00559862) | 79.205 GB/s
  [Viterbi] 0.4432 ms (±0.0044129) | 80.2123 GB/s
  [Baum-Welch 10 iter] 5.97107 ms (±0.47326) | LL=0.693147

━━━━━━━━━━━━━━━━━━━━━━━━━━━━━━━━━━━━━━━━━━━━━━━━━━━━━━━━━━━━━━━━
Profiling: scaling_T_72100 (T=72100, N=2, K=2)
━━━━━━━━━━━━━━━━━━━━━━━━━━━━━━━━━━━━━━━━━━━━━━━━━━━━━━━━━━━━━━━━
  [Forward] 0.468493 ms (±0.0788592) | 76.3335 GB/s
  [Backward] 0.445422 ms (±0.00413099) | 80.2872 GB/s
  [Viterbi] 0.443322 ms (±0.00436079) | 81.3181 GB/s
  [Baum-Welch 10 iter] 5.89869 ms (±0.548601) | LL=0.693147

━━━━━━━━━━━━━━━━━━━━━━━━━━━━━━━━━━━━━━━━━━━━━━━━━━━━━━━━━━━━━━━━
Profiling: scaling_T_73100 (T=73100, N=2, K=2)
━━━━━━━━━━━━━━━━━━━━━━━━━━━━━━━━━━━━━━━━━━━━━━━━━━━━━━━━━━━━━━━━
  [Forward] 0.446739 ms (±0.00660301) | 81.1608 GB/s
  [Backward] 0.442942 ms (±0.0055557) | 81.8564 GB/s
  [Viterbi] 0.443036 ms (±0.00375773) | 82.4991 GB/s
  [Baum-Welch 10 iter] 5.96331 ms (±0.632047) | LL=0.693147

━━━━━━━━━━━━━━━━━━━━━━━━━━━━━━━━━━━━━━━━━━━━━━━━━━━━━━━━━━━━━━━━
Profiling: scaling_T_74100 (T=74100, N=2, K=2)
━━━━━━━━━━━━━━━━━━━━━━━━━━━━━━━━━━━━━━━━━━━━━━━━━━━━━━━━━━━━━━━━
  [Forward] 0.453827 ms (±0.0233886) | 80.9862 GB/s
  [Backward] 0.44366 ms (±0.00416543) | 82.842 GB/s
  [Viterbi] 0.44329 ms (±0.00422263) | 83.5798 GB/s
  [Baum-Welch 10 iter] 6.00754 ms (±0.594017) | LL=0.693147

━━━━━━━━━━━━━━━━━━━━━━━━━━━━━━━━━━━━━━━━━━━━━━━━━━━━━━━━━━━━━━━━
Profiling: scaling_T_75100 (T=75100, N=2, K=2)
━━━━━━━━━━━━━━━━━━━━━━━━━━━━━━━━━━━━━━━━━━━━━━━━━━━━━━━━━━━━━━━━
  [Forward] 0.450836 ms (±0.00695045) | 82.6235 GB/s
  [Backward] 0.443936 ms (±0.00472841) | 83.9077 GB/s
  [Viterbi] 0.443617 ms (±0.00427052) | 84.6452 GB/s
  [Baum-Welch 10 iter] 6.15439 ms (±0.571855) | LL=0.693147

━━━━━━━━━━━━━━━━━━━━━━━━━━━━━━━━━━━━━━━━━━━━━━━━━━━━━━━━━━━━━━━━
Profiling: scaling_T_76100 (T=76100, N=2, K=2)
━━━━━━━━━━━━━━━━━━━━━━━━━━━━━━━━━━━━━━━━━━━━━━━━━━━━━━━━━━━━━━━━
  [Forward] 0.448293 ms (±0.00768054) | 84.1987 GB/s
  [Backward] 0.443027 ms (±0.00511649) | 85.1996 GB/s
  [Viterbi] 0.443051 ms (±0.00453378) | 85.8819 GB/s
  [Baum-Welch 10 iter] 5.97213 ms (±0.552984) | LL=0.693147

━━━━━━━━━━━━━━━━━━━━━━━━━━━━━━━━━━━━━━━━━━━━━━━━━━━━━━━━━━━━━━━━
Profiling: scaling_T_77100 (T=77100, N=2, K=2)
━━━━━━━━━━━━━━━━━━━━━━━━━━━━━━━━━━━━━━━━━━━━━━━━━━━━━━━━━━━━━━━━
  [Forward] 0.476668 ms (±0.00880225) | 80.227 GB/s
  [Backward] 0.472264 ms (±0.00826555) | 80.9752 GB/s
  [Viterbi] 0.472925 ms (±0.00688533) | 81.5141 GB/s
  [Baum-Welch 10 iter] 5.79279 ms (±0.497933) | LL=0.693147

━━━━━━━━━━━━━━━━━━━━━━━━━━━━━━━━━━━━━━━━━━━━━━━━━━━━━━━━━━━━━━━━
Profiling: scaling_T_78100 (T=78100, N=2, K=2)
━━━━━━━━━━━━━━━━━━━━━━━━━━━━━━━━━━━━━━━━━━━━━━━━━━━━━━━━━━━━━━━━
  [Forward] 0.444489 ms (±0.0072722) | 87.1511 GB/s
  [Backward] 0.445458 ms (±0.00485921) | 86.9614 GB/s
  [Viterbi] 0.445932 ms (±0.0036822) | 87.5696 GB/s
  [Baum-Welch 10 iter] 5.70345 ms (±0.622253) | LL=0.693147

━━━━━━━━━━━━━━━━━━━━━━━━━━━━━━━━━━━━━━━━━━━━━━━━━━━━━━━━━━━━━━━━
Profiling: scaling_T_79100 (T=79100, N=2, K=2)
━━━━━━━━━━━━━━━━━━━━━━━━━━━━━━━━━━━━━━━━━━━━━━━━━━━━━━━━━━━━━━━━
  [Forward] 0.450289 ms (±0.00869154) | 87.1299 GB/s
  [Backward] 0.450219 ms (±0.00584036) | 87.1436 GB/s
  [Viterbi] 0.44494 ms (±0.00477912) | 88.8886 GB/s
  [Baum-Welch 10 iter] 6.02374 ms (±0.569806) | LL=0.693147

━━━━━━━━━━━━━━━━━━━━━━━━━━━━━━━━━━━━━━━━━━━━━━━━━━━━━━━━━━━━━━━━
Profiling: scaling_T_80100 (T=80100, N=2, K=2)
━━━━━━━━━━━━━━━━━━━━━━━━━━━━━━━━━━━━━━━━━━━━━━━━━━━━━━━━━━━━━━━━
  [Forward] 0.447566 ms (±0.00758557) | 88.7684 GB/s
  [Backward] 0.442805 ms (±0.00518085) | 89.7228 GB/s
  [Viterbi] 0.444248 ms (±0.0046277) | 90.1525 GB/s
  [Baum-Welch 10 iter] 5.8472 ms (±0.508249) | LL=0.693147

━━━━━━━━━━━━━━━━━━━━━━━━━━━━━━━━━━━━━━━━━━━━━━━━━━━━━━━━━━━━━━━━
Profiling: scaling_T_8100 (T=8100, N=2, K=2)
━━━━━━━━━━━━━━━━━━━━━━━━━━━━━━━━━━━━━━━━━━━━━━━━━━━━━━━━━━━━━━━━
  [Forward] 3.09962 ms (±0.346426) | 1.29619 GB/s
  [Backward] 3.071 ms (±0.337303) | 1.30827 GB/s
  [Viterbi] 2.95977 ms (±0.102958) | 1.36838 GB/s
  [Baum-Welch 10 iter] 78.7643 ms (±2.27763) | LL=-22970

━━━━━━━━━━━━━━━━━━━━━━━━━━━━━━━━━━━━━━━━━━━━━━━━━━━━━━━━━━━━━━━━
Profiling: scaling_T_81100 (T=81100, N=2, K=2)
━━━━━━━━━━━━━━━━━━━━━━━━━━━━━━━━━━━━━━━━━━━━━━━━━━━━━━━━━━━━━━━━
  [Forward] 0.475012 ms (±0.0671036) | 84.6835 GB/s
  [Backward] 0.442917 ms (±0.0046909) | 90.8199 GB/s
  [Viterbi] 0.443891 ms (±0.00434603) | 91.3515 GB/s
  [Baum-Welch 10 iter] 5.93385 ms (±0.461962) | LL=0.693147

━━━━━━━━━━━━━━━━━━━━━━━━━━━━━━━━━━━━━━━━━━━━━━━━━━━━━━━━━━━━━━━━
Profiling: scaling_T_82100 (T=82100, N=2, K=2)
━━━━━━━━━━━━━━━━━━━━━━━━━━━━━━━━━━━━━━━━━━━━━━━━━━━━━━━━━━━━━━━━
  [Forward] 0.448682 ms (±0.00698906) | 90.7585 GB/s
  [Backward] 0.445012 ms (±0.00495876) | 91.5069 GB/s
  [Viterbi] 0.449213 ms (±0.00760606) | 91.3823 GB/s
  [Baum-Welch 10 iter] 5.96925 ms (±0.485523) | LL=0.693147

━━━━━━━━━━━━━━━━━━━━━━━━━━━━━━━━━━━━━━━━━━━━━━━━━━━━━━━━━━━━━━━━
Profiling: scaling_T_83100 (T=83100, N=2, K=2)
━━━━━━━━━━━━━━━━━━━━━━━━━━━━━━━━━━━━━━━━━━━━━━━━━━━━━━━━━━━━━━━━
  [Forward] 0.448475 ms (±0.00808402) | 91.9063 GB/s
  [Backward] 0.448439 ms (±0.00841825) | 91.9137 GB/s
  [Viterbi] 0.443488 ms (±0.00502836) | 93.6893 GB/s
  [Baum-Welch 10 iter] 5.97781 ms (±0.574385) | LL=0.693147

━━━━━━━━━━━━━━━━━━━━━━━━━━━━━━━━━━━━━━━━━━━━━━━━━━━━━━━━━━━━━━━━
Profiling: scaling_T_84100 (T=84100, N=2, K=2)
━━━━━━━━━━━━━━━━━━━━━━━━━━━━━━━━━━━━━━━━━━━━━━━━━━━━━━━━━━━━━━━━
  [Forward] 0.454819 ms (±0.0210054) | 91.7149 GB/s
  [Backward] 0.445354 ms (±0.00559052) | 93.6641 GB/s
  [Viterbi] 0.443856 ms (±0.00441397) | 94.7382 GB/s
  [Baum-Welch 10 iter] 5.97513 ms (±0.593198) | LL=0.693147

━━━━━━━━━━━━━━━━━━━━━━━━━━━━━━━━━━━━━━━━━━━━━━━━━━━━━━━━━━━━━━━━
Profiling: scaling_T_85100 (T=85100, N=2, K=2)
━━━━━━━━━━━━━━━━━━━━━━━━━━━━━━━━━━━━━━━━━━━━━━━━━━━━━━━━━━━━━━━━
  [Forward] 0.448295 ms (±0.00840181) | 94.156 GB/s
  [Backward] 0.444596 ms (±0.00510003) | 94.9394 GB/s
  [Viterbi] 0.444556 ms (±0.00486777) | 95.7136 GB/s
  [Baum-Welch 10 iter] 5.92583 ms (±0.432797) | LL=0.693147

━━━━━━━━━━━━━━━━━━━━━━━━━━━━━━━━━━━━━━━━━━━━━━━━━━━━━━━━━━━━━━━━
Profiling: scaling_T_86100 (T=86100, N=2, K=2)
━━━━━━━━━━━━━━━━━━━━━━━━━━━━━━━━━━━━━━━━━━━━━━━━━━━━━━━━━━━━━━━━
  [Forward] 0.468894 ms (±0.0778936) | 91.0775 GB/s
  [Backward] 0.443052 ms (±0.00461151) | 96.3899 GB/s
  [Viterbi] 0.445136 ms (±0.00596829) | 96.7121 GB/s
  [Baum-Welch 10 iter] 5.82473 ms (±0.390976) | LL=0.693147

━━━━━━━━━━━━━━━━━━━━━━━━━━━━━━━━━━━━━━━━━━━━━━━━━━━━━━━━━━━━━━━━
Profiling: scaling_T_87100 (T=87100, N=2, K=2)
━━━━━━━━━━━━━━━━━━━━━━━━━━━━━━━━━━━━━━━━━━━━━━━━━━━━━━━━━━━━━━━━
  [Forward] 0.447168 ms (±0.00752644) | 96.6117 GB/s
  [Backward] 0.445548 ms (±0.0073698) | 96.9629 GB/s
  [Viterbi] 0.441161 ms (±0.00332244) | 98.717 GB/s
  [Baum-Welch 10 iter] 5.87608 ms (±0.432072) | LL=0.693147

━━━━━━━━━━━━━━━━━━━━━━━━━━━━━━━━━━━━━━━━━━━━━━━━━━━━━━━━━━━━━━━━
Profiling: scaling_T_88100 (T=88100, N=2, K=2)
━━━━━━━━━━━━━━━━━━━━━━━━━━━━━━━━━━━━━━━━━━━━━━━━━━━━━━━━━━━━━━━━
  [Forward] 0.447384 ms (±0.00775961) | 97.6737 GB/s
  [Backward] 0.442107 ms (±0.00375634) | 98.8396 GB/s
  [Viterbi] 0.441833 ms (±0.00350984) | 99.6985 GB/s
  [Baum-Welch 10 iter] 6.45582 ms (±0.366569) | LL=0.693147

━━━━━━━━━━━━━━━━━━━━━━━━━━━━━━━━━━━━━━━━━━━━━━━━━━━━━━━━━━━━━━━━
Profiling: scaling_T_89100 (T=89100, N=2, K=2)
━━━━━━━━━━━━━━━━━━━━━━━━━━━━━━━━━━━━━━━━━━━━━━━━━━━━━━━━━━━━━━━━
  [Forward] 0.445346 ms (±0.00822238) | 99.2346 GB/s
  [Backward] 0.44299 ms (±0.00409158) | 99.7622 GB/s
  [Viterbi] 0.442634 ms (±0.00334845) | 100.648 GB/s
  [Baum-Welch 10 iter] 6.34967 ms (±0.240193) | LL=0.693147

━━━━━━━━━━━━━━━━━━━━━━━━━━━━━━━━━━━━━━━━━━━━━━━━━━━━━━━━━━━━━━━━
Profiling: scaling_T_90100 (T=90100, N=2, K=2)
━━━━━━━━━━━━━━━━━━━━━━━━━━━━━━━━━━━━━━━━━━━━━━━━━━━━━━━━━━━━━━━━
  [Forward] 0.447108 ms (±0.00728508) | 99.9527 GB/s
  [Backward] 0.44148 ms (±0.00545066) | 101.227 GB/s
  [Viterbi] 0.440239 ms (±0.00357886) | 102.331 GB/s
  [Baum-Welch 10 iter] 6.38821 ms (±0.235231) | LL=0.693147

━━━━━━━━━━━━━━━━━━━━━━━━━━━━━━━━━━━━━━━━━━━━━━━━━━━━━━━━━━━━━━━━
Profiling: scaling_T_9100 (T=9100, N=2, K=2)
━━━━━━━━━━━━━━━━━━━━━━━━━━━━━━━━━━━━━━━━━━━━━━━━━━━━━━━━━━━━━━━━
  [Forward] 3.34587 ms (±0.19472) | 1.34903 GB/s
  [Backward] 3.35107 ms (±0.114648) | 1.34694 GB/s
  [Viterbi] 3.33204 ms (±0.125474) | 1.36555 GB/s
  [Baum-Welch 10 iter] 80.0783 ms (±4.07564) | LL=-25810.7

━━━━━━━━━━━━━━━━━━━━━━━━━━━━━━━━━━━━━━━━━━━━━━━━━━━━━━━━━━━━━━━━
Profiling: scaling_T_91100 (T=91100, N=2, K=2)
━━━━━━━━━━━━━━━━━━━━━━━━━━━━━━━━━━━━━━━━━━━━━━━━━━━━━━━━━━━━━━━━
  [Forward] 0.498682 ms (±0.0398695) | 90.6102 GB/s
  [Backward] 0.487662 ms (±0.00447345) | 92.6577 GB/s
  [Viterbi] 0.487011 ms (±0.00273742) | 93.5298 GB/s
  [Baum-Welch 10 iter] 6.58315 ms (±0.736846) | LL=0.693147

━━━━━━━━━━━━━━━━━━━━━━━━━━━━━━━━━━━━━━━━━━━━━━━━━━━━━━━━━━━━━━━━
Profiling: scaling_T_92100 (T=92100, N=2, K=2)
━━━━━━━━━━━━━━━━━━━━━━━━━━━━━━━━━━━━━━━━━━━━━━━━━━━━━━━━━━━━━━━━
  [Forward] 0.443694 ms (±0.00778976) | 102.958 GB/s
  [Backward] 0.438792 ms (±0.00351385) | 104.108 GB/s
  [Viterbi] 0.43883 ms (±0.00338974) | 104.938 GB/s
  [Baum-Welch 10 iter] 6.42324 ms (±0.298223) | LL=0.693147

━━━━━━━━━━━━━━━━━━━━━━━━━━━━━━━━━━━━━━━━━━━━━━━━━━━━━━━━━━━━━━━━
Profiling: scaling_T_93100 (T=93100, N=2, K=2)
━━━━━━━━━━━━━━━━━━━━━━━━━━━━━━━━━━━━━━━━━━━━━━━━━━━━━━━━━━━━━━━━
  [Forward] 0.473091 ms (±0.0890117) | 97.6085 GB/s
  [Backward] 0.44112 ms (±0.00474186) | 104.683 GB/s
  [Viterbi] 0.439831 ms (±0.00345664) | 105.836 GB/s
  [Baum-Welch 10 iter] 6.53734 ms (±0.491268) | LL=0.693147

━━━━━━━━━━━━━━━━━━━━━━━━━━━━━━━━━━━━━━━━━━━━━━━━━━━━━━━━━━━━━━━━
Profiling: scaling_T_94100 (T=94100, N=2, K=2)
━━━━━━━━━━━━━━━━━━━━━━━━━━━━━━━━━━━━━━━━━━━━━━━━━━━━━━━━━━━━━━━━
  [Forward] 0.449783 ms (±0.023182) | 103.769 GB/s
  [Backward] 0.44308 ms (±0.00357052) | 105.339 GB/s
  [Viterbi] 0.441591 ms (±0.00395743) | 106.547 GB/s
  [Baum-Welch 10 iter] 6.4556 ms (±0.337428) | LL=0.693147

━━━━━━━━━━━━━━━━━━━━━━━━━━━━━━━━━━━━━━━━━━━━━━━━━━━━━━━━━━━━━━━━
Profiling: scaling_T_95100 (T=95100, N=2, K=2)
━━━━━━━━━━━━━━━━━━━━━━━━━━━━━━━━━━━━━━━━━━━━━━━━━━━━━━━━━━━━━━━━
  [Forward] 0.444625 ms (±0.00747916) | 106.089 GB/s
  [Backward] 0.441831 ms (±0.0045513) | 106.76 GB/s
  [Viterbi] 0.441877 ms (±0.00336562) | 107.609 GB/s
  [Baum-Welch 10 iter] 6.45564 ms (±0.419802) | LL=0.693147

━━━━━━━━━━━━━━━━━━━━━━━━━━━━━━━━━━━━━━━━━━━━━━━━━━━━━━━━━━━━━━━━
Profiling: scaling_T_96100 (T=96100, N=2, K=2)
━━━━━━━━━━━━━━━━━━━━━━━━━━━━━━━━━━━━━━━━━━━━━━━━━━━━━━━━━━━━━━━━
  [Forward] 0.444479 ms (±0.00778269) | 107.24 GB/s
  [Backward] 0.44159 ms (±0.00438482) | 107.941 GB/s
  [Viterbi] 0.441406 ms (±0.00400781) | 108.857 GB/s
  [Baum-Welch 10 iter] 6.41883 ms (±0.261168) | LL=0.693147

━━━━━━━━━━━━━━━━━━━━━━━━━━━━━━━━━━━━━━━━━━━━━━━━━━━━━━━━━━━━━━━━
Profiling: scaling_T_97100 (T=97100, N=2, K=2)
━━━━━━━━━━━━━━━━━━━━━━━━━━━━━━━━━━━━━━━━━━━━━━━━━━━━━━━━━━━━━━━━
  [Forward] 0.445077 ms (±0.00742852) | 108.21 GB/s
  [Backward] 0.440426 ms (±0.00438492) | 109.352 GB/s
  [Viterbi] 0.440967 ms (±0.00498124) | 110.099 GB/s
  [Baum-Welch 10 iter] 6.41721 ms (±0.264676) | LL=0.693147

━━━━━━━━━━━━━━━━━━━━━━━━━━━━━━━━━━━━━━━━━━━━━━━━━━━━━━━━━━━━━━━━
Profiling: scaling_T_98100 (T=98100, N=2, K=2)
━━━━━━━━━━━━━━━━━━━━━━━━━━━━━━━━━━━━━━━━━━━━━━━━━━━━━━━━━━━━━━━━
  [Forward] 0.445713 ms (±0.0064606) | 109.168 GB/s
  [Backward] 0.43982 ms (±0.00400909) | 110.631 GB/s
  [Viterbi] 0.441178 ms (±0.00530343) | 111.18 GB/s
  [Baum-Welch 10 iter] 6.45367 ms (±0.354399) | LL=0.693147

━━━━━━━━━━━━━━━━━━━━━━━━━━━━━━━━━━━━━━━━━━━━━━━━━━━━━━━━━━━━━━━━
Profiling: scaling_T_99100 (T=99100, N=2, K=2)
━━━━━━━━━━━━━━━━━━━━━━━━━━━━━━━━━━━━━━━━━━━━━━━━━━━━━━━━━━━━━━━━
  [Forward] 0.445698 ms (±0.00696537) | 110.285 GB/s
  [Backward] 0.442798 ms (±0.00454007) | 111.007 GB/s
  [Viterbi] 0.44089 ms (±0.00495793) | 112.387 GB/s
  [Baum-Welch 10 iter] 6.43653 ms (±0.356448) | LL=0.693147

═══════════════════════════════════════════════════════════════
                       EXPORT RESULTS                          
═══════════════════════════════════════════════════════════════
✓ GPU results saved to results/benchmarks/gpu_nsight_results.csv
✓ GPU results saved to results/benchmarks/gpu_nsight_results.json

╔══════════════════════════════════════════════════════════════╗
║                    PROFILING COMPLETE                        ║
╠══════════════════════════════════════════════════════════════╣
║  Total tests: 404                                          ║
║  CSV output:  results/benchmarks/gpu_nsight_results.csv    ║
║  JSON output: results/benchmarks/gpu_nsight_results.json   ║
╚══════════════════════════════════════════════════════════════╝

Next steps:
  Analyze with Python:
    python analyze_benchmark_results.py --gpu-csv results/benchmarks/gpu_nsight_results.csv

==PROF== Disconnected from process 109596

═══ FULL PROFILING COMPLETE ═══
Timing results: results/benchmarks/gpu_benchmark_results.csv
Nsight reports: results/nsight/

═══ JOB FINISHED ═══
End time: Fri Jan  9 11:53:04 CET 2026
Duration: 1098 seconds
