╔══════════════════════════════════════════════════════════════╗
║    HMM GPU PROFILING                                         ║
║    Job ID: 36939
║    Node: turing-2
║    Mode: full
║    Tests: all
╚══════════════════════════════════════════════════════════════╝

Date: Wed Jan  7 22:02:45 CET 2026

═══ GPU Information ═══
name, memory.total [MiB], driver_version, compute_cap
Quadro RTX 6000, 23040 MiB, 580.65.06, 7.5
Quadro RTX 6000, 23040 MiB, 580.65.06, 7.5
Quadro RTX 6000, 23040 MiB, 580.65.06, 7.5

═══ Building Project ═══
-- CPU tests enabled
-- CUDA tests enabled
--   - test_forward_backward_gpu
--   - test_viterbi_gpu
-- Profiling enabled - perf/gprof compatible build
-- 
-- ========================================
-- GPU HMM Regime Detection - Configuration
-- ========================================
-- Build type      : Release
-- C++ compiler    : /usr/bin/c++
-- CUDA support    : ON
-- Tests           : ON
-- Benchmarks      : OFF
-- Profiling       : ON
-- ========================================
-- 
-- Configuring done (3.5s)
-- Generating done (0.3s)
-- Build files have been written to: /user/7/dialloh/gpu_comp_hmm_regime/build
[ 85%] Built target hmm_cuda
[ 92%] Building CUDA object test/CMakeFiles/test_profile_gpu_robust.dir/cuda/test_profile_gpu_robust.cu.o
/user/7/dialloh/gpu_comp_hmm_regime/test/cuda/test_profile_gpu_robust.cu(497): warning #177-D: variable "bw_runs" was declared but never referenced
          int bw_runs = (data.T > 20000) ? 100 : 120;
              ^

Remark: The warnings can be suppressed with "-diag-suppress <warning-number>"

[100%] Linking CXX executable test_profile_gpu_robust
[100%] Built target test_profile_gpu_robust
✓ Build complete

═══ Phase 1: Timing Benchmark ═══

╔══════════════════════════════════════════════════════════╗
║ GPU: Quadro RTX 6000                                     ║
╠══════════════════════════════════════════════════════════╣
║ Compute Capability: 7.5                                     ║
║ Total Memory: 22501  MB                                   ║
║ SM Count: 72                                              ║
║ Max Threads/Block: 1024                                   ║
║ Warp Size: 32                                              ║
╚══════════════════════════════════════════════════════════╝

╔══════════════════════════════════════════════════════════════╗
║         GPU PROFILING - HMM ALGORITHMS (Hassan et al.)       ║
╠══════════════════════════════════════════════════════════════╣
║  Data dir: data/bench                                     ║
║  Output:   results/benchmarks/gpu_benchmark               ║
║  Mode:     all                                            ║
╚══════════════════════════════════════════════════════════════╝

Found 22 datasets:
  - scaling_N_10
  - scaling_N_3
  - scaling_N_5
  - scaling_T_100
  - scaling_T_1000
  - scaling_T_10000
  - scaling_T_100000
  - scaling_T_1000000
  - scaling_T_102400
  - scaling_T_12800
  - scaling_T_1600
  - scaling_T_200
  - scaling_T_204800
  - scaling_T_25600
  - scaling_T_3200
  - scaling_T_400
  - scaling_T_5000
  - scaling_T_50000
  - scaling_T_51200
  - scaling_T_6400
  - scaling_T_800
  - validation_convergence

━━━━━━━━━━━━━━━━━━━━━━━━━━━━━━━━━━━━━━━━━━━━━━━━━━━━━━━━━━━━━━━━
Profiling: scaling_N_10 (T=5000, N=10, K=4)
━━━━━━━━━━━━━━━━━━━━━━━━━━━━━━━━━━━━━━━━━━━━━━━━━━━━━━━━━━━━━━━━
  [Forward] 1.08218 ms (±0.0627749) | 55.7034 GB/s
  [Backward] 1.0633 ms (±0.037849) | 56.6928 GB/s
  [Viterbi] 0.622672 ms (±0.00488049) | 96.8428 GB/s
  [Baum-Welch 10 iter] 18.2073 ms (±0.037557) | LL=-9.99904e+08

━━━━━━━━━━━━━━━━━━━━━━━━━━━━━━━━━━━━━━━━━━━━━━━━━━━━━━━━━━━━━━━━
Profiling: scaling_N_3 (T=5000, N=3, K=4)
━━━━━━━━━━━━━━━━━━━━━━━━━━━━━━━━━━━━━━━━━━━━━━━━━━━━━━━━━━━━━━━━
  [Forward] 0.239375 ms (±0.00275984) | 23.1448 GB/s
  [Backward] 0.237755 ms (±0.00218397) | 23.3025 GB/s
  [Viterbi] 0.209707 ms (±0.00223033) | 26.5146 GB/s
  [Baum-Welch 10 iter] 9.23462 ms (±0.0225449) | LL=-24318.8

━━━━━━━━━━━━━━━━━━━━━━━━━━━━━━━━━━━━━━━━━━━━━━━━━━━━━━━━━━━━━━━━
Profiling: scaling_N_5 (T=5000, N=5, K=4)
━━━━━━━━━━━━━━━━━━━━━━━━━━━━━━━━━━━━━━━━━━━━━━━━━━━━━━━━━━━━━━━━
  [Forward] 0.268654 ms (±0.00297847) | 56.506 GB/s
  [Backward] 0.271706 ms (±0.0453084) | 55.8711 GB/s
  [Viterbi] 0.216473 ms (±0.00233017) | 70.2191 GB/s
  [Baum-Welch 10 iter] 9.57076 ms (±0.0289914) | LL=-9.99903e+08

━━━━━━━━━━━━━━━━━━━━━━━━━━━━━━━━━━━━━━━━━━━━━━━━━━━━━━━━━━━━━━━━
Profiling: scaling_T_100 (T=100, N=3, K=4)
━━━━━━━━━━━━━━━━━━━━━━━━━━━━━━━━━━━━━━━━━━━━━━━━━━━━━━━━━━━━━━━━
  [Forward] 0.0723994 ms (±0.00182111) | 1.53454 GB/s
  [Backward] 0.0665413 ms (±0.00175943) | 1.66964 GB/s
  [Viterbi] 0.0647905 ms (±0.000812841) | 1.72093 GB/s
  [Baum-Welch 10 iter] 21.2385 ms (±0.0499416) | LL=-510.658

━━━━━━━━━━━━━━━━━━━━━━━━━━━━━━━━━━━━━━━━━━━━━━━━━━━━━━━━━━━━━━━━
Profiling: scaling_T_1000 (T=1000, N=3, K=4)
━━━━━━━━━━━━━━━━━━━━━━━━━━━━━━━━━━━━━━━━━━━━━━━━━━━━━━━━━━━━━━━━
  [Forward] 0.111584 ms (±0.0050747) | 9.93239 GB/s
  [Backward] 0.106107 ms (±0.000900666) | 10.4451 GB/s
  [Viterbi] 0.100092 ms (±0.0025919) | 11.1128 GB/s
  [Baum-Welch 10 iter] 5.13457 ms (±0.0346358) | LL=-5007.3
  [Baum-Welch Convergence] 3.28678 ms (11 iters, LL=-5277.97)

━━━━━━━━━━━━━━━━━━━━━━━━━━━━━━━━━━━━━━━━━━━━━━━━━━━━━━━━━━━━━━━━
Profiling: scaling_T_10000 (T=10000, N=3, K=4)
━━━━━━━━━━━━━━━━━━━━━━━━━━━━━━━━━━━━━━━━━━━━━━━━━━━━━━━━━━━━━━━━
  [Forward] 0.368521 ms (±0.00415756) | 30.067 GB/s
  [Backward] 0.366149 ms (±0.00270462) | 30.2617 GB/s
  [Viterbi] 0.3214 ms (±0.00239186) | 34.5995 GB/s
  [Baum-Welch 10 iter] 34.8395 ms (±0.0285035) | LL=-53160.1
  [Baum-Welch Convergence] 9.1823 ms (11 iters, LL=-56422.6)

━━━━━━━━━━━━━━━━━━━━━━━━━━━━━━━━━━━━━━━━━━━━━━━━━━━━━━━━━━━━━━━━
Profiling: scaling_T_100000 (T=100000, N=3, K=4)
━━━━━━━━━━━━━━━━━━━━━━━━━━━━━━━━━━━━━━━━━━━━━━━━━━━━━━━━━━━━━━━━
  [Forward] 0.442769 ms (±0.0980299) | 250.244 GB/s
  [Backward] 0.398762 ms (±0.00345119) | 277.861 GB/s
  [Viterbi] 0.398589 ms (±0.00280112) | 278.985 GB/s
  [Baum-Welch 10 iter] 4.37045 ms (±0.0110351) | LL=1.09861
  [Baum-Welch Convergence] 4.36429 ms (2 iters, LL=1.09861)

━━━━━━━━━━━━━━━━━━━━━━━━━━━━━━━━━━━━━━━━━━━━━━━━━━━━━━━━━━━━━━━━
Profiling: scaling_T_1000000 (T=1000000, N=3, K=4)
━━━━━━━━━━━━━━━━━━━━━━━━━━━━━━━━━━━━━━━━━━━━━━━━━━━━━━━━━━━━━━━━
  [Forward] 1.7724 ms (±0.0034471) | 625.142 GB/s
  [Backward] 1.7721 ms (±0.00169535) | 625.248 GB/s
  [Viterbi] 1.7716 ms (±0.00162414) | 627.681 GB/s
  [Baum-Welch 10 iter] 23.0531 ms (±0.00951534) | LL=1.09861
  [Baum-Welch Convergence] 23.0543 ms (2 iters, LL=1.09861)

━━━━━━━━━━━━━━━━━━━━━━━━━━━━━━━━━━━━━━━━━━━━━━━━━━━━━━━━━━━━━━━━
Profiling: scaling_T_102400 (T=102400, N=3, K=4)
━━━━━━━━━━━━━━━━━━━━━━━━━━━━━━━━━━━━━━━━━━━━━━━━━━━━━━━━━━━━━━━━
  [Forward] 0.444462 ms (±0.1116) | 255.274 GB/s
  [Backward] 0.396778 ms (±0.00555735) | 285.952 GB/s
  [Viterbi] 0.395189 ms (±0.00353158) | 288.138 GB/s
  [Baum-Welch 10 iter] 4.39476 ms (±0.0112223) | LL=1.09861

━━━━━━━━━━━━━━━━━━━━━━━━━━━━━━━━━━━━━━━━━━━━━━━━━━━━━━━━━━━━━━━━
Profiling: scaling_T_12800 (T=12800, N=3, K=4)
━━━━━━━━━━━━━━━━━━━━━━━━━━━━━━━━━━━━━━━━━━━━━━━━━━━━━━━━━━━━━━━━
  [Forward] 0.430399 ms (±0.00337948) | 32.9524 GB/s
  [Backward] 0.428299 ms (±0.00303148) | 33.114 GB/s
  [Viterbi] 0.37784 ms (±0.00344569) | 37.6718 GB/s
  [Baum-Welch 10 iter] 26.1437 ms (±0.0217609) | LL=-61243.6

━━━━━━━━━━━━━━━━━━━━━━━━━━━━━━━━━━━━━━━━━━━━━━━━━━━━━━━━━━━━━━━━
Profiling: scaling_T_1600 (T=1600, N=3, K=4)
━━━━━━━━━━━━━━━━━━━━━━━━━━━━━━━━━━━━━━━━━━━━━━━━━━━━━━━━━━━━━━━━
  [Forward] 0.13664 ms (±0.00390148) | 12.9764 GB/s
  [Backward] 0.134523 ms (±0.00206854) | 13.1806 GB/s
  [Viterbi] 0.123016 ms (±0.00144747) | 14.4656 GB/s
  [Baum-Welch 10 iter] 8.28676 ms (±0.0400762) | LL=-7768.19

━━━━━━━━━━━━━━━━━━━━━━━━━━━━━━━━━━━━━━━━━━━━━━━━━━━━━━━━━━━━━━━━
Profiling: scaling_T_200 (T=200, N=3, K=4)
━━━━━━━━━━━━━━━━━━━━━━━━━━━━━━━━━━━━━━━━━━━━━━━━━━━━━━━━━━━━━━━━
  [Forward] 0.0825256 ms (±0.00655044) | 2.68886 GB/s
  [Backward] 0.0689292 ms (±0.00170093) | 3.21925 GB/s
  [Viterbi] 0.0678459 ms (±0.00156102) | 3.28244 GB/s
  [Baum-Welch 10 iter] 3.93689 ms (±0.028259) | LL=-811.796

━━━━━━━━━━━━━━━━━━━━━━━━━━━━━━━━━━━━━━━━━━━━━━━━━━━━━━━━━━━━━━━━
Profiling: scaling_T_204800 (T=204800, N=3, K=4)
━━━━━━━━━━━━━━━━━━━━━━━━━━━━━━━━━━━━━━━━━━━━━━━━━━━━━━━━━━━━━━━━
  [Forward] 0.495276 ms (±0.010455) | 458.167 GB/s
  [Backward] 0.493361 ms (±0.0104818) | 459.944 GB/s
  [Viterbi] 0.489839 ms (±0.00497679) | 464.924 GB/s
  [Baum-Welch 10 iter] 6.29625 ms (±0.016465) | LL=1.09861

━━━━━━━━━━━━━━━━━━━━━━━━━━━━━━━━━━━━━━━━━━━━━━━━━━━━━━━━━━━━━━━━
Profiling: scaling_T_25600 (T=25600, N=3, K=4)
━━━━━━━━━━━━━━━━━━━━━━━━━━━━━━━━━━━━━━━━━━━━━━━━━━━━━━━━━━━━━━━━
  [Forward] 0.910272 ms (±0.00681869) | 31.1611 GB/s
  [Backward] 0.906883 ms (±0.00718646) | 31.2776 GB/s
  [Viterbi] 0.826429 ms (±0.00394404) | 34.4464 GB/s
  [Baum-Welch 10 iter] 81.9433 ms (±0.0632227) | LL=-131035

━━━━━━━━━━━━━━━━━━━━━━━━━━━━━━━━━━━━━━━━━━━━━━━━━━━━━━━━━━━━━━━━
Profiling: scaling_T_3200 (T=3200, N=3, K=4)
━━━━━━━━━━━━━━━━━━━━━━━━━━━━━━━━━━━━━━━━━━━━━━━━━━━━━━━━━━━━━━━━
  [Forward] 0.178246 ms (±0.00341569) | 19.8932 GB/s
  [Backward] 0.176782 ms (±0.00213675) | 20.058 GB/s
  [Viterbi] 0.157661 ms (±0.00232597) | 22.5718 GB/s
  [Baum-Welch 10 iter] 7.15222 ms (±0.0243967) | LL=-16015.8

━━━━━━━━━━━━━━━━━━━━━━━━━━━━━━━━━━━━━━━━━━━━━━━━━━━━━━━━━━━━━━━━
Profiling: scaling_T_400 (T=400, N=3, K=4)
━━━━━━━━━━━━━━━━━━━━━━━━━━━━━━━━━━━━━━━━━━━━━━━━━━━━━━━━━━━━━━━━
  [Forward] 0.0896341 ms (±0.00389887) | 4.94789 GB/s
  [Backward] 0.0878628 ms (±0.00311705) | 5.04765 GB/s
  [Viterbi] 0.0844489 ms (±0.00175788) | 5.27064 GB/s
  [Baum-Welch 10 iter] 6.22349 ms (±0.0471644) | LL=-1663.22

━━━━━━━━━━━━━━━━━━━━━━━━━━━━━━━━━━━━━━━━━━━━━━━━━━━━━━━━━━━━━━━━
Profiling: scaling_T_5000 (T=5000, N=3, K=4)
━━━━━━━━━━━━━━━━━━━━━━━━━━━━━━━━━━━━━━━━━━━━━━━━━━━━━━━━━━━━━━━━
  [Forward] 0.242128 ms (±0.00777403) | 22.8817 GB/s
  [Backward] 0.238204 ms (±0.00318978) | 23.2586 GB/s
  [Viterbi] 0.209003 ms (±0.00162321) | 26.6039 GB/s
  [Baum-Welch 10 iter] 7.96945 ms (±0.0509876) | LL=-9.99904e+08

━━━━━━━━━━━━━━━━━━━━━━━━━━━━━━━━━━━━━━━━━━━━━━━━━━━━━━━━━━━━━━━━
Profiling: scaling_T_50000 (T=50000, N=3, K=4)
━━━━━━━━━━━━━━━━━━━━━━━━━━━━━━━━━━━━━━━━━━━━━━━━━━━━━━━━━━━━━━━━
  [Forward] 1.6842 ms (±0.0436974) | 32.8941 GB/s
  [Backward] 1.67457 ms (±0.00364785) | 33.0834 GB/s
  [Viterbi] 1.55165 ms (±0.0286623) | 35.8331 GB/s
  [Baum-Welch 10 iter] 72.2644 ms (±0.346954) | LL=-216287

━━━━━━━━━━━━━━━━━━━━━━━━━━━━━━━━━━━━━━━━━━━━━━━━━━━━━━━━━━━━━━━━
Profiling: scaling_T_51200 (T=51200, N=3, K=4)
━━━━━━━━━━━━━━━━━━━━━━━━━━━━━━━━━━━━━━━━━━━━━━━━━━━━━━━━━━━━━━━━
  [Forward] 1.70802 ms (±0.0157563) | 33.2139 GB/s
  [Backward] 1.70259 ms (±0.00420235) | 33.3197 GB/s
  [Viterbi] 1.57259 ms (±0.00324112) | 36.2044 GB/s
  [Baum-Welch 10 iter] 93.2564 ms (±0.0790762) | LL=-247857

━━━━━━━━━━━━━━━━━━━━━━━━━━━━━━━━━━━━━━━━━━━━━━━━━━━━━━━━━━━━━━━━
Profiling: scaling_T_6400 (T=6400, N=3, K=4)
━━━━━━━━━━━━━━━━━━━━━━━━━━━━━━━━━━━━━━━━━━━━━━━━━━━━━━━━━━━━━━━━
  [Forward] 0.269813 ms (±0.00293729) | 26.283 GB/s
  [Backward] 0.268196 ms (±0.002623) | 26.4415 GB/s
  [Viterbi] 0.23536 ms (±0.00262802) | 30.2392 GB/s
  [Baum-Welch 10 iter] 9.5384 ms (±0.0222745) | LL=-1.27988e+09

━━━━━━━━━━━━━━━━━━━━━━━━━━━━━━━━━━━━━━━━━━━━━━━━━━━━━━━━━━━━━━━━
Profiling: scaling_T_800 (T=800, N=3, K=4)
━━━━━━━━━━━━━━━━━━━━━━━━━━━━━━━━━━━━━━━━━━━━━━━━━━━━━━━━━━━━━━━━
  [Forward] 0.108828 ms (±0.0096113) | 8.14772 GB/s
  [Backward] 0.100804 ms (±0.00282694) | 8.79632 GB/s
  [Viterbi] 0.0957644 ms (±0.00232717) | 9.2926 GB/s
  [Baum-Welch 10 iter] 8.36233 ms (±0.0453388) | LL=-4112.86

━━━━━━━━━━━━━━━━━━━━━━━━━━━━━━━━━━━━━━━━━━━━━━━━━━━━━━━━━━━━━━━━
Profiling: validation_convergence (T=2000, N=3, K=4)
━━━━━━━━━━━━━━━━━━━━━━━━━━━━━━━━━━━━━━━━━━━━━━━━━━━━━━━━━━━━━━━━
  [Forward] 0.147224 ms (±0.00410896) | 15.0539 GB/s
  [Backward] 0.144444 ms (±0.00209867) | 15.3437 GB/s
  [Viterbi] 0.131932 ms (±0.00300564) | 16.8594 GB/s
  [Baum-Welch 10 iter] 4.36352 ms (±0.0199903) | LL=-3.99961e+08
  [Baum-Welch Convergence] 4.0265 ms (11 iters, LL=-3.99961e+08)

═══════════════════════════════════════════════════════════════
                       EXPORT RESULTS                          
═══════════════════════════════════════════════════════════════
✓ GPU results saved to results/benchmarks/gpu_benchmark_results.csv
✓ GPU results saved to results/benchmarks/gpu_benchmark_results.json

╔══════════════════════════════════════════════════════════════╗
║                    PROFILING COMPLETE                        ║
╠══════════════════════════════════════════════════════════════╣
║  Total tests: 93                                           ║
║  CSV output:  results/benchmarks/gpu_benchmark_results.csv ║
║  JSON output: results/benchmarks/gpu_benchmark_results.json║
╚══════════════════════════════════════════════════════════════╝

Next steps:
  Analyze with Python:
    python analyze_benchmark_results.py --gpu-csv results/benchmarks/gpu_benchmark_results.csv


═══ Phase 1 Results ═══
dataset,algo,T,N,K,time_ms,time_std_ms,time_min_ms,time_max_ms,log_likelihood,iterations,bandwidth_GBs,occupancy_pct,gpu_mem_MB,device
scaling_N_10,forward,5000,10,4,1.0822,0.0628,1.0592,1.4869,-28942.443359,1,55.70,0.0,168.88,"Quadro RTX 6000"
scaling_N_10,backward,5000,10,4,1.0633,0.0378,0.9216,1.1057,0.000000,1,56.69,0.0,168.88,"Quadro RTX 6000"
scaling_N_10,viterbi,5000,10,4,0.6227,0.0049,0.6162,0.6451,0.000000,1,96.84,0.0,168.88,"Quadro RTX 6000"
scaling_N_10,baum_welch_100,5000,10,4,18.2073,0.0376,18.1622,18.2656,-999903744.000000,100,675.35,0.0,168.88,"Quadro RTX 6000"
scaling_N_3,forward,5000,3,4,0.2394,0.0028,0.2357,0.2521,-30628.759766,1,23.14,0.0,168.88,"Quadro RTX 6000"
scaling_N_3,backward,5000,3,4,0.2378,0.0022,0.2344,0.2470,0.000000,1,23.30,0.0,168.88,"Quadro RTX 6000"
scaling_N_3,viterbi,5000,3,4,0.2097,0.0022,0.2069,0.2176,0.000000,1,26.51,0.0,168.88,"Quadro RTX 6000"
scaling_N_3,baum_welch_100,5000,3,4,9.2346,0.0225,9.1976,9.2527,-24318.835938,100,127.79,0.0,168.88,"Quadro RTX 6000"
scaling_N_5,forward,5000,5,4,0.2687,0.0030,0.2661,0.2866,-28821.593750,1,56.51,0.0,168.88,"Quadro RTX 6000"
scaling_N_5,backward,5000,5,4,0.2717,0.0453,0.2643,0.7928,0.000000,1,55.87,0.0,168.88,"Quadro RTX 6000"
scaling_N_5,viterbi,5000,5,4,0.2165,0.0023,0.2138,0.2293,0.000000,1,70.22,0.0,168.88,"Quadro RTX 6000"
scaling_N_5,baum_welch_100,5000,5,4,9.5708,0.0290,9.5409,9.6072,-999902912.000000,100,329.77,0.0,168.88,"Quadro RTX 6000"
scaling_T_100,forward,100,3,4,0.0724,0.0018,0.0665,0.0820,-589.553650,1,1.53,0.0,168.88,"Quadro RTX 6000"
scaling_T_100,backward,100,3,4,0.0665,0.0018,0.0639,0.0730,0.000000,1,1.67,0.0,168.88,"Quadro RTX 6000"
scaling_T_100,viterbi,100,3,4,0.0648,0.0008,0.0635,0.0689,0.000000,1,1.72,0.0,168.88,"Quadro RTX 6000"
scaling_T_100,baum_welch_100,100,3,4,21.2385,0.0499,21.1751,21.2880,-510.657532,100,1.11,0.0,168.88,"Quadro RTX 6000"
scaling_T_1000,forward,1000,3,4,0.1116,0.0051,0.1051,0.1208,-5826.281250,1,9.93,0.0,168.88,"Quadro RTX 6000"
scaling_T_1000,backward,1000,3,4,0.1061,0.0009,0.1048,0.1109,0.000000,1,10.45,0.0,168.88,"Quadro RTX 6000"
scaling_T_1000,viterbi,1000,3,4,0.1001,0.0026,0.0976,0.1155,0.000000,1,11.11,0.0,168.88,"Quadro RTX 6000"

═══ Phase 2: Nsight Compute (quick mode) ═══
==PROF== Connected to process 73162 (/user/7/.base/dialloh/home/gpu_comp_hmm_regime/build/test/test_profile_gpu_robust)

╔══════════════════════════════════════════════════════════╗
║ GPU: Quadro RTX 6000                                     ║
╠══════════════════════════════════════════════════════════╣
║ Compute Capability: 7.5                                     ║
║ Total Memory: 22501  MB                                   ║
║ SM Count: 72                                              ║
║ Max Threads/Block: 1024                                   ║
║ Warp Size: 32                                              ║
╚══════════════════════════════════════════════════════════╝

╔══════════════════════════════════════════════════════════════╗
║         GPU PROFILING - HMM ALGORITHMS (Hassan et al.)       ║
╠══════════════════════════════════════════════════════════════╣
║  Data dir: data/bench                                     ║
║  Output:   results/benchmarks/gpu_nsight                  ║
║  Mode:     quick                                          ║
╚══════════════════════════════════════════════════════════════╝

Found 22 datasets:
  - scaling_N_10
  - scaling_N_3
  - scaling_N_5
  - scaling_T_100
  - scaling_T_1000
  - scaling_T_10000
  - scaling_T_100000
  - scaling_T_1000000
  - scaling_T_102400
  - scaling_T_12800
  - scaling_T_1600
  - scaling_T_200
  - scaling_T_204800
  - scaling_T_25600
  - scaling_T_3200
  - scaling_T_400
  - scaling_T_5000
  - scaling_T_50000
  - scaling_T_51200
  - scaling_T_6400
  - scaling_T_800
  - validation_convergence

━━━━━━━━━━━━━━━━━━━━━━━━━━━━━━━━━━━━━━━━━━━━━━━━━━━━━━━━━━━━━━━━
Profiling: scaling_N_10 (T=5000, N=10, K=4)
━━━━━━━━━━━━━━━━━━━━━━━━━━━━━━━━━━━━━━━━━━━━━━━━━━━━━━━━━━━━━━━━
  [Forward] ==ERROR== ERR_NVGPUCTRPERM - The user does not have permission to access NVIDIA GPU Performance Counters on the target device 0. For instructions on enabling permissions and to get more information see https://developer.nvidia.com/ERR_NVGPUCTRPERM
4.0034 ms (±0.694179) | 15.0575 GB/s
  [Backward] 4.46076 ms (±0.5979) | 13.5137 GB/s
  [Viterbi] 3.55395 ms (±0.534421) | 16.9674 GB/s
  [Baum-Welch 10 iter] 87.3423 ms (±8.32953) | LL=-9.99904e+08

━━━━━━━━━━━━━━━━━━━━━━━━━━━━━━━━━━━━━━━━━━━━━━━━━━━━━━━━━━━━━━━━
Profiling: scaling_N_3 (T=5000, N=3, K=4)
━━━━━━━━━━━━━━━━━━━━━━━━━━━━━━━━━━━━━━━━━━━━━━━━━━━━━━━━━━━━━━━━
  [Forward] 3.11683 ms (±0.124112) | 1.77754 GB/s
  [Backward] 3.11495 ms (±0.115009) | 1.77862 GB/s
  [Viterbi] 3.12777 ms (±0.218253) | 1.77772 GB/s
  [Baum-Welch 10 iter] 117.924 ms (±2.85983) | LL=-24318.8

━━━━━━━━━━━━━━━━━━━━━━━━━━━━━━━━━━━━━━━━━━━━━━━━━━━━━━━━━━━━━━━━
Profiling: scaling_N_5 (T=5000, N=5, K=4)
━━━━━━━━━━━━━━━━━━━━━━━━━━━━━━━━━━━━━━━━━━━━━━━━━━━━━━━━━━━━━━━━
  [Forward] 3.07387 ms (±0.240483) | 4.93857 GB/s
  [Backward] 3.08735 ms (±0.171692) | 4.91701 GB/s
  [Viterbi] 3.08464 ms (±0.179488) | 4.92782 GB/s
  [Baum-Welch 10 iter] 109.85 ms (±0.584667) | LL=-9.99903e+08

━━━━━━━━━━━━━━━━━━━━━━━━━━━━━━━━━━━━━━━━━━━━━━━━━━━━━━━━━━━━━━━━
Profiling: scaling_T_100 (T=100, N=3, K=4)
━━━━━━━━━━━━━━━━━━━━━━━━━━━━━━━━━━━━━━━━━━━━━━━━━━━━━━━━━━━━━━━━
  [Forward] 1.8649 ms (±0.148392) | 0.0595743 GB/s
  [Backward] 1.88793 ms (±0.0968274) | 0.0588474 GB/s
  [Viterbi] 1.87889 ms (±0.0891036) | 0.0593435 GB/s
  [Baum-Welch 10 iter] 541.374 ms (±12.9758) | LL=-510.658

━━━━━━━━━━━━━━━━━━━━━━━━━━━━━━━━━━━━━━━━━━━━━━━━━━━━━━━━━━━━━━━━
Profiling: scaling_T_1000 (T=1000, N=3, K=4)
━━━━━━━━━━━━━━━━━━━━━━━━━━━━━━━━━━━━━━━━━━━━━━━━━━━━━━━━━━━━━━━━
  [Forward] 2.5158 ms (±0.189771) | 0.440536 GB/s
  [Backward] 2.53987 ms (±0.249862) | 0.43636 GB/s
  [Viterbi] 2.54717 ms (±0.242239) | 0.43668 GB/s
  [Baum-Welch 10 iter] 108.493 ms (±0.904885) | LL=-5007.3

━━━━━━━━━━━━━━━━━━━━━━━━━━━━━━━━━━━━━━━━━━━━━━━━━━━━━━━━━━━━━━━━
Profiling: scaling_T_10000 (T=10000, N=3, K=4)
━━━━━━━━━━━━━━━━━━━━━━━━━━━━━━━━━━━━━━━━━━━━━━━━━━━━━━━━━━━━━━━━
  [Forward] 3.27637 ms (±0.107091) | 3.38188 GB/s
  [Backward] 3.28384 ms (±0.121008) | 3.37419 GB/s
  [Viterbi] 3.26422 ms (±0.10825) | 3.40673 GB/s
  [Baum-Welch 10 iter] 314.247 ms (±9.01418) | LL=-53160.1

━━━━━━━━━━━━━━━━━━━━━━━━━━━━━━━━━━━━━━━━━━━━━━━━━━━━━━━━━━━━━━━━
Profiling: scaling_T_100000 (T=100000, N=3, K=4)
━━━━━━━━━━━━━━━━━━━━━━━━━━━━━━━━━━━━━━━━━━━━━━━━━━━━━━━━━━━━━━━━
  [Forward] 0.522208 ms (±0.0366307) | 212.177 GB/s
  [Backward] 0.508208 ms (±0.00424683) | 218.021 GB/s
  [Viterbi] 0.507643 ms (±0.00341272) | 219.052 GB/s
  [Baum-Welch 10 iter] 8.98119 ms (±1.61084) | LL=1.09861

━━━━━━━━━━━━━━━━━━━━━━━━━━━━━━━━━━━━━━━━━━━━━━━━━━━━━━━━━━━━━━━━
Profiling: scaling_T_1000000 (T=1000000, N=3, K=4)
━━━━━━━━━━━━━━━━━━━━━━━━━━━━━━━━━━━━━━━━━━━━━━━━━━━━━━━━━━━━━━━━
  [Forward] 2.24124 ms (±0.213557) | 494.368 GB/s
  [Backward] 2.05508 ms (±0.0226377) | 539.152 GB/s
  [Viterbi] 2.05013 ms (±0.00932409) | 542.405 GB/s
  [Baum-Welch 10 iter] 25.1581 ms (±0.155459) | LL=1.09861

━━━━━━━━━━━━━━━━━━━━━━━━━━━━━━━━━━━━━━━━━━━━━━━━━━━━━━━━━━━━━━━━
Profiling: scaling_T_102400 (T=102400, N=3, K=4)
━━━━━━━━━━━━━━━━━━━━━━━━━━━━━━━━━━━━━━━━━━━━━━━━━━━━━━━━━━━━━━━━
  [Forward] 0.515341 ms (±0.0305221) | 220.164 GB/s
  [Backward] 0.509634 ms (±0.00433344) | 222.63 GB/s
  [Viterbi] 0.509139 ms (±0.00373843) | 223.65 GB/s
  [Baum-Welch 10 iter] 7.63078 ms (±0.401299) | LL=1.09861

━━━━━━━━━━━━━━━━━━━━━━━━━━━━━━━━━━━━━━━━━━━━━━━━━━━━━━━━━━━━━━━━
Profiling: scaling_T_12800 (T=12800, N=3, K=4)
━━━━━━━━━━━━━━━━━━━━━━━━━━━━━━━━━━━━━━━━━━━━━━━━━━━━━━━━━━━━━━━━
  [Forward] 3.32415 ms (±0.28807) | 4.26657 GB/s
  [Backward] 3.29814 ms (±0.124912) | 4.30021 GB/s
  [Viterbi] 3.29431 ms (±0.128588) | 4.32075 GB/s
  [Baum-Welch 10 iter] 172.764 ms (±12.7551) | LL=-61243.6

━━━━━━━━━━━━━━━━━━━━━━━━━━━━━━━━━━━━━━━━━━━━━━━━━━━━━━━━━━━━━━━━
Profiling: scaling_T_1600 (T=1600, N=3, K=4)
━━━━━━━━━━━━━━━━━━━━━━━━━━━━━━━━━━━━━━━━━━━━━━━━━━━━━━━━━━━━━━━━
  [Forward] 2.71371 ms (±0.118925) | 0.653386 GB/s
  [Backward] 2.78228 ms (±0.268518) | 0.637283 GB/s
  [Viterbi] 2.70173 ms (±0.13786) | 0.658652 GB/s
  [Baum-Welch 10 iter] 160.518 ms (±0.339553) | LL=-7768.19

━━━━━━━━━━━━━━━━━━━━━━━━━━━━━━━━━━━━━━━━━━━━━━━━━━━━━━━━━━━━━━━━
Profiling: scaling_T_200 (T=200, N=3, K=4)
━━━━━━━━━━━━━━━━━━━━━━━━━━━━━━━━━━━━━━━━━━━━━━━━━━━━━━━━━━━━━━━━
  [Forward] 2.16491 ms (±0.251172) | 0.102498 GB/s
  [Backward] 2.06108 ms (±0.0988651) | 0.107662 GB/s
  [Viterbi] 2.13286 ms (±0.246647) | 0.104414 GB/s
  [Baum-Welch 10 iter] 104.04 ms (±2.41391) | LL=-811.796

━━━━━━━━━━━━━━━━━━━━━━━━━━━━━━━━━━━━━━━━━━━━━━━━━━━━━━━━━━━━━━━━
Profiling: scaling_T_204800 (T=204800, N=3, K=4)
━━━━━━━━━━━━━━━━━━━━━━━━━━━━━━━━━━━━━━━━━━━━━━━━━━━━━━━━━━━━━━━━
  [Forward] 0.617581 ms (±0.0499714) | 367.432 GB/s
  [Backward] 0.609455 ms (±0.0053468) | 372.33 GB/s
  [Viterbi] 0.60857 ms (±0.00634708) | 374.218 GB/s
  [Baum-Welch 10 iter] 9.90692 ms (±0.163229) | LL=1.09861

━━━━━━━━━━━━━━━━━━━━━━━━━━━━━━━━━━━━━━━━━━━━━━━━━━━━━━━━━━━━━━━━
Profiling: scaling_T_25600 (T=25600, N=3, K=4)
━━━━━━━━━━━━━━━━━━━━━━━━━━━━━━━━━━━━━━━━━━━━━━━━━━━━━━━━━━━━━━━━
  [Forward] 3.83008 ms (±0.500912) | 7.40588 GB/s
  [Backward] 3.81888 ms (±0.241746) | 7.4276 GB/s
  [Viterbi] 3.78551 ms (±0.321723) | 7.52013 GB/s
  [Baum-Welch 10 iter] 385.585 ms (±29.3009) | LL=-131035

━━━━━━━━━━━━━━━━━━━━━━━━━━━━━━━━━━━━━━━━━━━━━━━━━━━━━━━━━━━━━━━━
Profiling: scaling_T_3200 (T=3200, N=3, K=4)
━━━━━━━━━━━━━━━━━━━━━━━━━━━━━━━━━━━━━━━━━━━━━━━━━━━━━━━━━━━━━━━━
  [Forward] 2.96468 ms (±0.2429) | 1.19605 GB/s
  [Backward] 3.04716 ms (±0.331181) | 1.16367 GB/s
  [Viterbi] 2.9047 ms (±0.107376) | 1.22515 GB/s
  [Baum-Welch 10 iter] 115.589 ms (±0.707353) | LL=-16015.8

━━━━━━━━━━━━━━━━━━━━━━━━━━━━━━━━━━━━━━━━━━━━━━━━━━━━━━━━━━━━━━━━
Profiling: scaling_T_400 (T=400, N=3, K=4)
━━━━━━━━━━━━━━━━━━━━━━━━━━━━━━━━━━━━━━━━━━━━━━━━━━━━━━━━━━━━━━━━
  [Forward] 2.3052 ms (±0.106835) | 0.192391 GB/s
  [Backward] 2.28922 ms (±0.101282) | 0.193734 GB/s
  [Viterbi] 2.25978 ms (±0.153413) | 0.196966 GB/s
  [Baum-Welch 10 iter] 146.661 ms (±5.61105) | LL=-1663.22

━━━━━━━━━━━━━━━━━━━━━━━━━━━━━━━━━━━━━━━━━━━━━━━━━━━━━━━━━━━━━━━━
Profiling: scaling_T_5000 (T=5000, N=3, K=4)
━━━━━━━━━━━━━━━━━━━━━━━━━━━━━━━━━━━━━━━━━━━━━━━━━━━━━━━━━━━━━━━━
  [Forward] 3.14404 ms (±0.291928) | 1.76216 GB/s
  [Backward] 3.09946 ms (±0.111241) | 1.7875 GB/s
  [Viterbi] 3.11276 ms (±0.194976) | 1.78629 GB/s
  [Baum-Welch 10 iter] 104.196 ms (±0.508436) | LL=-9.99904e+08

━━━━━━━━━━━━━━━━━━━━━━━━━━━━━━━━━━━━━━━━━━━━━━━━━━━━━━━━━━━━━━━━
Profiling: scaling_T_50000 (T=50000, N=3, K=4)
━━━━━━━━━━━━━━━━━━━━━━━━━━━━━━━━━━━━━━━━━━━━━━━━━━━━━━━━━━━━━━━━
  [Forward] 6.12204 ms (±0.733095) | 9.04932 GB/s
  [Backward] 5.98684 ms (±0.733408) | 9.25368 GB/s
  [Viterbi] 5.79868 ms (±0.63077) | 9.58844 GB/s
  [Baum-Welch 10 iter] 238.414 ms (±10.1747) | LL=-216287

━━━━━━━━━━━━━━━━━━━━━━━━━━━━━━━━━━━━━━━━━━━━━━━━━━━━━━━━━━━━━━━━
Profiling: scaling_T_51200 (T=51200, N=3, K=4)
━━━━━━━━━━━━━━━━━━━━━━━━━━━━━━━━━━━━━━━━━━━━━━━━━━━━━━━━━━━━━━━━
  [Forward] 5.84737 ms (±0.702178) | 9.70178 GB/s
  [Backward] 5.74298 ms (±0.641394) | 9.87814 GB/s
  [Viterbi] 6.16809 ms (±0.746872) | 9.23052 GB/s
  [Baum-Welch 10 iter] 309.311 ms (±11.6508) | LL=-247857

━━━━━━━━━━━━━━━━━━━━━━━━━━━━━━━━━━━━━━━━━━━━━━━━━━━━━━━━━━━━━━━━
Profiling: scaling_T_6400 (T=6400, N=3, K=4)
━━━━━━━━━━━━━━━━━━━━━━━━━━━━━━━━━━━━━━━━━━━━━━━━━━━━━━━━━━━━━━━━
  [Forward] 3.20623 ms (±0.238535) | 2.21179 GB/s
  [Backward] 3.1825 ms (±0.136172) | 2.22828 GB/s
  [Viterbi] 3.20432 ms (±0.238263) | 2.22109 GB/s
  [Baum-Welch 10 iter] 111.482 ms (±3.4699) | LL=-1.27988e+09

━━━━━━━━━━━━━━━━━━━━━━━━━━━━━━━━━━━━━━━━━━━━━━━━━━━━━━━━━━━━━━━━
Profiling: scaling_T_800 (T=800, N=3, K=4)
━━━━━━━━━━━━━━━━━━━━━━━━━━━━━━━━━━━━━━━━━━━━━━━━━━━━━━━━━━━━━━━━
  [Forward] 2.42131 ms (±0.29043) | 0.366207 GB/s
  [Backward] 2.53485 ms (±0.193177) | 0.349804 GB/s
  [Viterbi] 2.53893 ms (±0.259204) | 0.350502 GB/s
  [Baum-Welch 10 iter] 193.681 ms (±8.43962) | LL=-4112.86

━━━━━━━━━━━━━━━━━━━━━━━━━━━━━━━━━━━━━━━━━━━━━━━━━━━━━━━━━━━━━━━━
Profiling: validation_convergence (T=2000, N=3, K=4)
━━━━━━━━━━━━━━━━━━━━━━━━━━━━━━━━━━━━━━━━━━━━━━━━━━━━━━━━━━━━━━━━
  [Forward] 2.73041 ms (±0.123623) | 0.811708 GB/s
  [Backward] 3.22588 ms (±0.246545) | 0.687038 GB/s
  [Viterbi] 2.81996 ms (±0.243899) | 0.78877 GB/s
  [Baum-Welch 10 iter] 74.5692 ms (±2.55955) | LL=-3.99961e+08

═══════════════════════════════════════════════════════════════
                       EXPORT RESULTS                          
═══════════════════════════════════════════════════════════════
✓ GPU results saved to results/benchmarks/gpu_nsight_results.csv
✓ GPU results saved to results/benchmarks/gpu_nsight_results.json

╔══════════════════════════════════════════════════════════════╗
║                    PROFILING COMPLETE                        ║
╠══════════════════════════════════════════════════════════════╣
║  Total tests: 88                                           ║
║  CSV output:  results/benchmarks/gpu_nsight_results.csv    ║
║  JSON output: results/benchmarks/gpu_nsight_results.json   ║
╚══════════════════════════════════════════════════════════════╝

Next steps:
  Analyze with Python:
    python analyze_benchmark_results.py --gpu-csv results/benchmarks/gpu_nsight_results.csv

==PROF== Disconnected from process 73162

═══ FULL PROFILING COMPLETE ═══
Timing results: results/benchmarks/gpu_benchmark_results.csv
Nsight reports: results/nsight/

═══ JOB FINISHED ═══
End time: Wed Jan  7 22:03:48 CET 2026
Duration: 63 seconds
