╔══════════════════════════════════════════════════════════════╗
║    HMM GPU PROFILING                                         ║
║    Job ID: 36940
║    Node: turing-2
║    Mode: full
║    Tests: all
╚══════════════════════════════════════════════════════════════╝

Date: Wed Jan  7 22:23:21 CET 2026

═══ GPU Information ═══
name, memory.total [MiB], driver_version, compute_cap
Quadro RTX 6000, 23040 MiB, 580.65.06, 7.5
Quadro RTX 6000, 23040 MiB, 580.65.06, 7.5
Quadro RTX 6000, 23040 MiB, 580.65.06, 7.5

═══ Building Project ═══
-- CPU tests enabled
-- CUDA tests enabled
--   - test_forward_backward_gpu
--   - test_viterbi_gpu
-- Profiling enabled - perf/gprof compatible build
-- 
-- ========================================
-- GPU HMM Regime Detection - Configuration
-- ========================================
-- Build type      : Release
-- C++ compiler    : /usr/bin/c++
-- CUDA support    : ON
-- Tests           : ON
-- Benchmarks      : OFF
-- Profiling       : ON
-- ========================================
-- 
-- Configuring done (3.5s)
-- Generating done (0.3s)
-- Build files have been written to: /user/7/dialloh/gpu_comp_hmm_regime/build
[ 85%] Built target hmm_cuda
[ 92%] Building CUDA object test/CMakeFiles/test_profile_gpu_robust.dir/cuda/test_profile_gpu_robust.cu.o
/user/7/dialloh/gpu_comp_hmm_regime/test/cuda/test_profile_gpu_robust.cu(497): warning #177-D: variable "bw_runs" was declared but never referenced
          int bw_runs = (data.T > 20000) ? 100 : 120;
              ^

Remark: The warnings can be suppressed with "-diag-suppress <warning-number>"

[100%] Linking CXX executable test_profile_gpu_robust
[100%] Built target test_profile_gpu_robust
✓ Build complete

═══ Phase 1: Timing Benchmark ═══

╔══════════════════════════════════════════════════════════╗
║ GPU: Quadro RTX 6000                                     ║
╠══════════════════════════════════════════════════════════╣
║ Compute Capability: 7.5                                     ║
║ Total Memory: 22501  MB                                   ║
║ SM Count: 72                                              ║
║ Max Threads/Block: 1024                                   ║
║ Warp Size: 32                                              ║
╚══════════════════════════════════════════════════════════╝

╔══════════════════════════════════════════════════════════════╗
║         GPU PROFILING - HMM ALGORITHMS (Hassan et al.)       ║
╠══════════════════════════════════════════════════════════════╣
║  Data dir: data/bench                                     ║
║  Output:   results/benchmarks/gpu_benchmark               ║
║  Mode:     all                                            ║
╚══════════════════════════════════════════════════════════════╝

Found 22 datasets:
  - scaling_N_10
  - scaling_N_3
  - scaling_N_5
  - scaling_T_100
  - scaling_T_1000
  - scaling_T_10000
  - scaling_T_100000
  - scaling_T_1000000
  - scaling_T_102400
  - scaling_T_12800
  - scaling_T_1600
  - scaling_T_200
  - scaling_T_204800
  - scaling_T_25600
  - scaling_T_3200
  - scaling_T_400
  - scaling_T_5000
  - scaling_T_50000
  - scaling_T_51200
  - scaling_T_6400
  - scaling_T_800
  - validation_convergence

━━━━━━━━━━━━━━━━━━━━━━━━━━━━━━━━━━━━━━━━━━━━━━━━━━━━━━━━━━━━━━━━
Profiling: scaling_N_10 (T=5000, N=10, K=4)
━━━━━━━━━━━━━━━━━━━━━━━━━━━━━━━━━━━━━━━━━━━━━━━━━━━━━━━━━━━━━━━━
  [Forward] 1.07929 ms (±0.0649419) | 55.8528 GB/s
  [Backward] 1.04681 ms (±0.055479) | 57.5856 GB/s
  [Viterbi] 0.620651 ms (±0.00638585) | 97.1581 GB/s
  [Baum-Welch 10 iter] 18.1562 ms (±0.0257256) | LL=-9.99904e+08

━━━━━━━━━━━━━━━━━━━━━━━━━━━━━━━━━━━━━━━━━━━━━━━━━━━━━━━━━━━━━━━━
Profiling: scaling_N_3 (T=5000, N=3, K=4)
━━━━━━━━━━━━━━━━━━━━━━━━━━━━━━━━━━━━━━━━━━━━━━━━━━━━━━━━━━━━━━━━
  [Forward] 0.239545 ms (±0.00443054) | 23.1285 GB/s
  [Backward] 0.237045 ms (±0.00303475) | 23.3724 GB/s
  [Viterbi] 0.209041 ms (±0.00229971) | 26.5991 GB/s
  [Baum-Welch 10 iter] 9.20102 ms (±0.0164767) | LL=-24318.8

━━━━━━━━━━━━━━━━━━━━━━━━━━━━━━━━━━━━━━━━━━━━━━━━━━━━━━━━━━━━━━━━
Profiling: scaling_N_5 (T=5000, N=5, K=4)
━━━━━━━━━━━━━━━━━━━━━━━━━━━━━━━━━━━━━━━━━━━━━━━━━━━━━━━━━━━━━━━━
  [Forward] 0.26888 ms (±0.00375101) | 56.4584 GB/s
  [Backward] 0.270545 ms (±0.0428574) | 56.111 GB/s
  [Viterbi] 0.21598 ms (±0.00231934) | 70.3794 GB/s
  [Baum-Welch 10 iter] 9.54786 ms (±0.0155668) | LL=-9.99903e+08

━━━━━━━━━━━━━━━━━━━━━━━━━━━━━━━━━━━━━━━━━━━━━━━━━━━━━━━━━━━━━━━━
Profiling: scaling_T_100 (T=100, N=3, K=4)
━━━━━━━━━━━━━━━━━━━━━━━━━━━━━━━━━━━━━━━━━━━━━━━━━━━━━━━━━━━━━━━━
  [Forward] 0.0897311 ms (±0.0181644) | 1.23814 GB/s
  [Backward] 0.065824 ms (±0.00192282) | 1.68783 GB/s
  [Viterbi] 0.0643641 ms (±0.000696852) | 1.73233 GB/s
  [Baum-Welch 10 iter] 21.1607 ms (±0.0670476) | LL=-510.658

━━━━━━━━━━━━━━━━━━━━━━━━━━━━━━━━━━━━━━━━━━━━━━━━━━━━━━━━━━━━━━━━
Profiling: scaling_T_1000 (T=1000, N=3, K=4)
━━━━━━━━━━━━━━━━━━━━━━━━━━━━━━━━━━━━━━━━━━━━━━━━━━━━━━━━━━━━━━━━
  [Forward] 0.10854 ms (±0.00424308) | 10.211 GB/s
  [Backward] 0.106761 ms (±0.00316785) | 10.3812 GB/s
  [Viterbi] 0.100211 ms (±0.00330867) | 11.0996 GB/s
  [Baum-Welch 10 iter] 5.10689 ms (±0.0419633) | LL=-5007.3
  [Baum-Welch Convergence] 3.25216 ms (11 iters, LL=-5277.97)

━━━━━━━━━━━━━━━━━━━━━━━━━━━━━━━━━━━━━━━━━━━━━━━━━━━━━━━━━━━━━━━━
Profiling: scaling_T_10000 (T=10000, N=3, K=4)
━━━━━━━━━━━━━━━━━━━━━━━━━━━━━━━━━━━━━━━━━━━━━━━━━━━━━━━━━━━━━━━━
  [Forward] 0.366542 ms (±0.00317514) | 30.2293 GB/s
  [Backward] 0.365062 ms (±0.00286835) | 30.3519 GB/s
  [Viterbi] 0.320609 ms (±0.00236453) | 34.6849 GB/s
  [Baum-Welch 10 iter] 34.6863 ms (±0.0657366) | LL=-53160.1
  [Baum-Welch Convergence] 9.1703 ms (11 iters, LL=-56422.6)

━━━━━━━━━━━━━━━━━━━━━━━━━━━━━━━━━━━━━━━━━━━━━━━━━━━━━━━━━━━━━━━━
Profiling: scaling_T_100000 (T=100000, N=3, K=4)
━━━━━━━━━━━━━━━━━━━━━━━━━━━━━━━━━━━━━━━━━━━━━━━━━━━━━━━━━━━━━━━━
  [Forward] 0.447519 ms (±0.110278) | 247.588 GB/s
  [Backward] 0.397257 ms (±0.0031807) | 278.913 GB/s
  [Viterbi] 0.397343 ms (±0.00276311) | 279.86 GB/s
  [Baum-Welch 10 iter] 4.3527 ms (±0.0116625) | LL=1.09861
  [Baum-Welch Convergence] 4.35434 ms (2 iters, LL=1.09861)

━━━━━━━━━━━━━━━━━━━━━━━━━━━━━━━━━━━━━━━━━━━━━━━━━━━━━━━━━━━━━━━━
Profiling: scaling_T_1000000 (T=1000000, N=3, K=4)
━━━━━━━━━━━━━━━━━━━━━━━━━━━━━━━━━━━━━━━━━━━━━━━━━━━━━━━━━━━━━━━━
  [Forward] 1.77408 ms (±0.00698446) | 624.548 GB/s
  [Backward] 1.77169 ms (±0.00164864) | 625.392 GB/s
  [Viterbi] 1.77168 ms (±0.00158408) | 627.651 GB/s
  [Baum-Welch 10 iter] 23.0331 ms (±0.0138683) | LL=1.09861
  [Baum-Welch Convergence] 23.0358 ms (2 iters, LL=1.09861)

━━━━━━━━━━━━━━━━━━━━━━━━━━━━━━━━━━━━━━━━━━━━━━━━━━━━━━━━━━━━━━━━
Profiling: scaling_T_102400 (T=102400, N=3, K=4)
━━━━━━━━━━━━━━━━━━━━━━━━━━━━━━━━━━━━━━━━━━━━━━━━━━━━━━━━━━━━━━━━
  [Forward] 0.402078 ms (±0.00902759) | 282.183 GB/s
  [Backward] 0.396732 ms (±0.00375285) | 285.985 GB/s
  [Viterbi] 0.396071 ms (±0.00296847) | 287.497 GB/s
  [Baum-Welch 10 iter] 4.38784 ms (±0.00393114) | LL=1.09861

━━━━━━━━━━━━━━━━━━━━━━━━━━━━━━━━━━━━━━━━━━━━━━━━━━━━━━━━━━━━━━━━
Profiling: scaling_T_12800 (T=12800, N=3, K=4)
━━━━━━━━━━━━━━━━━━━━━━━━━━━━━━━━━━━━━━━━━━━━━━━━━━━━━━━━━━━━━━━━
  [Forward] 0.430725 ms (±0.00519438) | 32.9275 GB/s
  [Backward] 0.427519 ms (±0.00321771) | 33.1744 GB/s
  [Viterbi] 0.37656 ms (±0.00307019) | 37.7998 GB/s
  [Baum-Welch 10 iter] 26.1655 ms (±0.169761) | LL=-61243.6

━━━━━━━━━━━━━━━━━━━━━━━━━━━━━━━━━━━━━━━━━━━━━━━━━━━━━━━━━━━━━━━━
Profiling: scaling_T_1600 (T=1600, N=3, K=4)
━━━━━━━━━━━━━━━━━━━━━━━━━━━━━━━━━━━━━━━━━━━━━━━━━━━━━━━━━━━━━━━━
  [Forward] 0.135056 ms (±0.00383929) | 13.1286 GB/s
  [Backward] 0.133644 ms (±0.00213283) | 13.2673 GB/s
  [Viterbi] 0.122859 ms (±0.00216112) | 14.484 GB/s
  [Baum-Welch 10 iter] 8.23586 ms (±0.0459875) | LL=-7768.19

━━━━━━━━━━━━━━━━━━━━━━━━━━━━━━━━━━━━━━━━━━━━━━━━━━━━━━━━━━━━━━━━
Profiling: scaling_T_200 (T=200, N=3, K=4)
━━━━━━━━━━━━━━━━━━━━━━━━━━━━━━━━━━━━━━━━━━━━━━━━━━━━━━━━━━━━━━━━
  [Forward] 0.0700331 ms (±0.00314245) | 3.1685 GB/s
  [Backward] 0.0695716 ms (±0.00325169) | 3.18952 GB/s
  [Viterbi] 0.0664315 ms (±0.000702457) | 3.35232 GB/s
  [Baum-Welch 10 iter] 3.91773 ms (±0.0307409) | LL=-811.796

━━━━━━━━━━━━━━━━━━━━━━━━━━━━━━━━━━━━━━━━━━━━━━━━━━━━━━━━━━━━━━━━
Profiling: scaling_T_204800 (T=204800, N=3, K=4)
━━━━━━━━━━━━━━━━━━━━━━━━━━━━━━━━━━━━━━━━━━━━━━━━━━━━━━━━━━━━━━━━
  [Forward] 0.494812 ms (±0.00881069) | 458.596 GB/s
  [Backward] 0.4903 ms (±0.0049161) | 462.816 GB/s
  [Viterbi] 0.490852 ms (±0.006537) | 463.964 GB/s
  [Baum-Welch 10 iter] 6.27011 ms (±0.00971444) | LL=1.09861

━━━━━━━━━━━━━━━━━━━━━━━━━━━━━━━━━━━━━━━━━━━━━━━━━━━━━━━━━━━━━━━━
Profiling: scaling_T_25600 (T=25600, N=3, K=4)
━━━━━━━━━━━━━━━━━━━━━━━━━━━━━━━━━━━━━━━━━━━━━━━━━━━━━━━━━━━━━━━━
  [Forward] 0.920082 ms (±0.0498027) | 30.8289 GB/s
  [Backward] 0.905748 ms (±0.00599312) | 31.3168 GB/s
  [Viterbi] 0.825171 ms (±0.00379492) | 34.4989 GB/s
  [Baum-Welch 10 iter] 81.8576 ms (±0.0349865) | LL=-131035

━━━━━━━━━━━━━━━━━━━━━━━━━━━━━━━━━━━━━━━━━━━━━━━━━━━━━━━━━━━━━━━━
Profiling: scaling_T_3200 (T=3200, N=3, K=4)
━━━━━━━━━━━━━━━━━━━━━━━━━━━━━━━━━━━━━━━━━━━━━━━━━━━━━━━━━━━━━━━━
  [Forward] 0.184229 ms (±0.0127108) | 19.2472 GB/s
  [Backward] 0.176434 ms (±0.0026892) | 20.0977 GB/s
  [Viterbi] 0.156724 ms (±0.00221458) | 22.7068 GB/s
  [Baum-Welch 10 iter] 7.10282 ms (±0.0372328) | LL=-16015.8

━━━━━━━━━━━━━━━━━━━━━━━━━━━━━━━━━━━━━━━━━━━━━━━━━━━━━━━━━━━━━━━━
Profiling: scaling_T_400 (T=400, N=3, K=4)
━━━━━━━━━━━━━━━━━━━━━━━━━━━━━━━━━━━━━━━━━━━━━━━━━━━━━━━━━━━━━━━━
  [Forward] 0.118094 ms (±0.0251189) | 3.75548 GB/s
  [Backward] 0.0866946 ms (±0.00309677) | 5.11566 GB/s
  [Viterbi] 0.0832732 ms (±0.00191161) | 5.34505 GB/s
  [Baum-Welch 10 iter] 6.17482 ms (±0.0582379) | LL=-1663.22

━━━━━━━━━━━━━━━━━━━━━━━━━━━━━━━━━━━━━━━━━━━━━━━━━━━━━━━━━━━━━━━━
Profiling: scaling_T_5000 (T=5000, N=3, K=4)
━━━━━━━━━━━━━━━━━━━━━━━━━━━━━━━━━━━━━━━━━━━━━━━━━━━━━━━━━━━━━━━━
  [Forward] 0.241047 ms (±0.00837874) | 22.9844 GB/s
  [Backward] 0.236959 ms (±0.00322122) | 23.3809 GB/s
  [Viterbi] 0.208201 ms (±0.00166642) | 26.7064 GB/s
  [Baum-Welch 10 iter] 7.92109 ms (±0.032619) | LL=-9.99904e+08

━━━━━━━━━━━━━━━━━━━━━━━━━━━━━━━━━━━━━━━━━━━━━━━━━━━━━━━━━━━━━━━━
Profiling: scaling_T_50000 (T=50000, N=3, K=4)
━━━━━━━━━━━━━━━━━━━━━━━━━━━━━━━━━━━━━━━━━━━━━━━━━━━━━━━━━━━━━━━━
  [Forward] 1.67728 ms (±0.00625826) | 33.0299 GB/s
  [Backward] 1.67375 ms (±0.00370655) | 33.0995 GB/s
  [Viterbi] 1.54578 ms (±0.00492298) | 35.9691 GB/s
  [Baum-Welch 10 iter] 72.1975 ms (±0.485473) | LL=-216287

━━━━━━━━━━━━━━━━━━━━━━━━━━━━━━━━━━━━━━━━━━━━━━━━━━━━━━━━━━━━━━━━
Profiling: scaling_T_51200 (T=51200, N=3, K=4)
━━━━━━━━━━━━━━━━━━━━━━━━━━━━━━━━━━━━━━━━━━━━━━━━━━━━━━━━━━━━━━━━
  [Forward] 1.72344 ms (±0.0712522) | 32.9166 GB/s
  [Backward] 1.7024 ms (±0.00460175) | 33.3234 GB/s
  [Viterbi] 1.58499 ms (±0.00911353) | 35.9212 GB/s
  [Baum-Welch 10 iter] 93.197 ms (±0.0414596) | LL=-247857

━━━━━━━━━━━━━━━━━━━━━━━━━━━━━━━━━━━━━━━━━━━━━━━━━━━━━━━━━━━━━━━━
Profiling: scaling_T_6400 (T=6400, N=3, K=4)
━━━━━━━━━━━━━━━━━━━━━━━━━━━━━━━━━━━━━━━━━━━━━━━━━━━━━━━━━━━━━━━━
  [Forward] 0.268414 ms (±0.0032505) | 26.42 GB/s
  [Backward] 0.267095 ms (±0.00239539) | 26.5505 GB/s
  [Viterbi] 0.233953 ms (±0.00239496) | 30.4211 GB/s
  [Baum-Welch 10 iter] 9.50851 ms (±0.0361175) | LL=-1.27988e+09

━━━━━━━━━━━━━━━━━━━━━━━━━━━━━━━━━━━━━━━━━━━━━━━━━━━━━━━━━━━━━━━━
Profiling: scaling_T_800 (T=800, N=3, K=4)
━━━━━━━━━━━━━━━━━━━━━━━━━━━━━━━━━━━━━━━━━━━━━━━━━━━━━━━━━━━━━━━━
  [Forward] 0.101033 ms (±0.00322498) | 8.77634 GB/s
  [Backward] 0.0996312 ms (±0.00200243) | 8.89983 GB/s
  [Viterbi] 0.0944334 ms (±0.00186397) | 9.42357 GB/s
  [Baum-Welch 10 iter] 8.3786 ms (±0.0459935) | LL=-4112.86

━━━━━━━━━━━━━━━━━━━━━━━━━━━━━━━━━━━━━━━━━━━━━━━━━━━━━━━━━━━━━━━━
Profiling: validation_convergence (T=2000, N=3, K=4)
━━━━━━━━━━━━━━━━━━━━━━━━━━━━━━━━━━━━━━━━━━━━━━━━━━━━━━━━━━━━━━━━
  [Forward] 0.146404 ms (±0.00429682) | 15.1382 GB/s
  [Backward] 0.143934 ms (±0.00308589) | 15.398 GB/s
  [Viterbi] 0.130318 ms (±0.00199046) | 17.0682 GB/s
  [Baum-Welch 10 iter] 4.34783 ms (±0.0221842) | LL=-3.99961e+08
  [Baum-Welch Convergence] 3.9464 ms (11 iters, LL=-3.99961e+08)

═══════════════════════════════════════════════════════════════
                       EXPORT RESULTS                          
═══════════════════════════════════════════════════════════════
✓ GPU results saved to results/benchmarks/gpu_benchmark_results.csv
✓ GPU results saved to results/benchmarks/gpu_benchmark_results.json

╔══════════════════════════════════════════════════════════════╗
║                    PROFILING COMPLETE                        ║
╠══════════════════════════════════════════════════════════════╣
║  Total tests: 93                                           ║
║  CSV output:  results/benchmarks/gpu_benchmark_results.csv ║
║  JSON output: results/benchmarks/gpu_benchmark_results.json║
╚══════════════════════════════════════════════════════════════╝

Next steps:
  Analyze with Python:
    python analyze_benchmark_results.py --gpu-csv results/benchmarks/gpu_benchmark_results.csv


═══ Phase 1 Results ═══
dataset,algo,T,N,K,time_ms,time_std_ms,time_min_ms,time_max_ms,log_likelihood,iterations,bandwidth_GBs,occupancy_pct,gpu_mem_MB,device
scaling_N_10,forward,5000,10,4,1.0793,0.0649,1.0556,1.4399,-28942.443359,1,55.85,0.0,168.88,"Quadro RTX 6000"
scaling_N_10,backward,5000,10,4,1.0468,0.0555,0.9175,1.0837,0.000000,1,57.59,0.0,168.88,"Quadro RTX 6000"
scaling_N_10,viterbi,5000,10,4,0.6207,0.0064,0.6149,0.6574,0.000000,1,97.16,0.0,168.88,"Quadro RTX 6000"
scaling_N_10,baum_welch_100,5000,10,4,18.1562,0.0257,18.1142,18.1849,-999903744.000000,100,677.25,0.0,168.88,"Quadro RTX 6000"
scaling_N_3,forward,5000,3,4,0.2395,0.0044,0.2346,0.2595,-30628.759766,1,23.13,0.0,168.88,"Quadro RTX 6000"
scaling_N_3,backward,5000,3,4,0.2370,0.0030,0.2334,0.2540,0.000000,1,23.37,0.0,168.88,"Quadro RTX 6000"
scaling_N_3,viterbi,5000,3,4,0.2090,0.0023,0.2065,0.2183,0.000000,1,26.60,0.0,168.88,"Quadro RTX 6000"
scaling_N_3,baum_welch_100,5000,3,4,9.2010,0.0165,9.1892,9.2286,-24318.835938,100,128.25,0.0,168.88,"Quadro RTX 6000"
scaling_N_5,forward,5000,5,4,0.2689,0.0038,0.2645,0.2869,-28821.593750,1,56.46,0.0,168.88,"Quadro RTX 6000"
scaling_N_5,backward,5000,5,4,0.2705,0.0429,0.2627,0.7639,0.000000,1,56.11,0.0,168.88,"Quadro RTX 6000"
scaling_N_5,viterbi,5000,5,4,0.2160,0.0023,0.2131,0.2245,0.000000,1,70.38,0.0,168.88,"Quadro RTX 6000"
scaling_N_5,baum_welch_100,5000,5,4,9.5479,0.0156,9.5200,9.5554,-999902912.000000,100,330.56,0.0,168.88,"Quadro RTX 6000"
scaling_T_100,forward,100,3,4,0.0897,0.0182,0.0638,0.1166,-589.553650,1,1.24,0.0,168.88,"Quadro RTX 6000"
scaling_T_100,backward,100,3,4,0.0658,0.0019,0.0639,0.0736,0.000000,1,1.69,0.0,168.88,"Quadro RTX 6000"
scaling_T_100,viterbi,100,3,4,0.0644,0.0007,0.0635,0.0673,0.000000,1,1.73,0.0,168.88,"Quadro RTX 6000"
scaling_T_100,baum_welch_100,100,3,4,21.1607,0.0670,21.0424,21.2029,-510.657532,100,1.12,0.0,168.88,"Quadro RTX 6000"
scaling_T_1000,forward,1000,3,4,0.1085,0.0042,0.1049,0.1294,-5826.281250,1,10.21,0.0,168.88,"Quadro RTX 6000"
scaling_T_1000,backward,1000,3,4,0.1068,0.0032,0.1044,0.1236,0.000000,1,10.38,0.0,168.88,"Quadro RTX 6000"
scaling_T_1000,viterbi,1000,3,4,0.1002,0.0033,0.0972,0.1193,0.000000,1,11.10,0.0,168.88,"Quadro RTX 6000"

═══ Phase 2: Nsight Compute (quick mode) ═══
==PROF== Connected to process 73680 (/user/7/.base/dialloh/home/gpu_comp_hmm_regime/build/test/test_profile_gpu_robust)

╔══════════════════════════════════════════════════════════╗
║ GPU: Quadro RTX 6000                                     ║
╠══════════════════════════════════════════════════════════╣
║ Compute Capability: 7.5                                     ║
║ Total Memory: 22501  MB                                   ║
║ SM Count: 72                                              ║
║ Max Threads/Block: 1024                                   ║
║ Warp Size: 32                                              ║
╚══════════════════════════════════════════════════════════╝

╔══════════════════════════════════════════════════════════════╗
║         GPU PROFILING - HMM ALGORITHMS (Hassan et al.)       ║
╠══════════════════════════════════════════════════════════════╣
║  Data dir: data/bench                                     ║
║  Output:   results/benchmarks/gpu_nsight                  ║
║  Mode:     quick                                          ║
╚══════════════════════════════════════════════════════════════╝

Found 22 datasets:
  - scaling_N_10
  - scaling_N_3
  - scaling_N_5
  - scaling_T_100
  - scaling_T_1000
  - scaling_T_10000
  - scaling_T_100000
  - scaling_T_1000000
  - scaling_T_102400
  - scaling_T_12800
  - scaling_T_1600
  - scaling_T_200
  - scaling_T_204800
  - scaling_T_25600
  - scaling_T_3200
  - scaling_T_400
  - scaling_T_5000
  - scaling_T_50000
  - scaling_T_51200
  - scaling_T_6400
  - scaling_T_800
  - validation_convergence

━━━━━━━━━━━━━━━━━━━━━━━━━━━━━━━━━━━━━━━━━━━━━━━━━━━━━━━━━━━━━━━━
Profiling: scaling_N_10 (T=5000, N=10, K=4)
━━━━━━━━━━━━━━━━━━━━━━━━━━━━━━━━━━━━━━━━━━━━━━━━━━━━━━━━━━━━━━━━
  [Forward] ==ERROR== ERR_NVGPUCTRPERM - The user does not have permission to access NVIDIA GPU Performance Counters on the target device 0. For instructions on enabling permissions and to get more information see https://developer.nvidia.com/ERR_NVGPUCTRPERM
4.34164 ms (±0.745787) | 13.8845 GB/s
  [Backward] 4.38298 ms (±0.563182) | 13.7535 GB/s
  [Viterbi] 3.58861 ms (±0.582255) | 16.8035 GB/s
  [Baum-Welch 10 iter] 90.3114 ms (±6.65694) | LL=-9.99904e+08

━━━━━━━━━━━━━━━━━━━━━━━━━━━━━━━━━━━━━━━━━━━━━━━━━━━━━━━━━━━━━━━━
Profiling: scaling_N_3 (T=5000, N=3, K=4)
━━━━━━━━━━━━━━━━━━━━━━━━━━━━━━━━━━━━━━━━━━━━━━━━━━━━━━━━━━━━━━━━
  [Forward] 3.02095 ms (±0.162239) | 1.83396 GB/s
  [Backward] 3.22656 ms (±0.403359) | 1.71709 GB/s
  [Viterbi] 3.32353 ms (±0.46089) | 1.67301 GB/s
  [Baum-Welch 10 iter] 122.96 ms (±7.7972) | LL=-24318.8

━━━━━━━━━━━━━━━━━━━━━━━━━━━━━━━━━━━━━━━━━━━━━━━━━━━━━━━━━━━━━━━━
Profiling: scaling_N_5 (T=5000, N=5, K=4)
━━━━━━━━━━━━━━━━━━━━━━━━━━━━━━━━━━━━━━━━━━━━━━━━━━━━━━━━━━━━━━━━
  [Forward] 3.01063 ms (±0.120617) | 5.04231 GB/s
  [Backward] 3.19932 ms (±0.164411) | 4.74493 GB/s
  [Viterbi] 3.25824 ms (±0.26109) | 4.66526 GB/s
  [Baum-Welch 10 iter] 115.787 ms (±0.518457) | LL=-9.99903e+08

━━━━━━━━━━━━━━━━━━━━━━━━━━━━━━━━━━━━━━━━━━━━━━━━━━━━━━━━━━━━━━━━
Profiling: scaling_T_100 (T=100, N=3, K=4)
━━━━━━━━━━━━━━━━━━━━━━━━━━━━━━━━━━━━━━━━━━━━━━━━━━━━━━━━━━━━━━━━
  [Forward] 2.00334 ms (±0.224091) | 0.0554573 GB/s
  [Backward] 1.96292 ms (±0.0887182) | 0.0565994 GB/s
  [Viterbi] 1.93215 ms (±0.100197) | 0.0577078 GB/s
  [Baum-Welch 10 iter] 523.593 ms (±20.7122) | LL=-510.658

━━━━━━━━━━━━━━━━━━━━━━━━━━━━━━━━━━━━━━━━━━━━━━━━━━━━━━━━━━━━━━━━
Profiling: scaling_T_1000 (T=1000, N=3, K=4)
━━━━━━━━━━━━━━━━━━━━━━━━━━━━━━━━━━━━━━━━━━━━━━━━━━━━━━━━━━━━━━━━
  [Forward] 2.48671 ms (±0.101014) | 0.44569 GB/s
  [Backward] 2.69505 ms (±0.344403) | 0.411235 GB/s
  [Viterbi] 2.49167 ms (±0.100321) | 0.446408 GB/s
  [Baum-Welch 10 iter] 111.548 ms (±3.4582) | LL=-5007.3

━━━━━━━━━━━━━━━━━━━━━━━━━━━━━━━━━━━━━━━━━━━━━━━━━━━━━━━━━━━━━━━━
Profiling: scaling_T_10000 (T=10000, N=3, K=4)
━━━━━━━━━━━━━━━━━━━━━━━━━━━━━━━━━━━━━━━━━━━━━━━━━━━━━━━━━━━━━━━━
  [Forward] 3.33478 ms (±0.135409) | 3.32265 GB/s
  [Backward] 3.28211 ms (±0.137538) | 3.37597 GB/s
  [Viterbi] 3.27154 ms (±0.120183) | 3.3991 GB/s
  [Baum-Welch 10 iter] 322.532 ms (±3.01907) | LL=-53160.1

━━━━━━━━━━━━━━━━━━━━━━━━━━━━━━━━━━━━━━━━━━━━━━━━━━━━━━━━━━━━━━━━
Profiling: scaling_T_100000 (T=100000, N=3, K=4)
━━━━━━━━━━━━━━━━━━━━━━━━━━━━━━━━━━━━━━━━━━━━━━━━━━━━━━━━━━━━━━━━
  [Forward] 0.52592 ms (±0.0550127) | 210.679 GB/s
  [Backward] 0.514166 ms (±0.00664367) | 215.495 GB/s
  [Viterbi] 0.512851 ms (±0.00554241) | 216.828 GB/s
  [Baum-Welch 10 iter] 8.17427 ms (±0.161977) | LL=1.09861

━━━━━━━━━━━━━━━━━━━━━━━━━━━━━━━━━━━━━━━━━━━━━━━━━━━━━━━━━━━━━━━━
Profiling: scaling_T_1000000 (T=1000000, N=3, K=4)
━━━━━━━━━━━━━━━━━━━━━━━━━━━━━━━━━━━━━━━━━━━━━━━━━━━━━━━━━━━━━━━━
  [Forward] 1.92944 ms (±0.203209) | 574.26 GB/s
  [Backward] 1.77895 ms (±0.00824172) | 622.84 GB/s
  [Viterbi] 1.77928 ms (±0.0077372) | 624.971 GB/s
  [Baum-Welch 10 iter] 25.6645 ms (±0.132451) | LL=1.09861

━━━━━━━━━━━━━━━━━━━━━━━━━━━━━━━━━━━━━━━━━━━━━━━━━━━━━━━━━━━━━━━━
Profiling: scaling_T_102400 (T=102400, N=3, K=4)
━━━━━━━━━━━━━━━━━━━━━━━━━━━━━━━━━━━━━━━━━━━━━━━━━━━━━━━━━━━━━━━━
  [Forward] 0.485017 ms (±0.00851843) | 233.929 GB/s
  [Backward] 0.482773 ms (±0.00696923) | 235.016 GB/s
  [Viterbi] 0.481734 ms (±0.00610641) | 236.373 GB/s
  [Baum-Welch 10 iter] 7.9724 ms (±0.14322) | LL=1.09861

━━━━━━━━━━━━━━━━━━━━━━━━━━━━━━━━━━━━━━━━━━━━━━━━━━━━━━━━━━━━━━━━
Profiling: scaling_T_12800 (T=12800, N=3, K=4)
━━━━━━━━━━━━━━━━━━━━━━━━━━━━━━━━━━━━━━━━━━━━━━━━━━━━━━━━━━━━━━━━
  [Forward] 3.347 ms (±0.215502) | 4.23743 GB/s
  [Backward] 3.3362 ms (±0.294404) | 4.25116 GB/s
  [Viterbi] 3.32788 ms (±0.297858) | 4.27716 GB/s
  [Baum-Welch 10 iter] 180.796 ms (±7.06081) | LL=-61243.6

━━━━━━━━━━━━━━━━━━━━━━━━━━━━━━━━━━━━━━━━━━━━━━━━━━━━━━━━━━━━━━━━
Profiling: scaling_T_1600 (T=1600, N=3, K=4)
━━━━━━━━━━━━━━━━━━━━━━━━━━━━━━━━━━━━━━━━━━━━━━━━━━━━━━━━━━━━━━━━
  [Forward] 2.77412 ms (±0.112162) | 0.639159 GB/s
  [Backward] 2.7297 ms (±0.3707) | 0.649559 GB/s
  [Viterbi] 2.61661 ms (±0.113309) | 0.680079 GB/s
  [Baum-Welch 10 iter] 155.807 ms (±3.77837) | LL=-7768.19

━━━━━━━━━━━━━━━━━━━━━━━━━━━━━━━━━━━━━━━━━━━━━━━━━━━━━━━━━━━━━━━━
Profiling: scaling_T_200 (T=200, N=3, K=4)
━━━━━━━━━━━━━━━━━━━━━━━━━━━━━━━━━━━━━━━━━━━━━━━━━━━━━━━━━━━━━━━━
  [Forward] 2.01883 ms (±0.114129) | 0.109915 GB/s
  [Backward] 2.0209 ms (±0.0826579) | 0.109803 GB/s
  [Viterbi] 2.04282 ms (±0.12181) | 0.109016 GB/s
  [Baum-Welch 10 iter] 99.8768 ms (±1.68771) | LL=-811.796

━━━━━━━━━━━━━━━━━━━━━━━━━━━━━━━━━━━━━━━━━━━━━━━━━━━━━━━━━━━━━━━━
Profiling: scaling_T_204800 (T=204800, N=3, K=4)
━━━━━━━━━━━━━━━━━━━━━━━━━━━━━━━━━━━━━━━━━━━━━━━━━━━━━━━━━━━━━━━━
  [Forward] 0.627805 ms (±0.00433637) | 361.447 GB/s
  [Backward] 0.627707 ms (±0.00327) | 361.504 GB/s
  [Viterbi] 0.627514 ms (±0.00342654) | 362.921 GB/s
  [Baum-Welch 10 iter] 9.09738 ms (±0.420338) | LL=1.09861

━━━━━━━━━━━━━━━━━━━━━━━━━━━━━━━━━━━━━━━━━━━━━━━━━━━━━━━━━━━━━━━━
Profiling: scaling_T_25600 (T=25600, N=3, K=4)
━━━━━━━━━━━━━━━━━━━━━━━━━━━━━━━━━━━━━━━━━━━━━━━━━━━━━━━━━━━━━━━━
  [Forward] 3.80545 ms (±0.41353) | 7.45381 GB/s
  [Backward] 3.79059 ms (±0.366674) | 7.48302 GB/s
  [Viterbi] 3.67787 ms (±0.342016) | 7.74021 GB/s
  [Baum-Welch 10 iter] 371.588 ms (±17.1749) | LL=-131035

━━━━━━━━━━━━━━━━━━━━━━━━━━━━━━━━━━━━━━━━━━━━━━━━━━━━━━━━━━━━━━━━
Profiling: scaling_T_3200 (T=3200, N=3, K=4)
━━━━━━━━━━━━━━━━━━━━━━━━━━━━━━━━━━━━━━━━━━━━━━━━━━━━━━━━━━━━━━━━
  [Forward] 2.90837 ms (±0.109367) | 1.21921 GB/s
  [Backward] 2.97669 ms (±0.267887) | 1.19122 GB/s
  [Viterbi] 2.98738 ms (±0.230841) | 1.19124 GB/s
  [Baum-Welch 10 iter] 117.184 ms (±1.78323) | LL=-16015.8

━━━━━━━━━━━━━━━━━━━━━━━━━━━━━━━━━━━━━━━━━━━━━━━━━━━━━━━━━━━━━━━━
Profiling: scaling_T_400 (T=400, N=3, K=4)
━━━━━━━━━━━━━━━━━━━━━━━━━━━━━━━━━━━━━━━━━━━━━━━━━━━━━━━━━━━━━━━━
  [Forward] 2.30672 ms (±0.0875673) | 0.192264 GB/s
  [Backward] 2.2935 ms (±0.10377) | 0.193372 GB/s
  [Viterbi] 2.30497 ms (±0.109528) | 0.193104 GB/s
  [Baum-Welch 10 iter] 150.395 ms (±2.45944) | LL=-1663.22

━━━━━━━━━━━━━━━━━━━━━━━━━━━━━━━━━━━━━━━━━━━━━━━━━━━━━━━━━━━━━━━━
Profiling: scaling_T_5000 (T=5000, N=3, K=4)
━━━━━━━━━━━━━━━━━━━━━━━━━━━━━━━━━━━━━━━━━━━━━━━━━━━━━━━━━━━━━━━━
  [Forward] 3.14209 ms (±0.132363) | 1.76325 GB/s
  [Backward] 3.11932 ms (±0.103566) | 1.77612 GB/s
  [Viterbi] 3.13604 ms (±0.139068) | 1.77303 GB/s
  [Baum-Welch 10 iter] 105.157 ms (±0.984504) | LL=-9.99904e+08

━━━━━━━━━━━━━━━━━━━━━━━━━━━━━━━━━━━━━━━━━━━━━━━━━━━━━━━━━━━━━━━━
Profiling: scaling_T_50000 (T=50000, N=3, K=4)
━━━━━━━━━━━━━━━━━━━━━━━━━━━━━━━━━━━━━━━━━━━━━━━━━━━━━━━━━━━━━━━━
  [Forward] 5.59835 ms (±0.66632) | 9.89582 GB/s
  [Backward] 5.59208 ms (±0.643059) | 9.90692 GB/s
  [Viterbi] 5.4268 ms (±0.496454) | 10.2455 GB/s
  [Baum-Welch 10 iter] 252.728 ms (±6.2997) | LL=-216287

━━━━━━━━━━━━━━━━━━━━━━━━━━━━━━━━━━━━━━━━━━━━━━━━━━━━━━━━━━━━━━━━
Profiling: scaling_T_51200 (T=51200, N=3, K=4)
━━━━━━━━━━━━━━━━━━━━━━━━━━━━━━━━━━━━━━━━━━━━━━━━━━━━━━━━━━━━━━━━
  [Forward] 5.85912 ms (±0.681833) | 9.68232 GB/s
  [Backward] 5.90971 ms (±0.737255) | 9.59944 GB/s
  [Viterbi] 5.70942 ms (±0.780683) | 9.97207 GB/s
  [Baum-Welch 10 iter] 315.665 ms (±9.90457) | LL=-247857

━━━━━━━━━━━━━━━━━━━━━━━━━━━━━━━━━━━━━━━━━━━━━━━━━━━━━━━━━━━━━━━━
Profiling: scaling_T_6400 (T=6400, N=3, K=4)
━━━━━━━━━━━━━━━━━━━━━━━━━━━━━━━━━━━━━━━━━━━━━━━━━━━━━━━━━━━━━━━━
  [Forward] 3.21818 ms (±0.460748) | 2.20358 GB/s
  [Backward] 3.11939 ms (±0.10909) | 2.27336 GB/s
  [Viterbi] 3.09808 ms (±0.115854) | 2.29727 GB/s
  [Baum-Welch 10 iter] 111.595 ms (±4.66741) | LL=-1.27988e+09

━━━━━━━━━━━━━━━━━━━━━━━━━━━━━━━━━━━━━━━━━━━━━━━━━━━━━━━━━━━━━━━━
Profiling: scaling_T_800 (T=800, N=3, K=4)
━━━━━━━━━━━━━━━━━━━━━━━━━━━━━━━━━━━━━━━━━━━━━━━━━━━━━━━━━━━━━━━━
  [Forward] 2.35963 ms (±0.0900035) | 0.375779 GB/s
  [Backward] 2.73123 ms (±0.356047) | 0.324653 GB/s
  [Viterbi] 2.49776 ms (±0.0919378) | 0.35628 GB/s
  [Baum-Welch 10 iter] 197.724 ms (±3.27277) | LL=-4112.86

━━━━━━━━━━━━━━━━━━━━━━━━━━━━━━━━━━━━━━━━━━━━━━━━━━━━━━━━━━━━━━━━
Profiling: validation_convergence (T=2000, N=3, K=4)
━━━━━━━━━━━━━━━━━━━━━━━━━━━━━━━━━━━━━━━━━━━━━━━━━━━━━━━━━━━━━━━━
  [Forward] 2.54929 ms (±0.174321) | 0.869381 GB/s
  [Backward] 2.47056 ms (±0.105412) | 0.897085 GB/s
  [Viterbi] 2.44269 ms (±0.0954418) | 0.910596 GB/s
  [Baum-Welch 10 iter] 72.9367 ms (±0.668428) | LL=-3.99961e+08

═══════════════════════════════════════════════════════════════
                       EXPORT RESULTS                          
═══════════════════════════════════════════════════════════════
✓ GPU results saved to results/benchmarks/gpu_nsight_results.csv
✓ GPU results saved to results/benchmarks/gpu_nsight_results.json

╔══════════════════════════════════════════════════════════════╗
║                    PROFILING COMPLETE                        ║
╠══════════════════════════════════════════════════════════════╣
║  Total tests: 88                                           ║
║  CSV output:  results/benchmarks/gpu_nsight_results.csv    ║
║  JSON output: results/benchmarks/gpu_nsight_results.json   ║
╚══════════════════════════════════════════════════════════════╝

Next steps:
  Analyze with Python:
    python analyze_benchmark_results.py --gpu-csv results/benchmarks/gpu_nsight_results.csv

==PROF== Disconnected from process 73680

═══ FULL PROFILING COMPLETE ═══
Timing results: results/benchmarks/gpu_benchmark_results.csv
Nsight reports: results/nsight/

═══ JOB FINISHED ═══
End time: Wed Jan  7 22:24:24 CET 2026
Duration: 63 seconds
