╔══════════════════════════════════════════════════════════════╗
║    HMM GPU PROFILING                                         ║
║    Job ID: 36941
║    Node: turing-2
║    Mode: full
║    Tests: all
╚══════════════════════════════════════════════════════════════╝

Date: Wed Jan  7 22:37:13 CET 2026

═══ GPU Information ═══
name, memory.total [MiB], driver_version, compute_cap
Quadro RTX 6000, 23040 MiB, 580.65.06, 7.5
Quadro RTX 6000, 23040 MiB, 580.65.06, 7.5
Quadro RTX 6000, 23040 MiB, 580.65.06, 7.5

═══ Building Project ═══
-- CPU tests enabled
-- CUDA tests enabled
--   - test_forward_backward_gpu
--   - test_viterbi_gpu
-- Profiling enabled - perf/gprof compatible build
-- 
-- ========================================
-- GPU HMM Regime Detection - Configuration
-- ========================================
-- Build type      : Release
-- C++ compiler    : /usr/bin/c++
-- CUDA support    : ON
-- Tests           : ON
-- Benchmarks      : OFF
-- Profiling       : ON
-- ========================================
-- 
-- Configuring done (0.1s)
-- Generating done (0.3s)
-- Build files have been written to: /user/7/dialloh/gpu_comp_hmm_regime/build
[ 85%] Built target hmm_cuda
[ 92%] Building CUDA object test/CMakeFiles/test_profile_gpu_robust.dir/cuda/test_profile_gpu_robust.cu.o
/user/7/dialloh/gpu_comp_hmm_regime/test/cuda/test_profile_gpu_robust.cu(504): warning #177-D: variable "bw_runs" was declared but never referenced
          int bw_runs = (data.T > 20000) ? 100 : 120;
              ^

Remark: The warnings can be suppressed with "-diag-suppress <warning-number>"

[100%] Linking CXX executable test_profile_gpu_robust
[100%] Built target test_profile_gpu_robust
✓ Build complete

═══ Phase 1: Timing Benchmark ═══

╔══════════════════════════════════════════════════════════╗
║ GPU: Quadro RTX 6000                                     ║
╠══════════════════════════════════════════════════════════╣
║ Compute Capability: 7.5                                     ║
║ Total Memory: 22501  MB                                   ║
║ SM Count: 72                                              ║
║ Max Threads/Block: 1024                                   ║
║ Warp Size: 32                                              ║
╚══════════════════════════════════════════════════════════╝

╔══════════════════════════════════════════════════════════════╗
║         GPU PROFILING - HMM ALGORITHMS (Hassan et al.)       ║
╠══════════════════════════════════════════════════════════════╣
║  Data dir: data/bench                                     ║
║  Output:   results/benchmarks/gpu_benchmark               ║
║  Mode:     all                                            ║
╚══════════════════════════════════════════════════════════════╝

Found 22 datasets:
  - scaling_N_10
  - scaling_N_3
  - scaling_N_5
  - scaling_T_100
  - scaling_T_1000
  - scaling_T_10000
  - scaling_T_100000
  - scaling_T_1000000
  - scaling_T_102400
  - scaling_T_12800
  - scaling_T_1600
  - scaling_T_200
  - scaling_T_204800
  - scaling_T_25600
  - scaling_T_3200
  - scaling_T_400
  - scaling_T_5000
  - scaling_T_50000
  - scaling_T_51200
  - scaling_T_6400
  - scaling_T_800
  - validation_convergence

━━━━━━━━━━━━━━━━━━━━━━━━━━━━━━━━━━━━━━━━━━━━━━━━━━━━━━━━━━━━━━━━
Profiling: scaling_N_10 (T=5000, N=10, K=4)
━━━━━━━━━━━━━━━━━━━━━━━━━━━━━━━━━━━━━━━━━━━━━━━━━━━━━━━━━━━━━━━━
  [Forward] 1.09155 ms (±0.0561483) | 55.2256 GB/s
  [Backward] 0.951589 ms (±0.0610406) | 63.348 GB/s
  [Viterbi] 0.615636 ms (±0.00394592) | 97.9495 GB/s
  [Baum-Welch 10 iter] 18.1873 ms (±0.030879) | LL=-9.99904e+08

━━━━━━━━━━━━━━━━━━━━━━━━━━━━━━━━━━━━━━━━━━━━━━━━━━━━━━━━━━━━━━━━
Profiling: scaling_N_3 (T=5000, N=3, K=4)
━━━━━━━━━━━━━━━━━━━━━━━━━━━━━━━━━━━━━━━━━━━━━━━━━━━━━━━━━━━━━━━━
  [Forward] 0.238938 ms (±0.00432503) | 23.1872 GB/s
  [Backward] 0.237947 ms (±0.00312303) | 23.2838 GB/s
  [Viterbi] 0.209163 ms (±0.00289591) | 26.5836 GB/s
  [Baum-Welch 10 iter] 9.19503 ms (±0.0382375) | LL=-24318.8

━━━━━━━━━━━━━━━━━━━━━━━━━━━━━━━━━━━━━━━━━━━━━━━━━━━━━━━━━━━━━━━━
Profiling: scaling_N_5 (T=5000, N=5, K=4)
━━━━━━━━━━━━━━━━━━━━━━━━━━━━━━━━━━━━━━━━━━━━━━━━━━━━━━━━━━━━━━━━
  [Forward] 0.271823 ms (±0.00780353) | 55.8471 GB/s
  [Backward] 0.270393 ms (±0.0453967) | 56.1425 GB/s
  [Viterbi] 0.215982 ms (±0.0023985) | 70.3788 GB/s
  [Baum-Welch 10 iter] 9.56402 ms (±0.0303342) | LL=-9.99903e+08

━━━━━━━━━━━━━━━━━━━━━━━━━━━━━━━━━━━━━━━━━━━━━━━━━━━━━━━━━━━━━━━━
Profiling: scaling_T_100 (T=100, N=3, K=4)
━━━━━━━━━━━━━━━━━━━━━━━━━━━━━━━━━━━━━━━━━━━━━━━━━━━━━━━━━━━━━━━━
  [Forward] 0.0674012 ms (±0.00215635) | 1.64834 GB/s
  [Backward] 0.0673481 ms (±0.00340453) | 1.64964 GB/s
  [Viterbi] 0.0650354 ms (±0.00180927) | 1.71445 GB/s
  [Baum-Welch 10 iter] 21.0989 ms (±0.0732581) | LL=-510.658

━━━━━━━━━━━━━━━━━━━━━━━━━━━━━━━━━━━━━━━━━━━━━━━━━━━━━━━━━━━━━━━━
Profiling: scaling_T_1000 (T=1000, N=3, K=4)
━━━━━━━━━━━━━━━━━━━━━━━━━━━━━━━━━━━━━━━━━━━━━━━━━━━━━━━━━━━━━━━━
  [Forward] 0.109376 ms (±0.00346271) | 10.133 GB/s
  [Backward] 0.107618 ms (±0.0030864) | 10.2984 GB/s
  [Viterbi] 0.099132 ms (±0.00192077) | 11.2204 GB/s
  [Baum-Welch 10 iter] 5.117 ms (±0.0506909) | LL=-5007.3
  [Baum-Welch Convergence] 3.18838 ms (11 iters, LL=-5277.97)

━━━━━━━━━━━━━━━━━━━━━━━━━━━━━━━━━━━━━━━━━━━━━━━━━━━━━━━━━━━━━━━━
Profiling: scaling_T_10000 (T=10000, N=3, K=4)
━━━━━━━━━━━━━━━━━━━━━━━━━━━━━━━━━━━━━━━━━━━━━━━━━━━━━━━━━━━━━━━━
  [Forward] 0.367489 ms (±0.00400077) | 30.1514 GB/s
  [Backward] 0.365211 ms (±0.00239408) | 30.3395 GB/s
  [Viterbi] 0.321044 ms (±0.00267062) | 34.6379 GB/s
  [Baum-Welch 10 iter] 34.6965 ms (±0.045423) | LL=-53160.1
  [Baum-Welch Convergence] 9.16019 ms (11 iters, LL=-56422.6)

━━━━━━━━━━━━━━━━━━━━━━━━━━━━━━━━━━━━━━━━━━━━━━━━━━━━━━━━━━━━━━━━
Profiling: scaling_T_100000 (T=100000, N=3, K=4)
━━━━━━━━━━━━━━━━━━━━━━━━━━━━━━━━━━━━━━━━━━━━━━━━━━━━━━━━━━━━━━━━
  [Forward] 0.458885 ms (±0.127536) | 241.456 GB/s
  [Backward] 0.395694 ms (±0.00342245) | 280.015 GB/s
  [Viterbi] 0.393841 ms (±0.00260349) | 282.348 GB/s
  [Baum-Welch 10 iter] 4.34952 ms (±0.00511515) | LL=1.09861
  [Baum-Welch Convergence] 4.35328 ms (2 iters, LL=1.09861)

━━━━━━━━━━━━━━━━━━━━━━━━━━━━━━━━━━━━━━━━━━━━━━━━━━━━━━━━━━━━━━━━
Profiling: scaling_T_1000000 (T=1000000, N=3, K=4)
━━━━━━━━━━━━━━━━━━━━━━━━━━━━━━━━━━━━━━━━━━━━━━━━━━━━━━━━━━━━━━━━
  [Forward] 1.77183 ms (±0.00297193) | 625.341 GB/s
  [Backward] 1.77153 ms (±0.00143109) | 625.447 GB/s
  [Viterbi] 1.77174 ms (±0.00334943) | 627.631 GB/s
  [Baum-Welch 10 iter] 23.0502 ms (±0.0283158) | LL=1.09861
  [Baum-Welch Convergence] 23.0441 ms (2 iters, LL=1.09861)

━━━━━━━━━━━━━━━━━━━━━━━━━━━━━━━━━━━━━━━━━━━━━━━━━━━━━━━━━━━━━━━━
Profiling: scaling_T_102400 (T=102400, N=3, K=4)
━━━━━━━━━━━━━━━━━━━━━━━━━━━━━━━━━━━━━━━━━━━━━━━━━━━━━━━━━━━━━━━━
  [Forward] 0.398934 ms (±0.0094548) | 284.406 GB/s
  [Backward] 0.394327 ms (±0.00298798) | 287.729 GB/s
  [Viterbi] 0.395134 ms (±0.00225256) | 288.178 GB/s
  [Baum-Welch 10 iter] 4.383 ms (±0.0205923) | LL=1.09861

━━━━━━━━━━━━━━━━━━━━━━━━━━━━━━━━━━━━━━━━━━━━━━━━━━━━━━━━━━━━━━━━
Profiling: scaling_T_12800 (T=12800, N=3, K=4)
━━━━━━━━━━━━━━━━━━━━━━━━━━━━━━━━━━━━━━━━━━━━━━━━━━━━━━━━━━━━━━━━
  [Forward] 0.430929 ms (±0.00567611) | 32.9119 GB/s
  [Backward] 0.427608 ms (±0.00279535) | 33.1675 GB/s
  [Viterbi] 0.377165 ms (±0.00271172) | 37.7392 GB/s
  [Baum-Welch 10 iter] 26.2066 ms (±0.226641) | LL=-61243.6

━━━━━━━━━━━━━━━━━━━━━━━━━━━━━━━━━━━━━━━━━━━━━━━━━━━━━━━━━━━━━━━━
Profiling: scaling_T_1600 (T=1600, N=3, K=4)
━━━━━━━━━━━━━━━━━━━━━━━━━━━━━━━━━━━━━━━━━━━━━━━━━━━━━━━━━━━━━━━━
  [Forward] 0.139429 ms (±0.00697164) | 12.7168 GB/s
  [Backward] 0.134778 ms (±0.0027286) | 13.1557 GB/s
  [Viterbi] 0.123075 ms (±0.00223511) | 14.4587 GB/s
  [Baum-Welch 10 iter] 8.259 ms (±0.0630021) | LL=-7768.19

━━━━━━━━━━━━━━━━━━━━━━━━━━━━━━━━━━━━━━━━━━━━━━━━━━━━━━━━━━━━━━━━
Profiling: scaling_T_200 (T=200, N=3, K=4)
━━━━━━━━━━━━━━━━━━━━━━━━━━━━━━━━━━━━━━━━━━━━━━━━━━━━━━━━━━━━━━━━
  [Forward] 0.0701592 ms (±0.00260796) | 3.16281 GB/s
  [Backward] 0.0687021 ms (±0.00185354) | 3.22989 GB/s
  [Viterbi] 0.0675636 ms (±0.00225789) | 3.29615 GB/s
  [Baum-Welch 10 iter] 3.91164 ms (±0.0325949) | LL=-811.796

━━━━━━━━━━━━━━━━━━━━━━━━━━━━━━━━━━━━━━━━━━━━━━━━━━━━━━━━━━━━━━━━
Profiling: scaling_T_204800 (T=204800, N=3, K=4)
━━━━━━━━━━━━━━━━━━━━━━━━━━━━━━━━━━━━━━━━━━━━━━━━━━━━━━━━━━━━━━━━
  [Forward] 0.512102 ms (±0.0662622) | 443.112 GB/s
  [Backward] 0.491697 ms (±0.00833445) | 461.501 GB/s
  [Viterbi] 0.487661 ms (±0.00450649) | 467 GB/s
  [Baum-Welch 10 iter] 6.25602 ms (±0.00542533) | LL=1.09861

━━━━━━━━━━━━━━━━━━━━━━━━━━━━━━━━━━━━━━━━━━━━━━━━━━━━━━━━━━━━━━━━
Profiling: scaling_T_25600 (T=25600, N=3, K=4)
━━━━━━━━━━━━━━━━━━━━━━━━━━━━━━━━━━━━━━━━━━━━━━━━━━━━━━━━━━━━━━━━
  [Forward] 0.907745 ms (±0.00693843) | 31.2479 GB/s
  [Backward] 0.903532 ms (±0.00436456) | 31.3936 GB/s
  [Viterbi] 0.825058 ms (±0.00451996) | 34.5036 GB/s
  [Baum-Welch 10 iter] 81.7526 ms (±0.038693) | LL=-131035

━━━━━━━━━━━━━━━━━━━━━━━━━━━━━━━━━━━━━━━━━━━━━━━━━━━━━━━━━━━━━━━━
Profiling: scaling_T_3200 (T=3200, N=3, K=4)
━━━━━━━━━━━━━━━━━━━━━━━━━━━━━━━━━━━━━━━━━━━━━━━━━━━━━━━━━━━━━━━━
  [Forward] 0.180036 ms (±0.00548056) | 19.6956 GB/s
  [Backward] 0.176701 ms (±0.00262358) | 20.0672 GB/s
  [Viterbi] 0.157578 ms (±0.0024443) | 22.5838 GB/s
  [Baum-Welch 10 iter] 7.11357 ms (±0.0234888) | LL=-16015.8

━━━━━━━━━━━━━━━━━━━━━━━━━━━━━━━━━━━━━━━━━━━━━━━━━━━━━━━━━━━━━━━━
Profiling: scaling_T_400 (T=400, N=3, K=4)
━━━━━━━━━━━━━━━━━━━━━━━━━━━━━━━━━━━━━━━━━━━━━━━━━━━━━━━━━━━━━━━━
  [Forward] 0.0887713 ms (±0.00457833) | 4.99598 GB/s
  [Backward] 0.0883712 ms (±0.00419643) | 5.0186 GB/s
  [Viterbi] 0.0837369 ms (±0.00147671) | 5.31546 GB/s
  [Baum-Welch 10 iter] 6.18146 ms (±0.0516581) | LL=-1663.22

━━━━━━━━━━━━━━━━━━━━━━━━━━━━━━━━━━━━━━━━━━━━━━━━━━━━━━━━━━━━━━━━
Profiling: scaling_T_5000 (T=5000, N=3, K=4)
━━━━━━━━━━━━━━━━━━━━━━━━━━━━━━━━━━━━━━━━━━━━━━━━━━━━━━━━━━━━━━━━
  [Forward] 0.238663 ms (±0.00257847) | 23.2139 GB/s
  [Backward] 0.237825 ms (±0.00295697) | 23.2957 GB/s
  [Viterbi] 0.209307 ms (±0.00226803) | 26.5652 GB/s
  [Baum-Welch 10 iter] 7.92243 ms (±0.0422553) | LL=-9.99904e+08

━━━━━━━━━━━━━━━━━━━━━━━━━━━━━━━━━━━━━━━━━━━━━━━━━━━━━━━━━━━━━━━━
Profiling: scaling_T_50000 (T=50000, N=3, K=4)
━━━━━━━━━━━━━━━━━━━━━━━━━━━━━━━━━━━━━━━━━━━━━━━━━━━━━━━━━━━━━━━━
  [Forward] 1.67382 ms (±0.00768688) | 33.0981 GB/s
  [Backward] 1.67177 ms (±0.00379361) | 33.1387 GB/s
  [Viterbi] 1.54465 ms (±0.00292247) | 35.9954 GB/s
  [Baum-Welch 10 iter] 71.9706 ms (±0.456615) | LL=-216287

━━━━━━━━━━━━━━━━━━━━━━━━━━━━━━━━━━━━━━━━━━━━━━━━━━━━━━━━━━━━━━━━
Profiling: scaling_T_51200 (T=51200, N=3, K=4)
━━━━━━━━━━━━━━━━━━━━━━━━━━━━━━━━━━━━━━━━━━━━━━━━━━━━━━━━━━━━━━━━
  [Forward] 1.71095 ms (±0.0320099) | 33.157 GB/s
  [Backward] 1.7015 ms (±0.00413683) | 33.3411 GB/s
  [Viterbi] 1.57196 ms (±0.00384898) | 36.2189 GB/s
  [Baum-Welch 10 iter] 93.0844 ms (±0.08832) | LL=-247857

━━━━━━━━━━━━━━━━━━━━━━━━━━━━━━━━━━━━━━━━━━━━━━━━━━━━━━━━━━━━━━━━
Profiling: scaling_T_6400 (T=6400, N=3, K=4)
━━━━━━━━━━━━━━━━━━━━━━━━━━━━━━━━━━━━━━━━━━━━━━━━━━━━━━━━━━━━━━━━
  [Forward] 0.271926 ms (±0.00643023) | 26.0788 GB/s
  [Backward] 0.267937 ms (±0.0025935) | 26.467 GB/s
  [Viterbi] 0.234539 ms (±0.00234633) | 30.3451 GB/s
  [Baum-Welch 10 iter] 9.52438 ms (±0.0231588) | LL=-1.27988e+09

━━━━━━━━━━━━━━━━━━━━━━━━━━━━━━━━━━━━━━━━━━━━━━━━━━━━━━━━━━━━━━━━
Profiling: scaling_T_800 (T=800, N=3, K=4)
━━━━━━━━━━━━━━━━━━━━━━━━━━━━━━━━━━━━━━━━━━━━━━━━━━━━━━━━━━━━━━━━
  [Forward] 0.1012 ms (±0.00296108) | 8.76187 GB/s
  [Backward] 0.100123 ms (±0.0019555) | 8.85611 GB/s
  [Viterbi] 0.0953254 ms (±0.00298409) | 9.33539 GB/s
  [Baum-Welch 10 iter] 8.41675 ms (±0.0409454) | LL=-4112.86

━━━━━━━━━━━━━━━━━━━━━━━━━━━━━━━━━━━━━━━━━━━━━━━━━━━━━━━━━━━━━━━━
Profiling: validation_convergence (T=2000, N=3, K=4)
━━━━━━━━━━━━━━━━━━━━━━━━━━━━━━━━━━━━━━━━━━━━━━━━━━━━━━━━━━━━━━━━
  [Forward] 0.145883 ms (±0.00422767) | 15.1924 GB/s
  [Backward] 0.144128 ms (±0.00183184) | 15.3773 GB/s
  [Viterbi] 0.13132 ms (±0.00272857) | 16.9381 GB/s
  [Baum-Welch 10 iter] 4.34903 ms (±0.0245925) | LL=-3.99961e+08
  [Baum-Welch Convergence] 3.9585 ms (11 iters, LL=-3.99961e+08)

═══════════════════════════════════════════════════════════════
                       EXPORT RESULTS                          
═══════════════════════════════════════════════════════════════
✓ GPU results saved to results/benchmarks/gpu_benchmark_results.csv
✓ GPU results saved to results/benchmarks/gpu_benchmark_results.json

╔══════════════════════════════════════════════════════════════╗
║                    PROFILING COMPLETE                        ║
╠══════════════════════════════════════════════════════════════╣
║  Total tests: 93                                           ║
║  CSV output:  results/benchmarks/gpu_benchmark_results.csv ║
║  JSON output: results/benchmarks/gpu_benchmark_results.json║
╚══════════════════════════════════════════════════════════════╝

Next steps:
  Analyze with Python:
    python analyze_benchmark_results.py --gpu-csv results/benchmarks/gpu_benchmark_results.csv


═══ Phase 1 Results ═══
dataset,algo,T,N,K,time_ms,time_std_ms,time_min_ms,time_max_ms,log_likelihood,iterations,bandwidth_GBs,occupancy_pct,gpu_mem_MB,device
scaling_N_10,forward,5000,10,4,1.0915,0.0561,1.0555,1.3739,-28942.443359,1,55.23,0.0,168.88,"Quadro RTX 6000"
scaling_N_10,backward,5000,10,4,0.9516,0.0610,0.9153,1.0943,0.000000,1,63.35,0.0,168.88,"Quadro RTX 6000"
scaling_N_10,viterbi,5000,10,4,0.6156,0.0039,0.6103,0.6343,-36329.843750,1,97.95,0.0,168.88,"Quadro RTX 6000"
scaling_N_10,baum_welch_100,5000,10,4,18.1873,0.0309,18.1531,18.2256,-999903744.000000,100,676.09,0.0,168.88,"Quadro RTX 6000"
scaling_N_3,forward,5000,3,4,0.2389,0.0043,0.2339,0.2620,-30628.759766,1,23.19,0.0,168.88,"Quadro RTX 6000"
scaling_N_3,backward,5000,3,4,0.2379,0.0031,0.2338,0.2513,0.000000,1,23.28,0.0,168.88,"Quadro RTX 6000"
scaling_N_3,viterbi,5000,3,4,0.2092,0.0029,0.2059,0.2285,-32997.734375,1,26.58,0.0,168.88,"Quadro RTX 6000"
scaling_N_3,baum_welch_100,5000,3,4,9.1950,0.0382,9.1640,9.2549,-24318.835938,100,128.34,0.0,168.88,"Quadro RTX 6000"
scaling_N_5,forward,5000,5,4,0.2718,0.0078,0.2657,0.2911,-28821.593750,1,55.85,0.0,168.88,"Quadro RTX 6000"
scaling_N_5,backward,5000,5,4,0.2704,0.0454,0.2633,0.7933,0.000000,1,56.14,0.0,168.88,"Quadro RTX 6000"
scaling_N_5,viterbi,5000,5,4,0.2160,0.0024,0.2131,0.2266,-33114.234375,1,70.38,0.0,168.88,"Quadro RTX 6000"
scaling_N_5,baum_welch_100,5000,5,4,9.5640,0.0303,9.5299,9.6105,-999902912.000000,100,330.00,0.0,168.88,"Quadro RTX 6000"
scaling_T_100,forward,100,3,4,0.0674,0.0022,0.0656,0.0832,-589.553650,1,1.65,0.0,168.88,"Quadro RTX 6000"
scaling_T_100,backward,100,3,4,0.0673,0.0034,0.0636,0.0879,0.000000,1,1.65,0.0,168.88,"Quadro RTX 6000"
scaling_T_100,viterbi,100,3,4,0.0650,0.0018,0.0635,0.0714,-633.994385,1,1.71,0.0,168.88,"Quadro RTX 6000"
scaling_T_100,baum_welch_100,100,3,4,21.0989,0.0733,20.9936,21.1658,-510.657532,100,1.12,0.0,168.88,"Quadro RTX 6000"
scaling_T_1000,forward,1000,3,4,0.1094,0.0035,0.1065,0.1253,-5826.281250,1,10.13,0.0,168.88,"Quadro RTX 6000"
scaling_T_1000,backward,1000,3,4,0.1076,0.0031,0.1045,0.1278,0.000000,1,10.30,0.0,168.88,"Quadro RTX 6000"
scaling_T_1000,viterbi,1000,3,4,0.0991,0.0019,0.0973,0.1144,-6444.606934,1,11.22,0.0,168.88,"Quadro RTX 6000"

═══ Phase 2: Nsight Compute (quick mode) ═══
==PROF== Connected to process 73872 (/user/7/.base/dialloh/home/gpu_comp_hmm_regime/build/test/test_profile_gpu_robust)

╔══════════════════════════════════════════════════════════╗
║ GPU: Quadro RTX 6000                                     ║
╠══════════════════════════════════════════════════════════╣
║ Compute Capability: 7.5                                     ║
║ Total Memory: 22501  MB                                   ║
║ SM Count: 72                                              ║
║ Max Threads/Block: 1024                                   ║
║ Warp Size: 32                                              ║
╚══════════════════════════════════════════════════════════╝

╔══════════════════════════════════════════════════════════════╗
║         GPU PROFILING - HMM ALGORITHMS (Hassan et al.)       ║
╠══════════════════════════════════════════════════════════════╣
║  Data dir: data/bench                                     ║
║  Output:   results/benchmarks/gpu_nsight                  ║
║  Mode:     quick                                          ║
╚══════════════════════════════════════════════════════════════╝

Found 22 datasets:
  - scaling_N_10
  - scaling_N_3
  - scaling_N_5
  - scaling_T_100
  - scaling_T_1000
  - scaling_T_10000
  - scaling_T_100000
  - scaling_T_1000000
  - scaling_T_102400
  - scaling_T_12800
  - scaling_T_1600
  - scaling_T_200
  - scaling_T_204800
  - scaling_T_25600
  - scaling_T_3200
  - scaling_T_400
  - scaling_T_5000
  - scaling_T_50000
  - scaling_T_51200
  - scaling_T_6400
  - scaling_T_800
  - validation_convergence

━━━━━━━━━━━━━━━━━━━━━━━━━━━━━━━━━━━━━━━━━━━━━━━━━━━━━━━━━━━━━━━━
Profiling: scaling_N_10 (T=5000, N=10, K=4)
━━━━━━━━━━━━━━━━━━━━━━━━━━━━━━━━━━━━━━━━━━━━━━━━━━━━━━━━━━━━━━━━
  [Forward] ==ERROR== ERR_NVGPUCTRPERM - The user does not have permission to access NVIDIA GPU Performance Counters on the target device 0. For instructions on enabling permissions and to get more information see https://developer.nvidia.com/ERR_NVGPUCTRPERM
4.04562 ms (±0.498607) | 14.9004 GB/s
  [Backward] 4.31471 ms (±0.356904) | 13.9711 GB/s
  [Viterbi] 3.67994 ms (±0.385084) | 16.3865 GB/s
  [Baum-Welch 10 iter] 94.1805 ms (±5.13758) | LL=-9.99904e+08

━━━━━━━━━━━━━━━━━━━━━━━━━━━━━━━━━━━━━━━━━━━━━━━━━━━━━━━━━━━━━━━━
Profiling: scaling_N_3 (T=5000, N=3, K=4)
━━━━━━━━━━━━━━━━━━━━━━━━━━━━━━━━━━━━━━━━━━━━━━━━━━━━━━━━━━━━━━━━
  [Forward] 3.05578 ms (±0.247174) | 1.81306 GB/s
  [Backward] 2.98529 ms (±0.144642) | 1.85587 GB/s
  [Viterbi] 3.11412 ms (±0.357981) | 1.78551 GB/s
  [Baum-Welch 10 iter] 117.186 ms (±1.30056) | LL=-24318.8

━━━━━━━━━━━━━━━━━━━━━━━━━━━━━━━━━━━━━━━━━━━━━━━━━━━━━━━━━━━━━━━━
Profiling: scaling_N_5 (T=5000, N=5, K=4)
━━━━━━━━━━━━━━━━━━━━━━━━━━━━━━━━━━━━━━━━━━━━━━━━━━━━━━━━━━━━━━━━
  [Forward] 3.05484 ms (±0.124902) | 4.96934 GB/s
  [Backward] 3.04998 ms (±0.136573) | 4.97726 GB/s
  [Viterbi] 3.15899 ms (±0.377625) | 4.81184 GB/s
  [Baum-Welch 10 iter] 113.002 ms (±0.547564) | LL=-9.99903e+08

━━━━━━━━━━━━━━━━━━━━━━━━━━━━━━━━━━━━━━━━━━━━━━━━━━━━━━━━━━━━━━━━
Profiling: scaling_T_100 (T=100, N=3, K=4)
━━━━━━━━━━━━━━━━━━━━━━━━━━━━━━━━━━━━━━━━━━━━━━━━━━━━━━━━━━━━━━━━
  [Forward] 1.88719 ms (±0.105543) | 0.0588707 GB/s
  [Backward] 1.88116 ms (±0.105655) | 0.0590594 GB/s
  [Viterbi] 1.90828 ms (±0.139494) | 0.0584296 GB/s
  [Baum-Welch 10 iter] 536.665 ms (±3.88801) | LL=-510.658

━━━━━━━━━━━━━━━━━━━━━━━━━━━━━━━━━━━━━━━━━━━━━━━━━━━━━━━━━━━━━━━━
Profiling: scaling_T_1000 (T=1000, N=3, K=4)
━━━━━━━━━━━━━━━━━━━━━━━━━━━━━━━━━━━━━━━━━━━━━━━━━━━━━━━━━━━━━━━━
  [Forward] 2.46977 ms (±0.0993431) | 0.448747 GB/s
  [Backward] 2.4615 ms (±0.0910114) | 0.450255 GB/s
  [Viterbi] 2.47841 ms (±0.0973194) | 0.448796 GB/s
  [Baum-Welch 10 iter] 108.19 ms (±3.69438) | LL=-5007.3

━━━━━━━━━━━━━━━━━━━━━━━━━━━━━━━━━━━━━━━━━━━━━━━━━━━━━━━━━━━━━━━━
Profiling: scaling_T_10000 (T=10000, N=3, K=4)
━━━━━━━━━━━━━━━━━━━━━━━━━━━━━━━━━━━━━━━━━━━━━━━━━━━━━━━━━━━━━━━━
  [Forward] 3.26228 ms (±0.10047) | 3.39649 GB/s
  [Backward] 3.36909 ms (±0.291813) | 3.28881 GB/s
  [Viterbi] 3.27307 ms (±0.0993016) | 3.39751 GB/s
  [Baum-Welch 10 iter] 325.69 ms (±2.96479) | LL=-53160.1

━━━━━━━━━━━━━━━━━━━━━━━━━━━━━━━━━━━━━━━━━━━━━━━━━━━━━━━━━━━━━━━━
Profiling: scaling_T_100000 (T=100000, N=3, K=4)
━━━━━━━━━━━━━━━━━━━━━━━━━━━━━━━━━━━━━━━━━━━━━━━━━━━━━━━━━━━━━━━━
  [Forward] 0.540531 ms (±0.0130865) | 204.984 GB/s
  [Backward] 0.540142 ms (±0.00597963) | 205.132 GB/s
  [Viterbi] 0.543944 ms (±0.00930394) | 204.433 GB/s
  [Baum-Welch 10 iter] 8.88737 ms (±0.292239) | LL=1.09861

━━━━━━━━━━━━━━━━━━━━━━━━━━━━━━━━━━━━━━━━━━━━━━━━━━━━━━━━━━━━━━━━
Profiling: scaling_T_1000000 (T=1000000, N=3, K=4)
━━━━━━━━━━━━━━━━━━━━━━━━━━━━━━━━━━━━━━━━━━━━━━━━━━━━━━━━━━━━━━━━
  [Forward] 2.25062 ms (±0.153385) | 492.308 GB/s
  [Backward] 1.93528 ms (±0.00885939) | 572.527 GB/s
  [Viterbi] 1.93186 ms (±0.00576211) | 575.612 GB/s
  [Baum-Welch 10 iter] 26.0148 ms (±0.216829) | LL=1.09861

━━━━━━━━━━━━━━━━━━━━━━━━━━━━━━━━━━━━━━━━━━━━━━━━━━━━━━━━━━━━━━━━
Profiling: scaling_T_102400 (T=102400, N=3, K=4)
━━━━━━━━━━━━━━━━━━━━━━━━━━━━━━━━━━━━━━━━━━━━━━━━━━━━━━━━━━━━━━━━
  [Forward] 0.509 ms (±0.00598666) | 222.907 GB/s
  [Backward] 0.506329 ms (±0.00454332) | 224.083 GB/s
  [Viterbi] 0.505795 ms (±0.00619282) | 225.129 GB/s
  [Baum-Welch 10 iter] 8.03933 ms (±0.120936) | LL=1.09861

━━━━━━━━━━━━━━━━━━━━━━━━━━━━━━━━━━━━━━━━━━━━━━━━━━━━━━━━━━━━━━━━
Profiling: scaling_T_12800 (T=12800, N=3, K=4)
━━━━━━━━━━━━━━━━━━━━━━━━━━━━━━━━━━━━━━━━━━━━━━━━━━━━━━━━━━━━━━━━
  [Forward] 3.31687 ms (±0.257682) | 4.27592 GB/s
  [Backward] 3.31206 ms (±0.161029) | 4.28213 GB/s
  [Viterbi] 3.28449 ms (±0.118332) | 4.33368 GB/s
  [Baum-Welch 10 iter] 179.74 ms (±9.26146) | LL=-61243.6

━━━━━━━━━━━━━━━━━━━━━━━━━━━━━━━━━━━━━━━━━━━━━━━━━━━━━━━━━━━━━━━━
Profiling: scaling_T_1600 (T=1600, N=3, K=4)
━━━━━━━━━━━━━━━━━━━━━━━━━━━━━━━━━━━━━━━━━━━━━━━━━━━━━━━━━━━━━━━━
  [Forward] 2.73028 ms (±0.107789) | 0.649421 GB/s
  [Backward] 2.66663 ms (±0.160972) | 0.664921 GB/s
  [Viterbi] 2.68399 ms (±0.322384) | 0.663007 GB/s
  [Baum-Welch 10 iter] 150.969 ms (±4.77985) | LL=-7768.19

━━━━━━━━━━━━━━━━━━━━━━━━━━━━━━━━━━━━━━━━━━━━━━━━━━━━━━━━━━━━━━━━
Profiling: scaling_T_200 (T=200, N=3, K=4)
━━━━━━━━━━━━━━━━━━━━━━━━━━━━━━━━━━━━━━━━━━━━━━━━━━━━━━━━━━━━━━━━
  [Forward] 1.89843 ms (±0.0836591) | 0.116886 GB/s
  [Backward] 1.90958 ms (±0.0894773) | 0.116204 GB/s
  [Viterbi] 1.89591 ms (±0.0873344) | 0.117463 GB/s
  [Baum-Welch 10 iter] 100.254 ms (±5.56347) | LL=-811.796

━━━━━━━━━━━━━━━━━━━━━━━━━━━━━━━━━━━━━━━━━━━━━━━━━━━━━━━━━━━━━━━━
Profiling: scaling_T_204800 (T=204800, N=3, K=4)
━━━━━━━━━━━━━━━━━━━━━━━━━━━━━━━━━━━━━━━━━━━━━━━━━━━━━━━━━━━━━━━━
  [Forward] 0.610634 ms (±0.0191404) | 371.611 GB/s
  [Backward] 0.605645 ms (±0.00447302) | 374.673 GB/s
  [Viterbi] 0.572761 ms (±0.025128) | 397.614 GB/s
  [Baum-Welch 10 iter] 9.06603 ms (±0.113369) | LL=1.09861

━━━━━━━━━━━━━━━━━━━━━━━━━━━━━━━━━━━━━━━━━━━━━━━━━━━━━━━━━━━━━━━━
Profiling: scaling_T_25600 (T=25600, N=3, K=4)
━━━━━━━━━━━━━━━━━━━━━━━━━━━━━━━━━━━━━━━━━━━━━━━━━━━━━━━━━━━━━━━━
  [Forward] 4.03574 ms (±0.491064) | 7.02848 GB/s
  [Backward] 3.53797 ms (±0.147567) | 8.01734 GB/s
  [Viterbi] 3.69014 ms (±0.492497) | 7.71448 GB/s
  [Baum-Welch 10 iter] 368.766 ms (±31.6) | LL=-131035

━━━━━━━━━━━━━━━━━━━━━━━━━━━━━━━━━━━━━━━━━━━━━━━━━━━━━━━━━━━━━━━━
Profiling: scaling_T_3200 (T=3200, N=3, K=4)
━━━━━━━━━━━━━━━━━━━━━━━━━━━━━━━━━━━━━━━━━━━━━━━━━━━━━━━━━━━━━━━━
  [Forward] 2.88948 ms (±0.112446) | 1.22718 GB/s
  [Backward] 2.96363 ms (±0.303751) | 1.19647 GB/s
  [Viterbi] 2.8648 ms (±0.10352) | 1.24221 GB/s
  [Baum-Welch 10 iter] 114.712 ms (±1.50452) | LL=-16015.8

━━━━━━━━━━━━━━━━━━━━━━━━━━━━━━━━━━━━━━━━━━━━━━━━━━━━━━━━━━━━━━━━
Profiling: scaling_T_400 (T=400, N=3, K=4)
━━━━━━━━━━━━━━━━━━━━━━━━━━━━━━━━━━━━━━━━━━━━━━━━━━━━━━━━━━━━━━━━
  [Forward] 2.29268 ms (±0.0953394) | 0.193442 GB/s
  [Backward] 2.30704 ms (±0.105786) | 0.192238 GB/s
  [Viterbi] 2.29053 ms (±0.103059) | 0.194322 GB/s
  [Baum-Welch 10 iter] 146.011 ms (±0.804078) | LL=-1663.22

━━━━━━━━━━━━━━━━━━━━━━━━━━━━━━━━━━━━━━━━━━━━━━━━━━━━━━━━━━━━━━━━
Profiling: scaling_T_5000 (T=5000, N=3, K=4)
━━━━━━━━━━━━━━━━━━━━━━━━━━━━━━━━━━━━━━━━━━━━━━━━━━━━━━━━━━━━━━━━
  [Forward] 3.09457 ms (±0.119942) | 1.79033 GB/s
  [Backward] 3.06026 ms (±0.113189) | 1.8104 GB/s
  [Viterbi] 3.08391 ms (±0.115421) | 1.803 GB/s
  [Baum-Welch 10 iter] 104.325 ms (±1.15599) | LL=-9.99904e+08

━━━━━━━━━━━━━━━━━━━━━━━━━━━━━━━━━━━━━━━━━━━━━━━━━━━━━━━━━━━━━━━━
Profiling: scaling_T_50000 (T=50000, N=3, K=4)
━━━━━━━━━━━━━━━━━━━━━━━━━━━━━━━━━━━━━━━━━━━━━━━━━━━━━━━━━━━━━━━━
  [Forward] 5.77759 ms (±0.70884) | 9.58882 GB/s
  [Backward] 6.08361 ms (±0.701699) | 9.10649 GB/s
  [Viterbi] 5.55554 ms (±0.568753) | 10.0081 GB/s
  [Baum-Welch 10 iter] 238.963 ms (±8.51317) | LL=-216287

━━━━━━━━━━━━━━━━━━━━━━━━━━━━━━━━━━━━━━━━━━━━━━━━━━━━━━━━━━━━━━━━
Profiling: scaling_T_51200 (T=51200, N=3, K=4)
━━━━━━━━━━━━━━━━━━━━━━━━━━━━━━━━━━━━━━━━━━━━━━━━━━━━━━━━━━━━━━━━
  [Forward] 5.72986 ms (±0.702535) | 9.90075 GB/s
  [Backward] 5.93475 ms (±0.806908) | 9.55893 GB/s
  [Viterbi] 6.03388 ms (±0.816734) | 9.43584 GB/s
  [Baum-Welch 10 iter] 322.563 ms (±7.14529) | LL=-247857

━━━━━━━━━━━━━━━━━━━━━━━━━━━━━━━━━━━━━━━━━━━━━━━━━━━━━━━━━━━━━━━━
Profiling: scaling_T_6400 (T=6400, N=3, K=4)
━━━━━━━━━━━━━━━━━━━━━━━━━━━━━━━━━━━━━━━━━━━━━━━━━━━━━━━━━━━━━━━━
  [Forward] 3.00487 ms (±0.098427) | 2.36 GB/s
  [Backward] 3.02222 ms (±0.129363) | 2.34646 GB/s
  [Viterbi] 3.18903 ms (±0.48646) | 2.23175 GB/s
  [Baum-Welch 10 iter] 109.668 ms (±2.34695) | LL=-1.27988e+09

━━━━━━━━━━━━━━━━━━━━━━━━━━━━━━━━━━━━━━━━━━━━━━━━━━━━━━━━━━━━━━━━
Profiling: scaling_T_800 (T=800, N=3, K=4)
━━━━━━━━━━━━━━━━━━━━━━━━━━━━━━━━━━━━━━━━━━━━━━━━━━━━━━━━━━━━━━━━
  [Forward] 2.51525 ms (±0.13141) | 0.35253 GB/s
  [Backward] 2.50268 ms (±0.116333) | 0.3543 GB/s
  [Viterbi] 2.53741 ms (±0.244261) | 0.350712 GB/s
  [Baum-Welch 10 iter] 188.259 ms (±6.05283) | LL=-4112.86

━━━━━━━━━━━━━━━━━━━━━━━━━━━━━━━━━━━━━━━━━━━━━━━━━━━━━━━━━━━━━━━━
Profiling: validation_convergence (T=2000, N=3, K=4)
━━━━━━━━━━━━━━━━━━━━━━━━━━━━━━━━━━━━━━━━━━━━━━━━━━━━━━━━━━━━━━━━
  [Forward] 2.72121 ms (±0.271862) | 0.814454 GB/s
  [Backward] 2.69853 ms (±0.281315) | 0.8213 GB/s
  [Viterbi] 2.62741 ms (±0.130831) | 0.846574 GB/s
  [Baum-Welch 10 iter] 77.1209 ms (±0.595196) | LL=-3.99961e+08

═══════════════════════════════════════════════════════════════
                       EXPORT RESULTS                          
═══════════════════════════════════════════════════════════════
✓ GPU results saved to results/benchmarks/gpu_nsight_results.csv
✓ GPU results saved to results/benchmarks/gpu_nsight_results.json

╔══════════════════════════════════════════════════════════════╗
║                    PROFILING COMPLETE                        ║
╠══════════════════════════════════════════════════════════════╣
║  Total tests: 88                                           ║
║  CSV output:  results/benchmarks/gpu_nsight_results.csv    ║
║  JSON output: results/benchmarks/gpu_nsight_results.json   ║
╚══════════════════════════════════════════════════════════════╝

Next steps:
  Analyze with Python:
    python analyze_benchmark_results.py --gpu-csv results/benchmarks/gpu_nsight_results.csv

==PROF== Disconnected from process 73872

═══ FULL PROFILING COMPLETE ═══
Timing results: results/benchmarks/gpu_benchmark_results.csv
Nsight reports: results/nsight/

═══ JOB FINISHED ═══
End time: Wed Jan  7 22:38:08 CET 2026
Duration: 55 seconds
