==========================================
GPU Job - HMM Regime Detection
Job ID: 36908
Node: turing-2
Date: Tue Jan  6 17:21:08 CET 2026
==========================================

Building with CUDA...
-- The CXX compiler identification is GNU 13.3.0
-- Detecting CXX compiler ABI info
-- Detecting CXX compiler ABI info - done
-- Check for working CXX compiler: /usr/bin/c++ - skipped
-- Detecting CXX compile features
-- Detecting CXX compile features - done
-- The CUDA compiler identification is NVIDIA 12.6.85
-- Detecting CUDA compiler ABI info
-- Detecting CUDA compiler ABI info - done
-- Check for working CUDA compiler: /usr/local/cuda-12.6/bin/nvcc - skipped
-- Detecting CUDA compile features
-- Detecting CUDA compile features - done
-- Found CUDAToolkit: /usr/local/cuda-12.6/targets/x86_64-linux/include (found version "12.6.85") 
-- Performing Test CMAKE_HAVE_LIBC_PTHREAD
-- Performing Test CMAKE_HAVE_LIBC_PTHREAD - Success
-- Found Threads: TRUE  
-- CUDA enabled - architectures: 52
-- Building CUDA kernels library: hmm_kernels
--   Sources: /user/7/dialloh/gpu_comp_hmm_regime/src/cuda/kernels/scan_kernels.cu;/user/7/dialloh/gpu_comp_hmm_regime/src/cuda/kernels/potential_kernels.cu;/user/7/dialloh/gpu_comp_hmm_regime/src/cuda/kernels/viterbi_kernels.cu;/user/7/dialloh/gpu_comp_hmm_regime/src/cuda/kernels/baum_welch_kernels.cu
--   CUDA Architectures: 52
-- Building CUDA orchestration library: hmm_cuda
--   Sources: /user/7/dialloh/gpu_comp_hmm_regime/src/cuda/algo_hmm_gpu.cu
--   Dependencies: hmm_kernels, hmm_cpu
-- CUDA tests enabled
--   - test_forward_backward_gpu
--   - test_viterbi_gpu
-- 
-- ========================================
-- GPU HMM Regime Detection - Configuration
-- ========================================
-- Build type      : Release
-- C++ compiler    : /usr/bin/c++
-- CUDA support    : ON
-- Tests           : ON
-- Benchmarks      : OFF
-- Profiling       : OFF
-- ========================================
-- 
-- Configuring done (3.5s)
-- Generating done (0.2s)
-- Build files have been written to: /user/7/dialloh/gpu_comp_hmm_regime/build
/usr/bin/cmake -S/user/7/dialloh/gpu_comp_hmm_regime -B/user/7/dialloh/gpu_comp_hmm_regime/build --check-build-system CMakeFiles/Makefile.cmake 0
/usr/bin/cmake -E cmake_progress_start /user/7/dialloh/gpu_comp_hmm_regime/build/CMakeFiles /user/7/dialloh/gpu_comp_hmm_regime/build//CMakeFiles/progress.marks
make  -f CMakeFiles/Makefile2 all
make[1]: Entering directory '/user/7/.base/dialloh/home/gpu_comp_hmm_regime/build'
make  -f src/cuda/kernels/CMakeFiles/hmm_kernels.dir/build.make src/cuda/kernels/CMakeFiles/hmm_kernels.dir/depend
make  -f src/cpu/CMakeFiles/hmm_cpu.dir/build.make src/cpu/CMakeFiles/hmm_cpu.dir/depend
make[2]: Entering directory '/user/7/.base/dialloh/home/gpu_comp_hmm_regime/build'
cd /user/7/dialloh/gpu_comp_hmm_regime/build && /usr/bin/cmake -E cmake_depends "Unix Makefiles" /user/7/dialloh/gpu_comp_hmm_regime /user/7/dialloh/gpu_comp_hmm_regime/src/cuda/kernels /user/7/dialloh/gpu_comp_hmm_regime/build /user/7/dialloh/gpu_comp_hmm_regime/build/src/cuda/kernels /user/7/dialloh/gpu_comp_hmm_regime/build/src/cuda/kernels/CMakeFiles/hmm_kernels.dir/DependInfo.cmake "--color="
make[2]: Entering directory '/user/7/.base/dialloh/home/gpu_comp_hmm_regime/build'
cd /user/7/dialloh/gpu_comp_hmm_regime/build && /usr/bin/cmake -E cmake_depends "Unix Makefiles" /user/7/dialloh/gpu_comp_hmm_regime /user/7/dialloh/gpu_comp_hmm_regime/src/cpu /user/7/dialloh/gpu_comp_hmm_regime/build /user/7/dialloh/gpu_comp_hmm_regime/build/src/cpu /user/7/dialloh/gpu_comp_hmm_regime/build/src/cpu/CMakeFiles/hmm_cpu.dir/DependInfo.cmake "--color="
make[2]: Leaving directory '/user/7/.base/dialloh/home/gpu_comp_hmm_regime/build'
make  -f src/cuda/kernels/CMakeFiles/hmm_kernels.dir/build.make src/cuda/kernels/CMakeFiles/hmm_kernels.dir/build
make[2]: Leaving directory '/user/7/.base/dialloh/home/gpu_comp_hmm_regime/build'
make  -f src/cpu/CMakeFiles/hmm_cpu.dir/build.make src/cpu/CMakeFiles/hmm_cpu.dir/build
make[2]: Entering directory '/user/7/.base/dialloh/home/gpu_comp_hmm_regime/build'
make[2]: Entering directory '/user/7/.base/dialloh/home/gpu_comp_hmm_regime/build'
[ 10%] Building CUDA object src/cuda/kernels/CMakeFiles/hmm_kernels.dir/scan_kernels.cu.o
[ 10%] Building CUDA object src/cuda/kernels/CMakeFiles/hmm_kernels.dir/viterbi_kernels.cu.o
cd /user/7/dialloh/gpu_comp_hmm_regime/build/src/cuda/kernels && /usr/local/cuda-12.6/bin/nvcc -forward-unknown-to-host-compiler  --options-file CMakeFiles/hmm_kernels.dir/includes_CUDA.rsp -O3 -DNDEBUG -std=c++14 "--generate-code=arch=compute_52,code=[compute_52,sm_52]" -Xcompiler=-fPIC --expt-relaxed-constexpr -Xcompiler=-Wall -Xcompiler=-Wextra -MD -MT src/cuda/kernels/CMakeFiles/hmm_kernels.dir/scan_kernels.cu.o -MF CMakeFiles/hmm_kernels.dir/scan_kernels.cu.o.d -x cu -rdc=true -c /user/7/dialloh/gpu_comp_hmm_regime/src/cuda/kernels/scan_kernels.cu -o CMakeFiles/hmm_kernels.dir/scan_kernels.cu.o
cd /user/7/dialloh/gpu_comp_hmm_regime/build/src/cuda/kernels && /usr/local/cuda-12.6/bin/nvcc -forward-unknown-to-host-compiler  --options-file CMakeFiles/hmm_kernels.dir/includes_CUDA.rsp -O3 -DNDEBUG -std=c++14 "--generate-code=arch=compute_52,code=[compute_52,sm_52]" -Xcompiler=-fPIC --expt-relaxed-constexpr -Xcompiler=-Wall -Xcompiler=-Wextra -MD -MT src/cuda/kernels/CMakeFiles/hmm_kernels.dir/viterbi_kernels.cu.o -MF CMakeFiles/hmm_kernels.dir/viterbi_kernels.cu.o.d -x cu -rdc=true -c /user/7/dialloh/gpu_comp_hmm_regime/src/cuda/kernels/viterbi_kernels.cu -o CMakeFiles/hmm_kernels.dir/viterbi_kernels.cu.o
[ 15%] Building CUDA object src/cuda/kernels/CMakeFiles/hmm_kernels.dir/potential_kernels.cu.o
cd /user/7/dialloh/gpu_comp_hmm_regime/build/src/cuda/kernels && /usr/local/cuda-12.6/bin/nvcc -forward-unknown-to-host-compiler  --options-file CMakeFiles/hmm_kernels.dir/includes_CUDA.rsp -O3 -DNDEBUG -std=c++14 "--generate-code=arch=compute_52,code=[compute_52,sm_52]" -Xcompiler=-fPIC --expt-relaxed-constexpr -Xcompiler=-Wall -Xcompiler=-Wextra -MD -MT src/cuda/kernels/CMakeFiles/hmm_kernels.dir/potential_kernels.cu.o -MF CMakeFiles/hmm_kernels.dir/potential_kernels.cu.o.d -x cu -rdc=true -c /user/7/dialloh/gpu_comp_hmm_regime/src/cuda/kernels/potential_kernels.cu -o CMakeFiles/hmm_kernels.dir/potential_kernels.cu.o
[ 20%] Building CXX object src/cpu/CMakeFiles/hmm_cpu.dir/linalg_cpu.cpp.o
cd /user/7/dialloh/gpu_comp_hmm_regime/build/src/cpu && /usr/bin/c++  -I/user/7/dialloh/gpu_comp_hmm_regime/include/cpu -I/user/7/dialloh/gpu_comp_hmm_regime/include/cuda -Wall -Wextra -O3 -march=native -DNDEBUG -std=c++17 -Wall -Wextra -Wpedantic -O3 -march=native -ffast-math -MD -MT src/cpu/CMakeFiles/hmm_cpu.dir/linalg_cpu.cpp.o -MF CMakeFiles/hmm_cpu.dir/linalg_cpu.cpp.o.d -o CMakeFiles/hmm_cpu.dir/linalg_cpu.cpp.o -c /user/7/dialloh/gpu_comp_hmm_regime/src/cpu/linalg_cpu.cpp
[ 25%] Building CXX object src/cpu/CMakeFiles/hmm_cpu.dir/algo_hmm_cpu.cpp.o
cd /user/7/dialloh/gpu_comp_hmm_regime/build/src/cpu && /usr/bin/c++  -I/user/7/dialloh/gpu_comp_hmm_regime/include/cpu -I/user/7/dialloh/gpu_comp_hmm_regime/include/cuda -Wall -Wextra -O3 -march=native -DNDEBUG -std=c++17 -Wall -Wextra -Wpedantic -O3 -march=native -ffast-math -MD -MT src/cpu/CMakeFiles/hmm_cpu.dir/algo_hmm_cpu.cpp.o -MF CMakeFiles/hmm_cpu.dir/algo_hmm_cpu.cpp.o.d -o CMakeFiles/hmm_cpu.dir/algo_hmm_cpu.cpp.o -c /user/7/dialloh/gpu_comp_hmm_regime/src/cpu/algo_hmm_cpu.cpp
[ 30%] Building CUDA object src/cuda/kernels/CMakeFiles/hmm_kernels.dir/baum_welch_kernels.cu.o
cd /user/7/dialloh/gpu_comp_hmm_regime/build/src/cuda/kernels && /usr/local/cuda-12.6/bin/nvcc -forward-unknown-to-host-compiler  --options-file CMakeFiles/hmm_kernels.dir/includes_CUDA.rsp -O3 -DNDEBUG -std=c++14 "--generate-code=arch=compute_52,code=[compute_52,sm_52]" -Xcompiler=-fPIC --expt-relaxed-constexpr -Xcompiler=-Wall -Xcompiler=-Wextra -MD -MT src/cuda/kernels/CMakeFiles/hmm_kernels.dir/baum_welch_kernels.cu.o -MF CMakeFiles/hmm_kernels.dir/baum_welch_kernels.cu.o.d -x cu -rdc=true -c /user/7/dialloh/gpu_comp_hmm_regime/src/cuda/kernels/baum_welch_kernels.cu -o CMakeFiles/hmm_kernels.dir/baum_welch_kernels.cu.o
[ 35%] Linking CXX static library libhmm_cpu.a
cd /user/7/dialloh/gpu_comp_hmm_regime/build/src/cpu && /usr/bin/cmake -P CMakeFiles/hmm_cpu.dir/cmake_clean_target.cmake
cd /user/7/dialloh/gpu_comp_hmm_regime/build/src/cpu && /usr/bin/cmake -E cmake_link_script CMakeFiles/hmm_cpu.dir/link.txt --verbose=1
/usr/bin/ar qc libhmm_cpu.a CMakeFiles/hmm_cpu.dir/linalg_cpu.cpp.o CMakeFiles/hmm_cpu.dir/algo_hmm_cpu.cpp.o
/usr/bin/ranlib libhmm_cpu.a
make[2]: Leaving directory '/user/7/.base/dialloh/home/gpu_comp_hmm_regime/build'
[ 35%] Built target hmm_cpu
[ 40%] Linking CUDA device code CMakeFiles/hmm_kernels.dir/cmake_device_link.o
cd /user/7/dialloh/gpu_comp_hmm_regime/build/src/cuda/kernels && /usr/bin/cmake -E cmake_link_script CMakeFiles/hmm_kernels.dir/dlink.txt --verbose=1
/usr/local/cuda-12.6/bin/nvcc -forward-unknown-to-host-compiler -O3 -DNDEBUG "--generate-code=arch=compute_52,code=[compute_52,sm_52]" -Xcompiler=-fPIC -Wno-deprecated-gpu-targets -shared -dlink --options-file CMakeFiles/hmm_kernels.dir/deviceObjects1.rsp -o CMakeFiles/hmm_kernels.dir/cmake_device_link.o --options-file CMakeFiles/hmm_kernels.dir/deviceLinkLibs.rsp
[ 45%] Linking CUDA static library libhmm_kernels.a
cd /user/7/dialloh/gpu_comp_hmm_regime/build/src/cuda/kernels && /usr/bin/cmake -P CMakeFiles/hmm_kernels.dir/cmake_clean_target.cmake
cd /user/7/dialloh/gpu_comp_hmm_regime/build/src/cuda/kernels && /usr/bin/cmake -E cmake_link_script CMakeFiles/hmm_kernels.dir/link.txt --verbose=1
/usr/bin/ar qc libhmm_kernels.a CMakeFiles/hmm_kernels.dir/scan_kernels.cu.o CMakeFiles/hmm_kernels.dir/potential_kernels.cu.o CMakeFiles/hmm_kernels.dir/viterbi_kernels.cu.o CMakeFiles/hmm_kernels.dir/baum_welch_kernels.cu.o
/usr/bin/ar q libhmm_kernels.a CMakeFiles/hmm_kernels.dir/cmake_device_link.o
/usr/bin/ranlib libhmm_kernels.a
make[2]: Leaving directory '/user/7/.base/dialloh/home/gpu_comp_hmm_regime/build'
[ 45%] Built target hmm_kernels
make  -f src/cuda/CMakeFiles/hmm_cuda.dir/build.make src/cuda/CMakeFiles/hmm_cuda.dir/depend
make[2]: Entering directory '/user/7/.base/dialloh/home/gpu_comp_hmm_regime/build'
cd /user/7/dialloh/gpu_comp_hmm_regime/build && /usr/bin/cmake -E cmake_depends "Unix Makefiles" /user/7/dialloh/gpu_comp_hmm_regime /user/7/dialloh/gpu_comp_hmm_regime/src/cuda /user/7/dialloh/gpu_comp_hmm_regime/build /user/7/dialloh/gpu_comp_hmm_regime/build/src/cuda /user/7/dialloh/gpu_comp_hmm_regime/build/src/cuda/CMakeFiles/hmm_cuda.dir/DependInfo.cmake "--color="
make[2]: Leaving directory '/user/7/.base/dialloh/home/gpu_comp_hmm_regime/build'
make  -f src/cuda/CMakeFiles/hmm_cuda.dir/build.make src/cuda/CMakeFiles/hmm_cuda.dir/build
make[2]: Entering directory '/user/7/.base/dialloh/home/gpu_comp_hmm_regime/build'
[ 50%] Building CUDA object src/cuda/CMakeFiles/hmm_cuda.dir/algo_hmm_gpu.cu.o
cd /user/7/dialloh/gpu_comp_hmm_regime/build/src/cuda && /usr/local/cuda-12.6/bin/nvcc -forward-unknown-to-host-compiler  --options-file CMakeFiles/hmm_cuda.dir/includes_CUDA.rsp -O3 -DNDEBUG -std=c++17 "--generate-code=arch=compute_52,code=[compute_52,sm_52]" -Xcompiler=-fPIC --expt-relaxed-constexpr -Xcompiler=-Wall -MD -MT src/cuda/CMakeFiles/hmm_cuda.dir/algo_hmm_gpu.cu.o -MF CMakeFiles/hmm_cuda.dir/algo_hmm_gpu.cu.o.d -x cu -rdc=true -c /user/7/dialloh/gpu_comp_hmm_regime/src/cuda/algo_hmm_gpu.cu -o CMakeFiles/hmm_cuda.dir/algo_hmm_gpu.cu.o
[ 55%] Linking CUDA device code CMakeFiles/hmm_cuda.dir/cmake_device_link.o
cd /user/7/dialloh/gpu_comp_hmm_regime/build/src/cuda && /usr/bin/cmake -E cmake_link_script CMakeFiles/hmm_cuda.dir/dlink.txt --verbose=1
/usr/local/cuda-12.6/bin/nvcc -forward-unknown-to-host-compiler -O3 -DNDEBUG "--generate-code=arch=compute_52,code=[compute_52,sm_52]" -Xcompiler=-fPIC -Wno-deprecated-gpu-targets -shared -dlink --options-file CMakeFiles/hmm_cuda.dir/deviceObjects1.rsp -o CMakeFiles/hmm_cuda.dir/cmake_device_link.o --options-file CMakeFiles/hmm_cuda.dir/deviceLinkLibs.rsp
[ 60%] Linking CXX static library libhmm_cuda.a
cd /user/7/dialloh/gpu_comp_hmm_regime/build/src/cuda && /usr/bin/cmake -P CMakeFiles/hmm_cuda.dir/cmake_clean_target.cmake
cd /user/7/dialloh/gpu_comp_hmm_regime/build/src/cuda && /usr/bin/cmake -E cmake_link_script CMakeFiles/hmm_cuda.dir/link.txt --verbose=1
/usr/bin/ar qc libhmm_cuda.a CMakeFiles/hmm_cuda.dir/algo_hmm_gpu.cu.o
/usr/bin/ar q libhmm_cuda.a CMakeFiles/hmm_cuda.dir/cmake_device_link.o
/usr/bin/ranlib libhmm_cuda.a
make[2]: Leaving directory '/user/7/.base/dialloh/home/gpu_comp_hmm_regime/build'
[ 60%] Built target hmm_cuda
make  -f src/CMakeFiles/hmm_main.dir/build.make src/CMakeFiles/hmm_main.dir/depend
make  -f test/CMakeFiles/test_forward_backward_gpu.dir/build.make test/CMakeFiles/test_forward_backward_gpu.dir/depend
make  -f test/CMakeFiles/test_viterbi_gpu.dir/build.make test/CMakeFiles/test_viterbi_gpu.dir/depend
make  -f test/CMakeFiles/test_baum_welch_gpu.dir/build.make test/CMakeFiles/test_baum_welch_gpu.dir/depend
make[2]: Entering directory '/user/7/.base/dialloh/home/gpu_comp_hmm_regime/build'
cd /user/7/dialloh/gpu_comp_hmm_regime/build && /usr/bin/cmake -E cmake_depends "Unix Makefiles" /user/7/dialloh/gpu_comp_hmm_regime /user/7/dialloh/gpu_comp_hmm_regime/test /user/7/dialloh/gpu_comp_hmm_regime/build /user/7/dialloh/gpu_comp_hmm_regime/build/test /user/7/dialloh/gpu_comp_hmm_regime/build/test/CMakeFiles/test_forward_backward_gpu.dir/DependInfo.cmake "--color="
make[2]: Entering directory '/user/7/.base/dialloh/home/gpu_comp_hmm_regime/build'
cd /user/7/dialloh/gpu_comp_hmm_regime/build && /usr/bin/cmake -E cmake_depends "Unix Makefiles" /user/7/dialloh/gpu_comp_hmm_regime /user/7/dialloh/gpu_comp_hmm_regime/src /user/7/dialloh/gpu_comp_hmm_regime/build /user/7/dialloh/gpu_comp_hmm_regime/build/src /user/7/dialloh/gpu_comp_hmm_regime/build/src/CMakeFiles/hmm_main.dir/DependInfo.cmake "--color="
make[2]: Entering directory '/user/7/.base/dialloh/home/gpu_comp_hmm_regime/build'
cd /user/7/dialloh/gpu_comp_hmm_regime/build && /usr/bin/cmake -E cmake_depends "Unix Makefiles" /user/7/dialloh/gpu_comp_hmm_regime /user/7/dialloh/gpu_comp_hmm_regime/test /user/7/dialloh/gpu_comp_hmm_regime/build /user/7/dialloh/gpu_comp_hmm_regime/build/test /user/7/dialloh/gpu_comp_hmm_regime/build/test/CMakeFiles/test_viterbi_gpu.dir/DependInfo.cmake "--color="
make[2]: Entering directory '/user/7/.base/dialloh/home/gpu_comp_hmm_regime/build'
cd /user/7/dialloh/gpu_comp_hmm_regime/build && /usr/bin/cmake -E cmake_depends "Unix Makefiles" /user/7/dialloh/gpu_comp_hmm_regime /user/7/dialloh/gpu_comp_hmm_regime/test /user/7/dialloh/gpu_comp_hmm_regime/build /user/7/dialloh/gpu_comp_hmm_regime/build/test /user/7/dialloh/gpu_comp_hmm_regime/build/test/CMakeFiles/test_baum_welch_gpu.dir/DependInfo.cmake "--color="
make[2]: Leaving directory '/user/7/.base/dialloh/home/gpu_comp_hmm_regime/build'
make  -f test/CMakeFiles/test_forward_backward_gpu.dir/build.make test/CMakeFiles/test_forward_backward_gpu.dir/build
make[2]: Entering directory '/user/7/.base/dialloh/home/gpu_comp_hmm_regime/build'
make[2]: Leaving directory '/user/7/.base/dialloh/home/gpu_comp_hmm_regime/build'
make  -f src/CMakeFiles/hmm_main.dir/build.make src/CMakeFiles/hmm_main.dir/build
make[2]: Leaving directory '/user/7/.base/dialloh/home/gpu_comp_hmm_regime/build'
make[2]: Entering directory '/user/7/.base/dialloh/home/gpu_comp_hmm_regime/build'
make  -f test/CMakeFiles/test_baum_welch_gpu.dir/build.make test/CMakeFiles/test_baum_welch_gpu.dir/build
make[2]: Leaving directory '/user/7/.base/dialloh/home/gpu_comp_hmm_regime/build'
make  -f test/CMakeFiles/test_viterbi_gpu.dir/build.make test/CMakeFiles/test_viterbi_gpu.dir/build
make[2]: Entering directory '/user/7/.base/dialloh/home/gpu_comp_hmm_regime/build'
[ 65%] Building CUDA object test/CMakeFiles/test_forward_backward_gpu.dir/cuda/test_forward_backward_gpu.cu.o
make[2]: Entering directory '/user/7/.base/dialloh/home/gpu_comp_hmm_regime/build'
cd /user/7/dialloh/gpu_comp_hmm_regime/build/test && /usr/local/cuda-12.6/bin/nvcc -forward-unknown-to-host-compiler  --options-file CMakeFiles/test_forward_backward_gpu.dir/includes_CUDA.rsp -O3 -DNDEBUG -std=c++17 "--generate-code=arch=compute_52,code=[compute_52,sm_52]" -MD -MT test/CMakeFiles/test_forward_backward_gpu.dir/cuda/test_forward_backward_gpu.cu.o -MF CMakeFiles/test_forward_backward_gpu.dir/cuda/test_forward_backward_gpu.cu.o.d -x cu -c /user/7/dialloh/gpu_comp_hmm_regime/test/cuda/test_forward_backward_gpu.cu -o CMakeFiles/test_forward_backward_gpu.dir/cuda/test_forward_backward_gpu.cu.o
[ 70%] Building CXX object src/CMakeFiles/hmm_main.dir/main.cpp.o
cd /user/7/dialloh/gpu_comp_hmm_regime/build/src && /usr/bin/c++ -DUSE_CUDA -I/user/7/dialloh/gpu_comp_hmm_regime/include/cpu -I/user/7/dialloh/gpu_comp_hmm_regime/include/cuda -I/user/7/dialloh/gpu_comp_hmm_regime/include -I/user/7/dialloh/gpu_comp_hmm_regime/include/cuda/kernels -isystem /usr/local/cuda-12.6/targets/x86_64-linux/include -Wall -Wextra -O3 -march=native -DNDEBUG -std=c++17 -MD -MT src/CMakeFiles/hmm_main.dir/main.cpp.o -MF CMakeFiles/hmm_main.dir/main.cpp.o.d -o CMakeFiles/hmm_main.dir/main.cpp.o -c /user/7/dialloh/gpu_comp_hmm_regime/src/main.cpp
[ 80%] Building CUDA object test/CMakeFiles/test_baum_welch_gpu.dir/cuda/test_baum_welch_gpu.cu.o
[ 80%] Building CUDA object test/CMakeFiles/test_viterbi_gpu.dir/cuda/test_viterbi_gpu.cu.o
cd /user/7/dialloh/gpu_comp_hmm_regime/build/test && /usr/local/cuda-12.6/bin/nvcc -forward-unknown-to-host-compiler  --options-file CMakeFiles/test_baum_welch_gpu.dir/includes_CUDA.rsp -O3 -DNDEBUG -std=c++17 "--generate-code=arch=compute_52,code=[compute_52,sm_52]" -MD -MT test/CMakeFiles/test_baum_welch_gpu.dir/cuda/test_baum_welch_gpu.cu.o -MF CMakeFiles/test_baum_welch_gpu.dir/cuda/test_baum_welch_gpu.cu.o.d -x cu -c /user/7/dialloh/gpu_comp_hmm_regime/test/cuda/test_baum_welch_gpu.cu -o CMakeFiles/test_baum_welch_gpu.dir/cuda/test_baum_welch_gpu.cu.o
cd /user/7/dialloh/gpu_comp_hmm_regime/build/test && /usr/local/cuda-12.6/bin/nvcc -forward-unknown-to-host-compiler  --options-file CMakeFiles/test_viterbi_gpu.dir/includes_CUDA.rsp -O3 -DNDEBUG -std=c++17 "--generate-code=arch=compute_52,code=[compute_52,sm_52]" -MD -MT test/CMakeFiles/test_viterbi_gpu.dir/cuda/test_viterbi_gpu.cu.o -MF CMakeFiles/test_viterbi_gpu.dir/cuda/test_viterbi_gpu.cu.o.d -x cu -c /user/7/dialloh/gpu_comp_hmm_regime/test/cuda/test_viterbi_gpu.cu -o CMakeFiles/test_viterbi_gpu.dir/cuda/test_viterbi_gpu.cu.o
[ 85%] Linking CXX executable hmm_main
cd /user/7/dialloh/gpu_comp_hmm_regime/build/src && /usr/bin/cmake -E cmake_link_script CMakeFiles/hmm_main.dir/link.txt --verbose=1
/usr/bin/c++  -Wall -Wextra -O3 -march=native -DNDEBUG CMakeFiles/hmm_main.dir/main.cpp.o -o hmm_main   -L/usr/local/cuda-12.6/targets/x86_64-linux/lib/stubs  -L/usr/local/cuda-12.6/targets/x86_64-linux/lib  -Wl,-rpath,/usr/local/cuda-12.6/targets/x86_64-linux/lib: cpu/libhmm_cpu.a cuda/libhmm_cuda.a cpu/libhmm_cpu.a -lm cuda/kernels/libhmm_kernels.a /usr/local/cuda-12.6/targets/x86_64-linux/lib/libcudart.so /usr/local/cuda-12.6/targets/x86_64-linux/lib/libcublas.so /usr/local/cuda-12.6/targets/x86_64-linux/lib/libcublasLt.so /usr/local/cuda-12.6/targets/x86_64-linux/lib/libculibos.a -lcudadevrt -lcudart_static -lrt -lpthread -ldl 
make[2]: Leaving directory '/user/7/.base/dialloh/home/gpu_comp_hmm_regime/build'
[ 85%] Built target hmm_main
[ 90%] Linking CXX executable test_forward_backward_gpu
cd /user/7/dialloh/gpu_comp_hmm_regime/build/test && /usr/bin/cmake -E cmake_link_script CMakeFiles/test_forward_backward_gpu.dir/link.txt --verbose=1
[ 95%] Linking CXX executable test_viterbi_gpu
cd /user/7/dialloh/gpu_comp_hmm_regime/build/test && /usr/bin/cmake -E cmake_link_script CMakeFiles/test_viterbi_gpu.dir/link.txt --verbose=1
/usr/bin/c++  -Wall -Wextra -O3 -march=native -DNDEBUG CMakeFiles/test_forward_backward_gpu.dir/cuda/test_forward_backward_gpu.cu.o -o test_forward_backward_gpu   -L/usr/local/cuda-12.6/targets/x86_64-linux/lib/stubs  -L/usr/local/cuda-12.6/targets/x86_64-linux/lib  -Wl,-rpath,/usr/local/cuda-12.6/targets/x86_64-linux/lib ../src/cuda/libhmm_cuda.a ../src/cpu/libhmm_cpu.a -lm ../src/cuda/kernels/libhmm_kernels.a /usr/local/cuda-12.6/targets/x86_64-linux/lib/libcudart.so /usr/local/cuda-12.6/targets/x86_64-linux/lib/libcublas.so /usr/local/cuda-12.6/targets/x86_64-linux/lib/libcublasLt.so /usr/local/cuda-12.6/targets/x86_64-linux/lib/libculibos.a -lcudadevrt -lcudart_static -lrt -lpthread -ldl 
/usr/bin/c++  -Wall -Wextra -O3 -march=native -DNDEBUG CMakeFiles/test_viterbi_gpu.dir/cuda/test_viterbi_gpu.cu.o -o test_viterbi_gpu   -L/usr/local/cuda-12.6/targets/x86_64-linux/lib/stubs  -L/usr/local/cuda-12.6/targets/x86_64-linux/lib  -Wl,-rpath,/usr/local/cuda-12.6/targets/x86_64-linux/lib ../src/cuda/libhmm_cuda.a ../src/cpu/libhmm_cpu.a -lm ../src/cuda/kernels/libhmm_kernels.a /usr/local/cuda-12.6/targets/x86_64-linux/lib/libcudart.so /usr/local/cuda-12.6/targets/x86_64-linux/lib/libcublas.so /usr/local/cuda-12.6/targets/x86_64-linux/lib/libcublasLt.so /usr/local/cuda-12.6/targets/x86_64-linux/lib/libculibos.a -lcudadevrt -lcudart_static -lrt -lpthread -ldl 
make[2]: Leaving directory '/user/7/.base/dialloh/home/gpu_comp_hmm_regime/build'
make[2]: Leaving directory '/user/7/.base/dialloh/home/gpu_comp_hmm_regime/build'
[ 95%] Built target test_forward_backward_gpu
[ 95%] Built target test_viterbi_gpu
[100%] Linking CXX executable test_baum_welch_gpu
cd /user/7/dialloh/gpu_comp_hmm_regime/build/test && /usr/bin/cmake -E cmake_link_script CMakeFiles/test_baum_welch_gpu.dir/link.txt --verbose=1
/usr/bin/c++  -Wall -Wextra -O3 -march=native -DNDEBUG CMakeFiles/test_baum_welch_gpu.dir/cuda/test_baum_welch_gpu.cu.o -o test_baum_welch_gpu   -L/usr/local/cuda-12.6/targets/x86_64-linux/lib/stubs  -L/usr/local/cuda-12.6/targets/x86_64-linux/lib  -Wl,-rpath,/usr/local/cuda-12.6/targets/x86_64-linux/lib ../src/cuda/libhmm_cuda.a ../src/cpu/libhmm_cpu.a -lm ../src/cuda/kernels/libhmm_kernels.a /usr/local/cuda-12.6/targets/x86_64-linux/lib/libcudart.so /usr/local/cuda-12.6/targets/x86_64-linux/lib/libcublas.so /usr/local/cuda-12.6/targets/x86_64-linux/lib/libcublasLt.so /usr/local/cuda-12.6/targets/x86_64-linux/lib/libculibos.a -lcudadevrt -lcudart_static -lrt -lpthread -ldl 
make[2]: Leaving directory '/user/7/.base/dialloh/home/gpu_comp_hmm_regime/build'
[100%] Built target test_baum_welch_gpu
make[1]: Leaving directory '/user/7/.base/dialloh/home/gpu_comp_hmm_regime/build'
/usr/bin/cmake -E cmake_progress_start /user/7/dialloh/gpu_comp_hmm_regime/build/CMakeFiles 0
✓ Build complete

GPU Info:
name, memory.total [MiB], driver_version
Quadro RTX 6000, 23040 MiB, 580.65.06
Quadro RTX 6000, 23040 MiB, 580.65.06
Quadro RTX 6000, 23040 MiB, 580.65.06

Running all GPU tests...

================================
Running: test_baum_welch_gpu
================================

========================================
TEST BAUM-WELCH GPU vs CPU
========================================


============================================
Test Baum-Welch: T=500, N=3, K=4
============================================

[GPU] Baum-Welch Algorithm (40 iterations)...
  Iter 0: LL=-3241.13 (1.0057 ms)
  Iter 1: LL=-3241.13 (0.976544 ms)
  Iter 2: LL=-3241.13 (0.982368 ms)
  Iter 3: LL=-3241.13 (0.961792 ms)
  Iter 4: LL=-3241.13 (0.847904 ms)
  Iter 5: LL=-3241.13 (0.85648 ms)
  Iter 6: LL=-3241.13 (0.8472 ms)
  Iter 7: LL=-3241.13 (0.845792 ms)
  Iter 8: LL=-3241.13 (0.846784 ms)
  Iter 9: LL=-3241.13 (0.849696 ms)
  Iter 10: LL=-3241.13 (0.835584 ms)
  Iter 11: LL=-3241.13 (0.847264 ms)
  Iter 12: LL=-3241.13 (0.83344 ms)
  Iter 13: LL=-3241.13 (0.829312 ms)
  Iter 14: LL=-3241.13 (0.825376 ms)
  Iter 15: LL=-3241.13 (0.827392 ms)
  Iter 16: LL=-3241.13 (0.825344 ms)
  Iter 17: LL=-3241.13 (0.8336 ms)
  Iter 18: LL=-3241.13 (0.826048 ms)
  Iter 19: LL=-3241.13 (0.823392 ms)
  Iter 20: LL=-3241.13 (0.82432 ms)
  Iter 21: LL=-3241.13 (0.825184 ms)
  Iter 22: LL=-3241.13 (0.825344 ms)
  Iter 23: LL=-3241.13 (0.823296 ms)
  Iter 24: LL=-3241.13 (0.826144 ms)
  Iter 25: LL=-3241.13 (0.823584 ms)
  Iter 26: LL=-3241.13 (0.825344 ms)
  Iter 27: LL=-3241.13 (0.825024 ms)
  Iter 28: LL=-3241.13 (0.833568 ms)
  Iter 29: LL=-3241.13 (0.83968 ms)
  Iter 30: LL=-3241.13 (0.82352 ms)
  Iter 31: LL=-3241.13 (0.8232 ms)
  Iter 32: LL=-3241.13 (0.824576 ms)
  Iter 33: LL=-3241.13 (0.825248 ms)
  Iter 34: LL=-3241.13 (0.822176 ms)
  Iter 35: LL=-3241.13 (0.8272 ms)
  Iter 36: LL=-3241.13 (0.823552 ms)
  Iter 37: LL=-3241.13 (0.824768 ms)
  Iter 38: LL=-3241.13 (0.824032 ms)
  Iter 39: LL=-3241.13 (0.823264 ms)
  ✓ Baum-Welch GPU Total: 33.84 ms
[CPU] Baum-Welch Algorithm (40 iterations)...
  Iter 0: LL=-3358.22
  Iter 1: LL=-nan
  Iter 2: LL=-nan
  Iter 3: LL=-nan
  Iter 4: LL=-nan
  Iter 5: LL=-nan
  Iter 6: LL=-nan
  Iter 7: LL=-nan
  Iter 8: LL=-nan
  Iter 9: LL=-nan
  Iter 10: LL=-nan
  Iter 11: LL=-nan
  Iter 12: LL=-nan
  Iter 13: LL=-nan
  Iter 14: LL=-nan
  Iter 15: LL=-nan
  Iter 16: LL=-nan
  Iter 17: LL=-nan
  Iter 18: LL=-nan
  Iter 19: LL=-nan
  Iter 20: LL=-nan
  Iter 21: LL=-nan
  Iter 22: LL=-nan
  Iter 23: LL=-nan
  Iter 24: LL=-nan
  Iter 25: LL=-nan
  Iter 26: LL=-nan
  Iter 27: LL=-nan
  Iter 28: LL=-nan
  Iter 29: LL=-nan
  Iter 30: LL=-nan
  Iter 31: LL=-nan
  Iter 32: LL=-nan
  Iter 33: LL=-nan
  Iter 34: LL=-nan
  Iter 35: LL=-nan
  Iter 36: LL=-nan
  Iter 37: LL=-nan
  Iter 38: LL=-nan
  Iter 39: LL=-nan
✓ Baum-Welch CPU Total: 14.5554 ms
[Validation] Comparing GPU vs CPU...
Means Relative Error: 1
Transition Matrix Relative Error: 0.602412
Final Log-Likelihood (GPU): -3241.13
Final Log-Likelihood (CPU): -nan
LL Difference: nan
[31m[ECHEC] Means converged similarly[0m (Ligne 235)
[31m[ECHEC] Transition matrix converged similarly[0m (Ligne 236)
[31m[ECHEC] Log-likelihood converged to similar value[0m (Ligne 237)
[Performance Summary]
GPU Total: 33.84 ms
CPU Total: 14.5554 ms
Speedup: 0.430123x
✅ Test Baum-Welch PASSED


============================================
Test Baum-Welch: T=1000, N=4, K=8
============================================

[GPU] Baum-Welch Algorithm (40 iterations)...
  Iter 0: LL=-34681.4 (0.533216 ms)
  Iter 1: LL=-34681.4 (0.528192 ms)
  Iter 2: LL=-34681.4 (0.528064 ms)
  Iter 3: LL=-34681.4 (0.528448 ms)
  Iter 4: LL=-34681.4 (0.524416 ms)
  Iter 5: LL=-34681.4 (0.524512 ms)
  Iter 6: LL=-34681.4 (0.536928 ms)
  Iter 7: LL=-34681.4 (0.534528 ms)
  Iter 8: LL=-34681.4 (0.523936 ms)
  Iter 9: LL=-34681.4 (0.536864 ms)
  Iter 10: LL=-34681.4 (0.534656 ms)
  Iter 11: LL=-34681.4 (0.524576 ms)
  Iter 12: LL=-34681.4 (0.522464 ms)
  Iter 13: LL=-34681.4 (0.524 ms)
  Iter 14: LL=-34681.4 (0.52736 ms)
  Iter 15: LL=-34681.4 (0.524608 ms)
  Iter 16: LL=-34681.4 (0.536192 ms)
  Iter 17: LL=-34681.4 (0.525312 ms)
  Iter 18: LL=-34681.4 (0.52672 ms)
  Iter 19: LL=-34681.4 (0.52928 ms)
  Iter 20: LL=-34681.4 (0.524288 ms)
  Iter 21: LL=-34681.4 (0.517888 ms)
  Iter 22: LL=-34681.4 (0.518176 ms)
  Iter 23: LL=-34681.4 (0.518112 ms)
  Iter 24: LL=-34681.4 (0.517664 ms)
  Iter 25: LL=-34681.4 (0.531488 ms)
  Iter 26: LL=-34681.4 (0.534592 ms)
  Iter 27: LL=-34681.4 (0.518112 ms)
  Iter 28: LL=-34681.4 (0.520256 ms)
  Iter 29: LL=-34681.4 (0.517888 ms)
  Iter 30: LL=-34681.4 (0.517856 ms)
  Iter 31: LL=-34681.4 (0.51888 ms)
  Iter 32: LL=-34681.4 (0.51776 ms)
  Iter 33: LL=-34681.4 (0.517536 ms)
  Iter 34: LL=-34681.4 (0.52064 ms)
  Iter 35: LL=-34681.4 (0.518176 ms)
  Iter 36: LL=-34681.4 (0.518144 ms)
  Iter 37: LL=-34681.4 (0.522144 ms)
  Iter 38: LL=-34681.4 (0.517888 ms)
  Iter 39: LL=-34681.4 (0.520064 ms)
  ✓ Baum-Welch GPU Total: 20.9818 ms
[CPU] Baum-Welch Algorithm (40 iterations)...
  Iter 0: LL=-12523.6
  Iter 1: LL=-nan
  Iter 2: LL=-nan
  Iter 3: LL=-nan
  Iter 4: LL=-nan
  Iter 5: LL=-nan
  Iter 6: LL=-nan
  Iter 7: LL=-nan
  Iter 8: LL=-nan
  Iter 9: LL=-nan
  Iter 10: LL=-nan
  Iter 11: LL=-nan
  Iter 12: LL=-nan
  Iter 13: LL=-nan
  Iter 14: LL=-nan
  Iter 15: LL=-nan
  Iter 16: LL=-nan
  Iter 17: LL=-nan
  Iter 18: LL=-nan
  Iter 19: LL=-nan
  Iter 20: LL=-nan
  Iter 21: LL=-nan
  Iter 22: LL=-nan
  Iter 23: LL=-nan
  Iter 24: LL=-nan
  Iter 25: LL=-nan
  Iter 26: LL=-nan
  Iter 27: LL=-nan
  Iter 28: LL=-nan
  Iter 29: LL=-nan
  Iter 30: LL=-nan
  Iter 31: LL=-nan
  Iter 32: LL=-nan
  Iter 33: LL=-nan
  Iter 34: LL=-nan
  Iter 35: LL=-nan
  Iter 36: LL=-nan
  Iter 37: LL=-nan
  Iter 38: LL=-nan
  Iter 39: LL=-nan
✓ Baum-Welch CPU Total: 74.3113 ms
[Validation] Comparing GPU vs CPU...
Means Relative Error: 1
Transition Matrix Relative Error: 1
Final Log-Likelihood (GPU): -34681.4
Final Log-Likelihood (CPU): -nan
LL Difference: nan
[31m[ECHEC] Means converged similarly[0m (Ligne 235)
[31m[ECHEC] Transition matrix converged similarly[0m (Ligne 236)
[31m[ECHEC] Log-likelihood converged to similar value[0m (Ligne 237)
[Performance Summary]
GPU Total: 20.9818 ms
CPU Total: 74.3113 ms
Speedup: 3.5417x
✅ Test Baum-Welch PASSED


============================================
Test Baum-Welch: T=5000, N=4, K=8
============================================

[GPU] Baum-Welch Algorithm (40 iterations)...
  Iter 0: LL=-173539 (1.56493 ms)
  Iter 1: LL=-173539 (1.58394 ms)
  Iter 2: LL=-173539 (1.58928 ms)
  Iter 3: LL=-173539 (1.58518 ms)
  Iter 4: LL=-173539 (1.58118 ms)
  Iter 5: LL=-173539 (1.57997 ms)
  Iter 6: LL=-173539 (1.57808 ms)
  Iter 7: LL=-173539 (1.57466 ms)
  Iter 8: LL=-173539 (1.5753 ms)
  Iter 9: LL=-173539 (1.58698 ms)
  Iter 10: LL=-173539 (1.57536 ms)
  Iter 11: LL=-173539 (1.57309 ms)
  Iter 12: LL=-173539 (1.57699 ms)
  Iter 13: LL=-173539 (1.57773 ms)
  Iter 14: LL=-173539 (1.5751 ms)
  Iter 15: LL=-173539 (1.59363 ms)
  Iter 16: LL=-173539 (1.57718 ms)
  Iter 17: LL=-173539 (1.57082 ms)
  Iter 18: LL=-173539 (1.57037 ms)
  Iter 19: LL=-173539 (1.57834 ms)
  Iter 20: LL=-173539 (1.57376 ms)
  Iter 21: LL=-173539 (1.57674 ms)
  Iter 22: LL=-173539 (1.57155 ms)
  Iter 23: LL=-173539 (1.57731 ms)
  Iter 24: LL=-173539 (1.57898 ms)
  Iter 25: LL=-173539 (1.57482 ms)
  Iter 26: LL=-173539 (1.57328 ms)
  Iter 27: LL=-173539 (1.5769 ms)
  Iter 28: LL=-173539 (1.58944 ms)
  Iter 29: LL=-173539 (1.5855 ms)
  Iter 30: LL=-173539 (1.57901 ms)
  Iter 31: LL=-173539 (1.5729 ms)
  Iter 32: LL=-173539 (1.57491 ms)
  Iter 33: LL=-173539 (1.53552 ms)
  Iter 34: LL=-173539 (1.55216 ms)
  Iter 35: LL=-173539 (1.5319 ms)
  Iter 36: LL=-173539 (1.54173 ms)
  Iter 37: LL=-173539 (1.53619 ms)
  Iter 38: LL=-173539 (1.54352 ms)
  Iter 39: LL=-173539 (1.53622 ms)
  ✓ Baum-Welch GPU Total: 62.8504 ms
[CPU] Baum-Welch Algorithm (40 iterations)...
  Iter 0: LL=-62992.7
  Iter 1: LL=-72139.1
  Iter 2: LL=-71871.7
  Iter 3: LL=-71368.5
  Iter 4: LL=-70669.5
  Iter 5: LL=-70482.7
  Iter 6: LL=-70452.1
  Iter 7: LL=-70441
  Iter 8: LL=-70433.1
  Iter 9: LL=-70416.6
  Iter 10: LL=-70396
  Iter 11: LL=-70389.2
  Iter 12: LL=-70383.8
  Iter 13: LL=-70386.2
  Iter 14: LL=-70380.2
  Iter 15: LL=-70380.2
  Iter 16: LL=-70394.1
  Iter 17: LL=-70380.1
  Iter 18: LL=-70381.9
  Iter 19: LL=-70185.7
  Iter 20: LL=-70527.4
  Iter 21: LL=-70449
  Iter 22: LL=-70425.9
  Iter 23: LL=-70409
  Iter 24: LL=-70396.3
  Iter 25: LL=-70391.5
  Iter 26: LL=-70391
  Iter 27: LL=-70391.1
  Iter 28: LL=-70391.1
  Iter 29: LL=-70391.1
  Iter 30: LL=-70390.9
  Iter 31: LL=-70390.8
  Iter 32: LL=-70390.9
  Iter 33: LL=-70390.8
  Iter 34: LL=-70390.8
  Iter 35: LL=-70390.8
  Iter 36: LL=-70390.8
  Iter 37: LL=-70390.9
  Iter 38: LL=-70390.8
  Iter 39: LL=-70390.8
✓ Baum-Welch CPU Total: 404.209 ms
[Validation] Comparing GPU vs CPU...
Means Relative Error: 1
Transition Matrix Relative Error: 1
Final Log-Likelihood (GPU): -173539
Final Log-Likelihood (CPU): -70390.8
LL Difference: 103148
[31m[ECHEC] Means converged similarly[0m (Ligne 235)
[31m[ECHEC] Transition matrix converged similarly[0m (Ligne 236)
[31m[ECHEC] Log-likelihood converged to similar value[0m (Ligne 237)
[Performance Summary]
GPU Total: 62.8504 ms
CPU Total: 404.209 ms
Speedup: 6.43128x
✅ Test Baum-Welch PASSED


============================================
Test Baum-Welch: T=10000, N=4, K=8
============================================

[GPU] Baum-Welch Algorithm (40 iterations)...
  Iter 0: LL=-347094 (2.61379 ms)
  Iter 1: LL=-347094 (2.60419 ms)
  Iter 2: LL=-347094 (2.6167 ms)
  Iter 3: LL=-347094 (2.60243 ms)
  Iter 4: LL=-347094 (2.59709 ms)
  Iter 5: LL=-347094 (2.61325 ms)
  Iter 6: LL=-347094 (2.59686 ms)
  Iter 7: LL=-347094 (2.59482 ms)
  Iter 8: LL=-347094 (2.59011 ms)
  Iter 9: LL=-347094 (2.59923 ms)
  Iter 10: LL=-347094 (2.59629 ms)
  Iter 11: LL=-347094 (2.60694 ms)
  Iter 12: LL=-347094 (2.60458 ms)
  Iter 13: LL=-347094 (2.5969 ms)
  Iter 14: LL=-347094 (2.59398 ms)
  Iter 15: LL=-347094 (2.60483 ms)
  Iter 16: LL=-347094 (2.60224 ms)
  Iter 17: LL=-347094 (2.59898 ms)
  Iter 18: LL=-347094 (2.60931 ms)
  Iter 19: LL=-347094 (2.59642 ms)
  Iter 20: LL=-347094 (2.59955 ms)
  Iter 21: LL=-347094 (2.5937 ms)
  Iter 22: LL=-347094 (2.61488 ms)
  Iter 23: LL=-347094 (2.59795 ms)
  Iter 24: LL=-347094 (2.59891 ms)
  Iter 25: LL=-347094 (2.60096 ms)
  Iter 26: LL=-347094 (2.59901 ms)
  Iter 27: LL=-347094 (2.59498 ms)
  Iter 28: LL=-347094 (2.59856 ms)
  Iter 29: LL=-347094 (2.59955 ms)
  Iter 30: LL=-347094 (2.61222 ms)
  Iter 31: LL=-347094 (2.59178 ms)
  Iter 32: LL=-347094 (2.60266 ms)
  Iter 33: LL=-347094 (2.59683 ms)
  Iter 34: LL=-347094 (2.59638 ms)
  Iter 35: LL=-347094 (2.59709 ms)
  Iter 36: LL=-347094 (2.60054 ms)
  Iter 37: LL=-347094 (2.58755 ms)
  Iter 38: LL=-347094 (2.59146 ms)
  Iter 39: LL=-347094 (2.60064 ms)
  ✓ Baum-Welch GPU Total: 104.014 ms
[CPU] Baum-Welch Algorithm (40 iterations)...
  Iter 0: LL=-125497
  Iter 1: LL=-148502
  Iter 2: LL=-148289
  Iter 3: LL=-148263
  Iter 4: LL=-148253
  Iter 5: LL=-148248
  Iter 6: LL=-148245
  Iter 7: LL=-148242
  Iter 8: LL=-148241
  Iter 9: LL=-148240
  Iter 10: LL=-148240
  Iter 11: LL=-148239
  Iter 12: LL=-148238
  Iter 13: LL=-148238
  Iter 14: LL=-148238
  Iter 15: LL=-148238
  Iter 16: LL=-148237
  Iter 17: LL=-148237
  Iter 18: LL=-148237
  Iter 19: LL=-148237
  Iter 20: LL=-148236
  Iter 21: LL=-148236
  Iter 22: LL=-148236
  Iter 23: LL=-148236
  Iter 24: LL=-148235
  Iter 25: LL=-148235
  Iter 26: LL=-148235
  Iter 27: LL=-148234
  Iter 28: LL=-148234
  Iter 29: LL=-148234
  Iter 30: LL=-148234
  Iter 31: LL=-148234
  Iter 32: LL=-148234
  Iter 33: LL=-148233
  Iter 34: LL=-148233
  Iter 35: LL=-148233
  Iter 36: LL=-148233
  Iter 37: LL=-148233
  Iter 38: LL=-148233
  Iter 39: LL=-148233
✓ Baum-Welch CPU Total: 775.702 ms
[Validation] Comparing GPU vs CPU...
Means Relative Error: 1
Transition Matrix Relative Error: 1
Final Log-Likelihood (GPU): -347094
Final Log-Likelihood (CPU): -148233
LL Difference: 198861
[31m[ECHEC] Means converged similarly[0m (Ligne 235)
[31m[ECHEC] Transition matrix converged similarly[0m (Ligne 236)
[31m[ECHEC] Log-likelihood converged to similar value[0m (Ligne 237)
[Performance Summary]
GPU Total: 104.014 ms
CPU Total: 775.702 ms
Speedup: 7.45766x
✅ Test Baum-Welch PASSED


[31m>>> 12 TEST(S) ECHOUE(S) <<<[0m

================================
Running: test_forward_backward_gpu
================================

========================================
TEST FORWARD-BACKWARD GPU vs CPU
========================================

============================================
Test Forward-Backward: T=500, N=3, K=4
============================================

[GPU] Forward Algorithm...
  ✓ Forward GPU: 0.115859 ms (avg)
[GPU] Backward Algorithm...
✓ Backward GPU: 0.100749 ms (avg)
[CPU] Forward-Backward Algorithm...
  ✓ Forward-Backward CPU: 0.335571 ms
[Validation] Comparing GPU vs CPU...
Alpha Relative Error: 4.35663e-07
Beta Relative Error: 0.0124595
[32m[REUSSI] Alpha GPU vs CPU match[0m
[31m[ECHEC] Beta GPU vs CPU match[0m (Ligne 168)

[Performance Summary]
  GPU Total: 0.216608 ms
  CPU Total: 0.335571 ms
  Speedup: 1.54921x

✅ Test Forward-Backward PASSED

============================================
Test Forward-Backward: T=1000, N=4, K=8
============================================

[GPU] Forward Algorithm...
  ✓ Forward GPU: 0.13073 ms (avg)
[GPU] Backward Algorithm...
✓ Backward GPU: 0.131021 ms (avg)
[CPU] Forward-Backward Algorithm...
  ✓ Forward-Backward CPU: 1.83085 ms
[Validation] Comparing GPU vs CPU...
Alpha Relative Error: 1.38186e-06
Beta Relative Error: 0.00502008
[32m[REUSSI] Alpha GPU vs CPU match[0m
[31m[ECHEC] Beta GPU vs CPU match[0m (Ligne 168)

[Performance Summary]
  GPU Total: 0.26175 ms
  CPU Total: 1.83085 ms
  Speedup: 6.99465x

✅ Test Forward-Backward PASSED

============================================
Test Forward-Backward: T=5000, N=5, K=10
============================================

[GPU] Forward Algorithm...
  ✓ Forward GPU: 0.292749 ms (avg)
[GPU] Backward Algorithm...
✓ Backward GPU: 0.290736 ms (avg)
[CPU] Forward-Backward Algorithm...
  ✓ Forward-Backward CPU: 13.0667 ms
[Validation] Comparing GPU vs CPU...
Alpha Relative Error: 1.71485e-06
Beta Relative Error: 0.000253092
[32m[REUSSI] Alpha GPU vs CPU match[0m
[32m[REUSSI] Beta GPU vs CPU match[0m

[Performance Summary]
  GPU Total: 0.583485 ms
  CPU Total: 13.0667 ms
  Speedup: 22.3942x

✅ Test Forward-Backward PASSED

============================================
Test Forward-Backward: T=10000, N=5, K=10
============================================

[GPU] Forward Algorithm...
  ✓ Forward GPU: 0.61744 ms (avg)
[GPU] Backward Algorithm...
✓ Backward GPU: 0.61456 ms (avg)
[CPU] Forward-Backward Algorithm...
  ✓ Forward-Backward CPU: 26.0252 ms
[Validation] Comparing GPU vs CPU...
Alpha Relative Error: 3.8665e-06
Beta Relative Error: 0.000108556
[32m[REUSSI] Alpha GPU vs CPU match[0m
[32m[REUSSI] Beta GPU vs CPU match[0m

[Performance Summary]
  GPU Total: 1.232 ms
  CPU Total: 26.0252 ms
  Speedup: 21.1244x

✅ Test Forward-Backward PASSED


[31m>>> 2 TEST(S) ECHOUE(S) <<<[0m

================================
Running: test_viterbi_gpu
================================

========================================
TEST VITERBI GPU vs CPU
========================================


============================================
Test Viterbi: T=500, N=3, K=4
============================================

[GPU] Viterbi Algorithm...
  ✓ Viterbi GPU: 0.241776 ms (avg)

[CPU] Viterbi Algorithm...
  ✓ Viterbi CPU: 0.214921 ms
  Log-Probability (CPU): -3182.63

[Validation] Comparing GPU vs CPU...
  Path Accuracy: 100%
[32m[REUSSI] Viterbi paths match (>95%)[0m
  Accuracy vs True States (GPU): 100%
  Accuracy vs True States (CPU): 100%

[Performance Summary]
  GPU Total: 0.241776 ms
  CPU Total: 0.214921 ms
  Speedup: 0.888926x

✅ Test Viterbi PASSED


============================================
Test Viterbi: T=1000, N=4, K=8
============================================

[GPU] Viterbi Algorithm...
  ✓ Viterbi GPU: 0.342579 ms (avg)

[CPU] Viterbi Algorithm...
  ✓ Viterbi CPU: 1.58653 ms
  Log-Probability (CPU): -12380.6

[Validation] Comparing GPU vs CPU...
  Path Accuracy: 100%
[32m[REUSSI] Viterbi paths match (>95%)[0m
  Accuracy vs True States (GPU): 100%
  Accuracy vs True States (CPU): 100%

[Performance Summary]
  GPU Total: 0.342579 ms
  CPU Total: 1.58653 ms
  Speedup: 4.63112x

✅ Test Viterbi PASSED


============================================
Test Viterbi: T=5000, N=5, K=10
============================================

[GPU] Viterbi Algorithm...
  ✓ Viterbi GPU: 1.67139 ms (avg)

[CPU] Viterbi Algorithm...
  ✓ Viterbi CPU: 10.5113 ms
  Log-Probability (CPU): -76249.2

[Validation] Comparing GPU vs CPU...
  Path Accuracy: 100%
[32m[REUSSI] Viterbi paths match (>95%)[0m
  Accuracy vs True States (GPU): 100%
  Accuracy vs True States (CPU): 100%

[Performance Summary]
  GPU Total: 1.67139 ms
  CPU Total: 10.5113 ms
  Speedup: 6.289x

✅ Test Viterbi PASSED


============================================
Test Viterbi: T=10000, N=5, K=10
============================================

[GPU] Viterbi Algorithm...
  ✓ Viterbi GPU: 3.39337 ms (avg)

[CPU] Viterbi Algorithm...
  ✓ Viterbi CPU: 20.9025 ms
  Log-Probability (CPU): -152785

[Validation] Comparing GPU vs CPU...
  Path Accuracy: 100%
[32m[REUSSI] Viterbi paths match (>95%)[0m
  Accuracy vs True States (GPU): 100%
  Accuracy vs True States (CPU): 100%

[Performance Summary]
  GPU Total: 3.39337 ms
  CPU Total: 20.9025 ms
  Speedup: 6.15982x

✅ Test Viterbi PASSED


[32m>>> TOUS LES TESTS SONT PASSES ! <<<[0m

==========================================
Job completed at Tue Jan  6 17:21:23 CET 2026
==========================================
