==========================================
GPU Job - HMM Regime Detection
Job ID: 37035
Node: turing-2
Date: Fri Jan  9 10:08:06 CET 2026
==========================================


GPU Info:
name, memory.total [MiB], driver_version
Quadro RTX 6000, 23040 MiB, 580.65.06
Quadro RTX 6000, 23040 MiB, 580.65.06
Quadro RTX 6000, 23040 MiB, 580.65.06

Running all GPU tests...

================================
Running: test_baum_welch_gpu
================================

========================================
TEST BAUM-WELCH GPU vs CPU
========================================


============================================
Test Baum-Welch: T=500, N=3, K=4
============================================

[GPU] Baum-Welch Algorithm...
  ✓ Total Time: 22.946 ms
[CPU] Baum-Welch Algorithm...
Final LL GPU: -563.621
Final LL CPU: -563.847
Speedup: 0.219557x
[32m[REUSSI] Convergence Similaire[0m

============================================
Test Baum-Welch: T=1000, N=4, K=4
============================================

[GPU] Baum-Welch Algorithm...
  ✓ Total Time: 3.98278 ms
[CPU] Baum-Welch Algorithm...
Final LL GPU: -1264.58
Final LL CPU: -1251.21
Speedup: 3.45512x
[32m[REUSSI] Convergence Similaire[0m

============================================
Test Baum-Welch: T=5000, N=4, K=4
============================================

[GPU] Baum-Welch Algorithm...
  ✓ Total Time: 8.64774 ms
[CPU] Baum-Welch Algorithm...
Final LL GPU: -1537.77
Final LL CPU: -1536.3
Speedup: 7.89495x
[32m[REUSSI] Convergence Similaire[0m

============================================
Test Baum-Welch: T=10000, N=4, K=4
============================================

[GPU] Baum-Welch Algorithm...
  ✓ Total Time: 14.5477 ms
[CPU] Baum-Welch Algorithm...
Final LL GPU: -3681.25
Final LL CPU: -3679.73
Speedup: 9.18888x
[32m[REUSSI] Convergence Similaire[0m

[32m>>> TOUS LES TESTS SONT PASSES ! <<<[0m

================================
Running: test_finance_gpu
================================
--- GPU FINANCIAL HMM ---
data/finance/sp500_obs_dims.txt

================================
Running: test_forward_backward_gpu
================================

========================================
TEST FORWARD-BACKWARD GPU vs CPU
========================================

============================================
Test Forward-Backward: T=500, N=3, K=4
============================================

[GPU] Forward Algorithm...
  ✓ Forward GPU: 0.117254 ms (avg)
[GPU] Backward Algorithm...
✓ Backward GPU: 0.112797 ms (avg)
[CPU] Forward-Backward Algorithm...
  ✓ Forward-Backward CPU: 0.337782 ms
[Validation] Comparing GPU vs CPU...
Alpha Relative Error: 2.91819e-07
Beta Relative Error: 0.00404537
[32m[REUSSI] Alpha GPU vs CPU match[0m
[31m[ECHEC] Beta GPU vs CPU match[0m (Ligne 168)

[Performance Summary]
  GPU Total: 0.230051 ms
  CPU Total: 0.337782 ms
  Speedup: 1.46829x

✅ Test Forward-Backward PASSED

============================================
Test Forward-Backward: T=1000, N=4, K=8
============================================

[GPU] Forward Algorithm...
  ✓ Forward GPU: 0.150278 ms (avg)
[GPU] Backward Algorithm...
✓ Backward GPU: 0.148202 ms (avg)
[CPU] Forward-Backward Algorithm...
  ✓ Forward-Backward CPU: 1.56382 ms
[Validation] Comparing GPU vs CPU...
Alpha Relative Error: 1.52841e-06
Beta Relative Error: 0.0171119
[32m[REUSSI] Alpha GPU vs CPU match[0m
[31m[ECHEC] Beta GPU vs CPU match[0m (Ligne 168)

[Performance Summary]
  GPU Total: 0.29848 ms
  CPU Total: 1.56382 ms
  Speedup: 5.23928x

✅ Test Forward-Backward PASSED

============================================
Test Forward-Backward: T=5000, N=5, K=10
============================================

[GPU] Forward Algorithm...
  ✓ Forward GPU: 0.354307 ms (avg)
[GPU] Backward Algorithm...
✓ Backward GPU: 0.348726 ms (avg)
[CPU] Forward-Backward Algorithm...
  ✓ Forward-Backward CPU: 13.0396 ms
[Validation] Comparing GPU vs CPU...
Alpha Relative Error: 7.05565e-07
Beta Relative Error: 0.000929951
[32m[REUSSI] Alpha GPU vs CPU match[0m
[32m[REUSSI] Beta GPU vs CPU match[0m

[Performance Summary]
  GPU Total: 0.703034 ms
  CPU Total: 13.0396 ms
  Speedup: 18.5477x

✅ Test Forward-Backward PASSED

============================================
Test Forward-Backward: T=10000, N=5, K=10
============================================

[GPU] Forward Algorithm...
  ✓ Forward GPU: 0.719469 ms (avg)
[GPU] Backward Algorithm...
✓ Backward GPU: 0.707405 ms (avg)
[CPU] Forward-Backward Algorithm...
  ✓ Forward-Backward CPU: 25.9323 ms
[Validation] Comparing GPU vs CPU...
Alpha Relative Error: 1.73014e-06
Beta Relative Error: 0.00632643
[32m[REUSSI] Alpha GPU vs CPU match[0m
[31m[ECHEC] Beta GPU vs CPU match[0m (Ligne 168)

[Performance Summary]
  GPU Total: 1.42687 ms
  CPU Total: 25.9323 ms
  Speedup: 18.1742x

✅ Test Forward-Backward PASSED


[31m>>> 3 TEST(S) ECHOUE(S) <<<[0m

================================
Running: test_viterbi_gpu
================================

========================================
TEST VITERBI GPU vs CPU
========================================


============================================
Test Viterbi: T=500, N=3, K=4
============================================

[GPU] Viterbi Algorithm...
  ✓ Viterbi GPU: 0.14201 ms (avg)

[CPU] Viterbi Algorithm...
  ✓ Viterbi CPU: 0.158621 ms
  Log-Probability (CPU): -3225.39

[Validation] Comparing GPU vs CPU...
  Path Accuracy: 100%
[32m[REUSSI] Viterbi paths match (>95%)[0m
  Accuracy vs True States (GPU): 100%
  Accuracy vs True States (CPU): 100%

[Performance Summary]
  GPU Total: 0.14201 ms
  CPU Total: 0.158621 ms
  Speedup: 1.11697x

✅ Test Viterbi PASSED


============================================
Test Viterbi: T=1000, N=4, K=8
============================================

[GPU] Viterbi Algorithm...
  ✓ Viterbi GPU: 0.167171 ms (avg)

[CPU] Viterbi Algorithm...
  ✓ Viterbi CPU: 1.16154 ms
  Log-Probability (CPU): -12316.7

[Validation] Comparing GPU vs CPU...
  Path Accuracy: 100%
[32m[REUSSI] Viterbi paths match (>95%)[0m
  Accuracy vs True States (GPU): 100%
  Accuracy vs True States (CPU): 100%

[Performance Summary]
  GPU Total: 0.167171 ms
  CPU Total: 1.16154 ms
  Speedup: 6.94821x

✅ Test Viterbi PASSED


============================================
Test Viterbi: T=5000, N=5, K=10
============================================

[GPU] Viterbi Algorithm...
  ✓ Viterbi GPU: 0.430112 ms (avg)

[CPU] Viterbi Algorithm...
  ✓ Viterbi CPU: 11.1341 ms
  Log-Probability (CPU): -76727.6

[Validation] Comparing GPU vs CPU...
  Path Accuracy: 100%
[32m[REUSSI] Viterbi paths match (>95%)[0m
  Accuracy vs True States (GPU): 100%
  Accuracy vs True States (CPU): 100%

[Performance Summary]
  GPU Total: 0.430112 ms
  CPU Total: 11.1341 ms
  Speedup: 25.8865x

✅ Test Viterbi PASSED


============================================
Test Viterbi: T=10000, N=5, K=10
============================================

[GPU] Viterbi Algorithm...
  ✓ Viterbi GPU: 0.884346 ms (avg)

[CPU] Viterbi Algorithm...
  ✓ Viterbi CPU: 20.8887 ms
  Log-Probability (CPU): -153251

[Validation] Comparing GPU vs CPU...
  Path Accuracy: 100%
[32m[REUSSI] Viterbi paths match (>95%)[0m
  Accuracy vs True States (GPU): 100%
  Accuracy vs True States (CPU): 100%

[Performance Summary]
  GPU Total: 0.884346 ms
  CPU Total: 20.8887 ms
  Speedup: 23.6205x

✅ Test Viterbi PASSED


[32m>>> TOUS LES TESTS SONT PASSES ! <<<[0m

==========================================
Job completed at Fri Jan  9 10:08:08 CET 2026
==========================================
