==========================================
GPU Job - HMM Regime Detection
Job ID: 36907
Node: turing-2
Date: Tue Jan  6 17:01:20 CET 2026
==========================================

Building with CUDA...
-- The CXX compiler identification is GNU 13.3.0
-- Detecting CXX compiler ABI info
-- Detecting CXX compiler ABI info - done
-- Check for working CXX compiler: /usr/bin/c++ - skipped
-- Detecting CXX compile features
-- Detecting CXX compile features - done
-- The CUDA compiler identification is NVIDIA 12.6.85
-- Detecting CUDA compiler ABI info
-- Detecting CUDA compiler ABI info - done
-- Check for working CUDA compiler: /usr/local/cuda-12.6/bin/nvcc - skipped
-- Detecting CUDA compile features
-- Detecting CUDA compile features - done
-- Found CUDAToolkit: /usr/local/cuda-12.6/targets/x86_64-linux/include (found version "12.6.85") 
-- Performing Test CMAKE_HAVE_LIBC_PTHREAD
-- Performing Test CMAKE_HAVE_LIBC_PTHREAD - Success
-- Found Threads: TRUE  
-- CUDA enabled - architectures: 52
-- Building CUDA kernels library: hmm_kernels
--   Sources: /user/7/dialloh/gpu_comp_hmm_regime/src/cuda/kernels/scan_kernels.cu;/user/7/dialloh/gpu_comp_hmm_regime/src/cuda/kernels/potential_kernels.cu;/user/7/dialloh/gpu_comp_hmm_regime/src/cuda/kernels/viterbi_kernels.cu;/user/7/dialloh/gpu_comp_hmm_regime/src/cuda/kernels/baum_welch_kernels.cu
--   CUDA Architectures: 52
-- Building CUDA orchestration library: hmm_cuda
--   Sources: /user/7/dialloh/gpu_comp_hmm_regime/src/cuda/algo_hmm_gpu.cu
--   Dependencies: hmm_kernels, hmm_cpu
-- CUDA tests enabled
--   - test_forward_backward_gpu
--   - test_viterbi_gpu
-- 
-- ========================================
-- GPU HMM Regime Detection - Configuration
-- ========================================
-- Build type      : Release
-- C++ compiler    : /usr/bin/c++
-- CUDA support    : ON
-- Tests           : ON
-- Benchmarks      : OFF
-- Profiling       : OFF
-- ========================================
-- 
-- Configuring done (3.5s)
-- Generating done (0.2s)
-- Build files have been written to: /user/7/dialloh/gpu_comp_hmm_regime/build
/usr/bin/cmake -S/user/7/dialloh/gpu_comp_hmm_regime -B/user/7/dialloh/gpu_comp_hmm_regime/build --check-build-system CMakeFiles/Makefile.cmake 0
/usr/bin/cmake -E cmake_progress_start /user/7/dialloh/gpu_comp_hmm_regime/build/CMakeFiles /user/7/dialloh/gpu_comp_hmm_regime/build//CMakeFiles/progress.marks
make  -f CMakeFiles/Makefile2 all
make[1]: Entering directory '/user/7/.base/dialloh/home/gpu_comp_hmm_regime/build'
make  -f src/cuda/kernels/CMakeFiles/hmm_kernels.dir/build.make src/cuda/kernels/CMakeFiles/hmm_kernels.dir/depend
make  -f src/cpu/CMakeFiles/hmm_cpu.dir/build.make src/cpu/CMakeFiles/hmm_cpu.dir/depend
make[2]: Entering directory '/user/7/.base/dialloh/home/gpu_comp_hmm_regime/build'
cd /user/7/dialloh/gpu_comp_hmm_regime/build && /usr/bin/cmake -E cmake_depends "Unix Makefiles" /user/7/dialloh/gpu_comp_hmm_regime /user/7/dialloh/gpu_comp_hmm_regime/src/cuda/kernels /user/7/dialloh/gpu_comp_hmm_regime/build /user/7/dialloh/gpu_comp_hmm_regime/build/src/cuda/kernels /user/7/dialloh/gpu_comp_hmm_regime/build/src/cuda/kernels/CMakeFiles/hmm_kernels.dir/DependInfo.cmake "--color="
make[2]: Entering directory '/user/7/.base/dialloh/home/gpu_comp_hmm_regime/build'
cd /user/7/dialloh/gpu_comp_hmm_regime/build && /usr/bin/cmake -E cmake_depends "Unix Makefiles" /user/7/dialloh/gpu_comp_hmm_regime /user/7/dialloh/gpu_comp_hmm_regime/src/cpu /user/7/dialloh/gpu_comp_hmm_regime/build /user/7/dialloh/gpu_comp_hmm_regime/build/src/cpu /user/7/dialloh/gpu_comp_hmm_regime/build/src/cpu/CMakeFiles/hmm_cpu.dir/DependInfo.cmake "--color="
make[2]: Leaving directory '/user/7/.base/dialloh/home/gpu_comp_hmm_regime/build'
make  -f src/cpu/CMakeFiles/hmm_cpu.dir/build.make src/cpu/CMakeFiles/hmm_cpu.dir/build
make[2]: Entering directory '/user/7/.base/dialloh/home/gpu_comp_hmm_regime/build'
make[2]: Leaving directory '/user/7/.base/dialloh/home/gpu_comp_hmm_regime/build'
make  -f src/cuda/kernels/CMakeFiles/hmm_kernels.dir/build.make src/cuda/kernels/CMakeFiles/hmm_kernels.dir/build
make[2]: Entering directory '/user/7/.base/dialloh/home/gpu_comp_hmm_regime/build'
[  5%] Building CXX object src/cpu/CMakeFiles/hmm_cpu.dir/algo_hmm_cpu.cpp.o
cd /user/7/dialloh/gpu_comp_hmm_regime/build/src/cpu && /usr/bin/c++  -I/user/7/dialloh/gpu_comp_hmm_regime/include/cpu -I/user/7/dialloh/gpu_comp_hmm_regime/include/cuda -Wall -Wextra -O3 -march=native -DNDEBUG -std=c++17 -Wall -Wextra -Wpedantic -O3 -march=native -ffast-math -MD -MT src/cpu/CMakeFiles/hmm_cpu.dir/algo_hmm_cpu.cpp.o -MF CMakeFiles/hmm_cpu.dir/algo_hmm_cpu.cpp.o.d -o CMakeFiles/hmm_cpu.dir/algo_hmm_cpu.cpp.o -c /user/7/dialloh/gpu_comp_hmm_regime/src/cpu/algo_hmm_cpu.cpp
[ 10%] Building CXX object src/cpu/CMakeFiles/hmm_cpu.dir/linalg_cpu.cpp.o
cd /user/7/dialloh/gpu_comp_hmm_regime/build/src/cpu && /usr/bin/c++  -I/user/7/dialloh/gpu_comp_hmm_regime/include/cpu -I/user/7/dialloh/gpu_comp_hmm_regime/include/cuda -Wall -Wextra -O3 -march=native -DNDEBUG -std=c++17 -Wall -Wextra -Wpedantic -O3 -march=native -ffast-math -MD -MT src/cpu/CMakeFiles/hmm_cpu.dir/linalg_cpu.cpp.o -MF CMakeFiles/hmm_cpu.dir/linalg_cpu.cpp.o.d -o CMakeFiles/hmm_cpu.dir/linalg_cpu.cpp.o -c /user/7/dialloh/gpu_comp_hmm_regime/src/cpu/linalg_cpu.cpp
[ 15%] Building CUDA object src/cuda/kernels/CMakeFiles/hmm_kernels.dir/scan_kernels.cu.o
cd /user/7/dialloh/gpu_comp_hmm_regime/build/src/cuda/kernels && /usr/local/cuda-12.6/bin/nvcc -forward-unknown-to-host-compiler  --options-file CMakeFiles/hmm_kernels.dir/includes_CUDA.rsp -O3 -DNDEBUG -std=c++14 "--generate-code=arch=compute_52,code=[compute_52,sm_52]" -Xcompiler=-fPIC --expt-relaxed-constexpr -Xcompiler=-Wall -Xcompiler=-Wextra -MD -MT src/cuda/kernels/CMakeFiles/hmm_kernels.dir/scan_kernels.cu.o -MF CMakeFiles/hmm_kernels.dir/scan_kernels.cu.o.d -x cu -rdc=true -c /user/7/dialloh/gpu_comp_hmm_regime/src/cuda/kernels/scan_kernels.cu -o CMakeFiles/hmm_kernels.dir/scan_kernels.cu.o
[ 20%] Building CUDA object src/cuda/kernels/CMakeFiles/hmm_kernels.dir/potential_kernels.cu.o
cd /user/7/dialloh/gpu_comp_hmm_regime/build/src/cuda/kernels && /usr/local/cuda-12.6/bin/nvcc -forward-unknown-to-host-compiler  --options-file CMakeFiles/hmm_kernels.dir/includes_CUDA.rsp -O3 -DNDEBUG -std=c++14 "--generate-code=arch=compute_52,code=[compute_52,sm_52]" -Xcompiler=-fPIC --expt-relaxed-constexpr -Xcompiler=-Wall -Xcompiler=-Wextra -MD -MT src/cuda/kernels/CMakeFiles/hmm_kernels.dir/potential_kernels.cu.o -MF CMakeFiles/hmm_kernels.dir/potential_kernels.cu.o.d -x cu -rdc=true -c /user/7/dialloh/gpu_comp_hmm_regime/src/cuda/kernels/potential_kernels.cu -o CMakeFiles/hmm_kernels.dir/potential_kernels.cu.o
[ 25%] Building CUDA object src/cuda/kernels/CMakeFiles/hmm_kernels.dir/viterbi_kernels.cu.o
cd /user/7/dialloh/gpu_comp_hmm_regime/build/src/cuda/kernels && /usr/local/cuda-12.6/bin/nvcc -forward-unknown-to-host-compiler  --options-file CMakeFiles/hmm_kernels.dir/includes_CUDA.rsp -O3 -DNDEBUG -std=c++14 "--generate-code=arch=compute_52,code=[compute_52,sm_52]" -Xcompiler=-fPIC --expt-relaxed-constexpr -Xcompiler=-Wall -Xcompiler=-Wextra -MD -MT src/cuda/kernels/CMakeFiles/hmm_kernels.dir/viterbi_kernels.cu.o -MF CMakeFiles/hmm_kernels.dir/viterbi_kernels.cu.o.d -x cu -rdc=true -c /user/7/dialloh/gpu_comp_hmm_regime/src/cuda/kernels/viterbi_kernels.cu -o CMakeFiles/hmm_kernels.dir/viterbi_kernels.cu.o
[ 30%] Linking CXX static library libhmm_cpu.a
cd /user/7/dialloh/gpu_comp_hmm_regime/build/src/cpu && /usr/bin/cmake -P CMakeFiles/hmm_cpu.dir/cmake_clean_target.cmake
cd /user/7/dialloh/gpu_comp_hmm_regime/build/src/cpu && /usr/bin/cmake -E cmake_link_script CMakeFiles/hmm_cpu.dir/link.txt --verbose=1
/usr/bin/ar qc libhmm_cpu.a CMakeFiles/hmm_cpu.dir/linalg_cpu.cpp.o CMakeFiles/hmm_cpu.dir/algo_hmm_cpu.cpp.o
/usr/bin/ranlib libhmm_cpu.a
make[2]: Leaving directory '/user/7/.base/dialloh/home/gpu_comp_hmm_regime/build'
[ 30%] Built target hmm_cpu
[ 35%] Building CUDA object src/cuda/kernels/CMakeFiles/hmm_kernels.dir/baum_welch_kernels.cu.o
cd /user/7/dialloh/gpu_comp_hmm_regime/build/src/cuda/kernels && /usr/local/cuda-12.6/bin/nvcc -forward-unknown-to-host-compiler  --options-file CMakeFiles/hmm_kernels.dir/includes_CUDA.rsp -O3 -DNDEBUG -std=c++14 "--generate-code=arch=compute_52,code=[compute_52,sm_52]" -Xcompiler=-fPIC --expt-relaxed-constexpr -Xcompiler=-Wall -Xcompiler=-Wextra -MD -MT src/cuda/kernels/CMakeFiles/hmm_kernels.dir/baum_welch_kernels.cu.o -MF CMakeFiles/hmm_kernels.dir/baum_welch_kernels.cu.o.d -x cu -rdc=true -c /user/7/dialloh/gpu_comp_hmm_regime/src/cuda/kernels/baum_welch_kernels.cu -o CMakeFiles/hmm_kernels.dir/baum_welch_kernels.cu.o
[ 40%] Linking CUDA device code CMakeFiles/hmm_kernels.dir/cmake_device_link.o
cd /user/7/dialloh/gpu_comp_hmm_regime/build/src/cuda/kernels && /usr/bin/cmake -E cmake_link_script CMakeFiles/hmm_kernels.dir/dlink.txt --verbose=1
/usr/local/cuda-12.6/bin/nvcc -forward-unknown-to-host-compiler -O3 -DNDEBUG "--generate-code=arch=compute_52,code=[compute_52,sm_52]" -Xcompiler=-fPIC -Wno-deprecated-gpu-targets -shared -dlink --options-file CMakeFiles/hmm_kernels.dir/deviceObjects1.rsp -o CMakeFiles/hmm_kernels.dir/cmake_device_link.o --options-file CMakeFiles/hmm_kernels.dir/deviceLinkLibs.rsp
[ 45%] Linking CUDA static library libhmm_kernels.a
cd /user/7/dialloh/gpu_comp_hmm_regime/build/src/cuda/kernels && /usr/bin/cmake -P CMakeFiles/hmm_kernels.dir/cmake_clean_target.cmake
cd /user/7/dialloh/gpu_comp_hmm_regime/build/src/cuda/kernels && /usr/bin/cmake -E cmake_link_script CMakeFiles/hmm_kernels.dir/link.txt --verbose=1
/usr/bin/ar qc libhmm_kernels.a CMakeFiles/hmm_kernels.dir/scan_kernels.cu.o CMakeFiles/hmm_kernels.dir/potential_kernels.cu.o CMakeFiles/hmm_kernels.dir/viterbi_kernels.cu.o CMakeFiles/hmm_kernels.dir/baum_welch_kernels.cu.o
/usr/bin/ar q libhmm_kernels.a CMakeFiles/hmm_kernels.dir/cmake_device_link.o
/usr/bin/ranlib libhmm_kernels.a
make[2]: Leaving directory '/user/7/.base/dialloh/home/gpu_comp_hmm_regime/build'
[ 45%] Built target hmm_kernels
make  -f src/cuda/CMakeFiles/hmm_cuda.dir/build.make src/cuda/CMakeFiles/hmm_cuda.dir/depend
make[2]: Entering directory '/user/7/.base/dialloh/home/gpu_comp_hmm_regime/build'
cd /user/7/dialloh/gpu_comp_hmm_regime/build && /usr/bin/cmake -E cmake_depends "Unix Makefiles" /user/7/dialloh/gpu_comp_hmm_regime /user/7/dialloh/gpu_comp_hmm_regime/src/cuda /user/7/dialloh/gpu_comp_hmm_regime/build /user/7/dialloh/gpu_comp_hmm_regime/build/src/cuda /user/7/dialloh/gpu_comp_hmm_regime/build/src/cuda/CMakeFiles/hmm_cuda.dir/DependInfo.cmake "--color="
make[2]: Leaving directory '/user/7/.base/dialloh/home/gpu_comp_hmm_regime/build'
make  -f src/cuda/CMakeFiles/hmm_cuda.dir/build.make src/cuda/CMakeFiles/hmm_cuda.dir/build
make[2]: Entering directory '/user/7/.base/dialloh/home/gpu_comp_hmm_regime/build'
[ 50%] Building CUDA object src/cuda/CMakeFiles/hmm_cuda.dir/algo_hmm_gpu.cu.o
cd /user/7/dialloh/gpu_comp_hmm_regime/build/src/cuda && /usr/local/cuda-12.6/bin/nvcc -forward-unknown-to-host-compiler  --options-file CMakeFiles/hmm_cuda.dir/includes_CUDA.rsp -O3 -DNDEBUG -std=c++17 "--generate-code=arch=compute_52,code=[compute_52,sm_52]" -Xcompiler=-fPIC --expt-relaxed-constexpr -Xcompiler=-Wall -MD -MT src/cuda/CMakeFiles/hmm_cuda.dir/algo_hmm_gpu.cu.o -MF CMakeFiles/hmm_cuda.dir/algo_hmm_gpu.cu.o.d -x cu -rdc=true -c /user/7/dialloh/gpu_comp_hmm_regime/src/cuda/algo_hmm_gpu.cu -o CMakeFiles/hmm_cuda.dir/algo_hmm_gpu.cu.o
[ 55%] Linking CUDA device code CMakeFiles/hmm_cuda.dir/cmake_device_link.o
cd /user/7/dialloh/gpu_comp_hmm_regime/build/src/cuda && /usr/bin/cmake -E cmake_link_script CMakeFiles/hmm_cuda.dir/dlink.txt --verbose=1
/usr/local/cuda-12.6/bin/nvcc -forward-unknown-to-host-compiler -O3 -DNDEBUG "--generate-code=arch=compute_52,code=[compute_52,sm_52]" -Xcompiler=-fPIC -Wno-deprecated-gpu-targets -shared -dlink --options-file CMakeFiles/hmm_cuda.dir/deviceObjects1.rsp -o CMakeFiles/hmm_cuda.dir/cmake_device_link.o --options-file CMakeFiles/hmm_cuda.dir/deviceLinkLibs.rsp
[ 60%] Linking CXX static library libhmm_cuda.a
cd /user/7/dialloh/gpu_comp_hmm_regime/build/src/cuda && /usr/bin/cmake -P CMakeFiles/hmm_cuda.dir/cmake_clean_target.cmake
cd /user/7/dialloh/gpu_comp_hmm_regime/build/src/cuda && /usr/bin/cmake -E cmake_link_script CMakeFiles/hmm_cuda.dir/link.txt --verbose=1
/usr/bin/ar qc libhmm_cuda.a CMakeFiles/hmm_cuda.dir/algo_hmm_gpu.cu.o
/usr/bin/ar q libhmm_cuda.a CMakeFiles/hmm_cuda.dir/cmake_device_link.o
/usr/bin/ranlib libhmm_cuda.a
make[2]: Leaving directory '/user/7/.base/dialloh/home/gpu_comp_hmm_regime/build'
[ 60%] Built target hmm_cuda
make  -f src/CMakeFiles/hmm_main.dir/build.make src/CMakeFiles/hmm_main.dir/depend
make  -f test/CMakeFiles/test_forward_backward_gpu.dir/build.make test/CMakeFiles/test_forward_backward_gpu.dir/depend
make  -f test/CMakeFiles/test_viterbi_gpu.dir/build.make test/CMakeFiles/test_viterbi_gpu.dir/depend
make  -f test/CMakeFiles/test_baum_welch_gpu.dir/build.make test/CMakeFiles/test_baum_welch_gpu.dir/depend
make[2]: Entering directory '/user/7/.base/dialloh/home/gpu_comp_hmm_regime/build'
make[2]: Entering directory '/user/7/.base/dialloh/home/gpu_comp_hmm_regime/build'
cd /user/7/dialloh/gpu_comp_hmm_regime/build && /usr/bin/cmake -E cmake_depends "Unix Makefiles" /user/7/dialloh/gpu_comp_hmm_regime /user/7/dialloh/gpu_comp_hmm_regime/test /user/7/dialloh/gpu_comp_hmm_regime/build /user/7/dialloh/gpu_comp_hmm_regime/build/test /user/7/dialloh/gpu_comp_hmm_regime/build/test/CMakeFiles/test_forward_backward_gpu.dir/DependInfo.cmake "--color="
cd /user/7/dialloh/gpu_comp_hmm_regime/build && /usr/bin/cmake -E cmake_depends "Unix Makefiles" /user/7/dialloh/gpu_comp_hmm_regime /user/7/dialloh/gpu_comp_hmm_regime/test /user/7/dialloh/gpu_comp_hmm_regime/build /user/7/dialloh/gpu_comp_hmm_regime/build/test /user/7/dialloh/gpu_comp_hmm_regime/build/test/CMakeFiles/test_viterbi_gpu.dir/DependInfo.cmake "--color="
make[2]: Entering directory '/user/7/.base/dialloh/home/gpu_comp_hmm_regime/build'
make[2]: Entering directory '/user/7/.base/dialloh/home/gpu_comp_hmm_regime/build'
cd /user/7/dialloh/gpu_comp_hmm_regime/build && /usr/bin/cmake -E cmake_depends "Unix Makefiles" /user/7/dialloh/gpu_comp_hmm_regime /user/7/dialloh/gpu_comp_hmm_regime/test /user/7/dialloh/gpu_comp_hmm_regime/build /user/7/dialloh/gpu_comp_hmm_regime/build/test /user/7/dialloh/gpu_comp_hmm_regime/build/test/CMakeFiles/test_baum_welch_gpu.dir/DependInfo.cmake "--color="
cd /user/7/dialloh/gpu_comp_hmm_regime/build && /usr/bin/cmake -E cmake_depends "Unix Makefiles" /user/7/dialloh/gpu_comp_hmm_regime /user/7/dialloh/gpu_comp_hmm_regime/src /user/7/dialloh/gpu_comp_hmm_regime/build /user/7/dialloh/gpu_comp_hmm_regime/build/src /user/7/dialloh/gpu_comp_hmm_regime/build/src/CMakeFiles/hmm_main.dir/DependInfo.cmake "--color="
make[2]: Leaving directory '/user/7/.base/dialloh/home/gpu_comp_hmm_regime/build'
make  -f test/CMakeFiles/test_baum_welch_gpu.dir/build.make test/CMakeFiles/test_baum_welch_gpu.dir/build
make[2]: Leaving directory '/user/7/.base/dialloh/home/gpu_comp_hmm_regime/build'
make  -f test/CMakeFiles/test_forward_backward_gpu.dir/build.make test/CMakeFiles/test_forward_backward_gpu.dir/build
make[2]: Leaving directory '/user/7/.base/dialloh/home/gpu_comp_hmm_regime/build'
make  -f test/CMakeFiles/test_viterbi_gpu.dir/build.make test/CMakeFiles/test_viterbi_gpu.dir/build
make[2]: Leaving directory '/user/7/.base/dialloh/home/gpu_comp_hmm_regime/build'
make[2]: Entering directory '/user/7/.base/dialloh/home/gpu_comp_hmm_regime/build'
make  -f src/CMakeFiles/hmm_main.dir/build.make src/CMakeFiles/hmm_main.dir/build
make[2]: Entering directory '/user/7/.base/dialloh/home/gpu_comp_hmm_regime/build'
make[2]: Entering directory '/user/7/.base/dialloh/home/gpu_comp_hmm_regime/build'
make[2]: Entering directory '/user/7/.base/dialloh/home/gpu_comp_hmm_regime/build'
[ 65%] Building CUDA object test/CMakeFiles/test_baum_welch_gpu.dir/cuda/test_baum_welch_gpu.cu.o
cd /user/7/dialloh/gpu_comp_hmm_regime/build/test && /usr/local/cuda-12.6/bin/nvcc -forward-unknown-to-host-compiler  --options-file CMakeFiles/test_baum_welch_gpu.dir/includes_CUDA.rsp -O3 -DNDEBUG -std=c++17 "--generate-code=arch=compute_52,code=[compute_52,sm_52]" -MD -MT test/CMakeFiles/test_baum_welch_gpu.dir/cuda/test_baum_welch_gpu.cu.o -MF CMakeFiles/test_baum_welch_gpu.dir/cuda/test_baum_welch_gpu.cu.o.d -x cu -c /user/7/dialloh/gpu_comp_hmm_regime/test/cuda/test_baum_welch_gpu.cu -o CMakeFiles/test_baum_welch_gpu.dir/cuda/test_baum_welch_gpu.cu.o
[ 80%] Building CUDA object test/CMakeFiles/test_forward_backward_gpu.dir/cuda/test_forward_backward_gpu.cu.o
[ 80%] Building CUDA object test/CMakeFiles/test_viterbi_gpu.dir/cuda/test_viterbi_gpu.cu.o
[ 80%] Building CXX object src/CMakeFiles/hmm_main.dir/main.cpp.o
cd /user/7/dialloh/gpu_comp_hmm_regime/build/test && /usr/local/cuda-12.6/bin/nvcc -forward-unknown-to-host-compiler  --options-file CMakeFiles/test_forward_backward_gpu.dir/includes_CUDA.rsp -O3 -DNDEBUG -std=c++17 "--generate-code=arch=compute_52,code=[compute_52,sm_52]" -MD -MT test/CMakeFiles/test_forward_backward_gpu.dir/cuda/test_forward_backward_gpu.cu.o -MF CMakeFiles/test_forward_backward_gpu.dir/cuda/test_forward_backward_gpu.cu.o.d -x cu -c /user/7/dialloh/gpu_comp_hmm_regime/test/cuda/test_forward_backward_gpu.cu -o CMakeFiles/test_forward_backward_gpu.dir/cuda/test_forward_backward_gpu.cu.o
cd /user/7/dialloh/gpu_comp_hmm_regime/build/test && /usr/local/cuda-12.6/bin/nvcc -forward-unknown-to-host-compiler  --options-file CMakeFiles/test_viterbi_gpu.dir/includes_CUDA.rsp -O3 -DNDEBUG -std=c++17 "--generate-code=arch=compute_52,code=[compute_52,sm_52]" -MD -MT test/CMakeFiles/test_viterbi_gpu.dir/cuda/test_viterbi_gpu.cu.o -MF CMakeFiles/test_viterbi_gpu.dir/cuda/test_viterbi_gpu.cu.o.d -x cu -c /user/7/dialloh/gpu_comp_hmm_regime/test/cuda/test_viterbi_gpu.cu -o CMakeFiles/test_viterbi_gpu.dir/cuda/test_viterbi_gpu.cu.o
cd /user/7/dialloh/gpu_comp_hmm_regime/build/src && /usr/bin/c++ -DUSE_CUDA -I/user/7/dialloh/gpu_comp_hmm_regime/include/cpu -I/user/7/dialloh/gpu_comp_hmm_regime/include/cuda -I/user/7/dialloh/gpu_comp_hmm_regime/include -I/user/7/dialloh/gpu_comp_hmm_regime/include/cuda/kernels -isystem /usr/local/cuda-12.6/targets/x86_64-linux/include -Wall -Wextra -O3 -march=native -DNDEBUG -std=c++17 -MD -MT src/CMakeFiles/hmm_main.dir/main.cpp.o -MF CMakeFiles/hmm_main.dir/main.cpp.o.d -o CMakeFiles/hmm_main.dir/main.cpp.o -c /user/7/dialloh/gpu_comp_hmm_regime/src/main.cpp
[ 85%] Linking CXX executable hmm_main
cd /user/7/dialloh/gpu_comp_hmm_regime/build/src && /usr/bin/cmake -E cmake_link_script CMakeFiles/hmm_main.dir/link.txt --verbose=1
/usr/bin/c++  -Wall -Wextra -O3 -march=native -DNDEBUG CMakeFiles/hmm_main.dir/main.cpp.o -o hmm_main   -L/usr/local/cuda-12.6/targets/x86_64-linux/lib/stubs  -L/usr/local/cuda-12.6/targets/x86_64-linux/lib  -Wl,-rpath,/usr/local/cuda-12.6/targets/x86_64-linux/lib: cpu/libhmm_cpu.a cuda/libhmm_cuda.a cpu/libhmm_cpu.a -lm cuda/kernels/libhmm_kernels.a /usr/local/cuda-12.6/targets/x86_64-linux/lib/libcudart.so /usr/local/cuda-12.6/targets/x86_64-linux/lib/libcublas.so /usr/local/cuda-12.6/targets/x86_64-linux/lib/libcublasLt.so /usr/local/cuda-12.6/targets/x86_64-linux/lib/libculibos.a -lcudadevrt -lcudart_static -lrt -lpthread -ldl 
make[2]: Leaving directory '/user/7/.base/dialloh/home/gpu_comp_hmm_regime/build'
[ 85%] Built target hmm_main
[ 95%] Linking CXX executable test_forward_backward_gpu
[ 95%] Linking CXX executable test_viterbi_gpu
cd /user/7/dialloh/gpu_comp_hmm_regime/build/test && /usr/bin/cmake -E cmake_link_script CMakeFiles/test_forward_backward_gpu.dir/link.txt --verbose=1
cd /user/7/dialloh/gpu_comp_hmm_regime/build/test && /usr/bin/cmake -E cmake_link_script CMakeFiles/test_viterbi_gpu.dir/link.txt --verbose=1
/usr/bin/c++  -Wall -Wextra -O3 -march=native -DNDEBUG CMakeFiles/test_forward_backward_gpu.dir/cuda/test_forward_backward_gpu.cu.o -o test_forward_backward_gpu   -L/usr/local/cuda-12.6/targets/x86_64-linux/lib/stubs  -L/usr/local/cuda-12.6/targets/x86_64-linux/lib  -Wl,-rpath,/usr/local/cuda-12.6/targets/x86_64-linux/lib ../src/cuda/libhmm_cuda.a ../src/cpu/libhmm_cpu.a -lm ../src/cuda/kernels/libhmm_kernels.a /usr/local/cuda-12.6/targets/x86_64-linux/lib/libcudart.so /usr/local/cuda-12.6/targets/x86_64-linux/lib/libcublas.so /usr/local/cuda-12.6/targets/x86_64-linux/lib/libcublasLt.so /usr/local/cuda-12.6/targets/x86_64-linux/lib/libculibos.a -lcudadevrt -lcudart_static -lrt -lpthread -ldl 
/usr/bin/c++  -Wall -Wextra -O3 -march=native -DNDEBUG CMakeFiles/test_viterbi_gpu.dir/cuda/test_viterbi_gpu.cu.o -o test_viterbi_gpu   -L/usr/local/cuda-12.6/targets/x86_64-linux/lib/stubs  -L/usr/local/cuda-12.6/targets/x86_64-linux/lib  -Wl,-rpath,/usr/local/cuda-12.6/targets/x86_64-linux/lib ../src/cuda/libhmm_cuda.a ../src/cpu/libhmm_cpu.a -lm ../src/cuda/kernels/libhmm_kernels.a /usr/local/cuda-12.6/targets/x86_64-linux/lib/libcudart.so /usr/local/cuda-12.6/targets/x86_64-linux/lib/libcublas.so /usr/local/cuda-12.6/targets/x86_64-linux/lib/libcublasLt.so /usr/local/cuda-12.6/targets/x86_64-linux/lib/libculibos.a -lcudadevrt -lcudart_static -lrt -lpthread -ldl 
make[2]: Leaving directory '/user/7/.base/dialloh/home/gpu_comp_hmm_regime/build'
make[2]: Leaving directory '/user/7/.base/dialloh/home/gpu_comp_hmm_regime/build'
[ 95%] Built target test_forward_backward_gpu
[ 95%] Built target test_viterbi_gpu
[100%] Linking CXX executable test_baum_welch_gpu
cd /user/7/dialloh/gpu_comp_hmm_regime/build/test && /usr/bin/cmake -E cmake_link_script CMakeFiles/test_baum_welch_gpu.dir/link.txt --verbose=1
/usr/bin/c++  -Wall -Wextra -O3 -march=native -DNDEBUG CMakeFiles/test_baum_welch_gpu.dir/cuda/test_baum_welch_gpu.cu.o -o test_baum_welch_gpu   -L/usr/local/cuda-12.6/targets/x86_64-linux/lib/stubs  -L/usr/local/cuda-12.6/targets/x86_64-linux/lib  -Wl,-rpath,/usr/local/cuda-12.6/targets/x86_64-linux/lib ../src/cuda/libhmm_cuda.a ../src/cpu/libhmm_cpu.a -lm ../src/cuda/kernels/libhmm_kernels.a /usr/local/cuda-12.6/targets/x86_64-linux/lib/libcudart.so /usr/local/cuda-12.6/targets/x86_64-linux/lib/libcublas.so /usr/local/cuda-12.6/targets/x86_64-linux/lib/libcublasLt.so /usr/local/cuda-12.6/targets/x86_64-linux/lib/libculibos.a -lcudadevrt -lcudart_static -lrt -lpthread -ldl 
make[2]: Leaving directory '/user/7/.base/dialloh/home/gpu_comp_hmm_regime/build'
[100%] Built target test_baum_welch_gpu
make[1]: Leaving directory '/user/7/.base/dialloh/home/gpu_comp_hmm_regime/build'
/usr/bin/cmake -E cmake_progress_start /user/7/dialloh/gpu_comp_hmm_regime/build/CMakeFiles 0
✓ Build complete

GPU Info:
name, memory.total [MiB], driver_version
Quadro RTX 6000, 23040 MiB, 580.65.06
Quadro RTX 6000, 23040 MiB, 580.65.06
Quadro RTX 6000, 23040 MiB, 580.65.06

Running all GPU tests...

================================
Running: test_baum_welch_gpu
================================

========================================
TEST BAUM-WELCH GPU vs CPU
========================================


============================================
Test Baum-Welch: T=500, N=3, K=4
============================================

[GPU] Baum-Welch Algorithm (40 iterations)...
  Iter 0: LL=-3449.9 (0.628832 ms)
  Iter 1: LL=-3446.18 (0.585184 ms)
  Iter 2: LL=-3445.91 (0.58528 ms)
  Iter 3: LL=-3445.87 (0.569568 ms)
  Iter 4: LL=-3445.86 (0.462624 ms)
  Iter 5: LL=-3445.86 (0.458816 ms)
  Iter 6: LL=-3445.85 (0.48208 ms)
  Iter 7: LL=-3445.85 (0.458336 ms)
  Iter 8: LL=-3445.85 (0.470176 ms)
  Iter 9: LL=-3445.85 (0.475648 ms)
  Iter 10: LL=-3445.85 (0.458752 ms)
  Iter 11: LL=-3445.85 (0.455552 ms)
  Iter 12: LL=-3445.85 (0.448672 ms)
  Iter 13: LL=-3445.85 (0.448672 ms)
  Iter 14: LL=-3445.85 (0.41552 ms)
  Iter 15: LL=-3445.85 (0.352512 ms)
  Iter 16: LL=-3445.85 (0.353952 ms)
  Iter 17: LL=-3445.85 (0.352256 ms)
  Iter 18: LL=-3445.85 (0.351968 ms)
  Iter 19: LL=-3445.85 (0.35248 ms)
  Iter 20: LL=-3445.85 (0.360256 ms)
  Iter 21: LL=-3445.85 (0.359424 ms)
  Iter 22: LL=-3445.85 (0.35088 ms)
  Iter 23: LL=-3445.85 (0.354272 ms)
  Iter 24: LL=-3445.85 (0.348224 ms)
  Iter 25: LL=-3445.85 (0.359104 ms)
  Iter 26: LL=-3445.85 (0.351584 ms)
  Iter 27: LL=-3445.85 (0.362336 ms)
  Iter 28: LL=-3445.85 (0.362752 ms)
  Iter 29: LL=-3445.85 (0.351488 ms)
  Iter 30: LL=-3445.85 (0.360768 ms)
  Iter 31: LL=-3445.85 (0.362464 ms)
  Iter 32: LL=-3445.85 (0.35104 ms)
  Iter 33: LL=-3445.85 (0.356736 ms)
  Iter 34: LL=-3445.85 (0.36848 ms)
  Iter 35: LL=-3445.85 (0.367328 ms)
  Iter 36: LL=-3445.85 (0.360448 ms)
  Iter 37: LL=-3445.85 (0.352096 ms)
  Iter 38: LL=-3445.85 (0.350784 ms)
  Iter 39: LL=-3445.85 (0.356 ms)
  ✓ Baum-Welch GPU Total: 16.3133 ms
[CPU] Baum-Welch Algorithm (40 iterations)...
  Iter 0: LL=-7740.19
  Iter 1: LL=-3493.63
  Iter 2: LL=-3492.3
  Iter 3: LL=-3492.1
  Iter 4: LL=-3491.89
  Iter 5: LL=-3491.52
  Iter 6: LL=-3490.99
  Iter 7: LL=-3490.45
  Iter 8: LL=-3489.93
  Iter 9: LL=-3489.08
  Iter 10: LL=-3487.86
  Iter 11: LL=-3487.05
  Iter 12: LL=-3486.63
  Iter 13: LL=-3486.37
  Iter 14: LL=-3486.11
  Iter 15: LL=-3485.88
  Iter 16: LL=-3485.68
  Iter 17: LL=-3485.45
  Iter 18: LL=-3485
  Iter 19: LL=-3484.33
  Iter 20: LL=-3483.95
  Iter 21: LL=-3483.62
  Iter 22: LL=-3483.17
  Iter 23: LL=-3482.73
  Iter 24: LL=-3482.45
  Iter 25: LL=-3482.3
  Iter 26: LL=-3482.2
  Iter 27: LL=-3482.12
  Iter 28: LL=-3482.05
  Iter 29: LL=-3482
  Iter 30: LL=-3481.97
  Iter 31: LL=-3481.95
  Iter 32: LL=-3481.93
  Iter 33: LL=-3481.93
  Iter 34: LL=-3481.92
  Iter 35: LL=-3481.92
  Iter 36: LL=-3481.92
  Iter 37: LL=-3481.92
  Iter 38: LL=-3481.92
  Iter 39: LL=-3481.92
✓ Baum-Welch CPU Total: 19.9254 ms
[Validation] Comparing GPU vs CPU...
Means Relative Error: 0.294869
Transition Matrix Relative Error: 0.302906
Final Log-Likelihood (GPU): -3445.85
Final Log-Likelihood (CPU): -3481.92
LL Difference: 36.0627
[31m[ECHEC] Means converged similarly[0m (Ligne 235)
[31m[ECHEC] Transition matrix converged similarly[0m (Ligne 236)
[31m[ECHEC] Log-likelihood converged to similar value[0m (Ligne 237)
[Performance Summary]
GPU Total: 16.3133 ms
CPU Total: 19.9254 ms
Speedup: 1.22142x
✅ Test Baum-Welch PASSED


============================================
Test Baum-Welch: T=1000, N=4, K=8
============================================

[GPU] Baum-Welch Algorithm (40 iterations)...
  Iter 0: LL=-60493 (0.554848 ms)
  Iter 1: LL=-60493 (0.550912 ms)
  Iter 2: LL=-60493 (0.548864 ms)
  Iter 3: LL=-60493 (0.54848 ms)
  Iter 4: LL=-60493 (0.546944 ms)
  Iter 5: LL=-60493 (0.54816 ms)
  Iter 6: LL=-60493 (0.550912 ms)
  Iter 7: LL=-60493 (0.548864 ms)
  Iter 8: LL=-60493 (0.550752 ms)
  Iter 9: LL=-60493 (0.550912 ms)
  Iter 10: LL=-60493 (0.54816 ms)
  Iter 11: LL=-60493 (0.548864 ms)
  Iter 12: LL=-60493 (0.545312 ms)
  Iter 13: LL=-60493 (0.55232 ms)
  Iter 14: LL=-60493 (0.540448 ms)
  Iter 15: LL=-60493 (0.527264 ms)
  Iter 16: LL=-60493 (0.525824 ms)
  Iter 17: LL=-60493 (0.527648 ms)
  Iter 18: LL=-60493 (0.528992 ms)
  Iter 19: LL=-60493 (0.52912 ms)
  Iter 20: LL=-60493 (0.527872 ms)
  Iter 21: LL=-60493 (0.526016 ms)
  Iter 22: LL=-60493 (0.525472 ms)
  Iter 23: LL=-60493 (0.524032 ms)
  Iter 24: LL=-60493 (0.52016 ms)
  Iter 25: LL=-60493 (0.519776 ms)
  Iter 26: LL=-60493 (0.518976 ms)
  Iter 27: LL=-60493 (0.518176 ms)
  Iter 28: LL=-60493 (0.532256 ms)
  Iter 29: LL=-60493 (0.522976 ms)
  Iter 30: LL=-60493 (0.518336 ms)
  Iter 31: LL=-60493 (0.518208 ms)
  Iter 32: LL=-60493 (0.52432 ms)
  Iter 33: LL=-60493 (0.534528 ms)
  Iter 34: LL=-60493 (0.520192 ms)
  Iter 35: LL=-60493 (0.523168 ms)
  Iter 36: LL=-60493 (0.520096 ms)
  Iter 37: LL=-60493 (0.520352 ms)
  Iter 38: LL=-60493 (0.52224 ms)
  Iter 39: LL=-60493 (0.520864 ms)
  ✓ Baum-Welch GPU Total: 21.3316 ms
[CPU] Baum-Welch Algorithm (40 iterations)...
  Iter 0: LL=-38388
  Iter 1: LL=-nan
  Iter 2: LL=-nan
  Iter 3: LL=-nan
  Iter 4: LL=-nan
  Iter 5: LL=-nan
  Iter 6: LL=-nan
  Iter 7: LL=-nan
  Iter 8: LL=-nan
  Iter 9: LL=-nan
  Iter 10: LL=-nan
  Iter 11: LL=-nan
  Iter 12: LL=-nan
  Iter 13: LL=-nan
  Iter 14: LL=-nan
  Iter 15: LL=-nan
  Iter 16: LL=-nan
  Iter 17: LL=-nan
  Iter 18: LL=-nan
  Iter 19: LL=-nan
  Iter 20: LL=-nan
  Iter 21: LL=-nan
  Iter 22: LL=-nan
  Iter 23: LL=-nan
  Iter 24: LL=-nan
  Iter 25: LL=-nan
  Iter 26: LL=-nan
  Iter 27: LL=-nan
  Iter 28: LL=-nan
  Iter 29: LL=-nan
  Iter 30: LL=-nan
  Iter 31: LL=-nan
  Iter 32: LL=-nan
  Iter 33: LL=-nan
  Iter 34: LL=-nan
  Iter 35: LL=-nan
  Iter 36: LL=-nan
  Iter 37: LL=-nan
  Iter 38: LL=-nan
  Iter 39: LL=-nan
✓ Baum-Welch CPU Total: 74.1748 ms
[Validation] Comparing GPU vs CPU...
Means Relative Error: 1
Transition Matrix Relative Error: 1
Final Log-Likelihood (GPU): -60493
Final Log-Likelihood (CPU): -nan
LL Difference: nan
[31m[ECHEC] Means converged similarly[0m (Ligne 235)
[31m[ECHEC] Transition matrix converged similarly[0m (Ligne 236)
[31m[ECHEC] Log-likelihood converged to similar value[0m (Ligne 237)
[Performance Summary]
GPU Total: 21.3316 ms
CPU Total: 74.1748 ms
Speedup: 3.47722x
✅ Test Baum-Welch PASSED


============================================
Test Baum-Welch: T=5000, N=4, K=8
============================================

[GPU] Baum-Welch Algorithm (40 iterations)...
  Iter 0: LL=-276588 (1.56835 ms)
  Iter 1: LL=-276588 (1.56483 ms)
  Iter 2: LL=-276588 (1.56317 ms)
  Iter 3: LL=-276588 (1.56278 ms)
  Iter 4: LL=-276588 (1.55789 ms)
  Iter 5: LL=-276588 (1.58406 ms)
  Iter 6: LL=-276588 (1.56058 ms)
  Iter 7: LL=-276588 (1.56467 ms)
  Iter 8: LL=-276588 (1.55254 ms)
  Iter 9: LL=-276588 (1.55802 ms)
  Iter 10: LL=-276588 (1.55658 ms)
  Iter 11: LL=-276588 (1.56035 ms)
  Iter 12: LL=-276588 (1.54966 ms)
  Iter 13: LL=-276588 (1.55437 ms)
  Iter 14: LL=-276588 (1.55357 ms)
  Iter 15: LL=-276588 (1.55453 ms)
  Iter 16: LL=-276588 (1.55059 ms)
  Iter 17: LL=-276588 (1.55453 ms)
  Iter 18: LL=-276588 (1.56979 ms)
  Iter 19: LL=-276588 (1.55638 ms)
  Iter 20: LL=-276588 (1.55405 ms)
  Iter 21: LL=-276588 (1.55843 ms)
  Iter 22: LL=-276588 (1.55853 ms)
  Iter 23: LL=-276588 (1.55635 ms)
  Iter 24: LL=-276588 (1.5744 ms)
  Iter 25: LL=-276588 (1.55699 ms)
  Iter 26: LL=-276588 (1.55952 ms)
  Iter 27: LL=-276588 (1.55664 ms)
  Iter 28: LL=-276588 (1.55875 ms)
  Iter 29: LL=-276588 (1.55674 ms)
  Iter 30: LL=-276588 (1.55712 ms)
  Iter 31: LL=-276588 (1.57651 ms)
  Iter 32: LL=-276588 (1.55955 ms)
  Iter 33: LL=-276588 (1.5544 ms)
  Iter 34: LL=-276588 (1.55443 ms)
  Iter 35: LL=-276588 (1.56253 ms)
  Iter 36: LL=-276588 (1.5559 ms)
  Iter 37: LL=-276588 (1.57491 ms)
  Iter 38: LL=-276588 (1.55651 ms)
  Iter 39: LL=-276588 (1.55651 ms)
  ✓ Baum-Welch GPU Total: 62.396 ms
[CPU] Baum-Welch Algorithm (40 iterations)...
  Iter 0: LL=-165878
  Iter 1: LL=-nan
  Iter 2: LL=-nan
  Iter 3: LL=-nan
  Iter 4: LL=-nan
  Iter 5: LL=-nan
  Iter 6: LL=-nan
  Iter 7: LL=-nan
  Iter 8: LL=-nan
  Iter 9: LL=-nan
  Iter 10: LL=-nan
  Iter 11: LL=-nan
  Iter 12: LL=-nan
  Iter 13: LL=-nan
  Iter 14: LL=-nan
  Iter 15: LL=-nan
  Iter 16: LL=-nan
  Iter 17: LL=-nan
  Iter 18: LL=-nan
  Iter 19: LL=-nan
  Iter 20: LL=-nan
  Iter 21: LL=-nan
  Iter 22: LL=-nan
  Iter 23: LL=-nan
  Iter 24: LL=-nan
  Iter 25: LL=-nan
  Iter 26: LL=-nan
  Iter 27: LL=-nan
  Iter 28: LL=-nan
  Iter 29: LL=-nan
  Iter 30: LL=-nan
  Iter 31: LL=-nan
  Iter 32: LL=-nan
  Iter 33: LL=-nan
  Iter 34: LL=-nan
  Iter 35: LL=-nan
  Iter 36: LL=-nan
  Iter 37: LL=-nan
  Iter 38: LL=-nan
  Iter 39: LL=-nan
✓ Baum-Welch CPU Total: 355.049 ms
[Validation] Comparing GPU vs CPU...
Means Relative Error: 1
Transition Matrix Relative Error: 1
Final Log-Likelihood (GPU): -276588
Final Log-Likelihood (CPU): -nan
LL Difference: nan
[31m[ECHEC] Means converged similarly[0m (Ligne 235)
[31m[ECHEC] Transition matrix converged similarly[0m (Ligne 236)
[31m[ECHEC] Log-likelihood converged to similar value[0m (Ligne 237)
[Performance Summary]
GPU Total: 62.396 ms
CPU Total: 355.049 ms
Speedup: 5.69026x
✅ Test Baum-Welch PASSED


============================================
Test Baum-Welch: T=10000, N=4, K=8
============================================

[GPU] Baum-Welch Algorithm (40 iterations)...
  Iter 0: LL=-300240 (2.60102 ms)
  Iter 1: LL=-300121 (2.60931 ms)
  Iter 2: LL=-300112 (2.60256 ms)
  Iter 3: LL=-300111 (2.68067 ms)
  Iter 4: LL=-300111 (2.60525 ms)
  Iter 5: LL=-300111 (2.6112 ms)
  Iter 6: LL=-300111 (2.60915 ms)
  Iter 7: LL=-300111 (2.60368 ms)
  Iter 8: LL=-300111 (2.59763 ms)
  Iter 9: LL=-300111 (2.60506 ms)
  Iter 10: LL=-300111 (2.6096 ms)
  Iter 11: LL=-300111 (2.71222 ms)
  Iter 12: LL=-300111 (2.60669 ms)
  Iter 13: LL=-300111 (2.60301 ms)
  Iter 14: LL=-300111 (2.6105 ms)
  Iter 15: LL=-300111 (2.58842 ms)
  Iter 16: LL=-300111 (2.60125 ms)
  Iter 17: LL=-300111 (2.61325 ms)
  Iter 18: LL=-300111 (2.59542 ms)
  Iter 19: LL=-300111 (2.6023 ms)
  Iter 20: LL=-300111 (2.59802 ms)
  Iter 21: LL=-300111 (2.6089 ms)
  Iter 22: LL=-300111 (2.60125 ms)
  Iter 23: LL=-300111 (2.61514 ms)
  Iter 24: LL=-300111 (2.58992 ms)
  Iter 25: LL=-300111 (2.60502 ms)
  Iter 26: LL=-300111 (2.59894 ms)
  Iter 27: LL=-300111 (2.59939 ms)
  Iter 28: LL=-300111 (2.60333 ms)
  Iter 29: LL=-300111 (2.60458 ms)
  Iter 30: LL=-300111 (2.6055 ms)
  Iter 31: LL=-300111 (2.61114 ms)
  Iter 32: LL=-300111 (2.59763 ms)
  Iter 33: LL=-300111 (2.61645 ms)
  Iter 34: LL=-300111 (2.60339 ms)
  Iter 35: LL=-300111 (2.6119 ms)
  Iter 36: LL=-300111 (2.59891 ms)
  Iter 37: LL=-300111 (2.61427 ms)
  Iter 38: LL=-300111 (2.61037 ms)
  Iter 39: LL=-300111 (2.60752 ms)
  ✓ Baum-Welch GPU Total: 104.37 ms
[CPU] Baum-Welch Algorithm (40 iterations)...
  Iter 0: LL=-302547
  Iter 1: LL=-134103
  Iter 2: LL=-nan
  Iter 3: LL=-nan
  Iter 4: LL=-nan
  Iter 5: LL=-nan
  Iter 6: LL=-nan
  Iter 7: LL=-nan
  Iter 8: LL=-nan
  Iter 9: LL=-nan
  Iter 10: LL=-nan
  Iter 11: LL=-nan
  Iter 12: LL=-nan
  Iter 13: LL=-nan
  Iter 14: LL=-nan
  Iter 15: LL=-nan
  Iter 16: LL=-nan
  Iter 17: LL=-nan
  Iter 18: LL=-nan
  Iter 19: LL=-nan
  Iter 20: LL=-nan
  Iter 21: LL=-nan
  Iter 22: LL=-nan
  Iter 23: LL=-nan
  Iter 24: LL=-nan
  Iter 25: LL=-nan
  Iter 26: LL=-nan
  Iter 27: LL=-nan
  Iter 28: LL=-nan
  Iter 29: LL=-nan
  Iter 30: LL=-nan
  Iter 31: LL=-nan
  Iter 32: LL=-nan
  Iter 33: LL=-nan
  Iter 34: LL=-nan
  Iter 35: LL=-nan
  Iter 36: LL=-nan
  Iter 37: LL=-nan
  Iter 38: LL=-nan
  Iter 39: LL=-nan
✓ Baum-Welch CPU Total: 708.779 ms
[Validation] Comparing GPU vs CPU...
Means Relative Error: 1
Transition Matrix Relative Error: 0.730772
Final Log-Likelihood (GPU): -300111
Final Log-Likelihood (CPU): -nan
LL Difference: nan
[31m[ECHEC] Means converged similarly[0m (Ligne 235)
[31m[ECHEC] Transition matrix converged similarly[0m (Ligne 236)
[31m[ECHEC] Log-likelihood converged to similar value[0m (Ligne 237)
[Performance Summary]
GPU Total: 104.37 ms
CPU Total: 708.779 ms
Speedup: 6.79103x
✅ Test Baum-Welch PASSED


[31m>>> 12 TEST(S) ECHOUE(S) <<<[0m

================================
Running: test_forward_backward_gpu
================================

========================================
TEST FORWARD-BACKWARD GPU vs CPU
========================================

============================================
Test Forward-Backward: T=500, N=3, K=4
============================================

[GPU] Forward Algorithm...
  ✓ Forward GPU: 0.138403 ms (avg)
[GPU] Backward Algorithm...
✓ Backward GPU: 0.114387 ms (avg)
[CPU] Forward-Backward Algorithm...
  ✓ Forward-Backward CPU: 0.393417 ms
[Validation] Comparing GPU vs CPU...
Alpha Relative Error: 3.8338e-07
Beta Relative Error: 0.011044
[32m[REUSSI] Alpha GPU vs CPU match[0m
[31m[ECHEC] Beta GPU vs CPU match[0m (Ligne 168)

[Performance Summary]
  GPU Total: 0.25279 ms
  CPU Total: 0.393417 ms
  Speedup: 1.5563x

✅ Test Forward-Backward PASSED

============================================
Test Forward-Backward: T=1000, N=4, K=8
============================================

[GPU] Forward Algorithm...
  ✓ Forward GPU: 0.13815 ms (avg)
[GPU] Backward Algorithm...
✓ Backward GPU: 0.140883 ms (avg)
[CPU] Forward-Backward Algorithm...
  ✓ Forward-Backward CPU: 2.20518 ms
[Validation] Comparing GPU vs CPU...
Alpha Relative Error: 6.53925e-07
Beta Relative Error: 0.013273
[32m[REUSSI] Alpha GPU vs CPU match[0m
[31m[ECHEC] Beta GPU vs CPU match[0m (Ligne 168)

[Performance Summary]
  GPU Total: 0.279034 ms
  CPU Total: 2.20518 ms
  Speedup: 7.9029x

✅ Test Forward-Backward PASSED

============================================
Test Forward-Backward: T=5000, N=5, K=10
============================================

[GPU] Forward Algorithm...
  ✓ Forward GPU: 0.299302 ms (avg)
[GPU] Backward Algorithm...
✓ Backward GPU: 0.296061 ms (avg)
[CPU] Forward-Backward Algorithm...
  ✓ Forward-Backward CPU: 13.3027 ms
[Validation] Comparing GPU vs CPU...
Alpha Relative Error: 7.42425e-07
Beta Relative Error: 0.0041727
[32m[REUSSI] Alpha GPU vs CPU match[0m
[31m[ECHEC] Beta GPU vs CPU match[0m (Ligne 168)

[Performance Summary]
  GPU Total: 0.595363 ms
  CPU Total: 13.3027 ms
  Speedup: 22.3438x

✅ Test Forward-Backward PASSED

============================================
Test Forward-Backward: T=10000, N=5, K=10
============================================

[GPU] Forward Algorithm...
  ✓ Forward GPU: 0.620614 ms (avg)
[GPU] Backward Algorithm...
✓ Backward GPU: 0.618803 ms (avg)
[CPU] Forward-Backward Algorithm...
  ✓ Forward-Backward CPU: 26.2727 ms
[Validation] Comparing GPU vs CPU...
Alpha Relative Error: 2.34574e-06
Beta Relative Error: 0.000925958
[32m[REUSSI] Alpha GPU vs CPU match[0m
[32m[REUSSI] Beta GPU vs CPU match[0m

[Performance Summary]
  GPU Total: 1.23942 ms
  CPU Total: 26.2727 ms
  Speedup: 21.1976x

✅ Test Forward-Backward PASSED


[31m>>> 3 TEST(S) ECHOUE(S) <<<[0m

================================
Running: test_viterbi_gpu
================================

========================================
TEST VITERBI GPU vs CPU
========================================


============================================
Test Viterbi: T=500, N=3, K=4
============================================

[GPU] Viterbi Algorithm...
  ✓ Viterbi GPU: 0.205331 ms (avg)

[CPU] Viterbi Algorithm...
  ✓ Viterbi CPU: 0.181668 ms
  Log-Probability (CPU): -3144.59

[Validation] Comparing GPU vs CPU...
  Path Accuracy: 100%
[32m[REUSSI] Viterbi paths match (>95%)[0m
  Accuracy vs True States (GPU): 100%
  Accuracy vs True States (CPU): 100%

[Performance Summary]
  GPU Total: 0.205331 ms
  CPU Total: 0.181668 ms
  Speedup: 0.884756x

✅ Test Viterbi PASSED


============================================
Test Viterbi: T=1000, N=4, K=8
============================================

[GPU] Viterbi Algorithm...
  ✓ Viterbi GPU: 0.332634 ms (avg)

[CPU] Viterbi Algorithm...
  ✓ Viterbi CPU: 1.23108 ms
  Log-Probability (CPU): -11835.6

[Validation] Comparing GPU vs CPU...
  Path Accuracy: 100%
[32m[REUSSI] Viterbi paths match (>95%)[0m
  Accuracy vs True States (GPU): 100%
  Accuracy vs True States (CPU): 100%

[Performance Summary]
  GPU Total: 0.332634 ms
  CPU Total: 1.23108 ms
  Speedup: 3.701x

✅ Test Viterbi PASSED


============================================
Test Viterbi: T=5000, N=5, K=10
============================================

[GPU] Viterbi Algorithm...
  ✓ Viterbi GPU: 1.6556 ms (avg)

[CPU] Viterbi Algorithm...
  ✓ Viterbi CPU: 10.421 ms
  Log-Probability (CPU): -73218.1

[Validation] Comparing GPU vs CPU...
  Path Accuracy: 100%
[32m[REUSSI] Viterbi paths match (>95%)[0m
  Accuracy vs True States (GPU): 100%
  Accuracy vs True States (CPU): 100%

[Performance Summary]
  GPU Total: 1.6556 ms
  CPU Total: 10.421 ms
  Speedup: 6.29442x

✅ Test Viterbi PASSED


============================================
Test Viterbi: T=10000, N=5, K=10
============================================

[GPU] Viterbi Algorithm...
  ✓ Viterbi GPU: 3.3462 ms (avg)

[CPU] Viterbi Algorithm...
  ✓ Viterbi CPU: 20.745 ms
  Log-Probability (CPU): -145675

[Validation] Comparing GPU vs CPU...
  Path Accuracy: 100%
[32m[REUSSI] Viterbi paths match (>95%)[0m
  Accuracy vs True States (GPU): 100%
  Accuracy vs True States (CPU): 100%

[Performance Summary]
  GPU Total: 3.3462 ms
  CPU Total: 20.745 ms
  Speedup: 6.19957x

✅ Test Viterbi PASSED


[32m>>> TOUS LES TESTS SONT PASSES ! <<<[0m

==========================================
Job completed at Tue Jan  6 17:01:35 CET 2026
==========================================
