==========================================
GPU Job - HMM Regime Detection
Job ID: 36914
Node: turing-2
Date: Tue Jan  6 20:13:05 CET 2026
==========================================

Building with CUDA...
-- The CXX compiler identification is GNU 13.3.0
-- Detecting CXX compiler ABI info
-- Detecting CXX compiler ABI info - done
-- Check for working CXX compiler: /usr/bin/c++ - skipped
-- Detecting CXX compile features
-- Detecting CXX compile features - done
-- The CUDA compiler identification is NVIDIA 12.6.85
-- Detecting CUDA compiler ABI info
-- Detecting CUDA compiler ABI info - done
-- Check for working CUDA compiler: /usr/local/cuda-12.6/bin/nvcc - skipped
-- Detecting CUDA compile features
-- Detecting CUDA compile features - done
-- Found CUDAToolkit: /usr/local/cuda-12.6/targets/x86_64-linux/include (found version "12.6.85") 
-- Performing Test CMAKE_HAVE_LIBC_PTHREAD
-- Performing Test CMAKE_HAVE_LIBC_PTHREAD - Success
-- Found Threads: TRUE  
-- CUDA enabled - architectures: 52
-- Building CUDA kernels library: hmm_kernels
--   Sources: /user/7/dialloh/gpu_comp_hmm_regime/src/cuda/kernels/scan_kernels.cu;/user/7/dialloh/gpu_comp_hmm_regime/src/cuda/kernels/potential_kernels.cu;/user/7/dialloh/gpu_comp_hmm_regime/src/cuda/kernels/viterbi_kernels.cu;/user/7/dialloh/gpu_comp_hmm_regime/src/cuda/kernels/baum_welch_kernels.cu
--   CUDA Architectures: 52
-- Building CUDA orchestration library: hmm_cuda
--   Sources: /user/7/dialloh/gpu_comp_hmm_regime/src/cuda/algo_hmm_gpu.cu
--   Dependencies: hmm_kernels, hmm_cpu
-- CUDA tests enabled
--   - test_forward_backward_gpu
--   - test_viterbi_gpu
-- 
-- ========================================
-- GPU HMM Regime Detection - Configuration
-- ========================================
-- Build type      : Release
-- C++ compiler    : /usr/bin/c++
-- CUDA support    : ON
-- Tests           : ON
-- Benchmarks      : OFF
-- Profiling       : OFF
-- ========================================
-- 
-- Configuring done (3.5s)
-- Generating done (0.2s)
-- Build files have been written to: /user/7/dialloh/gpu_comp_hmm_regime/build
/usr/bin/cmake -S/user/7/dialloh/gpu_comp_hmm_regime -B/user/7/dialloh/gpu_comp_hmm_regime/build --check-build-system CMakeFiles/Makefile.cmake 0
/usr/bin/cmake -E cmake_progress_start /user/7/dialloh/gpu_comp_hmm_regime/build/CMakeFiles /user/7/dialloh/gpu_comp_hmm_regime/build//CMakeFiles/progress.marks
make  -f CMakeFiles/Makefile2 all
make[1]: Entering directory '/user/7/.base/dialloh/home/gpu_comp_hmm_regime/build'
make  -f src/cuda/kernels/CMakeFiles/hmm_kernels.dir/build.make src/cuda/kernels/CMakeFiles/hmm_kernels.dir/depend
make  -f src/cpu/CMakeFiles/hmm_cpu.dir/build.make src/cpu/CMakeFiles/hmm_cpu.dir/depend
make[2]: Entering directory '/user/7/.base/dialloh/home/gpu_comp_hmm_regime/build'
cd /user/7/dialloh/gpu_comp_hmm_regime/build && /usr/bin/cmake -E cmake_depends "Unix Makefiles" /user/7/dialloh/gpu_comp_hmm_regime /user/7/dialloh/gpu_comp_hmm_regime/src/cuda/kernels /user/7/dialloh/gpu_comp_hmm_regime/build /user/7/dialloh/gpu_comp_hmm_regime/build/src/cuda/kernels /user/7/dialloh/gpu_comp_hmm_regime/build/src/cuda/kernels/CMakeFiles/hmm_kernels.dir/DependInfo.cmake "--color="
make[2]: Entering directory '/user/7/.base/dialloh/home/gpu_comp_hmm_regime/build'
cd /user/7/dialloh/gpu_comp_hmm_regime/build && /usr/bin/cmake -E cmake_depends "Unix Makefiles" /user/7/dialloh/gpu_comp_hmm_regime /user/7/dialloh/gpu_comp_hmm_regime/src/cpu /user/7/dialloh/gpu_comp_hmm_regime/build /user/7/dialloh/gpu_comp_hmm_regime/build/src/cpu /user/7/dialloh/gpu_comp_hmm_regime/build/src/cpu/CMakeFiles/hmm_cpu.dir/DependInfo.cmake "--color="
make[2]: Leaving directory '/user/7/.base/dialloh/home/gpu_comp_hmm_regime/build'
make  -f src/cpu/CMakeFiles/hmm_cpu.dir/build.make src/cpu/CMakeFiles/hmm_cpu.dir/build
make[2]: Leaving directory '/user/7/.base/dialloh/home/gpu_comp_hmm_regime/build'
make  -f src/cuda/kernels/CMakeFiles/hmm_kernels.dir/build.make src/cuda/kernels/CMakeFiles/hmm_kernels.dir/build
make[2]: Entering directory '/user/7/.base/dialloh/home/gpu_comp_hmm_regime/build'
make[2]: Entering directory '/user/7/.base/dialloh/home/gpu_comp_hmm_regime/build'
[ 10%] Building CUDA object src/cuda/kernels/CMakeFiles/hmm_kernels.dir/potential_kernels.cu.o
[ 10%] Building CUDA object src/cuda/kernels/CMakeFiles/hmm_kernels.dir/scan_kernels.cu.o
cd /user/7/dialloh/gpu_comp_hmm_regime/build/src/cuda/kernels && /usr/local/cuda-12.6/bin/nvcc -forward-unknown-to-host-compiler  --options-file CMakeFiles/hmm_kernels.dir/includes_CUDA.rsp -O3 -DNDEBUG -std=c++14 "--generate-code=arch=compute_52,code=[compute_52,sm_52]" -Xcompiler=-fPIC --expt-relaxed-constexpr -Xcompiler=-Wall -Xcompiler=-Wextra -MD -MT src/cuda/kernels/CMakeFiles/hmm_kernels.dir/scan_kernels.cu.o -MF CMakeFiles/hmm_kernels.dir/scan_kernels.cu.o.d -x cu -rdc=true -c /user/7/dialloh/gpu_comp_hmm_regime/src/cuda/kernels/scan_kernels.cu -o CMakeFiles/hmm_kernels.dir/scan_kernels.cu.o
cd /user/7/dialloh/gpu_comp_hmm_regime/build/src/cuda/kernels && /usr/local/cuda-12.6/bin/nvcc -forward-unknown-to-host-compiler  --options-file CMakeFiles/hmm_kernels.dir/includes_CUDA.rsp -O3 -DNDEBUG -std=c++14 "--generate-code=arch=compute_52,code=[compute_52,sm_52]" -Xcompiler=-fPIC --expt-relaxed-constexpr -Xcompiler=-Wall -Xcompiler=-Wextra -MD -MT src/cuda/kernels/CMakeFiles/hmm_kernels.dir/potential_kernels.cu.o -MF CMakeFiles/hmm_kernels.dir/potential_kernels.cu.o.d -x cu -rdc=true -c /user/7/dialloh/gpu_comp_hmm_regime/src/cuda/kernels/potential_kernels.cu -o CMakeFiles/hmm_kernels.dir/potential_kernels.cu.o
[ 15%] Building CXX object src/cpu/CMakeFiles/hmm_cpu.dir/linalg_cpu.cpp.o
cd /user/7/dialloh/gpu_comp_hmm_regime/build/src/cpu && /usr/bin/c++  -I/user/7/dialloh/gpu_comp_hmm_regime/include/cpu -I/user/7/dialloh/gpu_comp_hmm_regime/include/cuda -Wall -Wextra -O3 -march=native -DNDEBUG -std=c++17 -Wall -Wextra -Wpedantic -O3 -march=native -ffast-math -MD -MT src/cpu/CMakeFiles/hmm_cpu.dir/linalg_cpu.cpp.o -MF CMakeFiles/hmm_cpu.dir/linalg_cpu.cpp.o.d -o CMakeFiles/hmm_cpu.dir/linalg_cpu.cpp.o -c /user/7/dialloh/gpu_comp_hmm_regime/src/cpu/linalg_cpu.cpp
[ 20%] Building CXX object src/cpu/CMakeFiles/hmm_cpu.dir/algo_hmm_cpu.cpp.o
cd /user/7/dialloh/gpu_comp_hmm_regime/build/src/cpu && /usr/bin/c++  -I/user/7/dialloh/gpu_comp_hmm_regime/include/cpu -I/user/7/dialloh/gpu_comp_hmm_regime/include/cuda -Wall -Wextra -O3 -march=native -DNDEBUG -std=c++17 -Wall -Wextra -Wpedantic -O3 -march=native -ffast-math -MD -MT src/cpu/CMakeFiles/hmm_cpu.dir/algo_hmm_cpu.cpp.o -MF CMakeFiles/hmm_cpu.dir/algo_hmm_cpu.cpp.o.d -o CMakeFiles/hmm_cpu.dir/algo_hmm_cpu.cpp.o -c /user/7/dialloh/gpu_comp_hmm_regime/src/cpu/algo_hmm_cpu.cpp
[ 25%] Building CUDA object src/cuda/kernels/CMakeFiles/hmm_kernels.dir/viterbi_kernels.cu.o
cd /user/7/dialloh/gpu_comp_hmm_regime/build/src/cuda/kernels && /usr/local/cuda-12.6/bin/nvcc -forward-unknown-to-host-compiler  --options-file CMakeFiles/hmm_kernels.dir/includes_CUDA.rsp -O3 -DNDEBUG -std=c++14 "--generate-code=arch=compute_52,code=[compute_52,sm_52]" -Xcompiler=-fPIC --expt-relaxed-constexpr -Xcompiler=-Wall -Xcompiler=-Wextra -MD -MT src/cuda/kernels/CMakeFiles/hmm_kernels.dir/viterbi_kernels.cu.o -MF CMakeFiles/hmm_kernels.dir/viterbi_kernels.cu.o.d -x cu -rdc=true -c /user/7/dialloh/gpu_comp_hmm_regime/src/cuda/kernels/viterbi_kernels.cu -o CMakeFiles/hmm_kernels.dir/viterbi_kernels.cu.o
[ 30%] Linking CXX static library libhmm_cpu.a
cd /user/7/dialloh/gpu_comp_hmm_regime/build/src/cpu && /usr/bin/cmake -P CMakeFiles/hmm_cpu.dir/cmake_clean_target.cmake
cd /user/7/dialloh/gpu_comp_hmm_regime/build/src/cpu && /usr/bin/cmake -E cmake_link_script CMakeFiles/hmm_cpu.dir/link.txt --verbose=1
/usr/bin/ar qc libhmm_cpu.a CMakeFiles/hmm_cpu.dir/linalg_cpu.cpp.o CMakeFiles/hmm_cpu.dir/algo_hmm_cpu.cpp.o
/usr/bin/ranlib libhmm_cpu.a
make[2]: Leaving directory '/user/7/.base/dialloh/home/gpu_comp_hmm_regime/build'
[ 30%] Built target hmm_cpu
[ 35%] Building CUDA object src/cuda/kernels/CMakeFiles/hmm_kernels.dir/baum_welch_kernels.cu.o
cd /user/7/dialloh/gpu_comp_hmm_regime/build/src/cuda/kernels && /usr/local/cuda-12.6/bin/nvcc -forward-unknown-to-host-compiler  --options-file CMakeFiles/hmm_kernels.dir/includes_CUDA.rsp -O3 -DNDEBUG -std=c++14 "--generate-code=arch=compute_52,code=[compute_52,sm_52]" -Xcompiler=-fPIC --expt-relaxed-constexpr -Xcompiler=-Wall -Xcompiler=-Wextra -MD -MT src/cuda/kernels/CMakeFiles/hmm_kernels.dir/baum_welch_kernels.cu.o -MF CMakeFiles/hmm_kernels.dir/baum_welch_kernels.cu.o.d -x cu -rdc=true -c /user/7/dialloh/gpu_comp_hmm_regime/src/cuda/kernels/baum_welch_kernels.cu -o CMakeFiles/hmm_kernels.dir/baum_welch_kernels.cu.o
[ 40%] Linking CUDA device code CMakeFiles/hmm_kernels.dir/cmake_device_link.o
cd /user/7/dialloh/gpu_comp_hmm_regime/build/src/cuda/kernels && /usr/bin/cmake -E cmake_link_script CMakeFiles/hmm_kernels.dir/dlink.txt --verbose=1
/usr/local/cuda-12.6/bin/nvcc -forward-unknown-to-host-compiler -O3 -DNDEBUG "--generate-code=arch=compute_52,code=[compute_52,sm_52]" -Xcompiler=-fPIC -Wno-deprecated-gpu-targets -shared -dlink --options-file CMakeFiles/hmm_kernels.dir/deviceObjects1.rsp -o CMakeFiles/hmm_kernels.dir/cmake_device_link.o --options-file CMakeFiles/hmm_kernels.dir/deviceLinkLibs.rsp
[ 45%] Linking CUDA static library libhmm_kernels.a
cd /user/7/dialloh/gpu_comp_hmm_regime/build/src/cuda/kernels && /usr/bin/cmake -P CMakeFiles/hmm_kernels.dir/cmake_clean_target.cmake
cd /user/7/dialloh/gpu_comp_hmm_regime/build/src/cuda/kernels && /usr/bin/cmake -E cmake_link_script CMakeFiles/hmm_kernels.dir/link.txt --verbose=1
/usr/bin/ar qc libhmm_kernels.a CMakeFiles/hmm_kernels.dir/scan_kernels.cu.o CMakeFiles/hmm_kernels.dir/potential_kernels.cu.o CMakeFiles/hmm_kernels.dir/viterbi_kernels.cu.o CMakeFiles/hmm_kernels.dir/baum_welch_kernels.cu.o
/usr/bin/ar q libhmm_kernels.a CMakeFiles/hmm_kernels.dir/cmake_device_link.o
/usr/bin/ranlib libhmm_kernels.a
make[2]: Leaving directory '/user/7/.base/dialloh/home/gpu_comp_hmm_regime/build'
[ 45%] Built target hmm_kernels
make  -f src/cuda/CMakeFiles/hmm_cuda.dir/build.make src/cuda/CMakeFiles/hmm_cuda.dir/depend
make[2]: Entering directory '/user/7/.base/dialloh/home/gpu_comp_hmm_regime/build'
cd /user/7/dialloh/gpu_comp_hmm_regime/build && /usr/bin/cmake -E cmake_depends "Unix Makefiles" /user/7/dialloh/gpu_comp_hmm_regime /user/7/dialloh/gpu_comp_hmm_regime/src/cuda /user/7/dialloh/gpu_comp_hmm_regime/build /user/7/dialloh/gpu_comp_hmm_regime/build/src/cuda /user/7/dialloh/gpu_comp_hmm_regime/build/src/cuda/CMakeFiles/hmm_cuda.dir/DependInfo.cmake "--color="
make[2]: Leaving directory '/user/7/.base/dialloh/home/gpu_comp_hmm_regime/build'
make  -f src/cuda/CMakeFiles/hmm_cuda.dir/build.make src/cuda/CMakeFiles/hmm_cuda.dir/build
make[2]: Entering directory '/user/7/.base/dialloh/home/gpu_comp_hmm_regime/build'
[ 50%] Building CUDA object src/cuda/CMakeFiles/hmm_cuda.dir/algo_hmm_gpu.cu.o
cd /user/7/dialloh/gpu_comp_hmm_regime/build/src/cuda && /usr/local/cuda-12.6/bin/nvcc -forward-unknown-to-host-compiler  --options-file CMakeFiles/hmm_cuda.dir/includes_CUDA.rsp -O3 -DNDEBUG -std=c++17 "--generate-code=arch=compute_52,code=[compute_52,sm_52]" -Xcompiler=-fPIC --expt-relaxed-constexpr -Xcompiler=-Wall -MD -MT src/cuda/CMakeFiles/hmm_cuda.dir/algo_hmm_gpu.cu.o -MF CMakeFiles/hmm_cuda.dir/algo_hmm_gpu.cu.o.d -x cu -rdc=true -c /user/7/dialloh/gpu_comp_hmm_regime/src/cuda/algo_hmm_gpu.cu -o CMakeFiles/hmm_cuda.dir/algo_hmm_gpu.cu.o
[ 55%] Linking CUDA device code CMakeFiles/hmm_cuda.dir/cmake_device_link.o
cd /user/7/dialloh/gpu_comp_hmm_regime/build/src/cuda && /usr/bin/cmake -E cmake_link_script CMakeFiles/hmm_cuda.dir/dlink.txt --verbose=1
/usr/local/cuda-12.6/bin/nvcc -forward-unknown-to-host-compiler -O3 -DNDEBUG "--generate-code=arch=compute_52,code=[compute_52,sm_52]" -Xcompiler=-fPIC -Wno-deprecated-gpu-targets -shared -dlink --options-file CMakeFiles/hmm_cuda.dir/deviceObjects1.rsp -o CMakeFiles/hmm_cuda.dir/cmake_device_link.o --options-file CMakeFiles/hmm_cuda.dir/deviceLinkLibs.rsp
[ 60%] Linking CXX static library libhmm_cuda.a
cd /user/7/dialloh/gpu_comp_hmm_regime/build/src/cuda && /usr/bin/cmake -P CMakeFiles/hmm_cuda.dir/cmake_clean_target.cmake
cd /user/7/dialloh/gpu_comp_hmm_regime/build/src/cuda && /usr/bin/cmake -E cmake_link_script CMakeFiles/hmm_cuda.dir/link.txt --verbose=1
/usr/bin/ar qc libhmm_cuda.a CMakeFiles/hmm_cuda.dir/algo_hmm_gpu.cu.o
/usr/bin/ar q libhmm_cuda.a CMakeFiles/hmm_cuda.dir/cmake_device_link.o
/usr/bin/ranlib libhmm_cuda.a
make[2]: Leaving directory '/user/7/.base/dialloh/home/gpu_comp_hmm_regime/build'
[ 60%] Built target hmm_cuda
make  -f src/CMakeFiles/hmm_main.dir/build.make src/CMakeFiles/hmm_main.dir/depend
make  -f test/CMakeFiles/test_forward_backward_gpu.dir/build.make test/CMakeFiles/test_forward_backward_gpu.dir/depend
make  -f test/CMakeFiles/test_viterbi_gpu.dir/build.make test/CMakeFiles/test_viterbi_gpu.dir/depend
make  -f test/CMakeFiles/test_baum_welch_gpu.dir/build.make test/CMakeFiles/test_baum_welch_gpu.dir/depend
make[2]: Entering directory '/user/7/.base/dialloh/home/gpu_comp_hmm_regime/build'
cd /user/7/dialloh/gpu_comp_hmm_regime/build && /usr/bin/cmake -E cmake_depends "Unix Makefiles" /user/7/dialloh/gpu_comp_hmm_regime /user/7/dialloh/gpu_comp_hmm_regime/test /user/7/dialloh/gpu_comp_hmm_regime/build /user/7/dialloh/gpu_comp_hmm_regime/build/test /user/7/dialloh/gpu_comp_hmm_regime/build/test/CMakeFiles/test_baum_welch_gpu.dir/DependInfo.cmake "--color="
make[2]: Entering directory '/user/7/.base/dialloh/home/gpu_comp_hmm_regime/build'
cd /user/7/dialloh/gpu_comp_hmm_regime/build && /usr/bin/cmake -E cmake_depends "Unix Makefiles" /user/7/dialloh/gpu_comp_hmm_regime /user/7/dialloh/gpu_comp_hmm_regime/src /user/7/dialloh/gpu_comp_hmm_regime/build /user/7/dialloh/gpu_comp_hmm_regime/build/src /user/7/dialloh/gpu_comp_hmm_regime/build/src/CMakeFiles/hmm_main.dir/DependInfo.cmake "--color="
make[2]: Entering directory '/user/7/.base/dialloh/home/gpu_comp_hmm_regime/build'
cd /user/7/dialloh/gpu_comp_hmm_regime/build && /usr/bin/cmake -E cmake_depends "Unix Makefiles" /user/7/dialloh/gpu_comp_hmm_regime /user/7/dialloh/gpu_comp_hmm_regime/test /user/7/dialloh/gpu_comp_hmm_regime/build /user/7/dialloh/gpu_comp_hmm_regime/build/test /user/7/dialloh/gpu_comp_hmm_regime/build/test/CMakeFiles/test_forward_backward_gpu.dir/DependInfo.cmake "--color="
make[2]: Entering directory '/user/7/.base/dialloh/home/gpu_comp_hmm_regime/build'
cd /user/7/dialloh/gpu_comp_hmm_regime/build && /usr/bin/cmake -E cmake_depends "Unix Makefiles" /user/7/dialloh/gpu_comp_hmm_regime /user/7/dialloh/gpu_comp_hmm_regime/test /user/7/dialloh/gpu_comp_hmm_regime/build /user/7/dialloh/gpu_comp_hmm_regime/build/test /user/7/dialloh/gpu_comp_hmm_regime/build/test/CMakeFiles/test_viterbi_gpu.dir/DependInfo.cmake "--color="
make[2]: Leaving directory '/user/7/.base/dialloh/home/gpu_comp_hmm_regime/build'
make[2]: Leaving directory '/user/7/.base/dialloh/home/gpu_comp_hmm_regime/build'
make  -f test/CMakeFiles/test_viterbi_gpu.dir/build.make test/CMakeFiles/test_viterbi_gpu.dir/build
make[2]: Leaving directory '/user/7/.base/dialloh/home/gpu_comp_hmm_regime/build'
make  -f test/CMakeFiles/test_baum_welch_gpu.dir/build.make test/CMakeFiles/test_baum_welch_gpu.dir/build
make  -f src/CMakeFiles/hmm_main.dir/build.make src/CMakeFiles/hmm_main.dir/build
make[2]: Leaving directory '/user/7/.base/dialloh/home/gpu_comp_hmm_regime/build'
make  -f test/CMakeFiles/test_forward_backward_gpu.dir/build.make test/CMakeFiles/test_forward_backward_gpu.dir/build
make[2]: Entering directory '/user/7/.base/dialloh/home/gpu_comp_hmm_regime/build'
make[2]: Entering directory '/user/7/.base/dialloh/home/gpu_comp_hmm_regime/build'
make[2]: Entering directory '/user/7/.base/dialloh/home/gpu_comp_hmm_regime/build'
make[2]: Entering directory '/user/7/.base/dialloh/home/gpu_comp_hmm_regime/build'
[ 80%] Building CUDA object test/CMakeFiles/test_forward_backward_gpu.dir/cuda/test_forward_backward_gpu.cu.o
[ 80%] Building CUDA object test/CMakeFiles/test_baum_welch_gpu.dir/cuda/test_baum_welch_gpu.cu.o
[ 80%] Building CUDA object test/CMakeFiles/test_viterbi_gpu.dir/cuda/test_viterbi_gpu.cu.o
[ 80%] Building CXX object src/CMakeFiles/hmm_main.dir/main.cpp.o
cd /user/7/dialloh/gpu_comp_hmm_regime/build/test && /usr/local/cuda-12.6/bin/nvcc -forward-unknown-to-host-compiler  --options-file CMakeFiles/test_baum_welch_gpu.dir/includes_CUDA.rsp -O3 -DNDEBUG -std=c++17 "--generate-code=arch=compute_52,code=[compute_52,sm_52]" -MD -MT test/CMakeFiles/test_baum_welch_gpu.dir/cuda/test_baum_welch_gpu.cu.o -MF CMakeFiles/test_baum_welch_gpu.dir/cuda/test_baum_welch_gpu.cu.o.d -x cu -c /user/7/dialloh/gpu_comp_hmm_regime/test/cuda/test_baum_welch_gpu.cu -o CMakeFiles/test_baum_welch_gpu.dir/cuda/test_baum_welch_gpu.cu.o
cd /user/7/dialloh/gpu_comp_hmm_regime/build/test && /usr/local/cuda-12.6/bin/nvcc -forward-unknown-to-host-compiler  --options-file CMakeFiles/test_forward_backward_gpu.dir/includes_CUDA.rsp -O3 -DNDEBUG -std=c++17 "--generate-code=arch=compute_52,code=[compute_52,sm_52]" -MD -MT test/CMakeFiles/test_forward_backward_gpu.dir/cuda/test_forward_backward_gpu.cu.o -MF CMakeFiles/test_forward_backward_gpu.dir/cuda/test_forward_backward_gpu.cu.o.d -x cu -c /user/7/dialloh/gpu_comp_hmm_regime/test/cuda/test_forward_backward_gpu.cu -o CMakeFiles/test_forward_backward_gpu.dir/cuda/test_forward_backward_gpu.cu.o
cd /user/7/dialloh/gpu_comp_hmm_regime/build/test && /usr/local/cuda-12.6/bin/nvcc -forward-unknown-to-host-compiler  --options-file CMakeFiles/test_viterbi_gpu.dir/includes_CUDA.rsp -O3 -DNDEBUG -std=c++17 "--generate-code=arch=compute_52,code=[compute_52,sm_52]" -MD -MT test/CMakeFiles/test_viterbi_gpu.dir/cuda/test_viterbi_gpu.cu.o -MF CMakeFiles/test_viterbi_gpu.dir/cuda/test_viterbi_gpu.cu.o.d -x cu -c /user/7/dialloh/gpu_comp_hmm_regime/test/cuda/test_viterbi_gpu.cu -o CMakeFiles/test_viterbi_gpu.dir/cuda/test_viterbi_gpu.cu.o
cd /user/7/dialloh/gpu_comp_hmm_regime/build/src && /usr/bin/c++ -DUSE_CUDA -I/user/7/dialloh/gpu_comp_hmm_regime/include/cpu -I/user/7/dialloh/gpu_comp_hmm_regime/include/cuda -I/user/7/dialloh/gpu_comp_hmm_regime/include -I/user/7/dialloh/gpu_comp_hmm_regime/include/cuda/kernels -isystem /usr/local/cuda-12.6/targets/x86_64-linux/include -Wall -Wextra -O3 -march=native -DNDEBUG -std=c++17 -MD -MT src/CMakeFiles/hmm_main.dir/main.cpp.o -MF CMakeFiles/hmm_main.dir/main.cpp.o.d -o CMakeFiles/hmm_main.dir/main.cpp.o -c /user/7/dialloh/gpu_comp_hmm_regime/src/main.cpp
[ 85%] Linking CXX executable hmm_main
cd /user/7/dialloh/gpu_comp_hmm_regime/build/src && /usr/bin/cmake -E cmake_link_script CMakeFiles/hmm_main.dir/link.txt --verbose=1
/usr/bin/c++  -Wall -Wextra -O3 -march=native -DNDEBUG CMakeFiles/hmm_main.dir/main.cpp.o -o hmm_main   -L/usr/local/cuda-12.6/targets/x86_64-linux/lib/stubs  -L/usr/local/cuda-12.6/targets/x86_64-linux/lib  -Wl,-rpath,/usr/local/cuda-12.6/targets/x86_64-linux/lib: cpu/libhmm_cpu.a cuda/libhmm_cuda.a cpu/libhmm_cpu.a -lm cuda/kernels/libhmm_kernels.a /usr/local/cuda-12.6/targets/x86_64-linux/lib/libcudart.so /usr/local/cuda-12.6/targets/x86_64-linux/lib/libcublas.so /usr/local/cuda-12.6/targets/x86_64-linux/lib/libcublasLt.so /usr/local/cuda-12.6/targets/x86_64-linux/lib/libculibos.a -lcudadevrt -lcudart_static -lrt -lpthread -ldl 
make[2]: Leaving directory '/user/7/.base/dialloh/home/gpu_comp_hmm_regime/build'
[ 85%] Built target hmm_main
[ 90%] Linking CXX executable test_viterbi_gpu
cd /user/7/dialloh/gpu_comp_hmm_regime/build/test && /usr/bin/cmake -E cmake_link_script CMakeFiles/test_viterbi_gpu.dir/link.txt --verbose=1
/usr/bin/c++  -Wall -Wextra -O3 -march=native -DNDEBUG CMakeFiles/test_viterbi_gpu.dir/cuda/test_viterbi_gpu.cu.o -o test_viterbi_gpu   -L/usr/local/cuda-12.6/targets/x86_64-linux/lib/stubs  -L/usr/local/cuda-12.6/targets/x86_64-linux/lib  -Wl,-rpath,/usr/local/cuda-12.6/targets/x86_64-linux/lib ../src/cuda/libhmm_cuda.a ../src/cpu/libhmm_cpu.a -lm ../src/cuda/kernels/libhmm_kernels.a /usr/local/cuda-12.6/targets/x86_64-linux/lib/libcudart.so /usr/local/cuda-12.6/targets/x86_64-linux/lib/libcublas.so /usr/local/cuda-12.6/targets/x86_64-linux/lib/libcublasLt.so /usr/local/cuda-12.6/targets/x86_64-linux/lib/libculibos.a -lcudadevrt -lcudart_static -lrt -lpthread -ldl 
[ 95%] Linking CXX executable test_forward_backward_gpu
cd /user/7/dialloh/gpu_comp_hmm_regime/build/test && /usr/bin/cmake -E cmake_link_script CMakeFiles/test_forward_backward_gpu.dir/link.txt --verbose=1
/usr/bin/c++  -Wall -Wextra -O3 -march=native -DNDEBUG CMakeFiles/test_forward_backward_gpu.dir/cuda/test_forward_backward_gpu.cu.o -o test_forward_backward_gpu   -L/usr/local/cuda-12.6/targets/x86_64-linux/lib/stubs  -L/usr/local/cuda-12.6/targets/x86_64-linux/lib  -Wl,-rpath,/usr/local/cuda-12.6/targets/x86_64-linux/lib ../src/cuda/libhmm_cuda.a ../src/cpu/libhmm_cpu.a -lm ../src/cuda/kernels/libhmm_kernels.a /usr/local/cuda-12.6/targets/x86_64-linux/lib/libcudart.so /usr/local/cuda-12.6/targets/x86_64-linux/lib/libcublas.so /usr/local/cuda-12.6/targets/x86_64-linux/lib/libcublasLt.so /usr/local/cuda-12.6/targets/x86_64-linux/lib/libculibos.a -lcudadevrt -lcudart_static -lrt -lpthread -ldl 
make[2]: Leaving directory '/user/7/.base/dialloh/home/gpu_comp_hmm_regime/build'
make[2]: Leaving directory '/user/7/.base/dialloh/home/gpu_comp_hmm_regime/build'
[ 95%] Built target test_viterbi_gpu
[ 95%] Built target test_forward_backward_gpu
[100%] Linking CXX executable test_baum_welch_gpu
cd /user/7/dialloh/gpu_comp_hmm_regime/build/test && /usr/bin/cmake -E cmake_link_script CMakeFiles/test_baum_welch_gpu.dir/link.txt --verbose=1
/usr/bin/c++  -Wall -Wextra -O3 -march=native -DNDEBUG CMakeFiles/test_baum_welch_gpu.dir/cuda/test_baum_welch_gpu.cu.o -o test_baum_welch_gpu   -L/usr/local/cuda-12.6/targets/x86_64-linux/lib/stubs  -L/usr/local/cuda-12.6/targets/x86_64-linux/lib  -Wl,-rpath,/usr/local/cuda-12.6/targets/x86_64-linux/lib ../src/cuda/libhmm_cuda.a ../src/cpu/libhmm_cpu.a -lm ../src/cuda/kernels/libhmm_kernels.a /usr/local/cuda-12.6/targets/x86_64-linux/lib/libcudart.so /usr/local/cuda-12.6/targets/x86_64-linux/lib/libcublas.so /usr/local/cuda-12.6/targets/x86_64-linux/lib/libcublasLt.so /usr/local/cuda-12.6/targets/x86_64-linux/lib/libculibos.a -lcudadevrt -lcudart_static -lrt -lpthread -ldl 
make[2]: Leaving directory '/user/7/.base/dialloh/home/gpu_comp_hmm_regime/build'
[100%] Built target test_baum_welch_gpu
make[1]: Leaving directory '/user/7/.base/dialloh/home/gpu_comp_hmm_regime/build'
/usr/bin/cmake -E cmake_progress_start /user/7/dialloh/gpu_comp_hmm_regime/build/CMakeFiles 0
✓ Build complete

GPU Info:
name, memory.total [MiB], driver_version
Quadro RTX 6000, 23040 MiB, 580.65.06
Quadro RTX 6000, 23040 MiB, 580.65.06
Quadro RTX 6000, 23040 MiB, 580.65.06

Running all GPU tests...

================================
Running: test_baum_welch_gpu
================================

========================================
TEST BAUM-WELCH GPU vs CPU
========================================


============================================
Test Baum-Welch: T=500, N=3, K=4
============================================

[GPU] Baum-Welch Algorithm (4 iterations)...
  Iter 0: LL=-3872.18 (0.638912 ms)
  Iter 1: LL=-3864.28 (0.604128 ms)
  Iter 2: LL=-3861.4 (0.589536 ms)
  Iter 3: LL=-3859.98 (0.60416 ms)
  ✓ Baum-Welch GPU Total: 2.43674 ms
[CPU] Baum-Welch Algorithm (4 iterations)...
  Iter 0: LL=-3948.5
  Iter 1: LL=-3871.74
  Iter 2: LL=-3866.43
  Iter 3: LL=-3863.79
✓ Baum-Welch CPU Total: 3.70551 ms
[Validation] Comparing GPU vs CPU...
Means Relative Error: 0.0137418
Transition Matrix Relative Error: 0.10059
Final Log-Likelihood (GPU): -3859.98
Final Log-Likelihood (CPU): -3863.79
LL Difference: 3.80859
[32m[REUSSI] Means converged similarly[0m
[31m[ECHEC] Transition matrix converged similarly[0m (Ligne 237)
[31m[ECHEC] Log-likelihood converged to similar value[0m (Ligne 238)
[Performance Summary]
GPU Total: 2.43674 ms
CPU Total: 3.70551 ms
Speedup: 1.52069x
✅ Test Baum-Welch PASSED


============================================
Test Baum-Welch: T=1000, N=4, K=8
============================================

[GPU] Baum-Welch Algorithm (4 iterations)...
  Iter 0: LL=-5.44177e+09 (0.479456 ms)
  Iter 1: LL=-5.44177e+09 (0.47952 ms)
  Iter 2: LL=-5.44177e+09 (0.480032 ms)
  Iter 3: LL=-5.44177e+09 (0.48016 ms)
  ✓ Baum-Welch GPU Total: 1.91917 ms
[CPU] Baum-Welch Algorithm (4 iterations)...
  Iter 0: LL=-15264.2
  Iter 1: LL=-15055.7
  Iter 2: LL=-15042
  Iter 3: LL=-15036.9
✓ Baum-Welch CPU Total: 9.35948 ms
[Validation] Comparing GPU vs CPU...
Means Relative Error: 1
Transition Matrix Relative Error: 0.560121
Final Log-Likelihood (GPU): -5.44177e+09
Final Log-Likelihood (CPU): -15036.9
LL Difference: 5.44175e+09
[31m[ECHEC] Means converged similarly[0m (Ligne 236)
[31m[ECHEC] Transition matrix converged similarly[0m (Ligne 237)
[31m[ECHEC] Log-likelihood converged to similar value[0m (Ligne 238)
[Performance Summary]
GPU Total: 1.91917 ms
CPU Total: 9.35948 ms
Speedup: 4.87684x
✅ Test Baum-Welch PASSED


============================================
Test Baum-Welch: T=5000, N=4, K=8
============================================

[GPU] Baum-Welch Algorithm (4 iterations)...
  Iter 0: LL=-75346.2 (0.94288 ms)
  Iter 1: LL=-75305.2 (0.937984 ms)
  Iter 2: LL=-75301.8 (0.940896 ms)
  Iter 3: LL=-75301.4 (0.937824 ms)
  ✓ Baum-Welch GPU Total: 3.75958 ms
[CPU] Baum-Welch Algorithm (4 iterations)...
  Iter 0: LL=-76026.5
  Iter 1: LL=-75345.2
  Iter 2: LL=-75312.2
  Iter 3: LL=-75304.1
✓ Baum-Welch CPU Total: 39.0392 ms
[Validation] Comparing GPU vs CPU...
Means Relative Error: 0.0038727
Transition Matrix Relative Error: 0.0140909
Final Log-Likelihood (GPU): -75301.4
Final Log-Likelihood (CPU): -75304.1
LL Difference: 2.69531
[32m[REUSSI] Means converged similarly[0m
[32m[REUSSI] Transition matrix converged similarly[0m
[31m[ECHEC] Log-likelihood converged to similar value[0m (Ligne 238)
[Performance Summary]
GPU Total: 3.75958 ms
CPU Total: 39.0392 ms
Speedup: 10.3839x
✅ Test Baum-Welch PASSED


============================================
Test Baum-Welch: T=10000, N=4, K=8
============================================

[GPU] Baum-Welch Algorithm (4 iterations)...
  Iter 0: LL=-6.87938e+10 (1.79094 ms)
  Iter 1: LL=-6.87938e+10 (1.77658 ms)
  Iter 2: LL=-6.87938e+10 (1.78563 ms)
  Iter 3: LL=-6.87938e+10 (1.77971 ms)
  ✓ Baum-Welch GPU Total: 7.13286 ms
[CPU] Baum-Welch Algorithm (4 iterations)...
  Iter 0: LL=-152303
  Iter 1: LL=-151073
  Iter 2: LL=-150986
  Iter 3: LL=-150970
✓ Baum-Welch CPU Total: 77.1637 ms
[Validation] Comparing GPU vs CPU...
Means Relative Error: 1
Transition Matrix Relative Error: 0.589857
Final Log-Likelihood (GPU): -6.87938e+10
Final Log-Likelihood (CPU): -150970
LL Difference: 6.87936e+10
[31m[ECHEC] Means converged similarly[0m (Ligne 236)
[31m[ECHEC] Transition matrix converged similarly[0m (Ligne 237)
[31m[ECHEC] Log-likelihood converged to similar value[0m (Ligne 238)
[Performance Summary]
GPU Total: 7.13286 ms
CPU Total: 77.1637 ms
Speedup: 10.8181x
✅ Test Baum-Welch PASSED


[31m>>> 9 TEST(S) ECHOUE(S) <<<[0m

================================
Running: test_forward_backward_gpu
================================

========================================
TEST FORWARD-BACKWARD GPU vs CPU
========================================

============================================
Test Forward-Backward: T=500, N=3, K=4
============================================

[GPU] Forward Algorithm...
  ✓ Forward GPU: 0.158106 ms (avg)
[GPU] Backward Algorithm...
✓ Backward GPU: 0.156422 ms (avg)
[CPU] Forward-Backward Algorithm...
  ✓ Forward-Backward CPU: 0.702966 ms
[Validation] Comparing GPU vs CPU...
Alpha Relative Error: 3.57094e-07
Beta Relative Error: 0.0521813
[32m[REUSSI] Alpha GPU vs CPU match[0m
[31m[ECHEC] Beta GPU vs CPU match[0m (Ligne 168)

[Performance Summary]
  GPU Total: 0.314528 ms
  CPU Total: 0.702966 ms
  Speedup: 2.23499x

✅ Test Forward-Backward PASSED

============================================
Test Forward-Backward: T=1000, N=4, K=8
============================================

[GPU] Forward Algorithm...
  ✓ Forward GPU: 0.175338 ms (avg)
[GPU] Backward Algorithm...
✓ Backward GPU: 0.153005 ms (avg)
[CPU] Forward-Backward Algorithm...
  ✓ Forward-Backward CPU: 1.90368 ms
[Validation] Comparing GPU vs CPU...
Alpha Relative Error: 6.93294e-07
Beta Relative Error: 0.00568544
[32m[REUSSI] Alpha GPU vs CPU match[0m
[31m[ECHEC] Beta GPU vs CPU match[0m (Ligne 168)

[Performance Summary]
  GPU Total: 0.328342 ms
  CPU Total: 1.90368 ms
  Speedup: 5.79784x

✅ Test Forward-Backward PASSED

============================================
Test Forward-Backward: T=5000, N=5, K=10
============================================

[GPU] Forward Algorithm...
  ✓ Forward GPU: 0.356179 ms (avg)
[GPU] Backward Algorithm...
✓ Backward GPU: 0.34935 ms (avg)
[CPU] Forward-Backward Algorithm...
  ✓ Forward-Backward CPU: 13.0515 ms
[Validation] Comparing GPU vs CPU...
Alpha Relative Error: 1.42877e-06
Beta Relative Error: 0.00151086
[32m[REUSSI] Alpha GPU vs CPU match[0m
[31m[ECHEC] Beta GPU vs CPU match[0m (Ligne 168)

[Performance Summary]
  GPU Total: 0.70553 ms
  CPU Total: 13.0515 ms
  Speedup: 18.4989x

✅ Test Forward-Backward PASSED

============================================
Test Forward-Backward: T=10000, N=5, K=10
============================================

[GPU] Forward Algorithm...
  ✓ Forward GPU: 0.712746 ms (avg)
[GPU] Backward Algorithm...
✓ Backward GPU: 0.710365 ms (avg)
[CPU] Forward-Backward Algorithm...
  ✓ Forward-Backward CPU: 26.0341 ms
[Validation] Comparing GPU vs CPU...
Alpha Relative Error: 1.21956e-06
Beta Relative Error: 0.00370809
[32m[REUSSI] Alpha GPU vs CPU match[0m
[31m[ECHEC] Beta GPU vs CPU match[0m (Ligne 168)

[Performance Summary]
  GPU Total: 1.42311 ms
  CPU Total: 26.0341 ms
  Speedup: 18.2938x

✅ Test Forward-Backward PASSED


[31m>>> 4 TEST(S) ECHOUE(S) <<<[0m

================================
Running: test_viterbi_gpu
================================

========================================
TEST VITERBI GPU vs CPU
========================================


============================================
Test Viterbi: T=500, N=3, K=4
============================================

[GPU] Viterbi Algorithm...
  ✓ Viterbi GPU: 0.24968 ms (avg)

[CPU] Viterbi Algorithm...
  ✓ Viterbi CPU: 0.268566 ms
  Log-Probability (CPU): -3251.45

[Validation] Comparing GPU vs CPU...
  Path Accuracy: 100%
[32m[REUSSI] Viterbi paths match (>95%)[0m
  Accuracy vs True States (GPU): 100%
  Accuracy vs True States (CPU): 100%

[Performance Summary]
  GPU Total: 0.24968 ms
  CPU Total: 0.268566 ms
  Speedup: 1.07564x

✅ Test Viterbi PASSED


============================================
Test Viterbi: T=1000, N=4, K=8
============================================

[GPU] Viterbi Algorithm...
  ✓ Viterbi GPU: 0.411536 ms (avg)

[CPU] Viterbi Algorithm...
  ✓ Viterbi CPU: 1.21608 ms
  Log-Probability (CPU): -12210.7

[Validation] Comparing GPU vs CPU...
  Path Accuracy: 100%
[32m[REUSSI] Viterbi paths match (>95%)[0m
  Accuracy vs True States (GPU): 100%
  Accuracy vs True States (CPU): 100%

[Performance Summary]
  GPU Total: 0.411536 ms
  CPU Total: 1.21608 ms
  Speedup: 2.95498x

✅ Test Viterbi PASSED


============================================
Test Viterbi: T=5000, N=5, K=10
============================================

[GPU] Viterbi Algorithm...
  ✓ Viterbi GPU: 2.09435 ms (avg)

[CPU] Viterbi Algorithm...
  ✓ Viterbi CPU: 10.4378 ms
  Log-Probability (CPU): -76414.8

[Validation] Comparing GPU vs CPU...
  Path Accuracy: 100%
[32m[REUSSI] Viterbi paths match (>95%)[0m
  Accuracy vs True States (GPU): 100%
  Accuracy vs True States (CPU): 100%

[Performance Summary]
  GPU Total: 2.09435 ms
  CPU Total: 10.4378 ms
  Speedup: 4.98379x

✅ Test Viterbi PASSED


============================================
Test Viterbi: T=10000, N=5, K=10
============================================

[GPU] Viterbi Algorithm...
  ✓ Viterbi GPU: 4.16592 ms (avg)

[CPU] Viterbi Algorithm...
  ✓ Viterbi CPU: 20.9385 ms
  Log-Probability (CPU): -153070

[Validation] Comparing GPU vs CPU...
  Path Accuracy: 100%
[32m[REUSSI] Viterbi paths match (>95%)[0m
  Accuracy vs True States (GPU): 100%
  Accuracy vs True States (CPU): 100%

[Performance Summary]
  GPU Total: 4.16592 ms
  CPU Total: 20.9385 ms
  Speedup: 5.02612x

✅ Test Viterbi PASSED


[32m>>> TOUS LES TESTS SONT PASSES ! <<<[0m

==========================================
Job completed at Tue Jan  6 20:13:18 CET 2026
==========================================
