==========================================
GPU Job - HMM Regime Detection
Job ID: 36899
Node: turing-2
Date: Tue Jan  6 15:56:24 CET 2026
==========================================


GPU Info:
name, memory.total [MiB], driver_version
Quadro RTX 6000, 23040 MiB, 580.65.06
Quadro RTX 6000, 23040 MiB, 580.65.06
Quadro RTX 6000, 23040 MiB, 580.65.06

Running all GPU tests...

================================
Running: test_forward_backward_gpu
================================

╔══════════════════════════════════════════════════════════════╗
║  TEST HASSAN PARALLEL HMM (2021) - CUDA Events Timing      ║
╚══════════════════════════════════════════════════════════════╝

GPU: Quadro RTX 6000 (SM 7.5)

======================================================================
TEST FORWARD: T=100, N=3
======================================================================
CPU time:       0.020 ms
GPU time:       0.203 ms
Speedup:        0.098×
Relative error: 0.961
LL CPU:         -16.486
LL GPU:         0.475
LL diff:        16.961
✗ TEST FAILED

======================================================================
TEST FORWARD: T=500, N=5
======================================================================
CPU time:       0.937 ms
GPU time:       0.270 ms
Speedup:        3.475×
Relative error: 0.994
LL CPU:         -82.125
LL GPU:         -0.076
LL diff:        82.049
✗ TEST FAILED

======================================================================
TEST VITERBI: T=100, N=3
======================================================================
CPU time:       0.006 ms
GPU time:       0.159 ms
Speedup:        0.040×
Path accuracy:  100.000%
LL CPU:         -110.868
✓ TEST PASSED

======================================================================
TEST VITERBI: T=500, N=5
======================================================================
CPU time:       0.068 ms
GPU time:       0.846 ms
Speedup:        0.080×
Path accuracy:  100.000%
LL CPU:         -792.596
✓ TEST PASSED

======================================================================
BENCHMARK: SCALING WITH T
======================================================================
         T       CPU (ms)       GPU (ms)        Speedup
-------------------------------------------------------
       100          0.075          0.168          0.445
       500          0.377          0.206          1.825
      1000          0.741          0.228          3.249
      2500          1.749          0.269          6.508
      5000          2.955          0.297          9.957

======================================================================
SUMMARY: 2/4 TESTS PASSED
======================================================================

================================
Running: test_linear_algebra_gpu
================================
========================================
GPU Linear Algebra Test Suite
========================================

GPU: Quadro RTX 6000
Compute Capability: 7.5

========================================
Test 1: Matrix-Vector Multiplication
========================================
Size: 1000 × 500
CPU: 99 µs
GPU: 92.032 µs
Speedup: 1.07571×
✓ PASSED

========================================
Test 2: Matrix-Matrix Multiplication
========================================
Size: 2000 × 5 × 200 (HMM realistic)
CPU: 695 µs
GPU: 38.688 µs
Speedup: 17.9642×
✓ PASSED

========================================
Test 3: Dot Product
========================================
Size: 100000
CPU result: 2.45647e+06
GPU result: 2.45647e+06
Absolute diff: 0.25
Relative error: 1.01772e-05%
CPU: 20 µs
GPU: 10.24 µs
Speedup: 1.95312×
✓ PASSED

========================================
Summary: 3/3 tests passed
========================================

================================
Running: test_scan_primitives_gpu
================================
test_scan_primitives_gpu: TODO - Not implemented yet

================================
Running: test_viterbi_gpu
================================
test_scan_primitives_gpu: TODO - Not implemented yet

==========================================
Job completed at Tue Jan  6 15:56:25 CET 2026
==========================================
