==========================================
GPU Job - HMM Regime Detection
Job ID: 36369
Node: turing-2
Date: Fri Dec 26 15:55:25 CET 2025
==========================================

Building with CUDA...
-- The CXX compiler identification is GNU 13.3.0
-- Detecting CXX compiler ABI info
-- Detecting CXX compiler ABI info - done
-- Check for working CXX compiler: /usr/bin/c++ - skipped
-- Detecting CXX compile features
-- Detecting CXX compile features - done
-- The CUDA compiler identification is NVIDIA 12.6.85
-- Detecting CUDA compiler ABI info
-- Detecting CUDA compiler ABI info - done
-- Check for working CUDA compiler: /usr/local/cuda-12.6/bin/nvcc - skipped
-- Detecting CUDA compile features
-- Detecting CUDA compile features - done
-- Found CUDAToolkit: /usr/local/cuda-12.6/targets/x86_64-linux/include (found version "12.6.85") 
-- Performing Test CMAKE_HAVE_LIBC_PTHREAD
-- Performing Test CMAKE_HAVE_LIBC_PTHREAD - Success
-- Found Threads: TRUE  
-- CUDA enabled - architectures: 52
-- Building CUDA kernels library: hmm_kernels
--   Sources: matrix_kernels.cu;reduction_kernels.cu;scan_kernels.cu;potential_kernels.cu;forward_backward_kernels.cu;viterbi_kernels.cu;baum_welch_kernels.cu
--   CUDA Architectures: 52
-- Building CUDA orchestration library: hmm_gpu
--   Sources: algo_hmm_gpu.cu;linear_algebra_gpu.cu
--   Dependencies: hmm_kernels, hmm_cpu
-- CUDA tests enabled
--   - test_scan_primitives_gpu
--   - test_linear_algebra_gpu
--   - test_forward_backward_gpu
--   - test_viterbi_gpu
-- 
-- ========================================
-- GPU HMM Regime Detection - Configuration
-- ========================================
-- Build type      : Release
-- C++ compiler    : /usr/bin/c++
-- CUDA support    : ON
-- Tests           : ON
-- Benchmarks      : OFF
-- Profiling       : OFF
-- ========================================
-- 
-- Configuring done (6.8s)
-- Generating done (0.2s)
-- Build files have been written to: /user/7/dialloh/gpu_comp_hmm_regime/build
[  7%] Building CXX object src/cpu/CMakeFiles/hmm_cpu.dir/algo_hmm.cpp.o
[  7%] Building CXX object src/cpu/CMakeFiles/hmm_cpu.dir/low_level_linear_algebra.cpp.o
[ 15%] Building CUDA object src/cuda/kernels/CMakeFiles/hmm_kernels.dir/reduction_kernels.cu.o
[ 15%] Building CUDA object src/cuda/kernels/CMakeFiles/hmm_kernels.dir/matrix_kernels.cu.o
[ 19%] Linking CXX static library libhmm_cpu.a
[ 19%] Built target hmm_cpu
✓ Build complete

GPU Info:
name, memory.total [MiB], driver_version
Quadro RTX 6000, 23040 MiB, 580.65.06
Quadro RTX 6000, 23040 MiB, 580.65.06
Quadro RTX 6000, 23040 MiB, 580.65.06

Running all GPU tests...

==========================================
Job completed at Fri Dec 26 15:55:34 CET 2025
==========================================
