==========================================
GPU Job - HMM Regime Detection
Job ID: 37077
Node: turing-2
Date: Fri Jan  9 11:55:16 CET 2026
==========================================


GPU Info:
name, memory.total [MiB], driver_version
Quadro RTX 6000, 23040 MiB, 580.65.06
Quadro RTX 6000, 23040 MiB, 580.65.06
Quadro RTX 6000, 23040 MiB, 580.65.06

Running all GPU tests...

================================
Running: test_baum_welch_gpu
================================

========================================
TEST BAUM-WELCH GPU vs CPU
========================================


============================================
Test Baum-Welch: T=500, N=3, K=4
============================================

[GPU] Baum-Welch Algorithm...
  ✓ Total Time: 21.0883 ms
[CPU] Baum-Welch Algorithm...
Final LL GPU: -772.681
Final LL CPU: -758.697
Speedup: 0.259532x
[32m[REUSSI] Convergence Similaire[0m

============================================
Test Baum-Welch: T=1000, N=4, K=4
============================================

[GPU] Baum-Welch Algorithm...
  ✓ Total Time: 4.1807 ms
[CPU] Baum-Welch Algorithm...
Final LL GPU: 420.047
Final LL CPU: 422.577
Speedup: 3.25441x
[32m[REUSSI] Convergence Similaire[0m

============================================
Test Baum-Welch: T=5000, N=4, K=4
============================================

[GPU] Baum-Welch Algorithm...
  ✓ Total Time: 8.80717 ms
[CPU] Baum-Welch Algorithm...
Final LL GPU: -912.246
Final LL CPU: -910.455
Speedup: 7.62167x
[32m[REUSSI] Convergence Similaire[0m

============================================
Test Baum-Welch: T=10000, N=4, K=4
============================================

[GPU] Baum-Welch Algorithm...
  ✓ Total Time: 14.2142 ms
[CPU] Baum-Welch Algorithm...
Final LL GPU: -1.99981e+09
Final LL CPU: -1925.91
Speedup: 9.55785x
[31m[ATTENTION] Divergence numérique (Log-Space vs Linear)[0m

[32m>>> TOUS LES TESTS SONT PASSES ! <<<[0m

================================
Running: test_finance_gpu
================================
--- GPU FINANCIAL HMM ---
../../data/finance/sp500_obs_dims.txt
Loaded S&P500: T=6225, K=3, N=3
Training (20 iterations)... Done in 30.5302 ms (1.52651 ms/iter)
Decoding (Viterbi)... Done in 0.469432 ms

================================
Running: test_forward_backward_gpu
================================

========================================
TEST FORWARD-BACKWARD GPU vs CPU
========================================

============================================
Test Forward-Backward: T=500, N=3, K=4
============================================

[GPU] Forward Algorithm...
  ✓ Forward GPU: 0.158509 ms (avg)
[GPU] Backward Algorithm...
✓ Backward GPU: 0.156045 ms (avg)
[CPU] Forward-Backward Algorithm...
  ✓ Forward-Backward CPU: 0.688531 ms
[Validation] Comparing GPU vs CPU...
Alpha Relative Error: 4.3496e-07
Beta Relative Error: 0.0523718
[32m[REUSSI] Alpha GPU vs CPU match[0m
[31m[ECHEC] Beta GPU vs CPU match[0m (Ligne 168)

[Performance Summary]
  GPU Total: 0.314554 ms
  CPU Total: 0.688531 ms
  Speedup: 2.18891x

✅ Test Forward-Backward PASSED

============================================
Test Forward-Backward: T=1000, N=4, K=8
============================================

[GPU] Forward Algorithm...
  ✓ Forward GPU: 0.192909 ms (avg)
[GPU] Backward Algorithm...
✓ Backward GPU: 0.15008 ms (avg)
[CPU] Forward-Backward Algorithm...
  ✓ Forward-Backward CPU: 1.68268 ms
[Validation] Comparing GPU vs CPU...
Alpha Relative Error: 3.84441e-07
Beta Relative Error: 0.0192353
[32m[REUSSI] Alpha GPU vs CPU match[0m
[31m[ECHEC] Beta GPU vs CPU match[0m (Ligne 168)

[Performance Summary]
  GPU Total: 0.342989 ms
  CPU Total: 1.68268 ms
  Speedup: 4.90595x

✅ Test Forward-Backward PASSED

============================================
Test Forward-Backward: T=5000, N=5, K=10
============================================

[GPU] Forward Algorithm...
  ✓ Forward GPU: 0.362605 ms (avg)
[GPU] Backward Algorithm...
✓ Backward GPU: 0.356038 ms (avg)
[CPU] Forward-Backward Algorithm...
  ✓ Forward-Backward CPU: 13.2693 ms
[Validation] Comparing GPU vs CPU...
Alpha Relative Error: 1.71514e-06
Beta Relative Error: 0.00735544
[32m[REUSSI] Alpha GPU vs CPU match[0m
[31m[ECHEC] Beta GPU vs CPU match[0m (Ligne 168)

[Performance Summary]
  GPU Total: 0.718643 ms
  CPU Total: 13.2693 ms
  Speedup: 18.4644x

✅ Test Forward-Backward PASSED

============================================
Test Forward-Backward: T=10000, N=5, K=10
============================================

[GPU] Forward Algorithm...
  ✓ Forward GPU: 0.724115 ms (avg)
[GPU] Backward Algorithm...
✓ Backward GPU: 0.723043 ms (avg)
[CPU] Forward-Backward Algorithm...
  ✓ Forward-Backward CPU: 26.2269 ms
[Validation] Comparing GPU vs CPU...
Alpha Relative Error: 2.02657e-06
Beta Relative Error: 0.000593649
[32m[REUSSI] Alpha GPU vs CPU match[0m
[32m[REUSSI] Beta GPU vs CPU match[0m

[Performance Summary]
  GPU Total: 1.44716 ms
  CPU Total: 26.2269 ms
  Speedup: 18.123x

✅ Test Forward-Backward PASSED


[31m>>> 3 TEST(S) ECHOUE(S) <<<[0m

================================
Running: test_viterbi_gpu
================================

========================================
TEST VITERBI GPU vs CPU
========================================


============================================
Test Viterbi: T=500, N=3, K=4
============================================

[GPU] Viterbi Algorithm...
  ✓ Viterbi GPU: 0.238918 ms (avg)

[CPU] Viterbi Algorithm...
  ✓ Viterbi CPU: 0.484996 ms
  Log-Probability (CPU): -3283.93

[Validation] Comparing GPU vs CPU...
  Path Accuracy: 100%
[32m[REUSSI] Viterbi paths match (>95%)[0m
  Accuracy vs True States (GPU): 100%
  Accuracy vs True States (CPU): 100%

[Performance Summary]
  GPU Total: 0.238918 ms
  CPU Total: 0.484996 ms
  Speedup: 2.02996x

✅ Test Viterbi PASSED


============================================
Test Viterbi: T=1000, N=4, K=8
============================================

[GPU] Viterbi Algorithm...
  ✓ Viterbi GPU: 0.214733 ms (avg)

[CPU] Viterbi Algorithm...
  ✓ Viterbi CPU: 2.06064 ms
  Log-Probability (CPU): -12334.5

[Validation] Comparing GPU vs CPU...
  Path Accuracy: 100%
[32m[REUSSI] Viterbi paths match (>95%)[0m
  Accuracy vs True States (GPU): 100%
  Accuracy vs True States (CPU): 100%

[Performance Summary]
  GPU Total: 0.214733 ms
  CPU Total: 2.06064 ms
  Speedup: 9.59631x

✅ Test Viterbi PASSED


============================================
Test Viterbi: T=5000, N=5, K=10
============================================

[GPU] Viterbi Algorithm...
  ✓ Viterbi GPU: 0.425459 ms (avg)

[CPU] Viterbi Algorithm...
  ✓ Viterbi CPU: 10.9377 ms
  Log-Probability (CPU): -76021.6

[Validation] Comparing GPU vs CPU...
  Path Accuracy: 100%
[32m[REUSSI] Viterbi paths match (>95%)[0m
  Accuracy vs True States (GPU): 100%
  Accuracy vs True States (CPU): 100%

[Performance Summary]
  GPU Total: 0.425459 ms
  CPU Total: 10.9377 ms
  Speedup: 25.7081x

✅ Test Viterbi PASSED


============================================
Test Viterbi: T=10000, N=5, K=10
============================================

[GPU] Viterbi Algorithm...
  ✓ Viterbi GPU: 0.880902 ms (avg)

[CPU] Viterbi Algorithm...
  ✓ Viterbi CPU: 21.0158 ms
  Log-Probability (CPU): -152535

[Validation] Comparing GPU vs CPU...
  Path Accuracy: 100%
[32m[REUSSI] Viterbi paths match (>95%)[0m
  Accuracy vs True States (GPU): 100%
  Accuracy vs True States (CPU): 100%

[Performance Summary]
  GPU Total: 0.880902 ms
  CPU Total: 21.0158 ms
  Speedup: 23.8571x

✅ Test Viterbi PASSED


[32m>>> TOUS LES TESTS SONT PASSES ! <<<[0m

==========================================
Job completed at Fri Jan  9 11:55:18 CET 2026
==========================================
