==========================================
GPU Job - HMM Regime Detection
Job ID: 36909
Node: turing-2
Date: Tue Jan  6 17:57:18 CET 2026
==========================================

Building with CUDA...
-- The CXX compiler identification is GNU 13.3.0
-- Detecting CXX compiler ABI info
-- Detecting CXX compiler ABI info - done
-- Check for working CXX compiler: /usr/bin/c++ - skipped
-- Detecting CXX compile features
-- Detecting CXX compile features - done
-- The CUDA compiler identification is NVIDIA 12.6.85
-- Detecting CUDA compiler ABI info
-- Detecting CUDA compiler ABI info - done
-- Check for working CUDA compiler: /usr/local/cuda-12.6/bin/nvcc - skipped
-- Detecting CUDA compile features
-- Detecting CUDA compile features - done
-- Found CUDAToolkit: /usr/local/cuda-12.6/targets/x86_64-linux/include (found version "12.6.85") 
-- Performing Test CMAKE_HAVE_LIBC_PTHREAD
-- Performing Test CMAKE_HAVE_LIBC_PTHREAD - Success
-- Found Threads: TRUE  
-- CUDA enabled - architectures: 52
-- Building CUDA kernels library: hmm_kernels
--   Sources: /user/7/dialloh/gpu_comp_hmm_regime/src/cuda/kernels/scan_kernels.cu;/user/7/dialloh/gpu_comp_hmm_regime/src/cuda/kernels/potential_kernels.cu;/user/7/dialloh/gpu_comp_hmm_regime/src/cuda/kernels/viterbi_kernels.cu;/user/7/dialloh/gpu_comp_hmm_regime/src/cuda/kernels/baum_welch_kernels.cu
--   CUDA Architectures: 52
-- Building CUDA orchestration library: hmm_cuda
--   Sources: /user/7/dialloh/gpu_comp_hmm_regime/src/cuda/algo_hmm_gpu.cu
--   Dependencies: hmm_kernels, hmm_cpu
-- CUDA tests enabled
--   - test_forward_backward_gpu
--   - test_viterbi_gpu
-- 
-- ========================================
-- GPU HMM Regime Detection - Configuration
-- ========================================
-- Build type      : Release
-- C++ compiler    : /usr/bin/c++
-- CUDA support    : ON
-- Tests           : ON
-- Benchmarks      : OFF
-- Profiling       : OFF
-- ========================================
-- 
-- Configuring done (3.5s)
-- Generating done (0.2s)
-- Build files have been written to: /user/7/dialloh/gpu_comp_hmm_regime/build
/usr/bin/cmake -S/user/7/dialloh/gpu_comp_hmm_regime -B/user/7/dialloh/gpu_comp_hmm_regime/build --check-build-system CMakeFiles/Makefile.cmake 0
/usr/bin/cmake -E cmake_progress_start /user/7/dialloh/gpu_comp_hmm_regime/build/CMakeFiles /user/7/dialloh/gpu_comp_hmm_regime/build//CMakeFiles/progress.marks
make  -f CMakeFiles/Makefile2 all
make[1]: Entering directory '/user/7/.base/dialloh/home/gpu_comp_hmm_regime/build'
make  -f src/cuda/kernels/CMakeFiles/hmm_kernels.dir/build.make src/cuda/kernels/CMakeFiles/hmm_kernels.dir/depend
make  -f src/cpu/CMakeFiles/hmm_cpu.dir/build.make src/cpu/CMakeFiles/hmm_cpu.dir/depend
make[2]: Entering directory '/user/7/.base/dialloh/home/gpu_comp_hmm_regime/build'
cd /user/7/dialloh/gpu_comp_hmm_regime/build && /usr/bin/cmake -E cmake_depends "Unix Makefiles" /user/7/dialloh/gpu_comp_hmm_regime /user/7/dialloh/gpu_comp_hmm_regime/src/cuda/kernels /user/7/dialloh/gpu_comp_hmm_regime/build /user/7/dialloh/gpu_comp_hmm_regime/build/src/cuda/kernels /user/7/dialloh/gpu_comp_hmm_regime/build/src/cuda/kernels/CMakeFiles/hmm_kernels.dir/DependInfo.cmake "--color="
make[2]: Entering directory '/user/7/.base/dialloh/home/gpu_comp_hmm_regime/build'
cd /user/7/dialloh/gpu_comp_hmm_regime/build && /usr/bin/cmake -E cmake_depends "Unix Makefiles" /user/7/dialloh/gpu_comp_hmm_regime /user/7/dialloh/gpu_comp_hmm_regime/src/cpu /user/7/dialloh/gpu_comp_hmm_regime/build /user/7/dialloh/gpu_comp_hmm_regime/build/src/cpu /user/7/dialloh/gpu_comp_hmm_regime/build/src/cpu/CMakeFiles/hmm_cpu.dir/DependInfo.cmake "--color="
make[2]: Leaving directory '/user/7/.base/dialloh/home/gpu_comp_hmm_regime/build'
make  -f src/cuda/kernels/CMakeFiles/hmm_kernels.dir/build.make src/cuda/kernels/CMakeFiles/hmm_kernels.dir/build
make[2]: Leaving directory '/user/7/.base/dialloh/home/gpu_comp_hmm_regime/build'
make  -f src/cpu/CMakeFiles/hmm_cpu.dir/build.make src/cpu/CMakeFiles/hmm_cpu.dir/build
make[2]: Entering directory '/user/7/.base/dialloh/home/gpu_comp_hmm_regime/build'
make[2]: Entering directory '/user/7/.base/dialloh/home/gpu_comp_hmm_regime/build'
[ 10%] Building CXX object src/cpu/CMakeFiles/hmm_cpu.dir/linalg_cpu.cpp.o
[ 10%] Building CUDA object src/cuda/kernels/CMakeFiles/hmm_kernels.dir/scan_kernels.cu.o
cd /user/7/dialloh/gpu_comp_hmm_regime/build/src/cpu && /usr/bin/c++  -I/user/7/dialloh/gpu_comp_hmm_regime/include/cpu -I/user/7/dialloh/gpu_comp_hmm_regime/include/cuda -Wall -Wextra -O3 -march=native -DNDEBUG -std=c++17 -Wall -Wextra -Wpedantic -O3 -march=native -ffast-math -MD -MT src/cpu/CMakeFiles/hmm_cpu.dir/linalg_cpu.cpp.o -MF CMakeFiles/hmm_cpu.dir/linalg_cpu.cpp.o.d -o CMakeFiles/hmm_cpu.dir/linalg_cpu.cpp.o -c /user/7/dialloh/gpu_comp_hmm_regime/src/cpu/linalg_cpu.cpp
cd /user/7/dialloh/gpu_comp_hmm_regime/build/src/cuda/kernels && /usr/local/cuda-12.6/bin/nvcc -forward-unknown-to-host-compiler  --options-file CMakeFiles/hmm_kernels.dir/includes_CUDA.rsp -O3 -DNDEBUG -std=c++14 "--generate-code=arch=compute_52,code=[compute_52,sm_52]" -Xcompiler=-fPIC --expt-relaxed-constexpr -Xcompiler=-Wall -Xcompiler=-Wextra -MD -MT src/cuda/kernels/CMakeFiles/hmm_kernels.dir/scan_kernels.cu.o -MF CMakeFiles/hmm_kernels.dir/scan_kernels.cu.o.d -x cu -rdc=true -c /user/7/dialloh/gpu_comp_hmm_regime/src/cuda/kernels/scan_kernels.cu -o CMakeFiles/hmm_kernels.dir/scan_kernels.cu.o
[ 20%] Building CXX object src/cpu/CMakeFiles/hmm_cpu.dir/algo_hmm_cpu.cpp.o
[ 20%] Building CUDA object src/cuda/kernels/CMakeFiles/hmm_kernels.dir/potential_kernels.cu.o
cd /user/7/dialloh/gpu_comp_hmm_regime/build/src/cpu && /usr/bin/c++  -I/user/7/dialloh/gpu_comp_hmm_regime/include/cpu -I/user/7/dialloh/gpu_comp_hmm_regime/include/cuda -Wall -Wextra -O3 -march=native -DNDEBUG -std=c++17 -Wall -Wextra -Wpedantic -O3 -march=native -ffast-math -MD -MT src/cpu/CMakeFiles/hmm_cpu.dir/algo_hmm_cpu.cpp.o -MF CMakeFiles/hmm_cpu.dir/algo_hmm_cpu.cpp.o.d -o CMakeFiles/hmm_cpu.dir/algo_hmm_cpu.cpp.o -c /user/7/dialloh/gpu_comp_hmm_regime/src/cpu/algo_hmm_cpu.cpp
cd /user/7/dialloh/gpu_comp_hmm_regime/build/src/cuda/kernels && /usr/local/cuda-12.6/bin/nvcc -forward-unknown-to-host-compiler  --options-file CMakeFiles/hmm_kernels.dir/includes_CUDA.rsp -O3 -DNDEBUG -std=c++14 "--generate-code=arch=compute_52,code=[compute_52,sm_52]" -Xcompiler=-fPIC --expt-relaxed-constexpr -Xcompiler=-Wall -Xcompiler=-Wextra -MD -MT src/cuda/kernels/CMakeFiles/hmm_kernels.dir/potential_kernels.cu.o -MF CMakeFiles/hmm_kernels.dir/potential_kernels.cu.o.d -x cu -rdc=true -c /user/7/dialloh/gpu_comp_hmm_regime/src/cuda/kernels/potential_kernels.cu -o CMakeFiles/hmm_kernels.dir/potential_kernels.cu.o
[ 25%] Building CUDA object src/cuda/kernels/CMakeFiles/hmm_kernels.dir/viterbi_kernels.cu.o
cd /user/7/dialloh/gpu_comp_hmm_regime/build/src/cuda/kernels && /usr/local/cuda-12.6/bin/nvcc -forward-unknown-to-host-compiler  --options-file CMakeFiles/hmm_kernels.dir/includes_CUDA.rsp -O3 -DNDEBUG -std=c++14 "--generate-code=arch=compute_52,code=[compute_52,sm_52]" -Xcompiler=-fPIC --expt-relaxed-constexpr -Xcompiler=-Wall -Xcompiler=-Wextra -MD -MT src/cuda/kernels/CMakeFiles/hmm_kernels.dir/viterbi_kernels.cu.o -MF CMakeFiles/hmm_kernels.dir/viterbi_kernels.cu.o.d -x cu -rdc=true -c /user/7/dialloh/gpu_comp_hmm_regime/src/cuda/kernels/viterbi_kernels.cu -o CMakeFiles/hmm_kernels.dir/viterbi_kernels.cu.o
[ 30%] Linking CXX static library libhmm_cpu.a
cd /user/7/dialloh/gpu_comp_hmm_regime/build/src/cpu && /usr/bin/cmake -P CMakeFiles/hmm_cpu.dir/cmake_clean_target.cmake
cd /user/7/dialloh/gpu_comp_hmm_regime/build/src/cpu && /usr/bin/cmake -E cmake_link_script CMakeFiles/hmm_cpu.dir/link.txt --verbose=1
/usr/bin/ar qc libhmm_cpu.a CMakeFiles/hmm_cpu.dir/linalg_cpu.cpp.o CMakeFiles/hmm_cpu.dir/algo_hmm_cpu.cpp.o
/usr/bin/ranlib libhmm_cpu.a
make[2]: Leaving directory '/user/7/.base/dialloh/home/gpu_comp_hmm_regime/build'
[ 30%] Built target hmm_cpu
[ 35%] Building CUDA object src/cuda/kernels/CMakeFiles/hmm_kernels.dir/baum_welch_kernels.cu.o
cd /user/7/dialloh/gpu_comp_hmm_regime/build/src/cuda/kernels && /usr/local/cuda-12.6/bin/nvcc -forward-unknown-to-host-compiler  --options-file CMakeFiles/hmm_kernels.dir/includes_CUDA.rsp -O3 -DNDEBUG -std=c++14 "--generate-code=arch=compute_52,code=[compute_52,sm_52]" -Xcompiler=-fPIC --expt-relaxed-constexpr -Xcompiler=-Wall -Xcompiler=-Wextra -MD -MT src/cuda/kernels/CMakeFiles/hmm_kernels.dir/baum_welch_kernels.cu.o -MF CMakeFiles/hmm_kernels.dir/baum_welch_kernels.cu.o.d -x cu -rdc=true -c /user/7/dialloh/gpu_comp_hmm_regime/src/cuda/kernels/baum_welch_kernels.cu -o CMakeFiles/hmm_kernels.dir/baum_welch_kernels.cu.o
[ 40%] Linking CUDA device code CMakeFiles/hmm_kernels.dir/cmake_device_link.o
cd /user/7/dialloh/gpu_comp_hmm_regime/build/src/cuda/kernels && /usr/bin/cmake -E cmake_link_script CMakeFiles/hmm_kernels.dir/dlink.txt --verbose=1
/usr/local/cuda-12.6/bin/nvcc -forward-unknown-to-host-compiler -O3 -DNDEBUG "--generate-code=arch=compute_52,code=[compute_52,sm_52]" -Xcompiler=-fPIC -Wno-deprecated-gpu-targets -shared -dlink --options-file CMakeFiles/hmm_kernels.dir/deviceObjects1.rsp -o CMakeFiles/hmm_kernels.dir/cmake_device_link.o --options-file CMakeFiles/hmm_kernels.dir/deviceLinkLibs.rsp
[ 45%] Linking CUDA static library libhmm_kernels.a
cd /user/7/dialloh/gpu_comp_hmm_regime/build/src/cuda/kernels && /usr/bin/cmake -P CMakeFiles/hmm_kernels.dir/cmake_clean_target.cmake
cd /user/7/dialloh/gpu_comp_hmm_regime/build/src/cuda/kernels && /usr/bin/cmake -E cmake_link_script CMakeFiles/hmm_kernels.dir/link.txt --verbose=1
/usr/bin/ar qc libhmm_kernels.a CMakeFiles/hmm_kernels.dir/scan_kernels.cu.o CMakeFiles/hmm_kernels.dir/potential_kernels.cu.o CMakeFiles/hmm_kernels.dir/viterbi_kernels.cu.o CMakeFiles/hmm_kernels.dir/baum_welch_kernels.cu.o
/usr/bin/ar q libhmm_kernels.a CMakeFiles/hmm_kernels.dir/cmake_device_link.o
/usr/bin/ranlib libhmm_kernels.a
make[2]: Leaving directory '/user/7/.base/dialloh/home/gpu_comp_hmm_regime/build'
[ 45%] Built target hmm_kernels
make  -f src/cuda/CMakeFiles/hmm_cuda.dir/build.make src/cuda/CMakeFiles/hmm_cuda.dir/depend
make[2]: Entering directory '/user/7/.base/dialloh/home/gpu_comp_hmm_regime/build'
cd /user/7/dialloh/gpu_comp_hmm_regime/build && /usr/bin/cmake -E cmake_depends "Unix Makefiles" /user/7/dialloh/gpu_comp_hmm_regime /user/7/dialloh/gpu_comp_hmm_regime/src/cuda /user/7/dialloh/gpu_comp_hmm_regime/build /user/7/dialloh/gpu_comp_hmm_regime/build/src/cuda /user/7/dialloh/gpu_comp_hmm_regime/build/src/cuda/CMakeFiles/hmm_cuda.dir/DependInfo.cmake "--color="
make[2]: Leaving directory '/user/7/.base/dialloh/home/gpu_comp_hmm_regime/build'
make  -f src/cuda/CMakeFiles/hmm_cuda.dir/build.make src/cuda/CMakeFiles/hmm_cuda.dir/build
make[2]: Entering directory '/user/7/.base/dialloh/home/gpu_comp_hmm_regime/build'
[ 50%] Building CUDA object src/cuda/CMakeFiles/hmm_cuda.dir/algo_hmm_gpu.cu.o
cd /user/7/dialloh/gpu_comp_hmm_regime/build/src/cuda && /usr/local/cuda-12.6/bin/nvcc -forward-unknown-to-host-compiler  --options-file CMakeFiles/hmm_cuda.dir/includes_CUDA.rsp -O3 -DNDEBUG -std=c++17 "--generate-code=arch=compute_52,code=[compute_52,sm_52]" -Xcompiler=-fPIC --expt-relaxed-constexpr -Xcompiler=-Wall -MD -MT src/cuda/CMakeFiles/hmm_cuda.dir/algo_hmm_gpu.cu.o -MF CMakeFiles/hmm_cuda.dir/algo_hmm_gpu.cu.o.d -x cu -rdc=true -c /user/7/dialloh/gpu_comp_hmm_regime/src/cuda/algo_hmm_gpu.cu -o CMakeFiles/hmm_cuda.dir/algo_hmm_gpu.cu.o
[ 55%] Linking CUDA device code CMakeFiles/hmm_cuda.dir/cmake_device_link.o
cd /user/7/dialloh/gpu_comp_hmm_regime/build/src/cuda && /usr/bin/cmake -E cmake_link_script CMakeFiles/hmm_cuda.dir/dlink.txt --verbose=1
/usr/local/cuda-12.6/bin/nvcc -forward-unknown-to-host-compiler -O3 -DNDEBUG "--generate-code=arch=compute_52,code=[compute_52,sm_52]" -Xcompiler=-fPIC -Wno-deprecated-gpu-targets -shared -dlink --options-file CMakeFiles/hmm_cuda.dir/deviceObjects1.rsp -o CMakeFiles/hmm_cuda.dir/cmake_device_link.o --options-file CMakeFiles/hmm_cuda.dir/deviceLinkLibs.rsp
[ 60%] Linking CXX static library libhmm_cuda.a
cd /user/7/dialloh/gpu_comp_hmm_regime/build/src/cuda && /usr/bin/cmake -P CMakeFiles/hmm_cuda.dir/cmake_clean_target.cmake
cd /user/7/dialloh/gpu_comp_hmm_regime/build/src/cuda && /usr/bin/cmake -E cmake_link_script CMakeFiles/hmm_cuda.dir/link.txt --verbose=1
/usr/bin/ar qc libhmm_cuda.a CMakeFiles/hmm_cuda.dir/algo_hmm_gpu.cu.o
/usr/bin/ar q libhmm_cuda.a CMakeFiles/hmm_cuda.dir/cmake_device_link.o
/usr/bin/ranlib libhmm_cuda.a
make[2]: Leaving directory '/user/7/.base/dialloh/home/gpu_comp_hmm_regime/build'
[ 60%] Built target hmm_cuda
make  -f src/CMakeFiles/hmm_main.dir/build.make src/CMakeFiles/hmm_main.dir/depend
make  -f test/CMakeFiles/test_forward_backward_gpu.dir/build.make test/CMakeFiles/test_forward_backward_gpu.dir/depend
make  -f test/CMakeFiles/test_viterbi_gpu.dir/build.make test/CMakeFiles/test_viterbi_gpu.dir/depend
make  -f test/CMakeFiles/test_baum_welch_gpu.dir/build.make test/CMakeFiles/test_baum_welch_gpu.dir/depend
make[2]: Entering directory '/user/7/.base/dialloh/home/gpu_comp_hmm_regime/build'
cd /user/7/dialloh/gpu_comp_hmm_regime/build && /usr/bin/cmake -E cmake_depends "Unix Makefiles" /user/7/dialloh/gpu_comp_hmm_regime /user/7/dialloh/gpu_comp_hmm_regime/test /user/7/dialloh/gpu_comp_hmm_regime/build /user/7/dialloh/gpu_comp_hmm_regime/build/test /user/7/dialloh/gpu_comp_hmm_regime/build/test/CMakeFiles/test_baum_welch_gpu.dir/DependInfo.cmake "--color="
make[2]: Entering directory '/user/7/.base/dialloh/home/gpu_comp_hmm_regime/build'
cd /user/7/dialloh/gpu_comp_hmm_regime/build && /usr/bin/cmake -E cmake_depends "Unix Makefiles" /user/7/dialloh/gpu_comp_hmm_regime /user/7/dialloh/gpu_comp_hmm_regime/src /user/7/dialloh/gpu_comp_hmm_regime/build /user/7/dialloh/gpu_comp_hmm_regime/build/src /user/7/dialloh/gpu_comp_hmm_regime/build/src/CMakeFiles/hmm_main.dir/DependInfo.cmake "--color="
make[2]: Entering directory '/user/7/.base/dialloh/home/gpu_comp_hmm_regime/build'
cd /user/7/dialloh/gpu_comp_hmm_regime/build && /usr/bin/cmake -E cmake_depends "Unix Makefiles" /user/7/dialloh/gpu_comp_hmm_regime /user/7/dialloh/gpu_comp_hmm_regime/test /user/7/dialloh/gpu_comp_hmm_regime/build /user/7/dialloh/gpu_comp_hmm_regime/build/test /user/7/dialloh/gpu_comp_hmm_regime/build/test/CMakeFiles/test_forward_backward_gpu.dir/DependInfo.cmake "--color="
make[2]: Entering directory '/user/7/.base/dialloh/home/gpu_comp_hmm_regime/build'
cd /user/7/dialloh/gpu_comp_hmm_regime/build && /usr/bin/cmake -E cmake_depends "Unix Makefiles" /user/7/dialloh/gpu_comp_hmm_regime /user/7/dialloh/gpu_comp_hmm_regime/test /user/7/dialloh/gpu_comp_hmm_regime/build /user/7/dialloh/gpu_comp_hmm_regime/build/test /user/7/dialloh/gpu_comp_hmm_regime/build/test/CMakeFiles/test_viterbi_gpu.dir/DependInfo.cmake "--color="
make[2]: Leaving directory '/user/7/.base/dialloh/home/gpu_comp_hmm_regime/build'
make  -f test/CMakeFiles/test_forward_backward_gpu.dir/build.make test/CMakeFiles/test_forward_backward_gpu.dir/build
make[2]: Entering directory '/user/7/.base/dialloh/home/gpu_comp_hmm_regime/build'
make[2]: Leaving directory '/user/7/.base/dialloh/home/gpu_comp_hmm_regime/build'
make[2]: Leaving directory '/user/7/.base/dialloh/home/gpu_comp_hmm_regime/build'
make  -f test/CMakeFiles/test_baum_welch_gpu.dir/build.make test/CMakeFiles/test_baum_welch_gpu.dir/build
make  -f test/CMakeFiles/test_viterbi_gpu.dir/build.make test/CMakeFiles/test_viterbi_gpu.dir/build
make[2]: Leaving directory '/user/7/.base/dialloh/home/gpu_comp_hmm_regime/build'
make  -f src/CMakeFiles/hmm_main.dir/build.make src/CMakeFiles/hmm_main.dir/build
make[2]: Entering directory '/user/7/.base/dialloh/home/gpu_comp_hmm_regime/build'
make[2]: Entering directory '/user/7/.base/dialloh/home/gpu_comp_hmm_regime/build'
make[2]: Entering directory '/user/7/.base/dialloh/home/gpu_comp_hmm_regime/build'
[ 65%] Building CUDA object test/CMakeFiles/test_forward_backward_gpu.dir/cuda/test_forward_backward_gpu.cu.o
cd /user/7/dialloh/gpu_comp_hmm_regime/build/test && /usr/local/cuda-12.6/bin/nvcc -forward-unknown-to-host-compiler  --options-file CMakeFiles/test_forward_backward_gpu.dir/includes_CUDA.rsp -O3 -DNDEBUG -std=c++17 "--generate-code=arch=compute_52,code=[compute_52,sm_52]" -MD -MT test/CMakeFiles/test_forward_backward_gpu.dir/cuda/test_forward_backward_gpu.cu.o -MF CMakeFiles/test_forward_backward_gpu.dir/cuda/test_forward_backward_gpu.cu.o.d -x cu -c /user/7/dialloh/gpu_comp_hmm_regime/test/cuda/test_forward_backward_gpu.cu -o CMakeFiles/test_forward_backward_gpu.dir/cuda/test_forward_backward_gpu.cu.o
[ 75%] Building CUDA object test/CMakeFiles/test_viterbi_gpu.dir/cuda/test_viterbi_gpu.cu.o
[ 75%] Building CUDA object test/CMakeFiles/test_baum_welch_gpu.dir/cuda/test_baum_welch_gpu.cu.o
cd /user/7/dialloh/gpu_comp_hmm_regime/build/test && /usr/local/cuda-12.6/bin/nvcc -forward-unknown-to-host-compiler  --options-file CMakeFiles/test_viterbi_gpu.dir/includes_CUDA.rsp -O3 -DNDEBUG -std=c++17 "--generate-code=arch=compute_52,code=[compute_52,sm_52]" -MD -MT test/CMakeFiles/test_viterbi_gpu.dir/cuda/test_viterbi_gpu.cu.o -MF CMakeFiles/test_viterbi_gpu.dir/cuda/test_viterbi_gpu.cu.o.d -x cu -c /user/7/dialloh/gpu_comp_hmm_regime/test/cuda/test_viterbi_gpu.cu -o CMakeFiles/test_viterbi_gpu.dir/cuda/test_viterbi_gpu.cu.o
cd /user/7/dialloh/gpu_comp_hmm_regime/build/test && /usr/local/cuda-12.6/bin/nvcc -forward-unknown-to-host-compiler  --options-file CMakeFiles/test_baum_welch_gpu.dir/includes_CUDA.rsp -O3 -DNDEBUG -std=c++17 "--generate-code=arch=compute_52,code=[compute_52,sm_52]" -MD -MT test/CMakeFiles/test_baum_welch_gpu.dir/cuda/test_baum_welch_gpu.cu.o -MF CMakeFiles/test_baum_welch_gpu.dir/cuda/test_baum_welch_gpu.cu.o.d -x cu -c /user/7/dialloh/gpu_comp_hmm_regime/test/cuda/test_baum_welch_gpu.cu -o CMakeFiles/test_baum_welch_gpu.dir/cuda/test_baum_welch_gpu.cu.o
[ 80%] Building CXX object src/CMakeFiles/hmm_main.dir/main.cpp.o
cd /user/7/dialloh/gpu_comp_hmm_regime/build/src && /usr/bin/c++ -DUSE_CUDA -I/user/7/dialloh/gpu_comp_hmm_regime/include/cpu -I/user/7/dialloh/gpu_comp_hmm_regime/include/cuda -I/user/7/dialloh/gpu_comp_hmm_regime/include -I/user/7/dialloh/gpu_comp_hmm_regime/include/cuda/kernels -isystem /usr/local/cuda-12.6/targets/x86_64-linux/include -Wall -Wextra -O3 -march=native -DNDEBUG -std=c++17 -MD -MT src/CMakeFiles/hmm_main.dir/main.cpp.o -MF CMakeFiles/hmm_main.dir/main.cpp.o.d -o CMakeFiles/hmm_main.dir/main.cpp.o -c /user/7/dialloh/gpu_comp_hmm_regime/src/main.cpp
[ 85%] Linking CXX executable hmm_main
cd /user/7/dialloh/gpu_comp_hmm_regime/build/src && /usr/bin/cmake -E cmake_link_script CMakeFiles/hmm_main.dir/link.txt --verbose=1
/usr/bin/c++  -Wall -Wextra -O3 -march=native -DNDEBUG CMakeFiles/hmm_main.dir/main.cpp.o -o hmm_main   -L/usr/local/cuda-12.6/targets/x86_64-linux/lib/stubs  -L/usr/local/cuda-12.6/targets/x86_64-linux/lib  -Wl,-rpath,/usr/local/cuda-12.6/targets/x86_64-linux/lib: cpu/libhmm_cpu.a cuda/libhmm_cuda.a cpu/libhmm_cpu.a -lm cuda/kernels/libhmm_kernels.a /usr/local/cuda-12.6/targets/x86_64-linux/lib/libcudart.so /usr/local/cuda-12.6/targets/x86_64-linux/lib/libcublas.so /usr/local/cuda-12.6/targets/x86_64-linux/lib/libcublasLt.so /usr/local/cuda-12.6/targets/x86_64-linux/lib/libculibos.a -lcudadevrt -lcudart_static -lrt -lpthread -ldl 
make[2]: Leaving directory '/user/7/.base/dialloh/home/gpu_comp_hmm_regime/build'
[ 85%] Built target hmm_main
[ 90%] Linking CXX executable test_viterbi_gpu
cd /user/7/dialloh/gpu_comp_hmm_regime/build/test && /usr/bin/cmake -E cmake_link_script CMakeFiles/test_viterbi_gpu.dir/link.txt --verbose=1
/usr/bin/c++  -Wall -Wextra -O3 -march=native -DNDEBUG CMakeFiles/test_viterbi_gpu.dir/cuda/test_viterbi_gpu.cu.o -o test_viterbi_gpu   -L/usr/local/cuda-12.6/targets/x86_64-linux/lib/stubs  -L/usr/local/cuda-12.6/targets/x86_64-linux/lib  -Wl,-rpath,/usr/local/cuda-12.6/targets/x86_64-linux/lib ../src/cuda/libhmm_cuda.a ../src/cpu/libhmm_cpu.a -lm ../src/cuda/kernels/libhmm_kernels.a /usr/local/cuda-12.6/targets/x86_64-linux/lib/libcudart.so /usr/local/cuda-12.6/targets/x86_64-linux/lib/libcublas.so /usr/local/cuda-12.6/targets/x86_64-linux/lib/libcublasLt.so /usr/local/cuda-12.6/targets/x86_64-linux/lib/libculibos.a -lcudadevrt -lcudart_static -lrt -lpthread -ldl 
[ 95%] Linking CXX executable test_forward_backward_gpu
cd /user/7/dialloh/gpu_comp_hmm_regime/build/test && /usr/bin/cmake -E cmake_link_script CMakeFiles/test_forward_backward_gpu.dir/link.txt --verbose=1
/usr/bin/c++  -Wall -Wextra -O3 -march=native -DNDEBUG CMakeFiles/test_forward_backward_gpu.dir/cuda/test_forward_backward_gpu.cu.o -o test_forward_backward_gpu   -L/usr/local/cuda-12.6/targets/x86_64-linux/lib/stubs  -L/usr/local/cuda-12.6/targets/x86_64-linux/lib  -Wl,-rpath,/usr/local/cuda-12.6/targets/x86_64-linux/lib ../src/cuda/libhmm_cuda.a ../src/cpu/libhmm_cpu.a -lm ../src/cuda/kernels/libhmm_kernels.a /usr/local/cuda-12.6/targets/x86_64-linux/lib/libcudart.so /usr/local/cuda-12.6/targets/x86_64-linux/lib/libcublas.so /usr/local/cuda-12.6/targets/x86_64-linux/lib/libcublasLt.so /usr/local/cuda-12.6/targets/x86_64-linux/lib/libculibos.a -lcudadevrt -lcudart_static -lrt -lpthread -ldl 
make[2]: Leaving directory '/user/7/.base/dialloh/home/gpu_comp_hmm_regime/build'
make[2]: Leaving directory '/user/7/.base/dialloh/home/gpu_comp_hmm_regime/build'
[ 95%] Built target test_viterbi_gpu
[ 95%] Built target test_forward_backward_gpu
[100%] Linking CXX executable test_baum_welch_gpu
cd /user/7/dialloh/gpu_comp_hmm_regime/build/test && /usr/bin/cmake -E cmake_link_script CMakeFiles/test_baum_welch_gpu.dir/link.txt --verbose=1
/usr/bin/c++  -Wall -Wextra -O3 -march=native -DNDEBUG CMakeFiles/test_baum_welch_gpu.dir/cuda/test_baum_welch_gpu.cu.o -o test_baum_welch_gpu   -L/usr/local/cuda-12.6/targets/x86_64-linux/lib/stubs  -L/usr/local/cuda-12.6/targets/x86_64-linux/lib  -Wl,-rpath,/usr/local/cuda-12.6/targets/x86_64-linux/lib ../src/cuda/libhmm_cuda.a ../src/cpu/libhmm_cpu.a -lm ../src/cuda/kernels/libhmm_kernels.a /usr/local/cuda-12.6/targets/x86_64-linux/lib/libcudart.so /usr/local/cuda-12.6/targets/x86_64-linux/lib/libcublas.so /usr/local/cuda-12.6/targets/x86_64-linux/lib/libcublasLt.so /usr/local/cuda-12.6/targets/x86_64-linux/lib/libculibos.a -lcudadevrt -lcudart_static -lrt -lpthread -ldl 
make[2]: Leaving directory '/user/7/.base/dialloh/home/gpu_comp_hmm_regime/build'
[100%] Built target test_baum_welch_gpu
make[1]: Leaving directory '/user/7/.base/dialloh/home/gpu_comp_hmm_regime/build'
/usr/bin/cmake -E cmake_progress_start /user/7/dialloh/gpu_comp_hmm_regime/build/CMakeFiles 0
✓ Build complete

GPU Info:
name, memory.total [MiB], driver_version
Quadro RTX 6000, 23040 MiB, 580.65.06
Quadro RTX 6000, 23040 MiB, 580.65.06
Quadro RTX 6000, 23040 MiB, 580.65.06

Running all GPU tests...

================================
Running: test_baum_welch_gpu
================================

========================================
TEST BAUM-WELCH GPU vs CPU
========================================


============================================
Test Baum-Welch: T=500, N=3, K=4
============================================

[GPU] Baum-Welch Algorithm (40 iterations)...
  Iter 0: LL=-15060 (0.387104 ms)
  Iter 1: LL=-15060 (0.37792 ms)
  Iter 2: LL=-15060 (0.367968 ms)
  Iter 3: LL=-15060 (0.366944 ms)
  Iter 4: LL=-15060 (0.366016 ms)
  Iter 5: LL=-15060 (0.364544 ms)
  Iter 6: LL=-15060 (0.365696 ms)
  Iter 7: LL=-15060 (0.374784 ms)
  Iter 8: LL=-15060 (0.3672 ms)
  Iter 9: LL=-15060 (0.370944 ms)
  Iter 10: LL=-15060 (0.381472 ms)
  Iter 11: LL=-15060 (0.376832 ms)
  Iter 12: LL=-15060 (0.36432 ms)
  Iter 13: LL=-15060 (0.353184 ms)
  Iter 14: LL=-15060 (0.355584 ms)
  Iter 15: LL=-15060 (0.352352 ms)
  Iter 16: LL=-15060 (0.352736 ms)
  Iter 17: LL=-15060 (0.355168 ms)
  Iter 18: LL=-15060 (0.356832 ms)
  Iter 19: LL=-15060 (0.354304 ms)
  Iter 20: LL=-15060 (0.364544 ms)
  Iter 21: LL=-15060 (0.367936 ms)
  Iter 22: LL=-15060 (0.366016 ms)
  Iter 23: LL=-15060 (0.353696 ms)
  Iter 24: LL=-15060 (0.352992 ms)
  Iter 25: LL=-15060 (0.35296 ms)
  Iter 26: LL=-15060 (0.34816 ms)
  Iter 27: LL=-15060 (0.352256 ms)
  Iter 28: LL=-15060 (0.355008 ms)
  Iter 29: LL=-15060 (0.356736 ms)
  Iter 30: LL=-15060 (0.352416 ms)
  Iter 31: LL=-15060 (0.356544 ms)
  Iter 32: LL=-15060 (0.367552 ms)
  Iter 33: LL=-15060 (0.356128 ms)
  Iter 34: LL=-15060 (0.360672 ms)
  Iter 35: LL=-15060 (0.348256 ms)
  Iter 36: LL=-15060 (0.35312 ms)
  Iter 37: LL=-15060 (0.348896 ms)
  Iter 38: LL=-15060 (0.34864 ms)
  Iter 39: LL=-15060 (0.350208 ms)
  ✓ Baum-Welch GPU Total: 14.4246 ms
[CPU] Baum-Welch Algorithm (40 iterations)...
  Iter 0: LL=-4059.09
  Iter 1: LL=-nan
  Iter 2: LL=-nan
  Iter 3: LL=-nan
  Iter 4: LL=-nan
  Iter 5: LL=-nan
  Iter 6: LL=-nan
  Iter 7: LL=-nan
  Iter 8: LL=-nan
  Iter 9: LL=-nan
  Iter 10: LL=-nan
  Iter 11: LL=-nan
  Iter 12: LL=-nan
  Iter 13: LL=-nan
  Iter 14: LL=-nan
  Iter 15: LL=-nan
  Iter 16: LL=-nan
  Iter 17: LL=-nan
  Iter 18: LL=-nan
  Iter 19: LL=-nan
  Iter 20: LL=-nan
  Iter 21: LL=-nan
  Iter 22: LL=-nan
  Iter 23: LL=-nan
  Iter 24: LL=-nan
  Iter 25: LL=-nan
  Iter 26: LL=-nan
  Iter 27: LL=-nan
  Iter 28: LL=-nan
  Iter 29: LL=-nan
  Iter 30: LL=-nan
  Iter 31: LL=-nan
  Iter 32: LL=-nan
  Iter 33: LL=-nan
  Iter 34: LL=-nan
  Iter 35: LL=-nan
  Iter 36: LL=-nan
  Iter 37: LL=-nan
  Iter 38: LL=-nan
  Iter 39: LL=-nan
✓ Baum-Welch CPU Total: 16.5433 ms
[Validation] Comparing GPU vs CPU...
Means Relative Error: 1
Transition Matrix Relative Error: 1
Final Log-Likelihood (GPU): -15060
Final Log-Likelihood (CPU): -nan
LL Difference: nan
[31m[ECHEC] Means converged similarly[0m (Ligne 235)
[31m[ECHEC] Transition matrix converged similarly[0m (Ligne 236)
[31m[ECHEC] Log-likelihood converged to similar value[0m (Ligne 237)
[Performance Summary]
GPU Total: 14.4246 ms
CPU Total: 16.5433 ms
Speedup: 1.14687x
✅ Test Baum-Welch PASSED


============================================
Test Baum-Welch: T=1000, N=4, K=8
============================================

[GPU] Baum-Welch Algorithm (40 iterations)...
  Iter 0: LL=-37220.9 (0.536544 ms)
  Iter 1: LL=-37220.9 (0.53456 ms)
  Iter 2: LL=-37220.9 (0.539392 ms)
  Iter 3: LL=-37220.9 (0.525216 ms)
  Iter 4: LL=-37220.9 (0.524576 ms)
  Iter 5: LL=-37220.9 (0.526336 ms)
  Iter 6: LL=-37220.9 (0.527072 ms)
  Iter 7: LL=-37220.9 (0.524064 ms)
  Iter 8: LL=-37220.9 (0.544992 ms)
  Iter 9: LL=-37220.9 (0.5392 ms)
  Iter 10: LL=-37220.9 (0.524864 ms)
  Iter 11: LL=-37220.9 (0.532288 ms)
  Iter 12: LL=-37220.9 (0.524736 ms)
  Iter 13: LL=-37220.9 (0.525824 ms)
  Iter 14: LL=-37220.9 (0.524064 ms)
  Iter 15: LL=-37220.9 (0.524256 ms)
  Iter 16: LL=-37220.9 (0.524032 ms)
  Iter 17: LL=-37220.9 (0.523584 ms)
  Iter 18: LL=-37220.9 (0.522848 ms)
  Iter 19: LL=-37220.9 (0.525888 ms)
  Iter 20: LL=-37220.9 (0.522144 ms)
  Iter 21: LL=-37220.9 (0.525728 ms)
  Iter 22: LL=-37220.9 (0.523328 ms)
  Iter 23: LL=-37220.9 (0.524288 ms)
  Iter 24: LL=-37220.9 (0.522432 ms)
  Iter 25: LL=-37220.9 (0.522528 ms)
  Iter 26: LL=-37220.9 (0.525056 ms)
  Iter 27: LL=-37220.9 (0.538624 ms)
  Iter 28: LL=-37220.9 (0.540096 ms)
  Iter 29: LL=-37220.9 (0.524224 ms)
  Iter 30: LL=-37220.9 (0.52224 ms)
  Iter 31: LL=-37220.9 (0.523552 ms)
  Iter 32: LL=-37220.9 (0.524224 ms)
  Iter 33: LL=-37220.9 (0.522016 ms)
  Iter 34: LL=-37220.9 (0.523968 ms)
  Iter 35: LL=-37220.9 (0.522176 ms)
  Iter 36: LL=-37220.9 (0.522272 ms)
  Iter 37: LL=-37220.9 (0.52416 ms)
  Iter 38: LL=-37220.9 (0.542784 ms)
  Iter 39: LL=-37220.9 (0.5288 ms)
  ✓ Baum-Welch GPU Total: 21.099 ms
[CPU] Baum-Welch Algorithm (40 iterations)...
  Iter 0: LL=-15440.8
  Iter 1: LL=-nan
  Iter 2: LL=-nan
  Iter 3: LL=-nan
  Iter 4: LL=-nan
  Iter 5: LL=-nan
  Iter 6: LL=-nan
  Iter 7: LL=-nan
  Iter 8: LL=-nan
  Iter 9: LL=-nan
  Iter 10: LL=-nan
  Iter 11: LL=-nan
  Iter 12: LL=-nan
  Iter 13: LL=-nan
  Iter 14: LL=-nan
  Iter 15: LL=-nan
  Iter 16: LL=-nan
  Iter 17: LL=-nan
  Iter 18: LL=-nan
  Iter 19: LL=-nan
  Iter 20: LL=-nan
  Iter 21: LL=-nan
  Iter 22: LL=-nan
  Iter 23: LL=-nan
  Iter 24: LL=-nan
  Iter 25: LL=-nan
  Iter 26: LL=-nan
  Iter 27: LL=-nan
  Iter 28: LL=-nan
  Iter 29: LL=-nan
  Iter 30: LL=-nan
  Iter 31: LL=-nan
  Iter 32: LL=-nan
  Iter 33: LL=-nan
  Iter 34: LL=-nan
  Iter 35: LL=-nan
  Iter 36: LL=-nan
  Iter 37: LL=-nan
  Iter 38: LL=-nan
  Iter 39: LL=-nan
✓ Baum-Welch CPU Total: 80.2707 ms
[Validation] Comparing GPU vs CPU...
Means Relative Error: 1
Transition Matrix Relative Error: 1
Final Log-Likelihood (GPU): -37220.9
Final Log-Likelihood (CPU): -nan
LL Difference: nan
[31m[ECHEC] Means converged similarly[0m (Ligne 235)
[31m[ECHEC] Transition matrix converged similarly[0m (Ligne 236)
[31m[ECHEC] Log-likelihood converged to similar value[0m (Ligne 237)
[Performance Summary]
GPU Total: 21.099 ms
CPU Total: 80.2707 ms
Speedup: 3.80448x
✅ Test Baum-Welch PASSED


============================================
Test Baum-Welch: T=5000, N=4, K=8
============================================

[GPU] Baum-Welch Algorithm (40 iterations)...
  Iter 0: LL=-186241 (1.56739 ms)
  Iter 1: LL=-186241 (1.57706 ms)
  Iter 2: LL=-186241 (1.56646 ms)
  Iter 3: LL=-186241 (1.56275 ms)
  Iter 4: LL=-186241 (1.56672 ms)
  Iter 5: LL=-186241 (1.56611 ms)
  Iter 6: LL=-186241 (1.57302 ms)
  Iter 7: LL=-186241 (1.56672 ms)
  Iter 8: LL=-186241 (1.55459 ms)
  Iter 9: LL=-186241 (1.55558 ms)
  Iter 10: LL=-186241 (1.55443 ms)
  Iter 11: LL=-186241 (1.55648 ms)
  Iter 12: LL=-186241 (1.5544 ms)
  Iter 13: LL=-186241 (1.55853 ms)
  Iter 14: LL=-186241 (1.57248 ms)
  Iter 15: LL=-186241 (1.55843 ms)
  Iter 16: LL=-186241 (1.55526 ms)
  Iter 17: LL=-186241 (1.55565 ms)
  Iter 18: LL=-186241 (1.55226 ms)
  Iter 19: LL=-186241 (1.56234 ms)
  Iter 20: LL=-186241 (1.55894 ms)
  Iter 21: LL=-186241 (1.55216 ms)
  Iter 22: LL=-186241 (1.55805 ms)
  Iter 23: LL=-186241 (1.56109 ms)
  Iter 24: LL=-186241 (1.55853 ms)
  Iter 25: LL=-186241 (1.55955 ms)
  Iter 26: LL=-186241 (1.5607 ms)
  Iter 27: LL=-186241 (1.56678 ms)
  Iter 28: LL=-186241 (1.55718 ms)
  Iter 29: LL=-186241 (1.55645 ms)
  Iter 30: LL=-186241 (1.55677 ms)
  Iter 31: LL=-186241 (1.55443 ms)
  Iter 32: LL=-186241 (1.55853 ms)
  Iter 33: LL=-186241 (1.57267 ms)
  Iter 34: LL=-186241 (1.55638 ms)
  Iter 35: LL=-186241 (1.55626 ms)
  Iter 36: LL=-186241 (1.55853 ms)
  Iter 37: LL=-186241 (1.55475 ms)
  Iter 38: LL=-186241 (1.55645 ms)
  Iter 39: LL=-186241 (1.54678 ms)
  ✓ Baum-Welch GPU Total: 62.3977 ms
[CPU] Baum-Welch Algorithm (40 iterations)...
  Iter 0: LL=-76670.2
  Iter 1: LL=-76175.9
  Iter 2: LL=-76175.9
  Iter 3: LL=-76175.9
  Iter 4: LL=-76175.9
  Iter 5: LL=-76175.9
  Iter 6: LL=-76175.9
  Iter 7: LL=-76175.9
  Iter 8: LL=-76175.9
  Iter 9: LL=-76175.9
  Iter 10: LL=-76175.9
  Iter 11: LL=-76175.9
  Iter 12: LL=-76175.9
  Iter 13: LL=-76175.9
  Iter 14: LL=-76175.9
  Iter 15: LL=-76175.9
  Iter 16: LL=-76175.9
  Iter 17: LL=-76175.9
  Iter 18: LL=-76175.9
  Iter 19: LL=-76175.9
  Iter 20: LL=-76175.9
  Iter 21: LL=-76175.9
  Iter 22: LL=-76175.9
  Iter 23: LL=-76175.9
  Iter 24: LL=-76175.9
  Iter 25: LL=-76175.9
  Iter 26: LL=-76175.9
  Iter 27: LL=-76175.9
  Iter 28: LL=-76175.9
  Iter 29: LL=-76175.9
  Iter 30: LL=-76175.9
  Iter 31: LL=-76175.9
  Iter 32: LL=-76175.9
  Iter 33: LL=-76175.9
  Iter 34: LL=-76175.9
  Iter 35: LL=-76175.9
  Iter 36: LL=-76175.9
  Iter 37: LL=-76175.9
  Iter 38: LL=-76175.9
  Iter 39: LL=-76175.9
✓ Baum-Welch CPU Total: 441.609 ms
[Validation] Comparing GPU vs CPU...
Means Relative Error: 0.00880845
Transition Matrix Relative Error: 1
Final Log-Likelihood (GPU): -186241
Final Log-Likelihood (CPU): -76175.9
LL Difference: 110065
[32m[REUSSI] Means converged similarly[0m
[31m[ECHEC] Transition matrix converged similarly[0m (Ligne 236)
[31m[ECHEC] Log-likelihood converged to similar value[0m (Ligne 237)
[Performance Summary]
GPU Total: 62.3977 ms
CPU Total: 441.609 ms
Speedup: 7.07733x
✅ Test Baum-Welch PASSED


============================================
Test Baum-Welch: T=10000, N=4, K=8
============================================

[GPU] Baum-Welch Algorithm (40 iterations)...
  Iter 0: LL=-372528 (2.84163 ms)
  Iter 1: LL=-372528 (2.83606 ms)
  Iter 2: LL=-372528 (2.83296 ms)
  Iter 3: LL=-372528 (2.82224 ms)
  Iter 4: LL=-372528 (2.83386 ms)
  Iter 5: LL=-372528 (2.84467 ms)
  Iter 6: LL=-372528 (2.83443 ms)
  Iter 7: LL=-372528 (2.81971 ms)
  Iter 8: LL=-372528 (2.83453 ms)
  Iter 9: LL=-372528 (2.82138 ms)
  Iter 10: LL=-372528 (2.82557 ms)
  Iter 11: LL=-372528 (2.82394 ms)
  Iter 12: LL=-372528 (2.83443 ms)
  Iter 13: LL=-372528 (2.84259 ms)
  Iter 14: LL=-372528 (2.83994 ms)
  Iter 15: LL=-372528 (2.8393 ms)
  Iter 16: LL=-372528 (2.82794 ms)
  Iter 17: LL=-372528 (2.83248 ms)
  Iter 18: LL=-372528 (2.8345 ms)
  Iter 19: LL=-372528 (2.8281 ms)
  Iter 20: LL=-372528 (2.83203 ms)
  Iter 21: LL=-372528 (2.83251 ms)
  Iter 22: LL=-372528 (2.82682 ms)
  Iter 23: LL=-372528 (2.83014 ms)
  Iter 24: LL=-372528 (2.82413 ms)
  Iter 25: LL=-372528 (2.8295 ms)
  Iter 26: LL=-372528 (2.8201 ms)
  Iter 27: LL=-372528 (2.82931 ms)
  Iter 28: LL=-372528 (2.83062 ms)
  Iter 29: LL=-372528 (2.82576 ms)
  Iter 30: LL=-372528 (2.82662 ms)
  Iter 31: LL=-372528 (2.82656 ms)
  Iter 32: LL=-372528 (2.81661 ms)
  Iter 33: LL=-372528 (2.82848 ms)
  Iter 34: LL=-372528 (2.84106 ms)
  Iter 35: LL=-372528 (2.8273 ms)
  Iter 36: LL=-372528 (2.83952 ms)
  Iter 37: LL=-372528 (2.84298 ms)
  Iter 38: LL=-372528 (2.83456 ms)
  Iter 39: LL=-372528 (2.82221 ms)
  ✓ Baum-Welch GPU Total: 113.237 ms
[CPU] Baum-Welch Algorithm (40 iterations)...
  Iter 0: LL=-153231
  Iter 1: LL=-152074
  Iter 2: LL=-152074
  Iter 3: LL=-152074
  Iter 4: LL=-152074
  Iter 5: LL=-152074
  Iter 6: LL=-152074
  Iter 7: LL=-152074
  Iter 8: LL=-152074
  Iter 9: LL=-152074
  Iter 10: LL=-152074
  Iter 11: LL=-152074
  Iter 12: LL=-152074
  Iter 13: LL=-152074
  Iter 14: LL=-152074
  Iter 15: LL=-152074
  Iter 16: LL=-152074
  Iter 17: LL=-152074
  Iter 18: LL=-152074
  Iter 19: LL=-152074
  Iter 20: LL=-152074
  Iter 21: LL=-152074
  Iter 22: LL=-152074
  Iter 23: LL=-152074
  Iter 24: LL=-152074
  Iter 25: LL=-152074
  Iter 26: LL=-152074
  Iter 27: LL=-152074
  Iter 28: LL=-152074
  Iter 29: LL=-152074
  Iter 30: LL=-152074
  Iter 31: LL=-152074
  Iter 32: LL=-152074
  Iter 33: LL=-152074
  Iter 34: LL=-152074
  Iter 35: LL=-152074
  Iter 36: LL=-152074
  Iter 37: LL=-152074
  Iter 38: LL=-152074
  Iter 39: LL=-152074
✓ Baum-Welch CPU Total: 839.037 ms
[Validation] Comparing GPU vs CPU...
Means Relative Error: 0.0113539
Transition Matrix Relative Error: 1
Final Log-Likelihood (GPU): -372528
Final Log-Likelihood (CPU): -152074
LL Difference: 220454
[32m[REUSSI] Means converged similarly[0m
[31m[ECHEC] Transition matrix converged similarly[0m (Ligne 236)
[31m[ECHEC] Log-likelihood converged to similar value[0m (Ligne 237)
[Performance Summary]
GPU Total: 113.237 ms
CPU Total: 839.037 ms
Speedup: 7.40956x
✅ Test Baum-Welch PASSED


[31m>>> 10 TEST(S) ECHOUE(S) <<<[0m

================================
Running: test_forward_backward_gpu
================================

========================================
TEST FORWARD-BACKWARD GPU vs CPU
========================================

============================================
Test Forward-Backward: T=500, N=3, K=4
============================================

[GPU] Forward Algorithm...
  ✓ Forward GPU: 0.119091 ms (avg)
[GPU] Backward Algorithm...
✓ Backward GPU: 0.102726 ms (avg)
[CPU] Forward-Backward Algorithm...
  ✓ Forward-Backward CPU: 0.319994 ms
[Validation] Comparing GPU vs CPU...
Alpha Relative Error: 3.25288e-07
Beta Relative Error: 0.00696471
[32m[REUSSI] Alpha GPU vs CPU match[0m
[31m[ECHEC] Beta GPU vs CPU match[0m (Ligne 168)

[Performance Summary]
  GPU Total: 0.221818 ms
  CPU Total: 0.319994 ms
  Speedup: 1.4426x

✅ Test Forward-Backward PASSED

============================================
Test Forward-Backward: T=1000, N=4, K=8
============================================

[GPU] Forward Algorithm...
  ✓ Forward GPU: 0.130742 ms (avg)
[GPU] Backward Algorithm...
✓ Backward GPU: 0.129741 ms (avg)
[CPU] Forward-Backward Algorithm...
  ✓ Forward-Backward CPU: 1.75924 ms
[Validation] Comparing GPU vs CPU...
Alpha Relative Error: 6.08558e-07
Beta Relative Error: 0.0205689
[32m[REUSSI] Alpha GPU vs CPU match[0m
[31m[ECHEC] Beta GPU vs CPU match[0m (Ligne 168)

[Performance Summary]
  GPU Total: 0.260483 ms
  CPU Total: 1.75924 ms
  Speedup: 6.75374x

✅ Test Forward-Backward PASSED

============================================
Test Forward-Backward: T=5000, N=5, K=10
============================================

[GPU] Forward Algorithm...
  ✓ Forward GPU: 0.298035 ms (avg)
[GPU] Backward Algorithm...
✓ Backward GPU: 0.29305 ms (avg)
[CPU] Forward-Backward Algorithm...
  ✓ Forward-Backward CPU: 13.3024 ms
[Validation] Comparing GPU vs CPU...
Alpha Relative Error: 9.60459e-07
Beta Relative Error: 0.0130844
[32m[REUSSI] Alpha GPU vs CPU match[0m
[31m[ECHEC] Beta GPU vs CPU match[0m (Ligne 168)

[Performance Summary]
  GPU Total: 0.591085 ms
  CPU Total: 13.3024 ms
  Speedup: 22.505x

✅ Test Forward-Backward PASSED

============================================
Test Forward-Backward: T=10000, N=5, K=10
============================================

[GPU] Forward Algorithm...
  ✓ Forward GPU: 0.622365 ms (avg)
[GPU] Backward Algorithm...
✓ Backward GPU: 0.618368 ms (avg)
[CPU] Forward-Backward Algorithm...
  ✓ Forward-Backward CPU: 26.4446 ms
[Validation] Comparing GPU vs CPU...
Alpha Relative Error: 2.94897e-06
Beta Relative Error: 0.000153143
[32m[REUSSI] Alpha GPU vs CPU match[0m
[32m[REUSSI] Beta GPU vs CPU match[0m

[Performance Summary]
  GPU Total: 1.24073 ms
  CPU Total: 26.4446 ms
  Speedup: 21.3137x

✅ Test Forward-Backward PASSED


[31m>>> 3 TEST(S) ECHOUE(S) <<<[0m

================================
Running: test_viterbi_gpu
================================

========================================
TEST VITERBI GPU vs CPU
========================================


============================================
Test Viterbi: T=500, N=3, K=4
============================================

[GPU] Viterbi Algorithm...
  ✓ Viterbi GPU: 0.212707 ms (avg)

[CPU] Viterbi Algorithm...
  ✓ Viterbi CPU: 0.267806 ms
  Log-Probability (CPU): -3231.35

[Validation] Comparing GPU vs CPU...
  Path Accuracy: 100%
[32m[REUSSI] Viterbi paths match (>95%)[0m
  Accuracy vs True States (GPU): 100%
  Accuracy vs True States (CPU): 100%

[Performance Summary]
  GPU Total: 0.212707 ms
  CPU Total: 0.267806 ms
  Speedup: 1.25904x

✅ Test Viterbi PASSED


============================================
Test Viterbi: T=1000, N=4, K=8
============================================

[GPU] Viterbi Algorithm...
  ✓ Viterbi GPU: 0.329686 ms (avg)

[CPU] Viterbi Algorithm...
  ✓ Viterbi CPU: 1.18416 ms
  Log-Probability (CPU): -12238.1

[Validation] Comparing GPU vs CPU...
  Path Accuracy: 100%
[32m[REUSSI] Viterbi paths match (>95%)[0m
  Accuracy vs True States (GPU): 100%
  Accuracy vs True States (CPU): 100%

[Performance Summary]
  GPU Total: 0.329686 ms
  CPU Total: 1.18416 ms
  Speedup: 3.59177x

✅ Test Viterbi PASSED


============================================
Test Viterbi: T=5000, N=5, K=10
============================================

[GPU] Viterbi Algorithm...
  ✓ Viterbi GPU: 1.64633 ms (avg)

[CPU] Viterbi Algorithm...
  ✓ Viterbi CPU: 10.5476 ms
  Log-Probability (CPU): -76442.3

[Validation] Comparing GPU vs CPU...
  Path Accuracy: 100%
[32m[REUSSI] Viterbi paths match (>95%)[0m
  Accuracy vs True States (GPU): 100%
  Accuracy vs True States (CPU): 100%

[Performance Summary]
  GPU Total: 1.64633 ms
  CPU Total: 10.5476 ms
  Speedup: 6.40671x

✅ Test Viterbi PASSED


============================================
Test Viterbi: T=10000, N=5, K=10
============================================

[GPU] Viterbi Algorithm...
  ✓ Viterbi GPU: 3.33997 ms (avg)

[CPU] Viterbi Algorithm...
  ✓ Viterbi CPU: 20.862 ms
  Log-Probability (CPU): -152255

[Validation] Comparing GPU vs CPU...
  Path Accuracy: 100%
[32m[REUSSI] Viterbi paths match (>95%)[0m
  Accuracy vs True States (GPU): 100%
  Accuracy vs True States (CPU): 100%

[Performance Summary]
  GPU Total: 3.33997 ms
  CPU Total: 20.862 ms
  Speedup: 6.24615x

✅ Test Viterbi PASSED


[32m>>> TOUS LES TESTS SONT PASSES ! <<<[0m

==========================================
Job completed at Tue Jan  6 17:57:33 CET 2026
==========================================
