==========================================
GPU Job - HMM Regime Detection
Job ID: 37033
Node: turing-2
Date: Fri Jan  9 10:05:36 CET 2026
==========================================


GPU Info:
name, memory.total [MiB], driver_version
Quadro RTX 6000, 23040 MiB, 580.65.06
Quadro RTX 6000, 23040 MiB, 580.65.06
Quadro RTX 6000, 23040 MiB, 580.65.06

Running all GPU tests...

================================
Running: test_baum_welch_gpu
================================

========================================
TEST BAUM-WELCH GPU vs CPU
========================================


============================================
Test Baum-Welch: T=500, N=3, K=4
============================================

[GPU] Baum-Welch Algorithm...
  ✓ Total Time: 19.0584 ms
[CPU] Baum-Welch Algorithm...
Final LL GPU: -773.994
Final LL CPU: -771.959
Speedup: 0.258441x
[32m[REUSSI] Convergence Similaire[0m

============================================
Test Baum-Welch: T=1000, N=4, K=4
============================================

[GPU] Baum-Welch Algorithm...
  ✓ Total Time: 3.95942 ms
[CPU] Baum-Welch Algorithm...
Final LL GPU: -881.304
Final LL CPU: -890.583
Speedup: 3.53385x
[32m[REUSSI] Convergence Similaire[0m

============================================
Test Baum-Welch: T=5000, N=4, K=4
============================================

[GPU] Baum-Welch Algorithm...
  ✓ Total Time: 8.67059 ms
[CPU] Baum-Welch Algorithm...
Final LL GPU: -711.194
Final LL CPU: -714.754
Speedup: 7.91542x
[32m[REUSSI] Convergence Similaire[0m

============================================
Test Baum-Welch: T=10000, N=4, K=4
============================================

[GPU] Baum-Welch Algorithm...
  ✓ Total Time: 14.2349 ms
[CPU] Baum-Welch Algorithm...
Final LL GPU: -4049.57
Final LL CPU: -4048.21
Speedup: 9.685x
[32m[REUSSI] Convergence Similaire[0m

[32m>>> TOUS LES TESTS SONT PASSES ! <<<[0m

================================
Running: test_finance_gpu
================================
--- GPU FINANCIAL HMM ---
data/finance/sp500_obs_dims.txt

================================
Running: test_forward_backward_gpu
================================

========================================
TEST FORWARD-BACKWARD GPU vs CPU
========================================

============================================
Test Forward-Backward: T=500, N=3, K=4
============================================

[GPU] Forward Algorithm...
  ✓ Forward GPU: 0.152714 ms (avg)
[GPU] Backward Algorithm...
✓ Backward GPU: 0.150458 ms (avg)
[CPU] Forward-Backward Algorithm...
  ✓ Forward-Backward CPU: 0.627423 ms
[Validation] Comparing GPU vs CPU...
Alpha Relative Error: 6.44571e-07
Beta Relative Error: 0.0467047
[32m[REUSSI] Alpha GPU vs CPU match[0m
[31m[ECHEC] Beta GPU vs CPU match[0m (Ligne 168)

[Performance Summary]
  GPU Total: 0.303171 ms
  CPU Total: 0.627423 ms
  Speedup: 2.06953x

✅ Test Forward-Backward PASSED

============================================
Test Forward-Backward: T=1000, N=4, K=8
============================================

[GPU] Forward Algorithm...
  ✓ Forward GPU: 0.185376 ms (avg)
[GPU] Backward Algorithm...
✓ Backward GPU: 0.165318 ms (avg)
[CPU] Forward-Backward Algorithm...
  ✓ Forward-Backward CPU: 1.58105 ms
[Validation] Comparing GPU vs CPU...
Alpha Relative Error: 5.35902e-07
Beta Relative Error: 0.0376487
[32m[REUSSI] Alpha GPU vs CPU match[0m
[31m[ECHEC] Beta GPU vs CPU match[0m (Ligne 168)

[Performance Summary]
  GPU Total: 0.350694 ms
  CPU Total: 1.58105 ms
  Speedup: 4.50835x

✅ Test Forward-Backward PASSED

============================================
Test Forward-Backward: T=5000, N=5, K=10
============================================

[GPU] Forward Algorithm...
  ✓ Forward GPU: 0.350525 ms (avg)
[GPU] Backward Algorithm...
✓ Backward GPU: 0.348554 ms (avg)
[CPU] Forward-Backward Algorithm...
  ✓ Forward-Backward CPU: 13.033 ms
[Validation] Comparing GPU vs CPU...
Alpha Relative Error: 1.11288e-06
Beta Relative Error: 0.00361276
[32m[REUSSI] Alpha GPU vs CPU match[0m
[31m[ECHEC] Beta GPU vs CPU match[0m (Ligne 168)

[Performance Summary]
  GPU Total: 0.699078 ms
  CPU Total: 13.033 ms
  Speedup: 18.6431x

✅ Test Forward-Backward PASSED

============================================
Test Forward-Backward: T=10000, N=5, K=10
============================================

[GPU] Forward Algorithm...
  ✓ Forward GPU: 0.71385 ms (avg)
[GPU] Backward Algorithm...
✓ Backward GPU: 0.707408 ms (avg)
[CPU] Forward-Backward Algorithm...
  ✓ Forward-Backward CPU: 26.1327 ms
[Validation] Comparing GPU vs CPU...
Alpha Relative Error: 2.18756e-06
Beta Relative Error: 0.00191992
[32m[REUSSI] Alpha GPU vs CPU match[0m
[31m[ECHEC] Beta GPU vs CPU match[0m (Ligne 168)

[Performance Summary]
  GPU Total: 1.42126 ms
  CPU Total: 26.1327 ms
  Speedup: 18.387x

✅ Test Forward-Backward PASSED


[31m>>> 4 TEST(S) ECHOUE(S) <<<[0m

================================
Running: test_viterbi_gpu
================================

========================================
TEST VITERBI GPU vs CPU
========================================


============================================
Test Viterbi: T=500, N=3, K=4
============================================

[GPU] Viterbi Algorithm...
  ✓ Viterbi GPU: 0.18369 ms (avg)

[CPU] Viterbi Algorithm...
  ✓ Viterbi CPU: 0.199594 ms
  Log-Probability (CPU): -3222.82

[Validation] Comparing GPU vs CPU...
  Path Accuracy: 100%
[32m[REUSSI] Viterbi paths match (>95%)[0m
  Accuracy vs True States (GPU): 100%
  Accuracy vs True States (CPU): 100%

[Performance Summary]
  GPU Total: 0.18369 ms
  CPU Total: 0.199594 ms
  Speedup: 1.08658x

✅ Test Viterbi PASSED


============================================
Test Viterbi: T=1000, N=4, K=8
============================================

[GPU] Viterbi Algorithm...
  ✓ Viterbi GPU: 0.180576 ms (avg)

[CPU] Viterbi Algorithm...
  ✓ Viterbi CPU: 1.46124 ms
  Log-Probability (CPU): -12337.5

[Validation] Comparing GPU vs CPU...
  Path Accuracy: 100%
[32m[REUSSI] Viterbi paths match (>95%)[0m
  Accuracy vs True States (GPU): 100%
  Accuracy vs True States (CPU): 100%

[Performance Summary]
  GPU Total: 0.180576 ms
  CPU Total: 1.46124 ms
  Speedup: 8.09208x

✅ Test Viterbi PASSED


============================================
Test Viterbi: T=5000, N=5, K=10
============================================

[GPU] Viterbi Algorithm...
  ✓ Viterbi GPU: 0.442448 ms (avg)

[CPU] Viterbi Algorithm...
  ✓ Viterbi CPU: 11.0691 ms
  Log-Probability (CPU): -75901.7

[Validation] Comparing GPU vs CPU...
  Path Accuracy: 100%
[32m[REUSSI] Viterbi paths match (>95%)[0m
  Accuracy vs True States (GPU): 100%
  Accuracy vs True States (CPU): 100%

[Performance Summary]
  GPU Total: 0.442448 ms
  CPU Total: 11.0691 ms
  Speedup: 25.0178x

✅ Test Viterbi PASSED


============================================
Test Viterbi: T=10000, N=5, K=10
============================================

[GPU] Viterbi Algorithm...
  ✓ Viterbi GPU: 0.880634 ms (avg)

[CPU] Viterbi Algorithm...
  ✓ Viterbi CPU: 20.9366 ms
  Log-Probability (CPU): -152896

[Validation] Comparing GPU vs CPU...
  Path Accuracy: 100%
[32m[REUSSI] Viterbi paths match (>95%)[0m
  Accuracy vs True States (GPU): 100%
  Accuracy vs True States (CPU): 100%

[Performance Summary]
  GPU Total: 0.880634 ms
  CPU Total: 20.9366 ms
  Speedup: 23.7744x

✅ Test Viterbi PASSED


[32m>>> TOUS LES TESTS SONT PASSES ! <<<[0m

==========================================
Job completed at Fri Jan  9 10:05:38 CET 2026
==========================================
