==========================================
GPU Job - HMM Regime Detection
Job ID: 36922
Node: turing-2
Date: Tue Jan  6 22:08:51 CET 2026
==========================================


GPU Info:
name, memory.total [MiB], driver_version
Quadro RTX 6000, 23040 MiB, 580.65.06
Quadro RTX 6000, 23040 MiB, 580.65.06
Quadro RTX 6000, 23040 MiB, 580.65.06

Running all GPU tests...

================================
Running: test_baum_welch_gpu
================================

========================================
TEST BAUM-WELCH GPU vs CPU
========================================


============================================
Test Baum-Welch: T=500, N=3, K=4
============================================

[GPU] Baum-Welch Algorithm...
  ✓ Total Time: 25.058 ms
[CPU] Baum-Welch Algorithm...
Final LL GPU: -306.633
Final LL CPU: -305.644
Speedup: 0.193933x
[32m[REUSSI] Convergence Similaire[0m

============================================
Test Baum-Welch: T=1000, N=4, K=4
============================================

[GPU] Baum-Welch Algorithm...
  ✓ Total Time: 4.15462 ms
[CPU] Baum-Welch Algorithm...
Final LL GPU: 697.151
Final LL CPU: 698.498
Speedup: 3.2308x
[32m[REUSSI] Convergence Similaire[0m

============================================
Test Baum-Welch: T=5000, N=4, K=4
============================================

[GPU] Baum-Welch Algorithm...
  ✓ Total Time: 8.78493 ms
[CPU] Baum-Welch Algorithm...
Final LL GPU: -3543.45
Final LL CPU: -3537.44
Speedup: 7.71105x
[32m[REUSSI] Convergence Similaire[0m

============================================
Test Baum-Welch: T=10000, N=4, K=4
============================================

[GPU] Baum-Welch Algorithm...
  ✓ Total Time: 14.3205 ms
[CPU] Baum-Welch Algorithm...
Final LL GPU: -8801.12
Final LL CPU: -8788.76
Speedup: 9.49807x
[32m[REUSSI] Convergence Similaire[0m

[32m>>> TOUS LES TESTS SONT PASSES ! <<<[0m

================================
Running: test_forward_backward_gpu
================================

========================================
TEST FORWARD-BACKWARD GPU vs CPU
========================================

============================================
Test Forward-Backward: T=500, N=3, K=4
============================================

[GPU] Forward Algorithm...
  ✓ Forward GPU: 0.157389 ms (avg)
[GPU] Backward Algorithm...
✓ Backward GPU: 0.15592 ms (avg)
[CPU] Forward-Backward Algorithm...
  ✓ Forward-Backward CPU: 0.686597 ms
[Validation] Comparing GPU vs CPU...
Alpha Relative Error: 3.5675e-07
Beta Relative Error: 0.0573891
[32m[REUSSI] Alpha GPU vs CPU match[0m
[31m[ECHEC] Beta GPU vs CPU match[0m (Ligne 168)

[Performance Summary]
  GPU Total: 0.313309 ms
  CPU Total: 0.686597 ms
  Speedup: 2.19144x

✅ Test Forward-Backward PASSED

============================================
Test Forward-Backward: T=1000, N=4, K=8
============================================

[GPU] Forward Algorithm...
  ✓ Forward GPU: 0.192656 ms (avg)
[GPU] Backward Algorithm...
✓ Backward GPU: 0.151712 ms (avg)
[CPU] Forward-Backward Algorithm...
  ✓ Forward-Backward CPU: 1.58628 ms
[Validation] Comparing GPU vs CPU...
Alpha Relative Error: 6.91717e-07
Beta Relative Error: 0.00562476
[32m[REUSSI] Alpha GPU vs CPU match[0m
[31m[ECHEC] Beta GPU vs CPU match[0m (Ligne 168)

[Performance Summary]
  GPU Total: 0.344368 ms
  CPU Total: 1.58628 ms
  Speedup: 4.60635x

✅ Test Forward-Backward PASSED

============================================
Test Forward-Backward: T=5000, N=5, K=10
============================================

[GPU] Forward Algorithm...
  ✓ Forward GPU: 0.350512 ms (avg)
[GPU] Backward Algorithm...
✓ Backward GPU: 0.348118 ms (avg)
[CPU] Forward-Backward Algorithm...
  ✓ Forward-Backward CPU: 13.0513 ms
[Validation] Comparing GPU vs CPU...
Alpha Relative Error: 2.84138e-06
Beta Relative Error: 0.00840842
[32m[REUSSI] Alpha GPU vs CPU match[0m
[31m[ECHEC] Beta GPU vs CPU match[0m (Ligne 168)

[Performance Summary]
  GPU Total: 0.69863 ms
  CPU Total: 13.0513 ms
  Speedup: 18.6813x

✅ Test Forward-Backward PASSED

============================================
Test Forward-Backward: T=10000, N=5, K=10
============================================

[GPU] Forward Algorithm...
  ✓ Forward GPU: 0.729088 ms (avg)
[GPU] Backward Algorithm...
✓ Backward GPU: 0.724131 ms (avg)
[CPU] Forward-Backward Algorithm...
  ✓ Forward-Backward CPU: 26.0879 ms
[Validation] Comparing GPU vs CPU...
Alpha Relative Error: 1.52168e-06
Beta Relative Error: 0.000103537
[32m[REUSSI] Alpha GPU vs CPU match[0m
[32m[REUSSI] Beta GPU vs CPU match[0m

[Performance Summary]
  GPU Total: 1.45322 ms
  CPU Total: 26.0879 ms
  Speedup: 17.9518x

✅ Test Forward-Backward PASSED


[31m>>> 3 TEST(S) ECHOUE(S) <<<[0m

================================
Running: test_real_data_gpu
================================

================================
Running: test_viterbi_gpu
================================

========================================
TEST VITERBI GPU vs CPU
========================================


============================================
Test Viterbi: T=500, N=3, K=4
============================================

[GPU] Viterbi Algorithm...
  ✓ Viterbi GPU: 0.219725 ms (avg)

[CPU] Viterbi Algorithm...
  ✓ Viterbi CPU: 0.170561 ms
  Log-Probability (CPU): -3210.91

[Validation] Comparing GPU vs CPU...
  Path Accuracy: 100%
[32m[REUSSI] Viterbi paths match (>95%)[0m
  Accuracy vs True States (GPU): 100%
  Accuracy vs True States (CPU): 100%

[Performance Summary]
  GPU Total: 0.219725 ms
  CPU Total: 0.170561 ms
  Speedup: 0.776248x

✅ Test Viterbi PASSED


============================================
Test Viterbi: T=1000, N=4, K=8
============================================

[GPU] Viterbi Algorithm...
  ✓ Viterbi GPU: 0.400426 ms (avg)

[CPU] Viterbi Algorithm...
  ✓ Viterbi CPU: 1.20715 ms
  Log-Probability (CPU): -12365.2

[Validation] Comparing GPU vs CPU...
  Path Accuracy: 100%
[32m[REUSSI] Viterbi paths match (>95%)[0m
  Accuracy vs True States (GPU): 100%
  Accuracy vs True States (CPU): 100%

[Performance Summary]
  GPU Total: 0.400426 ms
  CPU Total: 1.20715 ms
  Speedup: 3.01467x

✅ Test Viterbi PASSED


============================================
Test Viterbi: T=5000, N=5, K=10
============================================

[GPU] Viterbi Algorithm...
  ✓ Viterbi GPU: 2.12637 ms (avg)

[CPU] Viterbi Algorithm...
  ✓ Viterbi CPU: 10.4967 ms
  Log-Probability (CPU): -76219.2

[Validation] Comparing GPU vs CPU...
  Path Accuracy: 100%
[32m[REUSSI] Viterbi paths match (>95%)[0m
  Accuracy vs True States (GPU): 100%
  Accuracy vs True States (CPU): 100%

[Performance Summary]
  GPU Total: 2.12637 ms
  CPU Total: 10.4967 ms
  Speedup: 4.93644x

✅ Test Viterbi PASSED


============================================
Test Viterbi: T=10000, N=5, K=10
============================================

[GPU] Viterbi Algorithm...
  ✓ Viterbi GPU: 4.28945 ms (avg)

[CPU] Viterbi Algorithm...
  ✓ Viterbi CPU: 20.859 ms
  Log-Probability (CPU): -153097

[Validation] Comparing GPU vs CPU...
  Path Accuracy: 100%
[32m[REUSSI] Viterbi paths match (>95%)[0m
  Accuracy vs True States (GPU): 100%
  Accuracy vs True States (CPU): 100%

[Performance Summary]
  GPU Total: 4.28945 ms
  CPU Total: 20.859 ms
  Speedup: 4.86286x

✅ Test Viterbi PASSED


[32m>>> TOUS LES TESTS SONT PASSES ! <<<[0m

==========================================
Job completed at Tue Jan  6 22:08:53 CET 2026
==========================================
