==========================================
GPU Job - HMM Regime Detection
Job ID: 36371
Node: turing-2
Date: Fri Dec 26 16:19:44 CET 2025
==========================================

Building with CUDA...
-- CUDA enabled - architectures: 52
-- Building CUDA kernels library: hmm_kernels
--   Sources: matrix_kernels.cu;reduction_kernels.cu;scan_kernels.cu;potential_kernels.cu;forward_backward_kernels.cu;viterbi_kernels.cu;baum_welch_kernels.cu
--   CUDA Architectures: 52
-- Building CUDA orchestration library: hmm_gpu
--   Sources: algo_hmm_gpu.cu;linear_algebra_gpu.cu
--   Dependencies: hmm_kernels, hmm_cpu
-- CUDA tests enabled
--   - test_scan_primitives_gpu
--   - test_linear_algebra_gpu
--   - test_forward_backward_gpu
--   - test_viterbi_gpu
-- 
-- ========================================
-- GPU HMM Regime Detection - Configuration
-- ========================================
-- Build type      : Release
-- C++ compiler    : /usr/bin/c++
-- CUDA support    : ON
-- Tests           : ON
-- Benchmarks      : OFF
-- Profiling       : OFF
-- ========================================
-- 
-- Configuring done (0.1s)
-- Generating done (0.2s)
-- Build files have been written to: /user/7/dialloh/gpu_comp_hmm_regime/build
[  3%] Building CUDA object src/cuda/kernels/CMakeFiles/hmm_kernels.dir/matrix_kernels.cu.o
[ 15%] Building CUDA object src/cuda/kernels/CMakeFiles/hmm_kernels.dir/scan_kernels.cu.o
[ 15%] Built target hmm_cpu
[ 23%] Building CUDA object src/cuda/kernels/CMakeFiles/hmm_kernels.dir/reduction_kernels.cu.o
[ 34%] Building CUDA object test/CMakeFiles/test_linear_algebra_gpu.dir/cuda/test_linear_algebra_gpu.cu.o
[ 34%] Building CXX object src/CMakeFiles/hmm_main.dir/main.cpp.o
[ 34%] Building CUDA object test/CMakeFiles/test_forward_backward_gpu.dir/cuda/test_forward_backward_gpu.cu.o
[ 38%] Linking CXX executable hmm_main
[ 42%] Linking CXX executable test_forward_backward_gpu
✓ Build complete

GPU Info:
name, memory.total [MiB], driver_version
Quadro RTX 6000, 23040 MiB, 580.65.06
Quadro RTX 6000, 23040 MiB, 580.65.06
Quadro RTX 6000, 23040 MiB, 580.65.06

Running all GPU tests...

==========================================
Job completed at Fri Dec 26 16:19:45 CET 2025
==========================================
