==========================================
GPU Job - HMM Regime Detection
Job ID: 36387
Node: turing-4
Date: Fri Dec 26 17:23:05 CET 2025
==========================================


GPU Info:
name, memory.total [MiB], driver_version
Quadro RTX 6000, 23040 MiB, 580.65.06
Quadro RTX 6000, 23040 MiB, 580.65.06
Quadro RTX 6000, 23040 MiB, 580.65.06

Running all GPU tests...

================================
Running: test_forward_backward_gpu
================================
test_scan_primitives_gpu: TODO - Not implemented yet

================================
Running: test_linear_algebra_gpu
================================
========================================
Linear Algebra GPU Test Suite
========================================

CUDA Device: Quadro RTX 6000
Compute Capability: 7.5

========================================
Test 1: Matrix-Vector Multiplication
========================================
CPU time: 4 µs
GPU time: 622365 µs
Speedup: 6.4271e-06×
Result: ✓ PASSED

========================================
Test 2: Dot Product
========================================
CPU result: 244897
GPU result: 244897
Difference: 0.09375
CPU time: 2 µs
GPU time: 69 µs
Speedup: 0.0289855×
Result: ✗ FAILED

========================================
Test 3: Cholesky Decomposition
========================================
Sigma (input) [5 × 5]:
  2.0000   0.5000   0.5000   0.5000   0.5000 
  0.5000   2.0000   0.5000   0.5000   0.5000 
  0.5000   0.5000   2.0000   0.5000   0.5000 
  0.5000   0.5000   0.5000   2.0000   0.5000 
  0.5000   0.5000   0.5000   0.5000   2.0000 

L (CPU) [5 × 5]:
  1.4142   0.0000   0.0000   0.0000   0.0000 
  0.3536   1.3693   0.0000   0.0000   0.0000 
  0.3536   0.2739   1.3416   0.0000   0.0000 
  0.3536   0.2739   0.2236   1.3229   0.0000 
  0.3536   0.2739   0.2236   0.1890   1.3093 

L (GPU) [5 × 5]:
  1.4142   0.0000   0.0000   0.0000   0.0000 
  0.3536   1.3693   0.0000   0.0000   0.0000 
  0.3536   0.2739   1.3416   0.0000   0.0000 
  0.3536   0.2739   0.2236   1.3229   0.0000 
  0.3536   0.2739   0.2236   0.1890   1.3093 

CPU time: 0 µs
GPU time: 97 µs
Result: ✓ PASSED

========================================
Test 4: Forward Substitution
========================================
Result: ✓ PASSED

========================================
Test 5: Log Determinant from Cholesky
========================================
CPU result: 6.93147
GPU result: 5.54518
Difference: 1.38629
Result: ✗ FAILED

========================================
Test Summary
========================================
Passed: 3/5
✗ SOME TESTS FAILED

================================
Running: test_scan_primitives_gpu
================================
test_scan_primitives_gpu: TODO - Not implemented yet

================================
Running: test_viterbi_gpu
================================
test_scan_primitives_gpu: TODO - Not implemented yet

==========================================
Job completed at Fri Dec 26 17:23:07 CET 2025
==========================================
