==========================================
GPU Job - HMM Regime Detection
Job ID: 36383
Node: turing-4
Date: Fri Dec 26 17:13:50 CET 2025
==========================================

Building with CUDA...
-- CUDA enabled - architectures: 52
-- Building CUDA kernels library: hmm_kernels
--   Sources: /user/7/dialloh/gpu_comp_hmm_regime/src/cuda/kernels/matrix_kernels.cu;/user/7/dialloh/gpu_comp_hmm_regime/src/cuda/kernels/reduction_kernels.cu;/user/7/dialloh/gpu_comp_hmm_regime/src/cuda/kernels/scan_kernels.cu;/user/7/dialloh/gpu_comp_hmm_regime/src/cuda/kernels/potential_kernels.cu;/user/7/dialloh/gpu_comp_hmm_regime/src/cuda/kernels/forward_backward_kernels.cu;/user/7/dialloh/gpu_comp_hmm_regime/src/cuda/kernels/viterbi_kernels.cu;/user/7/dialloh/gpu_comp_hmm_regime/src/cuda/kernels/baum_welch_kernels.cu
--   CUDA Architectures: 52
-- Building CUDA orchestration library: hmm_cuda
--   Sources: /user/7/dialloh/gpu_comp_hmm_regime/src/cuda/algo_hmm_gpu.cu;/user/7/dialloh/gpu_comp_hmm_regime/src/cuda/linear_algebra_gpu.cu
--   Dependencies: hmm_kernels, hmm_cpu
-- CUDA tests enabled
--   - test_scan_primitives_gpu
--   - test_linear_algebra_gpu
--   - test_forward_backward_gpu
--   - test_viterbi_gpu
-- 
-- ========================================
-- GPU HMM Regime Detection - Configuration
-- ========================================
-- Build type      : Release
-- C++ compiler    : /usr/bin/c++
-- CUDA support    : ON
-- Tests           : ON
-- Benchmarks      : OFF
-- Profiling       : OFF
-- ========================================
-- 
-- Configuring done (0.1s)
-- Generating done (0.2s)
-- Build files have been written to: /user/7/dialloh/gpu_comp_hmm_regime/build
/usr/bin/cmake -S/user/7/dialloh/gpu_comp_hmm_regime -B/user/7/dialloh/gpu_comp_hmm_regime/build --check-build-system CMakeFiles/Makefile.cmake 0
/usr/bin/cmake -E cmake_progress_start /user/7/dialloh/gpu_comp_hmm_regime/build/CMakeFiles /user/7/dialloh/gpu_comp_hmm_regime/build//CMakeFiles/progress.marks
make  -f CMakeFiles/Makefile2 all
make[1]: Entering directory '/user/7/.base/dialloh/home/gpu_comp_hmm_regime/build'
make  -f src/cuda/kernels/CMakeFiles/hmm_kernels.dir/build.make src/cuda/kernels/CMakeFiles/hmm_kernels.dir/depend
make  -f src/cpu/CMakeFiles/hmm_cpu.dir/build.make src/cpu/CMakeFiles/hmm_cpu.dir/depend
make[2]: Entering directory '/user/7/.base/dialloh/home/gpu_comp_hmm_regime/build'
cd /user/7/dialloh/gpu_comp_hmm_regime/build && /usr/bin/cmake -E cmake_depends "Unix Makefiles" /user/7/dialloh/gpu_comp_hmm_regime /user/7/dialloh/gpu_comp_hmm_regime/src/cuda/kernels /user/7/dialloh/gpu_comp_hmm_regime/build /user/7/dialloh/gpu_comp_hmm_regime/build/src/cuda/kernels /user/7/dialloh/gpu_comp_hmm_regime/build/src/cuda/kernels/CMakeFiles/hmm_kernels.dir/DependInfo.cmake "--color="
make[2]: Entering directory '/user/7/.base/dialloh/home/gpu_comp_hmm_regime/build'
cd /user/7/dialloh/gpu_comp_hmm_regime/build && /usr/bin/cmake -E cmake_depends "Unix Makefiles" /user/7/dialloh/gpu_comp_hmm_regime /user/7/dialloh/gpu_comp_hmm_regime/src/cpu /user/7/dialloh/gpu_comp_hmm_regime/build /user/7/dialloh/gpu_comp_hmm_regime/build/src/cpu /user/7/dialloh/gpu_comp_hmm_regime/build/src/cpu/CMakeFiles/hmm_cpu.dir/DependInfo.cmake "--color="
Dependencies file "src/cuda/kernels/CMakeFiles/hmm_kernels.dir/baum_welch_kernels.cu.o.d" is newer than depends file "/user/7/dialloh/gpu_comp_hmm_regime/build/src/cuda/kernels/CMakeFiles/hmm_kernels.dir/compiler_depend.internal".
Dependencies file "src/cuda/kernels/CMakeFiles/hmm_kernels.dir/forward_backward_kernels.cu.o.d" is newer than depends file "/user/7/dialloh/gpu_comp_hmm_regime/build/src/cuda/kernels/CMakeFiles/hmm_kernels.dir/compiler_depend.internal".
Dependencies file "src/cpu/CMakeFiles/hmm_cpu.dir/algo_hmm.cpp.o.d" is newer than depends file "/user/7/dialloh/gpu_comp_hmm_regime/build/src/cpu/CMakeFiles/hmm_cpu.dir/compiler_depend.internal".
Dependencies file "src/cpu/CMakeFiles/hmm_cpu.dir/low_level_linear_algebra.cpp.o.d" is newer than depends file "/user/7/dialloh/gpu_comp_hmm_regime/build/src/cpu/CMakeFiles/hmm_cpu.dir/compiler_depend.internal".
Dependencies file "src/cuda/kernels/CMakeFiles/hmm_kernels.dir/matrix_kernels.cu.o.d" is newer than depends file "/user/7/dialloh/gpu_comp_hmm_regime/build/src/cuda/kernels/CMakeFiles/hmm_kernels.dir/compiler_depend.internal".
Dependencies file "src/cuda/kernels/CMakeFiles/hmm_kernels.dir/potential_kernels.cu.o.d" is newer than depends file "/user/7/dialloh/gpu_comp_hmm_regime/build/src/cuda/kernels/CMakeFiles/hmm_kernels.dir/compiler_depend.internal".
Dependencies file "src/cuda/kernels/CMakeFiles/hmm_kernels.dir/reduction_kernels.cu.o.d" is newer than depends file "/user/7/dialloh/gpu_comp_hmm_regime/build/src/cuda/kernels/CMakeFiles/hmm_kernels.dir/compiler_depend.internal".
Dependencies file "src/cuda/kernels/CMakeFiles/hmm_kernels.dir/scan_kernels.cu.o.d" is newer than depends file "/user/7/dialloh/gpu_comp_hmm_regime/build/src/cuda/kernels/CMakeFiles/hmm_kernels.dir/compiler_depend.internal".
Dependencies file "src/cuda/kernels/CMakeFiles/hmm_kernels.dir/viterbi_kernels.cu.o.d" is newer than depends file "/user/7/dialloh/gpu_comp_hmm_regime/build/src/cuda/kernels/CMakeFiles/hmm_kernels.dir/compiler_depend.internal".
Consolidate compiler generated dependencies of target hmm_cpu
make[2]: Leaving directory '/user/7/.base/dialloh/home/gpu_comp_hmm_regime/build'
make  -f src/cpu/CMakeFiles/hmm_cpu.dir/build.make src/cpu/CMakeFiles/hmm_cpu.dir/build
Consolidate compiler generated dependencies of target hmm_kernels
make[2]: Leaving directory '/user/7/.base/dialloh/home/gpu_comp_hmm_regime/build'
make  -f src/cuda/kernels/CMakeFiles/hmm_kernels.dir/build.make src/cuda/kernels/CMakeFiles/hmm_kernels.dir/build
make[2]: Entering directory '/user/7/.base/dialloh/home/gpu_comp_hmm_regime/build'
make[2]: Nothing to be done for 'src/cpu/CMakeFiles/hmm_cpu.dir/build'.
make[2]: Leaving directory '/user/7/.base/dialloh/home/gpu_comp_hmm_regime/build'
make[2]: Entering directory '/user/7/.base/dialloh/home/gpu_comp_hmm_regime/build'
make[2]: Nothing to be done for 'src/cuda/kernels/CMakeFiles/hmm_kernels.dir/build'.
make[2]: Leaving directory '/user/7/.base/dialloh/home/gpu_comp_hmm_regime/build'
[ 23%] Built target hmm_cpu
[ 46%] Built target hmm_kernels
make  -f src/cuda/CMakeFiles/hmm_cuda.dir/build.make src/cuda/CMakeFiles/hmm_cuda.dir/depend
make  -f test/CMakeFiles/test_scan_primitives_gpu.dir/build.make test/CMakeFiles/test_scan_primitives_gpu.dir/depend
make[2]: Entering directory '/user/7/.base/dialloh/home/gpu_comp_hmm_regime/build'
cd /user/7/dialloh/gpu_comp_hmm_regime/build && /usr/bin/cmake -E cmake_depends "Unix Makefiles" /user/7/dialloh/gpu_comp_hmm_regime /user/7/dialloh/gpu_comp_hmm_regime/src/cuda /user/7/dialloh/gpu_comp_hmm_regime/build /user/7/dialloh/gpu_comp_hmm_regime/build/src/cuda /user/7/dialloh/gpu_comp_hmm_regime/build/src/cuda/CMakeFiles/hmm_cuda.dir/DependInfo.cmake "--color="
make[2]: Entering directory '/user/7/.base/dialloh/home/gpu_comp_hmm_regime/build'
cd /user/7/dialloh/gpu_comp_hmm_regime/build && /usr/bin/cmake -E cmake_depends "Unix Makefiles" /user/7/dialloh/gpu_comp_hmm_regime /user/7/dialloh/gpu_comp_hmm_regime/test /user/7/dialloh/gpu_comp_hmm_regime/build /user/7/dialloh/gpu_comp_hmm_regime/build/test /user/7/dialloh/gpu_comp_hmm_regime/build/test/CMakeFiles/test_scan_primitives_gpu.dir/DependInfo.cmake "--color="
Dependencies file "test/CMakeFiles/test_scan_primitives_gpu.dir/cuda/test_scan_primitives_gpu.cu.o.d" is newer than depends file "/user/7/dialloh/gpu_comp_hmm_regime/build/test/CMakeFiles/test_scan_primitives_gpu.dir/compiler_depend.internal".
Dependencies file "src/cuda/CMakeFiles/hmm_cuda.dir/algo_hmm_gpu.cu.o.d" is newer than depends file "/user/7/dialloh/gpu_comp_hmm_regime/build/src/cuda/CMakeFiles/hmm_cuda.dir/compiler_depend.internal".
Consolidate compiler generated dependencies of target test_scan_primitives_gpu
Dependencies file "src/cuda/CMakeFiles/hmm_cuda.dir/linear_algebra_gpu.cu.o.d" is newer than depends file "/user/7/dialloh/gpu_comp_hmm_regime/build/src/cuda/CMakeFiles/hmm_cuda.dir/compiler_depend.internal".
make[2]: Leaving directory '/user/7/.base/dialloh/home/gpu_comp_hmm_regime/build'
make  -f test/CMakeFiles/test_scan_primitives_gpu.dir/build.make test/CMakeFiles/test_scan_primitives_gpu.dir/build
make[2]: Entering directory '/user/7/.base/dialloh/home/gpu_comp_hmm_regime/build'
Consolidate compiler generated dependencies of target hmm_cuda
make[2]: Leaving directory '/user/7/.base/dialloh/home/gpu_comp_hmm_regime/build'
make  -f src/cuda/CMakeFiles/hmm_cuda.dir/build.make src/cuda/CMakeFiles/hmm_cuda.dir/build
make[2]: Entering directory '/user/7/.base/dialloh/home/gpu_comp_hmm_regime/build'
make[2]: Nothing to be done for 'src/cuda/CMakeFiles/hmm_cuda.dir/build'.
[ 50%] Building CUDA object test/CMakeFiles/test_scan_primitives_gpu.dir/cuda/test_scan_primitives_gpu.cu.o
make[2]: Leaving directory '/user/7/.base/dialloh/home/gpu_comp_hmm_regime/build'
cd /user/7/dialloh/gpu_comp_hmm_regime/build/test && /usr/local/cuda-12.6/bin/nvcc -forward-unknown-to-host-compiler  --options-file CMakeFiles/test_scan_primitives_gpu.dir/includes_CUDA.rsp -O3 -DNDEBUG -std=c++17 "--generate-code=arch=compute_52,code=[compute_52,sm_52]" -MD -MT test/CMakeFiles/test_scan_primitives_gpu.dir/cuda/test_scan_primitives_gpu.cu.o -MF CMakeFiles/test_scan_primitives_gpu.dir/cuda/test_scan_primitives_gpu.cu.o.d -x cu -c /user/7/dialloh/gpu_comp_hmm_regime/test/cuda/test_scan_primitives_gpu.cu -o CMakeFiles/test_scan_primitives_gpu.dir/cuda/test_scan_primitives_gpu.cu.o
[ 65%] Built target hmm_cuda
make  -f src/CMakeFiles/hmm_main.dir/build.make src/CMakeFiles/hmm_main.dir/depend
make  -f test/CMakeFiles/test_linear_algebra_gpu.dir/build.make test/CMakeFiles/test_linear_algebra_gpu.dir/depend
make  -f test/CMakeFiles/test_forward_backward_gpu.dir/build.make test/CMakeFiles/test_forward_backward_gpu.dir/depend
make[2]: Entering directory '/user/7/.base/dialloh/home/gpu_comp_hmm_regime/build'
cd /user/7/dialloh/gpu_comp_hmm_regime/build && /usr/bin/cmake -E cmake_depends "Unix Makefiles" /user/7/dialloh/gpu_comp_hmm_regime /user/7/dialloh/gpu_comp_hmm_regime/test /user/7/dialloh/gpu_comp_hmm_regime/build /user/7/dialloh/gpu_comp_hmm_regime/build/test /user/7/dialloh/gpu_comp_hmm_regime/build/test/CMakeFiles/test_linear_algebra_gpu.dir/DependInfo.cmake "--color="
make[2]: Entering directory '/user/7/.base/dialloh/home/gpu_comp_hmm_regime/build'
cd /user/7/dialloh/gpu_comp_hmm_regime/build && /usr/bin/cmake -E cmake_depends "Unix Makefiles" /user/7/dialloh/gpu_comp_hmm_regime /user/7/dialloh/gpu_comp_hmm_regime/src /user/7/dialloh/gpu_comp_hmm_regime/build /user/7/dialloh/gpu_comp_hmm_regime/build/src /user/7/dialloh/gpu_comp_hmm_regime/build/src/CMakeFiles/hmm_main.dir/DependInfo.cmake "--color="
make[2]: Entering directory '/user/7/.base/dialloh/home/gpu_comp_hmm_regime/build'
cd /user/7/dialloh/gpu_comp_hmm_regime/build && /usr/bin/cmake -E cmake_depends "Unix Makefiles" /user/7/dialloh/gpu_comp_hmm_regime /user/7/dialloh/gpu_comp_hmm_regime/test /user/7/dialloh/gpu_comp_hmm_regime/build /user/7/dialloh/gpu_comp_hmm_regime/build/test /user/7/dialloh/gpu_comp_hmm_regime/build/test/CMakeFiles/test_forward_backward_gpu.dir/DependInfo.cmake "--color="
Dependencies file "test/CMakeFiles/test_forward_backward_gpu.dir/cuda/test_forward_backward_gpu.cu.o.d" is newer than depends file "/user/7/dialloh/gpu_comp_hmm_regime/build/test/CMakeFiles/test_forward_backward_gpu.dir/compiler_depend.internal".
Dependencies file "src/CMakeFiles/hmm_main.dir/main.cpp.o.d" is newer than depends file "/user/7/dialloh/gpu_comp_hmm_regime/build/src/CMakeFiles/hmm_main.dir/compiler_depend.internal".
Consolidate compiler generated dependencies of target test_forward_backward_gpu
make[2]: Leaving directory '/user/7/.base/dialloh/home/gpu_comp_hmm_regime/build'
make[2]: Leaving directory '/user/7/.base/dialloh/home/gpu_comp_hmm_regime/build'
make  -f test/CMakeFiles/test_linear_algebra_gpu.dir/build.make test/CMakeFiles/test_linear_algebra_gpu.dir/build
make  -f test/CMakeFiles/test_forward_backward_gpu.dir/build.make test/CMakeFiles/test_forward_backward_gpu.dir/build
Consolidate compiler generated dependencies of target hmm_main
make[2]: Leaving directory '/user/7/.base/dialloh/home/gpu_comp_hmm_regime/build'
make  -f src/CMakeFiles/hmm_main.dir/build.make src/CMakeFiles/hmm_main.dir/build
make[2]: Entering directory '/user/7/.base/dialloh/home/gpu_comp_hmm_regime/build'
make[2]: Entering directory '/user/7/.base/dialloh/home/gpu_comp_hmm_regime/build'
make[2]: Entering directory '/user/7/.base/dialloh/home/gpu_comp_hmm_regime/build'
[ 73%] Building CUDA object test/CMakeFiles/test_linear_algebra_gpu.dir/cuda/test_linear_algebra_gpu.cu.o
[ 73%] Building CUDA object test/CMakeFiles/test_forward_backward_gpu.dir/cuda/test_forward_backward_gpu.cu.o
cd /user/7/dialloh/gpu_comp_hmm_regime/build/test && /usr/local/cuda-12.6/bin/nvcc -forward-unknown-to-host-compiler  --options-file CMakeFiles/test_linear_algebra_gpu.dir/includes_CUDA.rsp -O3 -DNDEBUG -std=c++17 "--generate-code=arch=compute_52,code=[compute_52,sm_52]" -MD -MT test/CMakeFiles/test_linear_algebra_gpu.dir/cuda/test_linear_algebra_gpu.cu.o -MF CMakeFiles/test_linear_algebra_gpu.dir/cuda/test_linear_algebra_gpu.cu.o.d -x cu -c /user/7/dialloh/gpu_comp_hmm_regime/test/cuda/test_linear_algebra_gpu.cu -o CMakeFiles/test_linear_algebra_gpu.dir/cuda/test_linear_algebra_gpu.cu.o
cd /user/7/dialloh/gpu_comp_hmm_regime/build/test && /usr/local/cuda-12.6/bin/nvcc -forward-unknown-to-host-compiler  --options-file CMakeFiles/test_forward_backward_gpu.dir/includes_CUDA.rsp -O3 -DNDEBUG -std=c++17 "--generate-code=arch=compute_52,code=[compute_52,sm_52]" -MD -MT test/CMakeFiles/test_forward_backward_gpu.dir/cuda/test_forward_backward_gpu.cu.o -MF CMakeFiles/test_forward_backward_gpu.dir/cuda/test_forward_backward_gpu.cu.o.d -x cu -c /user/7/dialloh/gpu_comp_hmm_regime/test/cuda/test_forward_backward_gpu.cu -o CMakeFiles/test_forward_backward_gpu.dir/cuda/test_forward_backward_gpu.cu.o
[ 76%] Building CXX object src/CMakeFiles/hmm_main.dir/main.cpp.o
cd /user/7/dialloh/gpu_comp_hmm_regime/build/src && /usr/bin/c++ -DUSE_CUDA -I/user/7/dialloh/gpu_comp_hmm_regime/include/cpu -I/user/7/dialloh/gpu_comp_hmm_regime/include/cuda -I/user/7/dialloh/gpu_comp_hmm_regime/include -isystem /usr/local/cuda-12.6/targets/x86_64-linux/include -Wall -Wextra -O3 -march=native -DNDEBUG -std=c++17 -MD -MT src/CMakeFiles/hmm_main.dir/main.cpp.o -MF CMakeFiles/hmm_main.dir/main.cpp.o.d -o CMakeFiles/hmm_main.dir/main.cpp.o -c /user/7/dialloh/gpu_comp_hmm_regime/src/main.cpp
[ 80%] Linking CXX executable hmm_main
cd /user/7/dialloh/gpu_comp_hmm_regime/build/src && /usr/bin/cmake -E cmake_link_script CMakeFiles/hmm_main.dir/link.txt --verbose=1
/usr/bin/c++  -Wall -Wextra -O3 -march=native -DNDEBUG CMakeFiles/hmm_main.dir/main.cpp.o -o hmm_main   -L/usr/local/cuda-12.6/targets/x86_64-linux/lib/stubs  -L/usr/local/cuda-12.6/targets/x86_64-linux/lib  -Wl,-rpath,/usr/local/cuda-12.6/targets/x86_64-linux/lib: cpu/libhmm_cpu.a cuda/libhmm_cuda.a cpu/libhmm_cpu.a -lm cuda/kernels/libhmm_kernels.a /usr/local/cuda-12.6/targets/x86_64-linux/lib/libcudart.so /usr/local/cuda-12.6/targets/x86_64-linux/lib/libcublas.so /usr/local/cuda-12.6/targets/x86_64-linux/lib/libcublasLt.so /usr/local/cuda-12.6/targets/x86_64-linux/lib/libculibos.a -lcudadevrt -lcudart_static -lrt -lpthread -ldl 
make[2]: Leaving directory '/user/7/.base/dialloh/home/gpu_comp_hmm_regime/build'
[ 80%] Built target hmm_main
make  -f test/CMakeFiles/test_viterbi_gpu.dir/build.make test/CMakeFiles/test_viterbi_gpu.dir/depend
make[2]: Entering directory '/user/7/.base/dialloh/home/gpu_comp_hmm_regime/build'
cd /user/7/dialloh/gpu_comp_hmm_regime/build && /usr/bin/cmake -E cmake_depends "Unix Makefiles" /user/7/dialloh/gpu_comp_hmm_regime /user/7/dialloh/gpu_comp_hmm_regime/test /user/7/dialloh/gpu_comp_hmm_regime/build /user/7/dialloh/gpu_comp_hmm_regime/build/test /user/7/dialloh/gpu_comp_hmm_regime/build/test/CMakeFiles/test_viterbi_gpu.dir/DependInfo.cmake "--color="
make[2]: Leaving directory '/user/7/.base/dialloh/home/gpu_comp_hmm_regime/build'
make  -f test/CMakeFiles/test_viterbi_gpu.dir/build.make test/CMakeFiles/test_viterbi_gpu.dir/build
make[2]: Entering directory '/user/7/.base/dialloh/home/gpu_comp_hmm_regime/build'
[ 84%] Building CUDA object test/CMakeFiles/test_viterbi_gpu.dir/cuda/test_viterbi_gpu.cu.o
cd /user/7/dialloh/gpu_comp_hmm_regime/build/test && /usr/local/cuda-12.6/bin/nvcc -forward-unknown-to-host-compiler  --options-file CMakeFiles/test_viterbi_gpu.dir/includes_CUDA.rsp -O3 -DNDEBUG -std=c++17 "--generate-code=arch=compute_52,code=[compute_52,sm_52]" -MD -MT test/CMakeFiles/test_viterbi_gpu.dir/cuda/test_viterbi_gpu.cu.o -MF CMakeFiles/test_viterbi_gpu.dir/cuda/test_viterbi_gpu.cu.o.d -x cu -c /user/7/dialloh/gpu_comp_hmm_regime/test/cuda/test_viterbi_gpu.cu -o CMakeFiles/test_viterbi_gpu.dir/cuda/test_viterbi_gpu.cu.o
[ 92%] Linking CUDA executable test_scan_primitives_gpu
[ 92%] Linking CXX executable test_forward_backward_gpu
cd /user/7/dialloh/gpu_comp_hmm_regime/build/test && /usr/bin/cmake -E cmake_link_script CMakeFiles/test_forward_backward_gpu.dir/link.txt --verbose=1
cd /user/7/dialloh/gpu_comp_hmm_regime/build/test && /usr/bin/cmake -E cmake_link_script CMakeFiles/test_scan_primitives_gpu.dir/link.txt --verbose=1
/usr/bin/c++  -Wall -Wextra -O3 -march=native -DNDEBUG CMakeFiles/test_forward_backward_gpu.dir/cuda/test_forward_backward_gpu.cu.o -o test_forward_backward_gpu   -L/usr/local/cuda-12.6/targets/x86_64-linux/lib/stubs  -L/usr/local/cuda-12.6/targets/x86_64-linux/lib  -Wl,-rpath,/usr/local/cuda-12.6/targets/x86_64-linux/lib ../src/cuda/libhmm_cuda.a ../src/cpu/libhmm_cpu.a /usr/local/cuda-12.6/targets/x86_64-linux/lib/libcudart.so -lm ../src/cuda/kernels/libhmm_kernels.a /usr/local/cuda-12.6/targets/x86_64-linux/lib/libcudart.so /usr/local/cuda-12.6/targets/x86_64-linux/lib/libcublas.so /usr/local/cuda-12.6/targets/x86_64-linux/lib/libcublasLt.so /usr/local/cuda-12.6/targets/x86_64-linux/lib/libculibos.a -lcudadevrt -lcudart_static -lrt -lpthread -ldl 
/usr/bin/g++ @CMakeFiles/test_scan_primitives_gpu.dir/objects1.rsp -o test_scan_primitives_gpu @CMakeFiles/test_scan_primitives_gpu.dir/linkLibs.rsp -L"/usr/local/cuda-12.6/targets/x86_64-linux/lib/stubs" -L"/usr/local/cuda-12.6/targets/x86_64-linux/lib"
make[2]: Leaving directory '/user/7/.base/dialloh/home/gpu_comp_hmm_regime/build'
make[2]: Leaving directory '/user/7/.base/dialloh/home/gpu_comp_hmm_regime/build'
[ 92%] Built target test_forward_backward_gpu
[ 92%] Built target test_scan_primitives_gpu
[ 96%] Linking CXX executable test_viterbi_gpu
cd /user/7/dialloh/gpu_comp_hmm_regime/build/test && /usr/bin/cmake -E cmake_link_script CMakeFiles/test_viterbi_gpu.dir/link.txt --verbose=1
/usr/bin/c++  -Wall -Wextra -O3 -march=native -DNDEBUG CMakeFiles/test_viterbi_gpu.dir/cuda/test_viterbi_gpu.cu.o -o test_viterbi_gpu   -L/usr/local/cuda-12.6/targets/x86_64-linux/lib/stubs  -L/usr/local/cuda-12.6/targets/x86_64-linux/lib  -Wl,-rpath,/usr/local/cuda-12.6/targets/x86_64-linux/lib ../src/cuda/libhmm_cuda.a ../src/cpu/libhmm_cpu.a /usr/local/cuda-12.6/targets/x86_64-linux/lib/libcudart.so -lm ../src/cuda/kernels/libhmm_kernels.a /usr/local/cuda-12.6/targets/x86_64-linux/lib/libcudart.so /usr/local/cuda-12.6/targets/x86_64-linux/lib/libcublas.so /usr/local/cuda-12.6/targets/x86_64-linux/lib/libcublasLt.so /usr/local/cuda-12.6/targets/x86_64-linux/lib/libculibos.a -lcudadevrt -lcudart_static -lrt -lpthread -ldl 
[100%] Linking CXX executable test_linear_algebra_gpu
cd /user/7/dialloh/gpu_comp_hmm_regime/build/test && /usr/bin/cmake -E cmake_link_script CMakeFiles/test_linear_algebra_gpu.dir/link.txt --verbose=1
/usr/bin/c++  -Wall -Wextra -O3 -march=native -DNDEBUG CMakeFiles/test_linear_algebra_gpu.dir/cuda/test_linear_algebra_gpu.cu.o -o test_linear_algebra_gpu   -L/usr/local/cuda-12.6/targets/x86_64-linux/lib/stubs  -L/usr/local/cuda-12.6/targets/x86_64-linux/lib  -Wl,-rpath,/usr/local/cuda-12.6/targets/x86_64-linux/lib ../src/cuda/libhmm_cuda.a ../src/cpu/libhmm_cpu.a /usr/local/cuda-12.6/targets/x86_64-linux/lib/libcudart.so -lm ../src/cuda/kernels/libhmm_kernels.a /usr/local/cuda-12.6/targets/x86_64-linux/lib/libcudart.so /usr/local/cuda-12.6/targets/x86_64-linux/lib/libcublas.so /usr/local/cuda-12.6/targets/x86_64-linux/lib/libcublasLt.so /usr/local/cuda-12.6/targets/x86_64-linux/lib/libculibos.a -lcudadevrt -lcudart_static -lrt -lpthread -ldl 
make[2]: Leaving directory '/user/7/.base/dialloh/home/gpu_comp_hmm_regime/build'
[100%] Built target test_viterbi_gpu
make[2]: Leaving directory '/user/7/.base/dialloh/home/gpu_comp_hmm_regime/build'
[100%] Built target test_linear_algebra_gpu
make[1]: Leaving directory '/user/7/.base/dialloh/home/gpu_comp_hmm_regime/build'
/usr/bin/cmake -E cmake_progress_start /user/7/dialloh/gpu_comp_hmm_regime/build/CMakeFiles 0
✓ Build complete

GPU Info:
name, memory.total [MiB], driver_version
Quadro RTX 6000, 23040 MiB, 580.65.06
Quadro RTX 6000, 23040 MiB, 580.65.06
Quadro RTX 6000, 23040 MiB, 580.65.06

Running all GPU tests...

==========================================
Job completed at Fri Dec 26 17:13:53 CET 2025
==========================================
