==========================================
GPU Job - HMM Regime Detection
Job ID: 37028
Node: turing-2
Date: Fri Jan  9 10:02:11 CET 2026
==========================================


GPU Info:
name, memory.total [MiB], driver_version
Quadro RTX 6000, 23040 MiB, 580.65.06
Quadro RTX 6000, 23040 MiB, 580.65.06
Quadro RTX 6000, 23040 MiB, 580.65.06

Running all GPU tests...

================================
Running: test_baum_welch_gpu
================================

========================================
TEST BAUM-WELCH GPU vs CPU
========================================


============================================
Test Baum-Welch: T=500, N=3, K=4
============================================

[GPU] Baum-Welch Algorithm...
  ✓ Total Time: 36.0408 ms
[CPU] Baum-Welch Algorithm...
Final LL GPU: -504.694
Final LL CPU: -500.962
Speedup: 0.202458x
[32m[REUSSI] Convergence Similaire[0m

============================================
Test Baum-Welch: T=1000, N=4, K=4
============================================

[GPU] Baum-Welch Algorithm...
  ✓ Total Time: 4.22266 ms
[CPU] Baum-Welch Algorithm...
Final LL GPU: -1.99981e+08
Final LL CPU: 399.656
Speedup: 3.14947x
[31m[ATTENTION] Divergence numérique (Log-Space vs Linear)[0m

============================================
Test Baum-Welch: T=5000, N=4, K=4
============================================

[GPU] Baum-Welch Algorithm...
  ✓ Total Time: 8.68989 ms
[CPU] Baum-Welch Algorithm...
Final LL GPU: 1412.2
Final LL CPU: 1411.44
Speedup: 7.68815x
[32m[REUSSI] Convergence Similaire[0m

============================================
Test Baum-Welch: T=10000, N=4, K=4
============================================

[GPU] Baum-Welch Algorithm...
  ✓ Total Time: 14.5906 ms
[CPU] Baum-Welch Algorithm...
Final LL GPU: -7228.62
Final LL CPU: -7233.79
Speedup: 9.23707x
[32m[REUSSI] Convergence Similaire[0m

[32m>>> TOUS LES TESTS SONT PASSES ! <<<[0m

================================
Running: test_finance_gpu
================================
--- GPU FINANCIAL HMM ---

================================
Running: test_forward_backward_gpu
================================

========================================
TEST FORWARD-BACKWARD GPU vs CPU
========================================

============================================
Test Forward-Backward: T=500, N=3, K=4
============================================

[GPU] Forward Algorithm...
  ✓ Forward GPU: 0.105098 ms (avg)
[GPU] Backward Algorithm...
✓ Backward GPU: 0.107162 ms (avg)
[CPU] Forward-Backward Algorithm...
  ✓ Forward-Backward CPU: 0.295943 ms
[Validation] Comparing GPU vs CPU...
Alpha Relative Error: 3.63904e-07
Beta Relative Error: 0.00249376
[32m[REUSSI] Alpha GPU vs CPU match[0m
[31m[ECHEC] Beta GPU vs CPU match[0m (Ligne 168)

[Performance Summary]
  GPU Total: 0.212259 ms
  CPU Total: 0.295943 ms
  Speedup: 1.39425x

✅ Test Forward-Backward PASSED

============================================
Test Forward-Backward: T=1000, N=4, K=8
============================================

[GPU] Forward Algorithm...
  ✓ Forward GPU: 0.146291 ms (avg)
[GPU] Backward Algorithm...
✓ Backward GPU: 0.145674 ms (avg)
[CPU] Forward-Backward Algorithm...
  ✓ Forward-Backward CPU: 1.57282 ms
[Validation] Comparing GPU vs CPU...
Alpha Relative Error: 3.778e-07
Beta Relative Error: 0.0172609
[32m[REUSSI] Alpha GPU vs CPU match[0m
[31m[ECHEC] Beta GPU vs CPU match[0m (Ligne 168)

[Performance Summary]
  GPU Total: 0.291965 ms
  CPU Total: 1.57282 ms
  Speedup: 5.387x

✅ Test Forward-Backward PASSED

============================================
Test Forward-Backward: T=5000, N=5, K=10
============================================

[GPU] Forward Algorithm...
  ✓ Forward GPU: 0.351152 ms (avg)
[GPU] Backward Algorithm...
✓ Backward GPU: 0.348262 ms (avg)
[CPU] Forward-Backward Algorithm...
  ✓ Forward-Backward CPU: 13.1129 ms
[Validation] Comparing GPU vs CPU...
Alpha Relative Error: 1.41109e-06
Beta Relative Error: 0.00020477
[32m[REUSSI] Alpha GPU vs CPU match[0m
[32m[REUSSI] Beta GPU vs CPU match[0m

[Performance Summary]
  GPU Total: 0.699414 ms
  CPU Total: 13.1129 ms
  Speedup: 18.7484x

✅ Test Forward-Backward PASSED

============================================
Test Forward-Backward: T=10000, N=5, K=10
============================================

[GPU] Forward Algorithm...
  ✓ Forward GPU: 0.713139 ms (avg)
[GPU] Backward Algorithm...
✓ Backward GPU: 0.712176 ms (avg)
[CPU] Forward-Backward Algorithm...
  ✓ Forward-Backward CPU: 26.1173 ms
[Validation] Comparing GPU vs CPU...
Alpha Relative Error: 1.22025e-06
Beta Relative Error: 0.00159434
[32m[REUSSI] Alpha GPU vs CPU match[0m
[31m[ECHEC] Beta GPU vs CPU match[0m (Ligne 168)

[Performance Summary]
  GPU Total: 1.42532 ms
  CPU Total: 26.1173 ms
  Speedup: 18.3239x

✅ Test Forward-Backward PASSED


[31m>>> 3 TEST(S) ECHOUE(S) <<<[0m

================================
Running: test_viterbi_gpu
================================

========================================
TEST VITERBI GPU vs CPU
========================================


============================================
Test Viterbi: T=500, N=3, K=4
============================================

[GPU] Viterbi Algorithm...
  ✓ Viterbi GPU: 0.142762 ms (avg)

[CPU] Viterbi Algorithm...
  ✓ Viterbi CPU: 0.183856 ms
  Log-Probability (CPU): -3250.88

[Validation] Comparing GPU vs CPU...
  Path Accuracy: 100%
[32m[REUSSI] Viterbi paths match (>95%)[0m
  Accuracy vs True States (GPU): 100%
  Accuracy vs True States (CPU): 100%

[Performance Summary]
  GPU Total: 0.142762 ms
  CPU Total: 0.183856 ms
  Speedup: 1.28785x

✅ Test Viterbi PASSED


============================================
Test Viterbi: T=1000, N=4, K=8
============================================

[GPU] Viterbi Algorithm...
  ✓ Viterbi GPU: 0.18305 ms (avg)

[CPU] Viterbi Algorithm...
  ✓ Viterbi CPU: 1.25685 ms
  Log-Probability (CPU): -12340.4

[Validation] Comparing GPU vs CPU...
  Path Accuracy: 100%
[32m[REUSSI] Viterbi paths match (>95%)[0m
  Accuracy vs True States (GPU): 100%
  Accuracy vs True States (CPU): 100%

[Performance Summary]
  GPU Total: 0.18305 ms
  CPU Total: 1.25685 ms
  Speedup: 6.86616x

✅ Test Viterbi PASSED


============================================
Test Viterbi: T=5000, N=5, K=10
============================================

[GPU] Viterbi Algorithm...
  ✓ Viterbi GPU: 0.42183 ms (avg)

[CPU] Viterbi Algorithm...
  ✓ Viterbi CPU: 10.434 ms
  Log-Probability (CPU): -76176.4

[Validation] Comparing GPU vs CPU...
  Path Accuracy: 100%
[32m[REUSSI] Viterbi paths match (>95%)[0m
  Accuracy vs True States (GPU): 100%
  Accuracy vs True States (CPU): 100%

[Performance Summary]
  GPU Total: 0.42183 ms
  CPU Total: 10.434 ms
  Speedup: 24.7352x

✅ Test Viterbi PASSED


============================================
Test Viterbi: T=10000, N=5, K=10
============================================

[GPU] Viterbi Algorithm...
  ✓ Viterbi GPU: 0.871283 ms (avg)

[CPU] Viterbi Algorithm...
  ✓ Viterbi CPU: 20.843 ms
  Log-Probability (CPU): -152501

[Validation] Comparing GPU vs CPU...
  Path Accuracy: 100%
[32m[REUSSI] Viterbi paths match (>95%)[0m
  Accuracy vs True States (GPU): 100%
  Accuracy vs True States (CPU): 100%

[Performance Summary]
  GPU Total: 0.871283 ms
  CPU Total: 20.843 ms
  Speedup: 23.9222x

✅ Test Viterbi PASSED


[32m>>> TOUS LES TESTS SONT PASSES ! <<<[0m

==========================================
Job completed at Fri Jan  9 10:02:13 CET 2026
==========================================
