==========================================
GPU Job - HMM Regime Detection
Job ID: 36916
Node: turing-2
Date: Tue Jan  6 20:33:00 CET 2026
==========================================

Building with CUDA...
-- The CXX compiler identification is GNU 13.3.0
-- Detecting CXX compiler ABI info
-- Detecting CXX compiler ABI info - done
-- Check for working CXX compiler: /usr/bin/c++ - skipped
-- Detecting CXX compile features
-- Detecting CXX compile features - done
-- The CUDA compiler identification is NVIDIA 12.6.85
-- Detecting CUDA compiler ABI info
-- Detecting CUDA compiler ABI info - done
-- Check for working CUDA compiler: /usr/local/cuda-12.6/bin/nvcc - skipped
-- Detecting CUDA compile features
-- Detecting CUDA compile features - done
-- Found CUDAToolkit: /usr/local/cuda-12.6/targets/x86_64-linux/include (found version "12.6.85") 
-- Performing Test CMAKE_HAVE_LIBC_PTHREAD
-- Performing Test CMAKE_HAVE_LIBC_PTHREAD - Success
-- Found Threads: TRUE  
-- CUDA enabled - architectures: 52
-- Building CUDA kernels library: hmm_kernels
--   Sources: /user/7/dialloh/gpu_comp_hmm_regime/src/cuda/kernels/scan_kernels.cu;/user/7/dialloh/gpu_comp_hmm_regime/src/cuda/kernels/potential_kernels.cu;/user/7/dialloh/gpu_comp_hmm_regime/src/cuda/kernels/viterbi_kernels.cu;/user/7/dialloh/gpu_comp_hmm_regime/src/cuda/kernels/baum_welch_kernels.cu
--   CUDA Architectures: 52
-- Building CUDA orchestration library: hmm_cuda
--   Sources: /user/7/dialloh/gpu_comp_hmm_regime/src/cuda/algo_hmm_gpu.cu
--   Dependencies: hmm_kernels, hmm_cpu
-- CUDA tests enabled
--   - test_forward_backward_gpu
--   - test_viterbi_gpu
-- 
-- ========================================
-- GPU HMM Regime Detection - Configuration
-- ========================================
-- Build type      : Release
-- C++ compiler    : /usr/bin/c++
-- CUDA support    : ON
-- Tests           : ON
-- Benchmarks      : OFF
-- Profiling       : OFF
-- ========================================
-- 
-- Configuring done (3.4s)
-- Generating done (0.2s)
-- Build files have been written to: /user/7/dialloh/gpu_comp_hmm_regime/build
/usr/bin/cmake -S/user/7/dialloh/gpu_comp_hmm_regime -B/user/7/dialloh/gpu_comp_hmm_regime/build --check-build-system CMakeFiles/Makefile.cmake 0
/usr/bin/cmake -E cmake_progress_start /user/7/dialloh/gpu_comp_hmm_regime/build/CMakeFiles /user/7/dialloh/gpu_comp_hmm_regime/build//CMakeFiles/progress.marks
make  -f CMakeFiles/Makefile2 all
make[1]: Entering directory '/user/7/.base/dialloh/home/gpu_comp_hmm_regime/build'
make  -f src/cuda/kernels/CMakeFiles/hmm_kernels.dir/build.make src/cuda/kernels/CMakeFiles/hmm_kernels.dir/depend
make  -f src/cpu/CMakeFiles/hmm_cpu.dir/build.make src/cpu/CMakeFiles/hmm_cpu.dir/depend
make[2]: Entering directory '/user/7/.base/dialloh/home/gpu_comp_hmm_regime/build'
cd /user/7/dialloh/gpu_comp_hmm_regime/build && /usr/bin/cmake -E cmake_depends "Unix Makefiles" /user/7/dialloh/gpu_comp_hmm_regime /user/7/dialloh/gpu_comp_hmm_regime/src/cuda/kernels /user/7/dialloh/gpu_comp_hmm_regime/build /user/7/dialloh/gpu_comp_hmm_regime/build/src/cuda/kernels /user/7/dialloh/gpu_comp_hmm_regime/build/src/cuda/kernels/CMakeFiles/hmm_kernels.dir/DependInfo.cmake "--color="
make[2]: Entering directory '/user/7/.base/dialloh/home/gpu_comp_hmm_regime/build'
cd /user/7/dialloh/gpu_comp_hmm_regime/build && /usr/bin/cmake -E cmake_depends "Unix Makefiles" /user/7/dialloh/gpu_comp_hmm_regime /user/7/dialloh/gpu_comp_hmm_regime/src/cpu /user/7/dialloh/gpu_comp_hmm_regime/build /user/7/dialloh/gpu_comp_hmm_regime/build/src/cpu /user/7/dialloh/gpu_comp_hmm_regime/build/src/cpu/CMakeFiles/hmm_cpu.dir/DependInfo.cmake "--color="
make[2]: Leaving directory '/user/7/.base/dialloh/home/gpu_comp_hmm_regime/build'
make  -f src/cuda/kernels/CMakeFiles/hmm_kernels.dir/build.make src/cuda/kernels/CMakeFiles/hmm_kernels.dir/build
make[2]: Leaving directory '/user/7/.base/dialloh/home/gpu_comp_hmm_regime/build'
make  -f src/cpu/CMakeFiles/hmm_cpu.dir/build.make src/cpu/CMakeFiles/hmm_cpu.dir/build
make[2]: Entering directory '/user/7/.base/dialloh/home/gpu_comp_hmm_regime/build'
make[2]: Entering directory '/user/7/.base/dialloh/home/gpu_comp_hmm_regime/build'
[  5%] Building CUDA object src/cuda/kernels/CMakeFiles/hmm_kernels.dir/viterbi_kernels.cu.o
[ 10%] Building CXX object src/cpu/CMakeFiles/hmm_cpu.dir/linalg_cpu.cpp.o
cd /user/7/dialloh/gpu_comp_hmm_regime/build/src/cuda/kernels && /usr/local/cuda-12.6/bin/nvcc -forward-unknown-to-host-compiler  --options-file CMakeFiles/hmm_kernels.dir/includes_CUDA.rsp -O3 -DNDEBUG -std=c++14 "--generate-code=arch=compute_52,code=[compute_52,sm_52]" -Xcompiler=-fPIC --expt-relaxed-constexpr -Xcompiler=-Wall -Xcompiler=-Wextra -MD -MT src/cuda/kernels/CMakeFiles/hmm_kernels.dir/viterbi_kernels.cu.o -MF CMakeFiles/hmm_kernels.dir/viterbi_kernels.cu.o.d -x cu -rdc=true -c /user/7/dialloh/gpu_comp_hmm_regime/src/cuda/kernels/viterbi_kernels.cu -o CMakeFiles/hmm_kernels.dir/viterbi_kernels.cu.o
cd /user/7/dialloh/gpu_comp_hmm_regime/build/src/cpu && /usr/bin/c++  -I/user/7/dialloh/gpu_comp_hmm_regime/include/cpu -I/user/7/dialloh/gpu_comp_hmm_regime/include/cuda -Wall -Wextra -O3 -march=native -DNDEBUG -std=c++17 -Wall -Wextra -Wpedantic -O3 -march=native -ffast-math -MD -MT src/cpu/CMakeFiles/hmm_cpu.dir/linalg_cpu.cpp.o -MF CMakeFiles/hmm_cpu.dir/linalg_cpu.cpp.o.d -o CMakeFiles/hmm_cpu.dir/linalg_cpu.cpp.o -c /user/7/dialloh/gpu_comp_hmm_regime/src/cpu/linalg_cpu.cpp
[ 20%] Building CUDA object src/cuda/kernels/CMakeFiles/hmm_kernels.dir/potential_kernels.cu.o
[ 20%] Building CUDA object src/cuda/kernels/CMakeFiles/hmm_kernels.dir/scan_kernels.cu.o
cd /user/7/dialloh/gpu_comp_hmm_regime/build/src/cuda/kernels && /usr/local/cuda-12.6/bin/nvcc -forward-unknown-to-host-compiler  --options-file CMakeFiles/hmm_kernels.dir/includes_CUDA.rsp -O3 -DNDEBUG -std=c++14 "--generate-code=arch=compute_52,code=[compute_52,sm_52]" -Xcompiler=-fPIC --expt-relaxed-constexpr -Xcompiler=-Wall -Xcompiler=-Wextra -MD -MT src/cuda/kernels/CMakeFiles/hmm_kernels.dir/potential_kernels.cu.o -MF CMakeFiles/hmm_kernels.dir/potential_kernels.cu.o.d -x cu -rdc=true -c /user/7/dialloh/gpu_comp_hmm_regime/src/cuda/kernels/potential_kernels.cu -o CMakeFiles/hmm_kernels.dir/potential_kernels.cu.o
cd /user/7/dialloh/gpu_comp_hmm_regime/build/src/cuda/kernels && /usr/local/cuda-12.6/bin/nvcc -forward-unknown-to-host-compiler  --options-file CMakeFiles/hmm_kernels.dir/includes_CUDA.rsp -O3 -DNDEBUG -std=c++14 "--generate-code=arch=compute_52,code=[compute_52,sm_52]" -Xcompiler=-fPIC --expt-relaxed-constexpr -Xcompiler=-Wall -Xcompiler=-Wextra -MD -MT src/cuda/kernels/CMakeFiles/hmm_kernels.dir/scan_kernels.cu.o -MF CMakeFiles/hmm_kernels.dir/scan_kernels.cu.o.d -x cu -rdc=true -c /user/7/dialloh/gpu_comp_hmm_regime/src/cuda/kernels/scan_kernels.cu -o CMakeFiles/hmm_kernels.dir/scan_kernels.cu.o
[ 25%] Building CXX object src/cpu/CMakeFiles/hmm_cpu.dir/algo_hmm_cpu.cpp.o
cd /user/7/dialloh/gpu_comp_hmm_regime/build/src/cpu && /usr/bin/c++  -I/user/7/dialloh/gpu_comp_hmm_regime/include/cpu -I/user/7/dialloh/gpu_comp_hmm_regime/include/cuda -Wall -Wextra -O3 -march=native -DNDEBUG -std=c++17 -Wall -Wextra -Wpedantic -O3 -march=native -ffast-math -MD -MT src/cpu/CMakeFiles/hmm_cpu.dir/algo_hmm_cpu.cpp.o -MF CMakeFiles/hmm_cpu.dir/algo_hmm_cpu.cpp.o.d -o CMakeFiles/hmm_cpu.dir/algo_hmm_cpu.cpp.o -c /user/7/dialloh/gpu_comp_hmm_regime/src/cpu/algo_hmm_cpu.cpp
[ 30%] Building CUDA object src/cuda/kernels/CMakeFiles/hmm_kernels.dir/baum_welch_kernels.cu.o
cd /user/7/dialloh/gpu_comp_hmm_regime/build/src/cuda/kernels && /usr/local/cuda-12.6/bin/nvcc -forward-unknown-to-host-compiler  --options-file CMakeFiles/hmm_kernels.dir/includes_CUDA.rsp -O3 -DNDEBUG -std=c++14 "--generate-code=arch=compute_52,code=[compute_52,sm_52]" -Xcompiler=-fPIC --expt-relaxed-constexpr -Xcompiler=-Wall -Xcompiler=-Wextra -MD -MT src/cuda/kernels/CMakeFiles/hmm_kernels.dir/baum_welch_kernels.cu.o -MF CMakeFiles/hmm_kernels.dir/baum_welch_kernels.cu.o.d -x cu -rdc=true -c /user/7/dialloh/gpu_comp_hmm_regime/src/cuda/kernels/baum_welch_kernels.cu -o CMakeFiles/hmm_kernels.dir/baum_welch_kernels.cu.o
[ 35%] Linking CXX static library libhmm_cpu.a
cd /user/7/dialloh/gpu_comp_hmm_regime/build/src/cpu && /usr/bin/cmake -P CMakeFiles/hmm_cpu.dir/cmake_clean_target.cmake
cd /user/7/dialloh/gpu_comp_hmm_regime/build/src/cpu && /usr/bin/cmake -E cmake_link_script CMakeFiles/hmm_cpu.dir/link.txt --verbose=1
/usr/bin/ar qc libhmm_cpu.a CMakeFiles/hmm_cpu.dir/linalg_cpu.cpp.o CMakeFiles/hmm_cpu.dir/algo_hmm_cpu.cpp.o
/usr/bin/ranlib libhmm_cpu.a
make[2]: Leaving directory '/user/7/.base/dialloh/home/gpu_comp_hmm_regime/build'
[ 35%] Built target hmm_cpu
[ 40%] Linking CUDA device code CMakeFiles/hmm_kernels.dir/cmake_device_link.o
cd /user/7/dialloh/gpu_comp_hmm_regime/build/src/cuda/kernels && /usr/bin/cmake -E cmake_link_script CMakeFiles/hmm_kernels.dir/dlink.txt --verbose=1
/usr/local/cuda-12.6/bin/nvcc -forward-unknown-to-host-compiler -O3 -DNDEBUG "--generate-code=arch=compute_52,code=[compute_52,sm_52]" -Xcompiler=-fPIC -Wno-deprecated-gpu-targets -shared -dlink --options-file CMakeFiles/hmm_kernels.dir/deviceObjects1.rsp -o CMakeFiles/hmm_kernels.dir/cmake_device_link.o --options-file CMakeFiles/hmm_kernels.dir/deviceLinkLibs.rsp
[ 45%] Linking CUDA static library libhmm_kernels.a
cd /user/7/dialloh/gpu_comp_hmm_regime/build/src/cuda/kernels && /usr/bin/cmake -P CMakeFiles/hmm_kernels.dir/cmake_clean_target.cmake
cd /user/7/dialloh/gpu_comp_hmm_regime/build/src/cuda/kernels && /usr/bin/cmake -E cmake_link_script CMakeFiles/hmm_kernels.dir/link.txt --verbose=1
/usr/bin/ar qc libhmm_kernels.a CMakeFiles/hmm_kernels.dir/scan_kernels.cu.o CMakeFiles/hmm_kernels.dir/potential_kernels.cu.o CMakeFiles/hmm_kernels.dir/viterbi_kernels.cu.o CMakeFiles/hmm_kernels.dir/baum_welch_kernels.cu.o
/usr/bin/ar q libhmm_kernels.a CMakeFiles/hmm_kernels.dir/cmake_device_link.o
/usr/bin/ranlib libhmm_kernels.a
make[2]: Leaving directory '/user/7/.base/dialloh/home/gpu_comp_hmm_regime/build'
[ 45%] Built target hmm_kernels
make  -f src/cuda/CMakeFiles/hmm_cuda.dir/build.make src/cuda/CMakeFiles/hmm_cuda.dir/depend
make[2]: Entering directory '/user/7/.base/dialloh/home/gpu_comp_hmm_regime/build'
cd /user/7/dialloh/gpu_comp_hmm_regime/build && /usr/bin/cmake -E cmake_depends "Unix Makefiles" /user/7/dialloh/gpu_comp_hmm_regime /user/7/dialloh/gpu_comp_hmm_regime/src/cuda /user/7/dialloh/gpu_comp_hmm_regime/build /user/7/dialloh/gpu_comp_hmm_regime/build/src/cuda /user/7/dialloh/gpu_comp_hmm_regime/build/src/cuda/CMakeFiles/hmm_cuda.dir/DependInfo.cmake "--color="
make[2]: Leaving directory '/user/7/.base/dialloh/home/gpu_comp_hmm_regime/build'
make  -f src/cuda/CMakeFiles/hmm_cuda.dir/build.make src/cuda/CMakeFiles/hmm_cuda.dir/build
make[2]: Entering directory '/user/7/.base/dialloh/home/gpu_comp_hmm_regime/build'
[ 50%] Building CUDA object src/cuda/CMakeFiles/hmm_cuda.dir/algo_hmm_gpu.cu.o
cd /user/7/dialloh/gpu_comp_hmm_regime/build/src/cuda && /usr/local/cuda-12.6/bin/nvcc -forward-unknown-to-host-compiler  --options-file CMakeFiles/hmm_cuda.dir/includes_CUDA.rsp -O3 -DNDEBUG -std=c++17 "--generate-code=arch=compute_52,code=[compute_52,sm_52]" -Xcompiler=-fPIC --expt-relaxed-constexpr -Xcompiler=-Wall -MD -MT src/cuda/CMakeFiles/hmm_cuda.dir/algo_hmm_gpu.cu.o -MF CMakeFiles/hmm_cuda.dir/algo_hmm_gpu.cu.o.d -x cu -rdc=true -c /user/7/dialloh/gpu_comp_hmm_regime/src/cuda/algo_hmm_gpu.cu -o CMakeFiles/hmm_cuda.dir/algo_hmm_gpu.cu.o
[ 55%] Linking CUDA device code CMakeFiles/hmm_cuda.dir/cmake_device_link.o
cd /user/7/dialloh/gpu_comp_hmm_regime/build/src/cuda && /usr/bin/cmake -E cmake_link_script CMakeFiles/hmm_cuda.dir/dlink.txt --verbose=1
/usr/local/cuda-12.6/bin/nvcc -forward-unknown-to-host-compiler -O3 -DNDEBUG "--generate-code=arch=compute_52,code=[compute_52,sm_52]" -Xcompiler=-fPIC -Wno-deprecated-gpu-targets -shared -dlink --options-file CMakeFiles/hmm_cuda.dir/deviceObjects1.rsp -o CMakeFiles/hmm_cuda.dir/cmake_device_link.o --options-file CMakeFiles/hmm_cuda.dir/deviceLinkLibs.rsp
[ 60%] Linking CXX static library libhmm_cuda.a
cd /user/7/dialloh/gpu_comp_hmm_regime/build/src/cuda && /usr/bin/cmake -P CMakeFiles/hmm_cuda.dir/cmake_clean_target.cmake
cd /user/7/dialloh/gpu_comp_hmm_regime/build/src/cuda && /usr/bin/cmake -E cmake_link_script CMakeFiles/hmm_cuda.dir/link.txt --verbose=1
/usr/bin/ar qc libhmm_cuda.a CMakeFiles/hmm_cuda.dir/algo_hmm_gpu.cu.o
/usr/bin/ar q libhmm_cuda.a CMakeFiles/hmm_cuda.dir/cmake_device_link.o
/usr/bin/ranlib libhmm_cuda.a
make[2]: Leaving directory '/user/7/.base/dialloh/home/gpu_comp_hmm_regime/build'
[ 60%] Built target hmm_cuda
make  -f src/CMakeFiles/hmm_main.dir/build.make src/CMakeFiles/hmm_main.dir/depend
make  -f test/CMakeFiles/test_forward_backward_gpu.dir/build.make test/CMakeFiles/test_forward_backward_gpu.dir/depend
make  -f test/CMakeFiles/test_viterbi_gpu.dir/build.make test/CMakeFiles/test_viterbi_gpu.dir/depend
make  -f test/CMakeFiles/test_baum_welch_gpu.dir/build.make test/CMakeFiles/test_baum_welch_gpu.dir/depend
make[2]: Entering directory '/user/7/.base/dialloh/home/gpu_comp_hmm_regime/build'
cd /user/7/dialloh/gpu_comp_hmm_regime/build && /usr/bin/cmake -E cmake_depends "Unix Makefiles" /user/7/dialloh/gpu_comp_hmm_regime /user/7/dialloh/gpu_comp_hmm_regime/test /user/7/dialloh/gpu_comp_hmm_regime/build /user/7/dialloh/gpu_comp_hmm_regime/build/test /user/7/dialloh/gpu_comp_hmm_regime/build/test/CMakeFiles/test_forward_backward_gpu.dir/DependInfo.cmake "--color="
make[2]: Entering directory '/user/7/.base/dialloh/home/gpu_comp_hmm_regime/build'
cd /user/7/dialloh/gpu_comp_hmm_regime/build && /usr/bin/cmake -E cmake_depends "Unix Makefiles" /user/7/dialloh/gpu_comp_hmm_regime /user/7/dialloh/gpu_comp_hmm_regime/src /user/7/dialloh/gpu_comp_hmm_regime/build /user/7/dialloh/gpu_comp_hmm_regime/build/src /user/7/dialloh/gpu_comp_hmm_regime/build/src/CMakeFiles/hmm_main.dir/DependInfo.cmake "--color="
make[2]: Entering directory '/user/7/.base/dialloh/home/gpu_comp_hmm_regime/build'
make[2]: Entering directory '/user/7/.base/dialloh/home/gpu_comp_hmm_regime/build'
cd /user/7/dialloh/gpu_comp_hmm_regime/build && /usr/bin/cmake -E cmake_depends "Unix Makefiles" /user/7/dialloh/gpu_comp_hmm_regime /user/7/dialloh/gpu_comp_hmm_regime/test /user/7/dialloh/gpu_comp_hmm_regime/build /user/7/dialloh/gpu_comp_hmm_regime/build/test /user/7/dialloh/gpu_comp_hmm_regime/build/test/CMakeFiles/test_viterbi_gpu.dir/DependInfo.cmake "--color="
cd /user/7/dialloh/gpu_comp_hmm_regime/build && /usr/bin/cmake -E cmake_depends "Unix Makefiles" /user/7/dialloh/gpu_comp_hmm_regime /user/7/dialloh/gpu_comp_hmm_regime/test /user/7/dialloh/gpu_comp_hmm_regime/build /user/7/dialloh/gpu_comp_hmm_regime/build/test /user/7/dialloh/gpu_comp_hmm_regime/build/test/CMakeFiles/test_baum_welch_gpu.dir/DependInfo.cmake "--color="
make[2]: Leaving directory '/user/7/.base/dialloh/home/gpu_comp_hmm_regime/build'
make  -f test/CMakeFiles/test_baum_welch_gpu.dir/build.make test/CMakeFiles/test_baum_welch_gpu.dir/build
make[2]: Entering directory '/user/7/.base/dialloh/home/gpu_comp_hmm_regime/build'
make[2]: Leaving directory '/user/7/.base/dialloh/home/gpu_comp_hmm_regime/build'
make[2]: Leaving directory '/user/7/.base/dialloh/home/gpu_comp_hmm_regime/build'
make  -f test/CMakeFiles/test_forward_backward_gpu.dir/build.make test/CMakeFiles/test_forward_backward_gpu.dir/build
make  -f src/CMakeFiles/hmm_main.dir/build.make src/CMakeFiles/hmm_main.dir/build
make[2]: Leaving directory '/user/7/.base/dialloh/home/gpu_comp_hmm_regime/build'
make  -f test/CMakeFiles/test_viterbi_gpu.dir/build.make test/CMakeFiles/test_viterbi_gpu.dir/build
make[2]: Entering directory '/user/7/.base/dialloh/home/gpu_comp_hmm_regime/build'
make[2]: Entering directory '/user/7/.base/dialloh/home/gpu_comp_hmm_regime/build'
make[2]: Entering directory '/user/7/.base/dialloh/home/gpu_comp_hmm_regime/build'
[ 65%] Building CUDA object test/CMakeFiles/test_baum_welch_gpu.dir/cuda/test_baum_welch_gpu.cu.o
cd /user/7/dialloh/gpu_comp_hmm_regime/build/test && /usr/local/cuda-12.6/bin/nvcc -forward-unknown-to-host-compiler  --options-file CMakeFiles/test_baum_welch_gpu.dir/includes_CUDA.rsp -O3 -DNDEBUG -std=c++17 "--generate-code=arch=compute_52,code=[compute_52,sm_52]" -MD -MT test/CMakeFiles/test_baum_welch_gpu.dir/cuda/test_baum_welch_gpu.cu.o -MF CMakeFiles/test_baum_welch_gpu.dir/cuda/test_baum_welch_gpu.cu.o.d -x cu -c /user/7/dialloh/gpu_comp_hmm_regime/test/cuda/test_baum_welch_gpu.cu -o CMakeFiles/test_baum_welch_gpu.dir/cuda/test_baum_welch_gpu.cu.o
[ 80%] Building CXX object src/CMakeFiles/hmm_main.dir/main.cpp.o
[ 80%] Building CUDA object test/CMakeFiles/test_viterbi_gpu.dir/cuda/test_viterbi_gpu.cu.o
[ 80%] Building CUDA object test/CMakeFiles/test_forward_backward_gpu.dir/cuda/test_forward_backward_gpu.cu.o
cd /user/7/dialloh/gpu_comp_hmm_regime/build/src && /usr/bin/c++ -DUSE_CUDA -I/user/7/dialloh/gpu_comp_hmm_regime/include/cpu -I/user/7/dialloh/gpu_comp_hmm_regime/include/cuda -I/user/7/dialloh/gpu_comp_hmm_regime/include -I/user/7/dialloh/gpu_comp_hmm_regime/include/cuda/kernels -isystem /usr/local/cuda-12.6/targets/x86_64-linux/include -Wall -Wextra -O3 -march=native -DNDEBUG -std=c++17 -MD -MT src/CMakeFiles/hmm_main.dir/main.cpp.o -MF CMakeFiles/hmm_main.dir/main.cpp.o.d -o CMakeFiles/hmm_main.dir/main.cpp.o -c /user/7/dialloh/gpu_comp_hmm_regime/src/main.cpp
cd /user/7/dialloh/gpu_comp_hmm_regime/build/test && /usr/local/cuda-12.6/bin/nvcc -forward-unknown-to-host-compiler  --options-file CMakeFiles/test_viterbi_gpu.dir/includes_CUDA.rsp -O3 -DNDEBUG -std=c++17 "--generate-code=arch=compute_52,code=[compute_52,sm_52]" -MD -MT test/CMakeFiles/test_viterbi_gpu.dir/cuda/test_viterbi_gpu.cu.o -MF CMakeFiles/test_viterbi_gpu.dir/cuda/test_viterbi_gpu.cu.o.d -x cu -c /user/7/dialloh/gpu_comp_hmm_regime/test/cuda/test_viterbi_gpu.cu -o CMakeFiles/test_viterbi_gpu.dir/cuda/test_viterbi_gpu.cu.o
cd /user/7/dialloh/gpu_comp_hmm_regime/build/test && /usr/local/cuda-12.6/bin/nvcc -forward-unknown-to-host-compiler  --options-file CMakeFiles/test_forward_backward_gpu.dir/includes_CUDA.rsp -O3 -DNDEBUG -std=c++17 "--generate-code=arch=compute_52,code=[compute_52,sm_52]" -MD -MT test/CMakeFiles/test_forward_backward_gpu.dir/cuda/test_forward_backward_gpu.cu.o -MF CMakeFiles/test_forward_backward_gpu.dir/cuda/test_forward_backward_gpu.cu.o.d -x cu -c /user/7/dialloh/gpu_comp_hmm_regime/test/cuda/test_forward_backward_gpu.cu -o CMakeFiles/test_forward_backward_gpu.dir/cuda/test_forward_backward_gpu.cu.o
[ 85%] Linking CXX executable hmm_main
cd /user/7/dialloh/gpu_comp_hmm_regime/build/src && /usr/bin/cmake -E cmake_link_script CMakeFiles/hmm_main.dir/link.txt --verbose=1
/usr/bin/c++  -Wall -Wextra -O3 -march=native -DNDEBUG CMakeFiles/hmm_main.dir/main.cpp.o -o hmm_main   -L/usr/local/cuda-12.6/targets/x86_64-linux/lib/stubs  -L/usr/local/cuda-12.6/targets/x86_64-linux/lib  -Wl,-rpath,/usr/local/cuda-12.6/targets/x86_64-linux/lib: cpu/libhmm_cpu.a cuda/libhmm_cuda.a cpu/libhmm_cpu.a -lm cuda/kernels/libhmm_kernels.a /usr/local/cuda-12.6/targets/x86_64-linux/lib/libcudart.so /usr/local/cuda-12.6/targets/x86_64-linux/lib/libcublas.so /usr/local/cuda-12.6/targets/x86_64-linux/lib/libcublasLt.so /usr/local/cuda-12.6/targets/x86_64-linux/lib/libculibos.a -lcudadevrt -lcudart_static -lrt -lpthread -ldl 
make[2]: Leaving directory '/user/7/.base/dialloh/home/gpu_comp_hmm_regime/build'
[ 85%] Built target hmm_main
[ 90%] Linking CXX executable test_forward_backward_gpu
cd /user/7/dialloh/gpu_comp_hmm_regime/build/test && /usr/bin/cmake -E cmake_link_script CMakeFiles/test_forward_backward_gpu.dir/link.txt --verbose=1
[ 95%] Linking CXX executable test_viterbi_gpu
cd /user/7/dialloh/gpu_comp_hmm_regime/build/test && /usr/bin/cmake -E cmake_link_script CMakeFiles/test_viterbi_gpu.dir/link.txt --verbose=1
/usr/bin/c++  -Wall -Wextra -O3 -march=native -DNDEBUG CMakeFiles/test_viterbi_gpu.dir/cuda/test_viterbi_gpu.cu.o -o test_viterbi_gpu   -L/usr/local/cuda-12.6/targets/x86_64-linux/lib/stubs  -L/usr/local/cuda-12.6/targets/x86_64-linux/lib  -Wl,-rpath,/usr/local/cuda-12.6/targets/x86_64-linux/lib ../src/cuda/libhmm_cuda.a ../src/cpu/libhmm_cpu.a -lm ../src/cuda/kernels/libhmm_kernels.a /usr/local/cuda-12.6/targets/x86_64-linux/lib/libcudart.so /usr/local/cuda-12.6/targets/x86_64-linux/lib/libcublas.so /usr/local/cuda-12.6/targets/x86_64-linux/lib/libcublasLt.so /usr/local/cuda-12.6/targets/x86_64-linux/lib/libculibos.a -lcudadevrt -lcudart_static -lrt -lpthread -ldl 
/usr/bin/c++  -Wall -Wextra -O3 -march=native -DNDEBUG CMakeFiles/test_forward_backward_gpu.dir/cuda/test_forward_backward_gpu.cu.o -o test_forward_backward_gpu   -L/usr/local/cuda-12.6/targets/x86_64-linux/lib/stubs  -L/usr/local/cuda-12.6/targets/x86_64-linux/lib  -Wl,-rpath,/usr/local/cuda-12.6/targets/x86_64-linux/lib ../src/cuda/libhmm_cuda.a ../src/cpu/libhmm_cpu.a -lm ../src/cuda/kernels/libhmm_kernels.a /usr/local/cuda-12.6/targets/x86_64-linux/lib/libcudart.so /usr/local/cuda-12.6/targets/x86_64-linux/lib/libcublas.so /usr/local/cuda-12.6/targets/x86_64-linux/lib/libcublasLt.so /usr/local/cuda-12.6/targets/x86_64-linux/lib/libculibos.a -lcudadevrt -lcudart_static -lrt -lpthread -ldl 
make[2]: Leaving directory '/user/7/.base/dialloh/home/gpu_comp_hmm_regime/build'
make[2]: Leaving directory '/user/7/.base/dialloh/home/gpu_comp_hmm_regime/build'
[ 95%] Built target test_forward_backward_gpu
[ 95%] Built target test_viterbi_gpu
[100%] Linking CXX executable test_baum_welch_gpu
cd /user/7/dialloh/gpu_comp_hmm_regime/build/test && /usr/bin/cmake -E cmake_link_script CMakeFiles/test_baum_welch_gpu.dir/link.txt --verbose=1
/usr/bin/c++  -Wall -Wextra -O3 -march=native -DNDEBUG CMakeFiles/test_baum_welch_gpu.dir/cuda/test_baum_welch_gpu.cu.o -o test_baum_welch_gpu   -L/usr/local/cuda-12.6/targets/x86_64-linux/lib/stubs  -L/usr/local/cuda-12.6/targets/x86_64-linux/lib  -Wl,-rpath,/usr/local/cuda-12.6/targets/x86_64-linux/lib ../src/cuda/libhmm_cuda.a ../src/cpu/libhmm_cpu.a -lm ../src/cuda/kernels/libhmm_kernels.a /usr/local/cuda-12.6/targets/x86_64-linux/lib/libcudart.so /usr/local/cuda-12.6/targets/x86_64-linux/lib/libcublas.so /usr/local/cuda-12.6/targets/x86_64-linux/lib/libcublasLt.so /usr/local/cuda-12.6/targets/x86_64-linux/lib/libculibos.a -lcudadevrt -lcudart_static -lrt -lpthread -ldl 
make[2]: Leaving directory '/user/7/.base/dialloh/home/gpu_comp_hmm_regime/build'
[100%] Built target test_baum_welch_gpu
make[1]: Leaving directory '/user/7/.base/dialloh/home/gpu_comp_hmm_regime/build'
/usr/bin/cmake -E cmake_progress_start /user/7/dialloh/gpu_comp_hmm_regime/build/CMakeFiles 0
✓ Build complete

GPU Info:
name, memory.total [MiB], driver_version
Quadro RTX 6000, 23040 MiB, 580.65.06
Quadro RTX 6000, 23040 MiB, 580.65.06
Quadro RTX 6000, 23040 MiB, 580.65.06

Running all GPU tests...

================================
Running: test_baum_welch_gpu
================================

========================================
TEST BAUM-WELCH GPU vs CPU
========================================


============================================
Test Baum-Welch: T=500, N=3, K=4
============================================

[GPU] Baum-Welch Algorithm...
  ✓ Total Time: 21.9097 ms
[CPU] Baum-Welch Algorithm...
Final LL GPU: -9.99903e+07
Final LL CPU: -nan
Speedup: 0.241168x
[31m[ATTENTION] Divergence numérique (Log-Space vs Linear)[0m

============================================
Test Baum-Welch: T=1000, N=4, K=4
============================================

[GPU] Baum-Welch Algorithm...
  ✓ Total Time: 4.16266 ms
[CPU] Baum-Welch Algorithm...
Final LL GPU: -669.934
Final LL CPU: -672.285
Speedup: 3.31694x
[32m[REUSSI] Convergence Similaire[0m

============================================
Test Baum-Welch: T=5000, N=4, K=4
============================================

[GPU] Baum-Welch Algorithm...
  ✓ Total Time: 8.69488 ms
[CPU] Baum-Welch Algorithm...
Final LL GPU: -3219.85
Final LL CPU: -3209.04
Speedup: 7.77824x
[32m[REUSSI] Convergence Similaire[0m

============================================
Test Baum-Welch: T=10000, N=4, K=4
============================================

[GPU] Baum-Welch Algorithm...
  ✓ Total Time: 14.2812 ms
[CPU] Baum-Welch Algorithm...
Final LL GPU: -3640.04
Final LL CPU: -3638.8
Speedup: 9.51016x
[32m[REUSSI] Convergence Similaire[0m

[32m>>> TOUS LES TESTS SONT PASSES ! <<<[0m

================================
Running: test_forward_backward_gpu
================================

========================================
TEST FORWARD-BACKWARD GPU vs CPU
========================================

============================================
Test Forward-Backward: T=500, N=3, K=4
============================================

[GPU] Forward Algorithm...
  ✓ Forward GPU: 0.116294 ms (avg)
[GPU] Backward Algorithm...
✓ Backward GPU: 0.110627 ms (avg)
[CPU] Forward-Backward Algorithm...
  ✓ Forward-Backward CPU: 0.321171 ms
[Validation] Comparing GPU vs CPU...
Alpha Relative Error: 7.21946e-07
Beta Relative Error: 0.00280595
[32m[REUSSI] Alpha GPU vs CPU match[0m
[31m[ECHEC] Beta GPU vs CPU match[0m (Ligne 168)

[Performance Summary]
  GPU Total: 0.226922 ms
  CPU Total: 0.321171 ms
  Speedup: 1.41534x

✅ Test Forward-Backward PASSED

============================================
Test Forward-Backward: T=1000, N=4, K=8
============================================

[GPU] Forward Algorithm...
  ✓ Forward GPU: 0.154934 ms (avg)
[GPU] Backward Algorithm...
✓ Backward GPU: 0.154198 ms (avg)
[CPU] Forward-Backward Algorithm...
  ✓ Forward-Backward CPU: 1.79323 ms
[Validation] Comparing GPU vs CPU...
Alpha Relative Error: 1.13651e-06
Beta Relative Error: 0.0394908
[32m[REUSSI] Alpha GPU vs CPU match[0m
[31m[ECHEC] Beta GPU vs CPU match[0m (Ligne 168)

[Performance Summary]
  GPU Total: 0.309133 ms
  CPU Total: 1.79323 ms
  Speedup: 5.80085x

✅ Test Forward-Backward PASSED

============================================
Test Forward-Backward: T=5000, N=5, K=10
============================================

[GPU] Forward Algorithm...
  ✓ Forward GPU: 0.361702 ms (avg)
[GPU] Backward Algorithm...
✓ Backward GPU: 0.357885 ms (avg)
[CPU] Forward-Backward Algorithm...
  ✓ Forward-Backward CPU: 13.1311 ms
[Validation] Comparing GPU vs CPU...
Alpha Relative Error: 9.10524e-07
Beta Relative Error: 0.00677567
[32m[REUSSI] Alpha GPU vs CPU match[0m
[31m[ECHEC] Beta GPU vs CPU match[0m (Ligne 168)

[Performance Summary]
  GPU Total: 0.719587 ms
  CPU Total: 13.1311 ms
  Speedup: 18.2481x

✅ Test Forward-Backward PASSED

============================================
Test Forward-Backward: T=10000, N=5, K=10
============================================

[GPU] Forward Algorithm...
  ✓ Forward GPU: 0.731469 ms (avg)
[GPU] Backward Algorithm...
✓ Backward GPU: 0.724867 ms (avg)
[CPU] Forward-Backward Algorithm...
  ✓ Forward-Backward CPU: 26.213 ms
[Validation] Comparing GPU vs CPU...
Alpha Relative Error: 3.15865e-06
Beta Relative Error: 0.00404017
[32m[REUSSI] Alpha GPU vs CPU match[0m
[31m[ECHEC] Beta GPU vs CPU match[0m (Ligne 168)

[Performance Summary]
  GPU Total: 1.45634 ms
  CPU Total: 26.213 ms
  Speedup: 17.9993x

✅ Test Forward-Backward PASSED


[31m>>> 4 TEST(S) ECHOUE(S) <<<[0m

================================
Running: test_viterbi_gpu
================================

========================================
TEST VITERBI GPU vs CPU
========================================


============================================
Test Viterbi: T=500, N=3, K=4
============================================

[GPU] Viterbi Algorithm...
  ✓ Viterbi GPU: 0.269837 ms (avg)

[CPU] Viterbi Algorithm...
  ✓ Viterbi CPU: 0.363177 ms
  Log-Probability (CPU): -3189.98

[Validation] Comparing GPU vs CPU...
  Path Accuracy: 100%
[32m[REUSSI] Viterbi paths match (>95%)[0m
  Accuracy vs True States (GPU): 100%
  Accuracy vs True States (CPU): 100%

[Performance Summary]
  GPU Total: 0.269837 ms
  CPU Total: 0.363177 ms
  Speedup: 1.34591x

✅ Test Viterbi PASSED


============================================
Test Viterbi: T=1000, N=4, K=8
============================================

[GPU] Viterbi Algorithm...
  ✓ Viterbi GPU: 0.408326 ms (avg)

[CPU] Viterbi Algorithm...
  ✓ Viterbi CPU: 1.45964 ms
  Log-Probability (CPU): -12279.9

[Validation] Comparing GPU vs CPU...
  Path Accuracy: 100%
[32m[REUSSI] Viterbi paths match (>95%)[0m
  Accuracy vs True States (GPU): 100%
  Accuracy vs True States (CPU): 100%

[Performance Summary]
  GPU Total: 0.408326 ms
  CPU Total: 1.45964 ms
  Speedup: 3.57468x

✅ Test Viterbi PASSED


============================================
Test Viterbi: T=5000, N=5, K=10
============================================

[GPU] Viterbi Algorithm...
  ✓ Viterbi GPU: 2.06409 ms (avg)

[CPU] Viterbi Algorithm...
  ✓ Viterbi CPU: 10.4331 ms
  Log-Probability (CPU): -76701.3

[Validation] Comparing GPU vs CPU...
  Path Accuracy: 100%
[32m[REUSSI] Viterbi paths match (>95%)[0m
  Accuracy vs True States (GPU): 100%
  Accuracy vs True States (CPU): 100%

[Performance Summary]
  GPU Total: 2.06409 ms
  CPU Total: 10.4331 ms
  Speedup: 5.05456x

✅ Test Viterbi PASSED


============================================
Test Viterbi: T=10000, N=5, K=10
============================================

[GPU] Viterbi Algorithm...
  ✓ Viterbi GPU: 4.16855 ms (avg)

[CPU] Viterbi Algorithm...
  ✓ Viterbi CPU: 20.9131 ms
  Log-Probability (CPU): -152596

[Validation] Comparing GPU vs CPU...
  Path Accuracy: 100%
[32m[REUSSI] Viterbi paths match (>95%)[0m
  Accuracy vs True States (GPU): 100%
  Accuracy vs True States (CPU): 100%

[Performance Summary]
  GPU Total: 4.16855 ms
  CPU Total: 20.9131 ms
  Speedup: 5.01688x

✅ Test Viterbi PASSED


[32m>>> TOUS LES TESTS SONT PASSES ! <<<[0m

==========================================
Job completed at Tue Jan  6 20:33:13 CET 2026
==========================================
